test: (g=0): rw=read, bs=(R) 4096B-4096B, (W) 4096B-4096B, (T) 4096B-4096B, ioengine=libaio, iodepth=128
...
fio-2.21
Starting 7 threads

test: (groupid=0, jobs=7): err= 0: pid=7024: Thu Dec 14 15:26:24 2017
   read: IOPS=493k, BW=1927MiB/s (2021MB/s)(9641MiB/5002msec)
    slat (usec): min=1, max=634, avg= 4.31, stdev=16.67
    clat (usec): min=549, max=6493, avg=1809.91, stdev=469.60
     lat (usec): min=553, max=6497, avg=1814.45, stdev=469.45
    clat percentiles (usec):
     |  1.00th=[ 1352],  5.00th=[ 1448], 10.00th=[ 1496], 20.00th=[ 1528],
     | 30.00th=[ 1576], 40.00th=[ 1640], 50.00th=[ 1704], 60.00th=[ 1752],
     | 70.00th=[ 1800], 80.00th=[ 1928], 90.00th=[ 2192], 95.00th=[ 2640],
     | 99.00th=[ 4128], 99.50th=[ 4448], 99.90th=[ 5344], 99.95th=[ 5536],
     | 99.99th=[ 5792]
   bw (  KiB/s): min=152840, max=314552, per=0.01%, avg=281958.74, stdev=38716.82
    lat (usec) : 750=0.01%, 1000=0.01%
    lat (msec) : 2=84.08%, 4=14.69%, 10=1.20%
  cpu          : usr=20.92%, sys=38.02%, ctx=1154591, majf=0, minf=903
  IO depths    : 1=0.1%, 2=0.1%, 4=0.1%, 8=0.1%, 16=0.1%, 32=0.1%, >=64=100.0%
     submit    : 0=0.0%, 4=100.0%, 8=0.0%, 16=0.0%, 32=0.0%, 64=0.0%, >=64=0.0%
     complete  : 0=0.0%, 4=100.0%, 8=0.0%, 16=0.0%, 32=0.0%, 64=0.0%, >=64=0.1%
     issued rwt: total=2468029,0,0, short=0,0,0, dropped=0,0,0
     latency   : target=0, window=0, percentile=100.00%, depth=128

Run status group 0 (all jobs):
   READ: bw=1927MiB/s (2021MB/s), 1927MiB/s-1927MiB/s (2021MB/s-2021MB/s), io=9641MiB (10.1GB), run=5002-5002msec

Disk stats (read/write):
  nvme0n1: ios=2414021/0, merge=0/0, ticks=4284732/0, in_queue=4545740, util=99.78%
