test: (g=0): rw=read, bs=(R) 4096B-4096B, (W) 4096B-4096B, (T) 4096B-4096B, ioengine=libaio, iodepth=128
...
fio-2.21
Starting 5 threads

test: (groupid=0, jobs=5): err= 0: pid=7169: Thu Dec 14 15:27:52 2017
   read: IOPS=503k, BW=1965MiB/s (2061MB/s)(9833MiB/5003msec)
    slat (usec): min=1, max=897, avg= 3.52, stdev=13.26
    clat (usec): min=473, max=5217, avg=1266.75, stdev=341.95
     lat (usec): min=475, max=5220, avg=1270.46, stdev=341.66
    clat percentiles (usec):
     |  1.00th=[  852],  5.00th=[  932], 10.00th=[  988], 20.00th=[ 1012],
     | 30.00th=[ 1064], 40.00th=[ 1112], 50.00th=[ 1176], 60.00th=[ 1256],
     | 70.00th=[ 1352], 80.00th=[ 1480], 90.00th=[ 1672], 95.00th=[ 1832],
     | 99.00th=[ 2672], 99.50th=[ 3024], 99.90th=[ 3824], 99.95th=[ 3984],
     | 99.99th=[ 4384]
   bw (  KiB/s): min=256536, max=463624, per=0.02%, avg=402703.84, stdev=60128.47
    lat (usec) : 500=0.01%, 750=0.24%, 1000=16.09%
    lat (msec) : 2=81.41%, 4=2.20%, 10=0.05%
  cpu          : usr=23.53%, sys=42.87%, ctx=1058395, majf=0, minf=645
  IO depths    : 1=0.1%, 2=0.1%, 4=0.1%, 8=0.1%, 16=0.1%, 32=0.1%, >=64=100.0%
     submit    : 0=0.0%, 4=100.0%, 8=0.0%, 16=0.0%, 32=0.0%, 64=0.0%, >=64=0.0%
     complete  : 0=0.0%, 4=100.0%, 8=0.0%, 16=0.0%, 32=0.0%, 64=0.0%, >=64=0.1%
     issued rwt: total=2517294,0,0, short=0,0,0, dropped=0,0,0
     latency   : target=0, window=0, percentile=100.00%, depth=128

Run status group 0 (all jobs):
   READ: bw=1965MiB/s (2061MB/s), 1965MiB/s-1965MiB/s (2061MB/s-2061MB/s), io=9833MiB (10.3GB), run=5003-5003msec

Disk stats (read/write):
  nvme0n1: ios=2462792/0, merge=0/0, ticks=3005272/0, in_queue=3171680, util=99.14%
