test: (g=0): rw=read, bs=(R) 4096B-4096B, (W) 4096B-4096B, (T) 4096B-4096B, ioengine=libaio, iodepth=128
...
fio-2.21
Starting 3 threads

test: (groupid=0, jobs=3): err= 0: pid=6615: Thu Dec 14 14:27:51 2017
   read: IOPS=470k, BW=1836MiB/s (1925MB/s)(9182MiB/5001msec)
    slat (usec): min=1, max=1627, avg= 3.57, stdev=13.93
    clat (usec): min=31, max=3564, avg=812.16, stdev=270.23
     lat (usec): min=35, max=3566, avg=815.91, stdev=270.30
    clat percentiles (usec):
     |  1.00th=[  532],  5.00th=[  540], 10.00th=[  548], 20.00th=[  604],
     | 30.00th=[  604], 40.00th=[  604], 50.00th=[  820], 60.00th=[  900],
     | 70.00th=[  908], 80.00th=[  916], 90.00th=[ 1144], 95.00th=[ 1368],
     | 99.00th=[ 1752], 99.50th=[ 1960], 99.90th=[ 2256], 99.95th=[ 2352],
     | 99.99th=[ 2608]
   bw (  KiB/s): min=515320, max=743808, per=0.03%, avg=627888.48, stdev=65049.97
    lat (usec) : 50=0.01%, 100=0.01%, 250=0.01%, 500=0.11%, 750=47.41%
    lat (usec) : 1000=37.57%
    lat (msec) : 2=14.51%, 4=0.39%
  cpu          : usr=29.51%, sys=60.50%, ctx=358327, majf=0, minf=387
  IO depths    : 1=0.1%, 2=0.1%, 4=0.1%, 8=0.1%, 16=0.1%, 32=0.1%, >=64=100.0%
     submit    : 0=0.0%, 4=100.0%, 8=0.0%, 16=0.0%, 32=0.0%, 64=0.0%, >=64=0.0%
     complete  : 0=0.0%, 4=100.0%, 8=0.0%, 16=0.0%, 32=0.0%, 64=0.0%, >=64=0.1%
     issued rwt: total=2350582,0,0, short=0,0,0, dropped=0,0,0
     latency   : target=0, window=0, percentile=100.00%, depth=128

Run status group 0 (all jobs):
   READ: bw=1836MiB/s (1925MB/s), 1836MiB/s-1836MiB/s (1925MB/s-1925MB/s), io=9182MiB (9628MB), run=5001-5001msec

Disk stats (read/write):
  nvme0n1: ios=2300786/0, merge=0/0, ticks=1231396/0, in_queue=1268624, util=98.22%
