test: (g=0): rw=read, bs=(R) 4096B-4096B, (W) 4096B-4096B, (T) 4096B-4096B, ioengine=libaio, iodepth=128
...
fio-2.21
Starting 7 threads

test: (groupid=0, jobs=7): err= 0: pid=7822: Thu Dec 14 15:39:29 2017
   read: IOPS=501k, BW=1957MiB/s (2053MB/s)(9791MiB/5002msec)
    slat (usec): min=1, max=1150, avg= 4.90, stdev=20.22
    clat (usec): min=171, max=9364, avg=1781.44, stdev=578.73
     lat (usec): min=182, max=9369, avg=1786.57, stdev=578.89
    clat percentiles (usec):
     |  1.00th=[  924],  5.00th=[ 1112], 10.00th=[ 1240], 20.00th=[ 1368],
     | 30.00th=[ 1480], 40.00th=[ 1576], 50.00th=[ 1672], 60.00th=[ 1784],
     | 70.00th=[ 1928], 80.00th=[ 2128], 90.00th=[ 2448], 95.00th=[ 2736],
     | 99.00th=[ 3920], 99.50th=[ 4640], 99.90th=[ 6112], 99.95th=[ 6560],
     | 99.99th=[ 8160]
   bw (  KiB/s): min=163360, max=349664, per=0.01%, avg=286418.17, stdev=51781.76
    lat (usec) : 250=0.01%, 500=0.01%, 750=0.08%, 1000=2.29%
    lat (msec) : 2=72.02%, 4=24.69%, 10=0.92%
  cpu          : usr=19.62%, sys=42.58%, ctx=1023748, majf=0, minf=903
  IO depths    : 1=0.1%, 2=0.1%, 4=0.1%, 8=0.1%, 16=0.1%, 32=0.1%, >=64=100.0%
     submit    : 0=0.0%, 4=100.0%, 8=0.0%, 16=0.0%, 32=0.0%, 64=0.0%, >=64=0.0%
     complete  : 0=0.0%, 4=100.0%, 8=0.0%, 16=0.0%, 32=0.0%, 64=0.0%, >=64=0.1%
     issued rwt: total=2506531,0,0, short=0,0,0, dropped=0,0,0
     latency   : target=0, window=0, percentile=100.00%, depth=128

Run status group 0 (all jobs):
   READ: bw=1957MiB/s (2053MB/s), 1957MiB/s-1957MiB/s (2053MB/s-2053MB/s), io=9791MiB (10.3GB), run=5002-5002msec

Disk stats (read/write):
  nvme0n1: ios=2451453/0, merge=0/0, ticks=4206856/0, in_queue=4431012, util=99.38%
