test: (g=0): rw=read, bs=(R) 4096B-4096B, (W) 4096B-4096B, (T) 4096B-4096B, ioengine=libaio, iodepth=128
fio-2.21
Starting 1 thread

test: (groupid=0, jobs=1): err= 0: pid=8041: Thu Dec 14 15:42:21 2017
   read: IOPS=185k, BW=721MiB/s (756MB/s)(3605MiB/5001msec)
    slat (usec): min=2, max=801, avg= 3.87, stdev= 9.69
    clat (usec): min=21, max=2245, avg=688.62, stdev=161.23
     lat (usec): min=26, max=2249, avg=692.67, stdev=161.64
    clat percentiles (usec):
     |  1.00th=[  612],  5.00th=[  628], 10.00th=[  628], 20.00th=[  628],
     | 30.00th=[  636], 40.00th=[  636], 50.00th=[  636], 60.00th=[  636],
     | 70.00th=[  636], 80.00th=[  644], 90.00th=[  924], 95.00th=[  956],
     | 99.00th=[ 1448], 99.50th=[ 1448], 99.90th=[ 1720], 99.95th=[ 1752],
     | 99.99th=[ 2040]
   bw (  KiB/s): min=727416, max=776792, per=0.10%, avg=739428.44, stdev=17218.30
    lat (usec) : 50=0.01%, 100=0.01%, 250=0.01%, 500=0.44%, 750=86.55%
    lat (usec) : 1000=8.23%
    lat (msec) : 2=4.77%, 4=0.01%
  cpu          : usr=27.10%, sys=72.86%, ctx=4, majf=0, minf=129
  IO depths    : 1=0.1%, 2=0.1%, 4=0.1%, 8=0.1%, 16=0.1%, 32=0.1%, >=64=100.0%
     submit    : 0=0.0%, 4=100.0%, 8=0.0%, 16=0.0%, 32=0.0%, 64=0.0%, >=64=0.0%
     complete  : 0=0.0%, 4=100.0%, 8=0.0%, 16=0.0%, 32=0.0%, 64=0.0%, >=64=0.1%
     issued rwt: total=922845,0,0, short=0,0,0, dropped=0,0,0
     latency   : target=0, window=0, percentile=100.00%, depth=128

Run status group 0 (all jobs):
   READ: bw=721MiB/s (756MB/s), 721MiB/s-721MiB/s (756MB/s-756MB/s), io=3605MiB (3780MB), run=5001-5001msec

Disk stats (read/write):
  nvme0n1: ios=903850/0, merge=0/0, ticks=26780/0, in_queue=26632, util=97.72%
