test: (g=0): rw=read, bs=(R) 4096B-4096B, (W) 4096B-4096B, (T) 4096B-4096B, ioengine=libaio, iodepth=128
fio-2.21
Starting 1 thread

test: (groupid=0, jobs=1): err= 0: pid=7402: Thu Dec 14 15:34:11 2017
   read: IOPS=182k, BW=712MiB/s (746MB/s)(3560MiB/5001msec)
    slat (usec): min=2, max=843, avg= 3.93, stdev=10.15
    clat (usec): min=21, max=2198, avg=697.25, stdev=158.94
     lat (usec): min=24, max=2203, avg=701.36, stdev=159.37
    clat percentiles (usec):
     |  1.00th=[  620],  5.00th=[  628], 10.00th=[  636], 20.00th=[  636],
     | 30.00th=[  636], 40.00th=[  636], 50.00th=[  636], 60.00th=[  636],
     | 70.00th=[  644], 80.00th=[  644], 90.00th=[  924], 95.00th=[  964],
     | 99.00th=[ 1432], 99.50th=[ 1448], 99.90th=[ 1704], 99.95th=[ 1736],
     | 99.99th=[ 1992]
   bw (  KiB/s): min=717876, max=758752, per=0.10%, avg=729324.78, stdev=12114.79
    lat (usec) : 50=0.01%, 100=0.01%, 250=0.01%, 500=0.43%, 750=84.00%
    lat (usec) : 1000=10.66%
    lat (msec) : 2=4.90%, 4=0.01%
  cpu          : usr=27.90%, sys=72.06%, ctx=4, majf=0, minf=129
  IO depths    : 1=0.1%, 2=0.1%, 4=0.1%, 8=0.1%, 16=0.1%, 32=0.1%, >=64=100.0%
     submit    : 0=0.0%, 4=100.0%, 8=0.0%, 16=0.0%, 32=0.0%, 64=0.0%, >=64=0.0%
     complete  : 0=0.0%, 4=100.0%, 8=0.0%, 16=0.0%, 32=0.0%, 64=0.0%, >=64=0.1%
     issued rwt: total=911324,0,0, short=0,0,0, dropped=0,0,0
     latency   : target=0, window=0, percentile=100.00%, depth=128

Run status group 0 (all jobs):
   READ: bw=712MiB/s (746MB/s), 712MiB/s-712MiB/s (746MB/s-746MB/s), io=3560MiB (3733MB), run=5001-5001msec

Disk stats (read/write):
  nvme0n1: ios=892620/0, merge=0/0, ticks=27456/0, in_queue=27340, util=97.78%
