test: (g=0): rw=read, bs=(R) 4096B-4096B, (W) 4096B-4096B, (T) 4096B-4096B, ioengine=libaio, iodepth=128
...
fio-2.21
Starting 2 threads

test: (groupid=0, jobs=2): err= 0: pid=8007: Thu Dec 14 15:41:51 2017
   read: IOPS=357k, BW=1395MiB/s (1463MB/s)(6978MiB/5002msec)
    slat (usec): min=2, max=808, avg= 3.85, stdev=10.96
    clat (usec): min=24, max=2017, avg=711.58, stdev=169.58
     lat (usec): min=29, max=2019, avg=715.62, stdev=169.99
    clat percentiles (usec):
     |  1.00th=[  636],  5.00th=[  636], 10.00th=[  636], 20.00th=[  636],
     | 30.00th=[  644], 40.00th=[  644], 50.00th=[  644], 60.00th=[  644],
     | 70.00th=[  652], 80.00th=[  652], 90.00th=[  940], 95.00th=[ 1176],
     | 99.00th=[ 1448], 99.50th=[ 1464], 99.90th=[ 1736], 99.95th=[ 1752],
     | 99.99th=[ 2008]
   bw (  KiB/s): min=701464, max=740968, per=0.05%, avg=715021.89, stdev=12538.43
    lat (usec) : 50=0.01%, 100=0.01%, 250=0.01%, 500=0.05%, 750=82.95%
    lat (usec) : 1000=10.95%
    lat (msec) : 2=6.02%, 4=0.01%
  cpu          : usr=28.88%, sys=70.55%, ctx=5036, majf=0, minf=258
  IO depths    : 1=0.1%, 2=0.1%, 4=0.1%, 8=0.1%, 16=0.1%, 32=0.1%, >=64=100.0%
     submit    : 0=0.0%, 4=100.0%, 8=0.0%, 16=0.0%, 32=0.0%, 64=0.0%, >=64=0.0%
     complete  : 0=0.0%, 4=100.0%, 8=0.0%, 16=0.0%, 32=0.0%, 64=0.0%, >=64=0.1%
     issued rwt: total=1786309,0,0, short=0,0,0, dropped=0,0,0
     latency   : target=0, window=0, percentile=100.00%, depth=128

Run status group 0 (all jobs):
   READ: bw=1395MiB/s (1463MB/s), 1395MiB/s-1395MiB/s (1463MB/s-1463MB/s), io=6978MiB (7317MB), run=5002-5002msec

Disk stats (read/write):
  nvme0n1: ios=1749185/0, merge=0/0, ticks=77316/0, in_queue=77716, util=97.88%
