test: (g=0): rw=read, bs=(R) 4096B-4096B, (W) 4096B-4096B, (T) 4096B-4096B, ioengine=libaio, iodepth=128
...
fio-2.21
Starting 5 threads

test: (groupid=0, jobs=5): err= 0: pid=7543: Thu Dec 14 15:35:53 2017
   read: IOPS=506k, BW=1978MiB/s (2075MB/s)(9896MiB/5002msec)
    slat (usec): min=1, max=1164, avg= 4.18, stdev=16.10
    clat (usec): min=121, max=5267, avg=1257.99, stdev=353.29
     lat (usec): min=127, max=5270, avg=1262.39, stdev=352.95
    clat percentiles (usec):
     |  1.00th=[  660],  5.00th=[  828], 10.00th=[  900], 20.00th=[  980],
     | 30.00th=[ 1064], 40.00th=[ 1144], 50.00th=[ 1208], 60.00th=[ 1288],
     | 70.00th=[ 1384], 80.00th=[ 1480], 90.00th=[ 1640], 95.00th=[ 1784],
     | 99.00th=[ 2672], 99.50th=[ 3056], 99.90th=[ 3696], 99.95th=[ 3888],
     | 99.99th=[ 4256]
   bw (  KiB/s): min=300912, max=459472, per=0.02%, avg=404912.45, stdev=40906.12
    lat (usec) : 250=0.01%, 500=0.03%, 750=2.46%, 1000=20.44%
    lat (msec) : 2=74.69%, 4=2.34%, 10=0.03%
  cpu          : usr=21.91%, sys=50.12%, ctx=838558, majf=0, minf=645
  IO depths    : 1=0.1%, 2=0.1%, 4=0.1%, 8=0.1%, 16=0.1%, 32=0.1%, >=64=100.0%
     submit    : 0=0.0%, 4=100.0%, 8=0.0%, 16=0.0%, 32=0.0%, 64=0.0%, >=64=0.0%
     complete  : 0=0.0%, 4=100.0%, 8=0.0%, 16=0.0%, 32=0.0%, 64=0.0%, >=64=0.1%
     issued rwt: total=2533364,0,0, short=0,0,0, dropped=0,0,0
     latency   : target=0, window=0, percentile=100.00%, depth=128

Run status group 0 (all jobs):
   READ: bw=1978MiB/s (2075MB/s), 1978MiB/s-1978MiB/s (2075MB/s-2075MB/s), io=9896MiB (10.4GB), run=5002-5002msec

Disk stats (read/write):
  nvme0n1: ios=2478749/0, merge=0/0, ticks=2971656/0, in_queue=3208012, util=99.56%
