test: (g=0): rw=read, bs=(R) 4096B-4096B, (W) 4096B-4096B, (T) 4096B-4096B, ioengine=libaio, iodepth=128
...
fio-2.21
Starting 3 threads

test: (groupid=0, jobs=3): err= 0: pid=7242: Thu Dec 14 15:28:49 2017
   read: IOPS=475k, BW=1856MiB/s (1947MB/s)(9286MiB/5002msec)
    slat (usec): min=1, max=1417, avg= 3.56, stdev=13.24
    clat (usec): min=31, max=2929, avg=803.04, stdev=245.50
     lat (usec): min=35, max=2932, avg=806.78, stdev=245.53
    clat percentiles (usec):
     |  1.00th=[  540],  5.00th=[  540], 10.00th=[  548], 20.00th=[  604],
     | 30.00th=[  612], 40.00th=[  612], 50.00th=[  828], 60.00th=[  892],
     | 70.00th=[  900], 80.00th=[  916], 90.00th=[ 1128], 95.00th=[ 1240],
     | 99.00th=[ 1656], 99.50th=[ 1784], 99.90th=[ 2128], 99.95th=[ 2224],
     | 99.99th=[ 2448]
   bw (  KiB/s): min=520024, max=741544, per=0.03%, avg=632126.57, stdev=65382.40
    lat (usec) : 50=0.01%, 100=0.01%, 250=0.01%, 500=0.09%, 750=47.20%
    lat (usec) : 1000=38.82%
    lat (msec) : 2=13.70%, 4=0.18%
  cpu          : usr=27.49%, sys=62.62%, ctx=371904, majf=0, minf=387
  IO depths    : 1=0.1%, 2=0.1%, 4=0.1%, 8=0.1%, 16=0.1%, 32=0.1%, >=64=100.0%
     submit    : 0=0.0%, 4=100.0%, 8=0.0%, 16=0.0%, 32=0.0%, 64=0.0%, >=64=0.0%
     complete  : 0=0.0%, 4=100.0%, 8=0.0%, 16=0.0%, 32=0.0%, 64=0.0%, >=64=0.1%
     issued rwt: total=2377230,0,0, short=0,0,0, dropped=0,0,0
     latency   : target=0, window=0, percentile=100.00%, depth=128

Run status group 0 (all jobs):
   READ: bw=1856MiB/s (1947MB/s), 1856MiB/s-1856MiB/s (1947MB/s-1947MB/s), io=9286MiB (9737MB), run=5002-5002msec

Disk stats (read/write):
  nvme0n1: ios=2327428/0, merge=0/0, ticks=1210272/0, in_queue=1257992, util=98.32%
