test: (g=0): rw=read, bs=(R) 4096B-4096B, (W) 4096B-4096B, (T) 4096B-4096B, ioengine=libaio, iodepth=128
...
fio-2.21
Starting 3 threads

test: (groupid=0, jobs=3): err= 0: pid=7469: Thu Dec 14 15:34:59 2017
   read: IOPS=475k, BW=1856MiB/s (1946MB/s)(9282MiB/5001msec)
    slat (usec): min=1, max=1184, avg= 3.85, stdev= 9.58
    clat (usec): min=35, max=2938, avg=803.13, stdev=178.75
     lat (usec): min=39, max=2940, avg=807.16, stdev=178.82
    clat percentiles (usec):
     |  1.00th=[  604],  5.00th=[  612], 10.00th=[  644], 20.00th=[  668],
     | 30.00th=[  676], 40.00th=[  692], 50.00th=[  836], 60.00th=[  852],
     | 70.00th=[  860], 80.00th=[  868], 90.00th=[  972], 95.00th=[ 1128],
     | 99.00th=[ 1512], 99.50th=[ 1688], 99.90th=[ 2064], 99.95th=[ 2160],
     | 99.99th=[ 2416]
   bw (  KiB/s): min=532464, max=730008, per=0.03%, avg=633103.11, stdev=58782.54
    lat (usec) : 50=0.01%, 100=0.01%, 250=0.01%, 500=0.02%, 750=44.92%
    lat (usec) : 1000=47.04%
    lat (msec) : 2=7.88%, 4=0.13%
  cpu          : usr=27.54%, sys=64.58%, ctx=359276, majf=0, minf=387
  IO depths    : 1=0.1%, 2=0.1%, 4=0.1%, 8=0.1%, 16=0.1%, 32=0.1%, >=64=100.0%
     submit    : 0=0.0%, 4=100.0%, 8=0.0%, 16=0.0%, 32=0.0%, 64=0.0%, >=64=0.0%
     complete  : 0=0.0%, 4=100.0%, 8=0.0%, 16=0.0%, 32=0.0%, 64=0.0%, >=64=0.1%
     issued rwt: total=2376240,0,0, short=0,0,0, dropped=0,0,0
     latency   : target=0, window=0, percentile=100.00%, depth=128

Run status group 0 (all jobs):
   READ: bw=1856MiB/s (1946MB/s), 1856MiB/s-1856MiB/s (1946MB/s-1946MB/s), io=9282MiB (9733MB), run=5001-5001msec

Disk stats (read/write):
  nvme0n1: ios=2325796/0, merge=0/0, ticks=1266632/0, in_queue=1308856, util=98.48%
