test: (g=0): rw=read, bs=(R) 4096B-4096B, (W) 4096B-4096B, (T) 4096B-4096B, ioengine=libaio, iodepth=128
...
fio-2.21
Starting 5 threads

test: (groupid=0, jobs=5): err= 0: pid=8609: Thu Dec 14 15:56:17 2017
   read: IOPS=91.0k, BW=359MiB/s (377MB/s)(1797MiB/5001msec)
    slat (usec): min=1, max=3882, avg=26.24, stdev=48.24
    clat (usec): min=2, max=539242, avg=6928.13, stdev=22902.60
     lat (usec): min=352, max=539250, avg=6954.67, stdev=22902.19
    clat percentiles (usec):
     |  1.00th=[  708],  5.00th=[  988], 10.00th=[ 1032], 20.00th=[ 1336],
     | 30.00th=[ 1688], 40.00th=[ 1960], 50.00th=[ 2576], 60.00th=[ 4448],
     | 70.00th=[ 7328], 80.00th=[ 7904], 90.00th=[ 8640], 95.00th=[13632],
     | 99.00th=[91648], 99.50th=[154624], 99.90th=[346112], 99.95th=[456704],
     | 99.99th=[536576]
   bw (  KiB/s): min= 2048, max=232024, per=0.02%, avg=73533.86, stdev=63056.44
    lat (usec) : 4=0.01%, 500=0.25%, 750=0.99%, 1000=7.76%
    lat (msec) : 2=33.30%, 4=11.61%, 10=39.33%, 20=3.31%, 50=1.94%
    lat (msec) : 100=0.58%, 250=0.67%, 500=0.23%, 750=0.03%
  cpu          : usr=4.73%, sys=48.44%, ctx=1789, majf=0, minf=645
  IO depths    : 1=0.1%, 2=0.1%, 4=0.1%, 8=0.1%, 16=0.1%, 32=0.1%, >=64=99.9%
     submit    : 0=0.0%, 4=100.0%, 8=0.0%, 16=0.0%, 32=0.0%, 64=0.0%, >=64=0.0%
     complete  : 0=0.0%, 4=100.0%, 8=0.0%, 16=0.0%, 32=0.0%, 64=0.0%, >=64=0.1%
     issued rwt: total=459991,0,0, short=0,0,0, dropped=0,0,0
     latency   : target=0, window=0, percentile=100.00%, depth=128

Run status group 0 (all jobs):
   READ: bw=359MiB/s (377MB/s), 359MiB/s-359MiB/s (377MB/s-377MB/s), io=1797MiB (1884MB), run=5001-5001msec

Disk stats (read/write):
  nvme0n1: ios=412583/0, merge=32474/0, ticks=98008/0, in_queue=96948, util=98.70%
