test: (g=0): rw=read, bs=(R) 4096B-4096B, (W) 4096B-4096B, (T) 4096B-4096B, ioengine=libaio, iodepth=128
...
fio-2.21
Starting 4 threads

test: (groupid=0, jobs=4): err= 0: pid=7507: Thu Dec 14 15:35:25 2017
   read: IOPS=503k, BW=1966MiB/s (2062MB/s)(9833MiB/5001msec)
    slat (usec): min=1, max=917, avg= 4.05, stdev=13.47
    clat (usec): min=66, max=4443, avg=1011.98, stdev=305.09
     lat (usec): min=74, max=4448, avg=1016.22, stdev=304.80
    clat percentiles (usec):
     |  1.00th=[  628],  5.00th=[  660], 10.00th=[  676], 20.00th=[  708],
     | 30.00th=[  740], 40.00th=[  924], 50.00th=[ 1012], 60.00th=[ 1064],
     | 70.00th=[ 1144], 80.00th=[ 1256], 90.00th=[ 1384], 95.00th=[ 1480],
     | 99.00th=[ 2008], 99.50th=[ 2320], 99.90th=[ 2832], 99.95th=[ 3024],
     | 99.99th=[ 3376]
   bw (  KiB/s): min=369672, max=603712, per=0.02%, avg=503313.95, stdev=80551.72
    lat (usec) : 100=0.01%, 250=0.01%, 500=0.02%, 750=30.74%, 1000=16.49%
    lat (msec) : 2=51.74%, 4=1.01%, 10=0.01%
  cpu          : usr=24.69%, sys=56.27%, ctx=576192, majf=0, minf=516
  IO depths    : 1=0.1%, 2=0.1%, 4=0.1%, 8=0.1%, 16=0.1%, 32=0.1%, >=64=100.0%
     submit    : 0=0.0%, 4=100.0%, 8=0.0%, 16=0.0%, 32=0.0%, 64=0.0%, >=64=0.0%
     complete  : 0=0.0%, 4=100.0%, 8=0.0%, 16=0.0%, 32=0.0%, 64=0.0%, >=64=0.1%
     issued rwt: total=2517180,0,0, short=0,0,0, dropped=0,0,0
     latency   : target=0, window=0, percentile=100.00%, depth=128

Run status group 0 (all jobs):
   READ: bw=1966MiB/s (2062MB/s), 1966MiB/s-1966MiB/s (2062MB/s-2062MB/s), io=9833MiB (10.3GB), run=5001-5001msec

Disk stats (read/write):
  nvme0n1: ios=2469975/0, merge=0/0, ticks=2266124/0, in_queue=2345652, util=98.60%
