test: (g=0): rw=read, bs=(R) 4096B-4096B, (W) 4096B-4096B, (T) 4096B-4096B, ioengine=libaio, iodepth=128
...
fio-2.21
Starting 6 threads

test: (groupid=0, jobs=6): err= 0: pid=7580: Thu Dec 14 15:36:20 2017
   read: IOPS=503k, BW=1966MiB/s (2062MB/s)(9837MiB/5003msec)
    slat (usec): min=1, max=927, avg= 4.60, stdev=17.98
    clat (usec): min=166, max=6905, avg=1519.25, stdev=460.16
     lat (usec): min=172, max=6908, avg=1524.08, stdev=460.17
    clat percentiles (usec):
     |  1.00th=[  836],  5.00th=[  964], 10.00th=[ 1048], 20.00th=[ 1176],
     | 30.00th=[ 1272], 40.00th=[ 1368], 50.00th=[ 1448], 60.00th=[ 1544],
     | 70.00th=[ 1656], 80.00th=[ 1800], 90.00th=[ 2024], 95.00th=[ 2256],
     | 99.00th=[ 3408], 99.50th=[ 3824], 99.90th=[ 4576], 99.95th=[ 4832],
     | 99.99th=[ 5536]
   bw (  KiB/s): min=242400, max=410240, per=0.02%, avg=335676.40, stdev=50404.09
    lat (usec) : 250=0.01%, 500=0.02%, 750=0.37%, 1000=6.32%
    lat (msec) : 2=82.71%, 4=10.23%, 10=0.35%
  cpu          : usr=21.08%, sys=45.96%, ctx=946616, majf=0, minf=774
  IO depths    : 1=0.1%, 2=0.1%, 4=0.1%, 8=0.1%, 16=0.1%, 32=0.1%, >=64=100.0%
     submit    : 0=0.0%, 4=100.0%, 8=0.0%, 16=0.0%, 32=0.0%, 64=0.0%, >=64=0.0%
     complete  : 0=0.0%, 4=100.0%, 8=0.0%, 16=0.0%, 32=0.0%, 64=0.0%, >=64=0.1%
     issued rwt: total=2518336,0,0, short=0,0,0, dropped=0,0,0
     latency   : target=0, window=0, percentile=100.00%, depth=128

Run status group 0 (all jobs):
   READ: bw=1966MiB/s (2062MB/s), 1966MiB/s-1966MiB/s (2062MB/s-2062MB/s), io=9837MiB (10.3GB), run=5003-5003msec

Disk stats (read/write):
  nvme0n1: ios=2463514/0, merge=0/0, ticks=3599960/0, in_queue=3812200, util=98.94%
