test: (g=0): rw=read, bs=(R) 4096B-4096B, (W) 4096B-4096B, (T) 4096B-4096B, ioengine=libaio, iodepth=128
...
fio-2.21
Starting 8 threads

test: (groupid=0, jobs=8): err= 0: pid=7753: Thu Dec 14 15:39:03 2017
   read: IOPS=497k, BW=1943MiB/s (2038MB/s)(9720MiB/5002msec)
    slat (usec): min=1, max=1694, avg= 5.57, stdev=23.39
    clat (usec): min=187, max=9415, avg=2051.02, stdev=651.37
     lat (usec): min=192, max=9419, avg=2056.86, stdev=651.48
    clat percentiles (usec):
     |  1.00th=[ 1096],  5.00th=[ 1304], 10.00th=[ 1432], 20.00th=[ 1592],
     | 30.00th=[ 1720], 40.00th=[ 1832], 50.00th=[ 1944], 60.00th=[ 2064],
     | 70.00th=[ 2224], 80.00th=[ 2416], 90.00th=[ 2704], 95.00th=[ 2992],
     | 99.00th=[ 4640], 99.50th=[ 5792], 99.90th=[ 7200], 99.95th=[ 7648],
     | 99.99th=[ 8384]
   bw (  KiB/s): min=134272, max=323360, per=0.01%, avg=248777.60, stdev=45007.93
    lat (usec) : 250=0.01%, 500=0.01%, 750=0.02%, 1000=0.39%
    lat (msec) : 2=54.11%, 4=43.91%, 10=1.56%
  cpu          : usr=19.13%, sys=42.27%, ctx=1034235, majf=0, minf=1032
  IO depths    : 1=0.1%, 2=0.1%, 4=0.1%, 8=0.1%, 16=0.1%, 32=0.1%, >=64=100.0%
     submit    : 0=0.0%, 4=100.0%, 8=0.0%, 16=0.0%, 32=0.0%, 64=0.0%, >=64=0.0%
     complete  : 0=0.0%, 4=100.0%, 8=0.0%, 16=0.0%, 32=0.0%, 64=0.0%, >=64=0.1%
     issued rwt: total=2488289,0,0, short=0,0,0, dropped=0,0,0
     latency   : target=0, window=0, percentile=100.00%, depth=128

Run status group 0 (all jobs):
   READ: bw=1943MiB/s (2038MB/s), 1943MiB/s-1943MiB/s (2038MB/s-2038MB/s), io=9720MiB (10.2GB), run=5002-5002msec

Disk stats (read/write):
  nvme0n1: ios=2433219/0, merge=0/0, ticks=4819080/0, in_queue=5058924, util=98.88%
