test: (g=0): rw=read, bs=(R) 4096B-4096B, (W) 4096B-4096B, (T) 4096B-4096B, ioengine=libaio, iodepth=128
...
fio-2.21
Starting 5 threads

test: (groupid=0, jobs=5): err= 0: pid=7899: Thu Dec 14 15:40:30 2017
   read: IOPS=507k, BW=1979MiB/s (2075MB/s)(9900MiB/5002msec)
    slat (usec): min=1, max=945, avg= 4.19, stdev=16.06
    clat (usec): min=143, max=5759, avg=1257.44, stdev=348.50
     lat (usec): min=157, max=5763, avg=1261.84, stdev=348.13
    clat percentiles (usec):
     |  1.00th=[  668],  5.00th=[  828], 10.00th=[  908], 20.00th=[  988],
     | 30.00th=[ 1064], 40.00th=[ 1144], 50.00th=[ 1224], 60.00th=[ 1288],
     | 70.00th=[ 1384], 80.00th=[ 1480], 90.00th=[ 1624], 95.00th=[ 1768],
     | 99.00th=[ 2704], 99.50th=[ 3056], 99.90th=[ 3664], 99.95th=[ 3888],
     | 99.99th=[ 4448]
   bw (  KiB/s): min=303808, max=453608, per=0.02%, avg=405496.74, stdev=37234.60
    lat (usec) : 250=0.01%, 500=0.02%, 750=2.43%, 1000=19.63%
    lat (msec) : 2=75.67%, 4=2.22%, 10=0.03%
  cpu          : usr=21.93%, sys=50.03%, ctx=826597, majf=0, minf=645
  IO depths    : 1=0.1%, 2=0.1%, 4=0.1%, 8=0.1%, 16=0.1%, 32=0.1%, >=64=100.0%
     submit    : 0=0.0%, 4=100.0%, 8=0.0%, 16=0.0%, 32=0.0%, 64=0.0%, >=64=0.0%
     complete  : 0=0.0%, 4=100.0%, 8=0.0%, 16=0.0%, 32=0.0%, 64=0.0%, >=64=0.1%
     issued rwt: total=2534471,0,0, short=0,0,0, dropped=0,0,0
     latency   : target=0, window=0, percentile=100.00%, depth=128

Run status group 0 (all jobs):
   READ: bw=1979MiB/s (2075MB/s), 1979MiB/s-1979MiB/s (2075MB/s-2075MB/s), io=9900MiB (10.4GB), run=5002-5002msec

Disk stats (read/write):
  nvme0n1: ios=2480005/0, merge=0/0, ticks=2978260/0, in_queue=3189700, util=99.22%
