test: (g=0): rw=read, bs=(R) 4096B-4096B, (W) 4096B-4096B, (T) 4096B-4096B, ioengine=libaio, iodepth=128
...
fio-2.21
Starting 2 threads

test: (groupid=0, jobs=2): err= 0: pid=8718: Thu Dec 14 15:57:33 2017
   read: IOPS=124k, BW=483MiB/s (507MB/s)(2416MiB/5001msec)
    slat (usec): min=1, max=2734, avg= 9.47, stdev=22.02
    clat (usec): min=342, max=148683, avg=2058.54, stdev=3802.79
     lat (usec): min=355, max=148685, avg=2068.24, stdev=3802.19
    clat percentiles (usec):
     |  1.00th=[  676],  5.00th=[  988], 10.00th=[ 1012], 20.00th=[ 1020],
     | 30.00th=[ 1176], 40.00th=[ 1208], 50.00th=[ 1288], 60.00th=[ 1368],
     | 70.00th=[ 1848], 80.00th=[ 1912], 90.00th=[ 2384], 95.00th=[ 4704],
     | 99.00th=[13888], 99.50th=[28288], 99.90th=[42752], 99.95th=[45824],
     | 99.99th=[148480]
   bw (  KiB/s): min=22080, max=466416, per=0.05%, avg=249034.22, stdev=115804.99
    lat (usec) : 500=0.23%, 750=1.10%, 1000=6.17%
    lat (msec) : 2=75.90%, 4=11.18%, 10=2.52%, 20=2.37%, 50=0.50%
    lat (msec) : 100=0.02%, 250=0.02%
  cpu          : usr=10.89%, sys=59.94%, ctx=239, majf=0, minf=258
  IO depths    : 1=0.1%, 2=0.1%, 4=0.1%, 8=0.1%, 16=0.1%, 32=0.1%, >=64=100.0%
     submit    : 0=0.0%, 4=100.0%, 8=0.0%, 16=0.0%, 32=0.0%, 64=0.0%, >=64=0.0%
     complete  : 0=0.0%, 4=100.0%, 8=0.0%, 16=0.0%, 32=0.0%, 64=0.0%, >=64=0.1%
     issued rwt: total=618547,0,0, short=0,0,0, dropped=0,0,0
     latency   : target=0, window=0, percentile=100.00%, depth=128

Run status group 0 (all jobs):
   READ: bw=483MiB/s (507MB/s), 483MiB/s-483MiB/s (507MB/s-507MB/s), io=2416MiB (2534MB), run=5001-5001msec

Disk stats (read/write):
  nvme0n1: ios=577938/0, merge=27838/0, ticks=35024/0, in_queue=34888, util=98.06%
