test: (g=0): rw=read, bs=(R) 4096B-4096B, (W) 4096B-4096B, (T) 4096B-4096B, ioengine=libaio, iodepth=128
...
fio-2.21
Starting 8 threads

test: (groupid=0, jobs=8): err= 0: pid=6984: Thu Dec 14 15:25:56 2017
   read: IOPS=491k, BW=1917MiB/s (2011MB/s)(9591MiB/5002msec)
    slat (usec): min=1, max=1061, avg= 4.69, stdev=18.49
    clat (usec): min=537, max=8025, avg=2079.57, stdev=633.53
     lat (usec): min=542, max=8028, avg=2084.51, stdev=633.67
    clat percentiles (usec):
     |  1.00th=[ 1496],  5.00th=[ 1560], 10.00th=[ 1624], 20.00th=[ 1736],
     | 30.00th=[ 1784], 40.00th=[ 1816], 50.00th=[ 1848], 60.00th=[ 1912],
     | 70.00th=[ 2024], 80.00th=[ 2256], 90.00th=[ 2928], 95.00th=[ 3312],
     | 99.00th=[ 4768], 99.50th=[ 5152], 99.90th=[ 6176], 99.95th=[ 6432],
     | 99.99th=[ 6816]
   bw (  KiB/s): min=113424, max=286656, per=0.01%, avg=245466.34, stdev=50539.31
    lat (usec) : 750=0.01%, 1000=0.01%
    lat (msec) : 2=68.49%, 4=29.09%, 10=2.41%
  cpu          : usr=19.67%, sys=36.42%, ctx=1159565, majf=0, minf=1032
  IO depths    : 1=0.1%, 2=0.1%, 4=0.1%, 8=0.1%, 16=0.1%, 32=0.1%, >=64=100.0%
     submit    : 0=0.0%, 4=100.0%, 8=0.0%, 16=0.0%, 32=0.0%, 64=0.0%, >=64=0.0%
     complete  : 0=0.0%, 4=100.0%, 8=0.0%, 16=0.0%, 32=0.0%, 64=0.0%, >=64=0.1%
     issued rwt: total=2455240,0,0, short=0,0,0, dropped=0,0,0
     latency   : target=0, window=0, percentile=100.00%, depth=128

Run status group 0 (all jobs):
   READ: bw=1917MiB/s (2011MB/s), 1917MiB/s-1917MiB/s (2011MB/s-2011MB/s), io=9591MiB (10.1GB), run=5002-5002msec

Disk stats (read/write):
  nvme0n1: ios=2401149/0, merge=0/0, ticks=4906000/0, in_queue=5126316, util=98.50%
