test: (g=0): rw=read, bs=(R) 4096B-4096B, (W) 4096B-4096B, (T) 4096B-4096B, ioengine=libaio, iodepth=128
...
fio-2.21
Starting 4 threads

test: (groupid=0, jobs=4): err= 0: pid=7936: Thu Dec 14 15:40:56 2017
   read: IOPS=502k, BW=1962MiB/s (2057MB/s)(9812MiB/5002msec)
    slat (usec): min=1, max=883, avg= 4.05, stdev=13.15
    clat (usec): min=190, max=3974, avg=1014.25, stdev=310.13
     lat (usec): min=194, max=3976, avg=1018.50, stdev=309.81
    clat percentiles (usec):
     |  1.00th=[  628],  5.00th=[  660], 10.00th=[  676], 20.00th=[  708],
     | 30.00th=[  740], 40.00th=[  916], 50.00th=[ 1020], 60.00th=[ 1064],
     | 70.00th=[ 1144], 80.00th=[ 1256], 90.00th=[ 1400], 95.00th=[ 1480],
     | 99.00th=[ 2064], 99.50th=[ 2352], 99.90th=[ 2768], 99.95th=[ 2928],
     | 99.99th=[ 3216]
   bw (  KiB/s): min=363080, max=617744, per=0.02%, avg=502263.40, stdev=83970.82
    lat (usec) : 250=0.01%, 500=0.01%, 750=31.82%, 1000=15.11%
    lat (msec) : 2=51.93%, 4=1.13%
  cpu          : usr=24.37%, sys=56.44%, ctx=581153, majf=0, minf=516
  IO depths    : 1=0.1%, 2=0.1%, 4=0.1%, 8=0.1%, 16=0.1%, 32=0.1%, >=64=100.0%
     submit    : 0=0.0%, 4=100.0%, 8=0.0%, 16=0.0%, 32=0.0%, 64=0.0%, >=64=0.0%
     complete  : 0=0.0%, 4=100.0%, 8=0.0%, 16=0.0%, 32=0.0%, 64=0.0%, >=64=0.1%
     issued rwt: total=2511826,0,0, short=0,0,0, dropped=0,0,0
     latency   : target=0, window=0, percentile=100.00%, depth=128

Run status group 0 (all jobs):
   READ: bw=1962MiB/s (2057MB/s), 1962MiB/s-1962MiB/s (2057MB/s-2057MB/s), io=9812MiB (10.3GB), run=5002-5002msec

Disk stats (read/write):
  nvme0n1: ios=2469053/0, merge=0/0, ticks=2269504/0, in_queue=2368716, util=98.60%
