test: (g=0): rw=read, bs=(R) 4096B-4096B, (W) 4096B-4096B, (T) 4096B-4096B, ioengine=libaio, iodepth=128
...
fio-2.21
Starting 5 threads

test: (groupid=0, jobs=5): err= 0: pid=6686: Thu Dec 14 14:28:43 2017
   read: IOPS=506k, BW=1977MiB/s (2073MB/s)(9888MiB/5002msec)
    slat (usec): min=1, max=868, avg= 3.54, stdev=13.61
    clat (usec): min=428, max=5033, avg=1259.66, stdev=345.94
     lat (usec): min=439, max=5035, avg=1263.38, stdev=345.68
    clat percentiles (usec):
     |  1.00th=[  852],  5.00th=[  932], 10.00th=[  980], 20.00th=[ 1004],
     | 30.00th=[ 1048], 40.00th=[ 1096], 50.00th=[ 1176], 60.00th=[ 1240],
     | 70.00th=[ 1320], 80.00th=[ 1464], 90.00th=[ 1704], 95.00th=[ 1864],
     | 99.00th=[ 2640], 99.50th=[ 3024], 99.90th=[ 3824], 99.95th=[ 4016],
     | 99.99th=[ 4384]
   bw (  KiB/s): min=253216, max=467440, per=0.02%, avg=405006.58, stdev=61570.46
    lat (usec) : 500=0.02%, 750=0.26%, 1000=19.30%
    lat (msec) : 2=78.27%, 4=2.10%, 10=0.05%
  cpu          : usr=23.03%, sys=43.40%, ctx=1077204, majf=0, minf=645
  IO depths    : 1=0.1%, 2=0.1%, 4=0.1%, 8=0.1%, 16=0.1%, 32=0.1%, >=64=100.0%
     submit    : 0=0.0%, 4=100.0%, 8=0.0%, 16=0.0%, 32=0.0%, 64=0.0%, >=64=0.0%
     complete  : 0=0.0%, 4=100.0%, 8=0.0%, 16=0.0%, 32=0.0%, 64=0.0%, >=64=0.1%
     issued rwt: total=2531409,0,0, short=0,0,0, dropped=0,0,0
     latency   : target=0, window=0, percentile=100.00%, depth=128

Run status group 0 (all jobs):
   READ: bw=1977MiB/s (2073MB/s), 1977MiB/s-1977MiB/s (2073MB/s-2073MB/s), io=9888MiB (10.4GB), run=5002-5002msec

Disk stats (read/write):
  nvme0n1: ios=2476825/0, merge=0/0, ticks=3009168/0, in_queue=3211088, util=99.44%
