test: (g=0): rw=read, bs=(R) 4096B-4096B, (W) 4096B-4096B, (T) 4096B-4096B, ioengine=libaio, iodepth=128
...
fio-2.21
Starting 8 threads

test: (groupid=0, jobs=8): err= 0: pid=6800: Thu Dec 14 14:30:10 2017
   read: IOPS=491k, BW=1917MiB/s (2010MB/s)(9591MiB/5002msec)
    slat (usec): min=1, max=809, avg= 4.75, stdev=19.02
    clat (usec): min=544, max=8199, avg=2079.64, stdev=633.29
     lat (usec): min=548, max=8201, avg=2084.64, stdev=633.12
    clat percentiles (usec):
     |  1.00th=[ 1496],  5.00th=[ 1560], 10.00th=[ 1624], 20.00th=[ 1736],
     | 30.00th=[ 1784], 40.00th=[ 1816], 50.00th=[ 1848], 60.00th=[ 1912],
     | 70.00th=[ 2024], 80.00th=[ 2256], 90.00th=[ 2896], 95.00th=[ 3312],
     | 99.00th=[ 4768], 99.50th=[ 5088], 99.90th=[ 6240], 99.95th=[ 6432],
     | 99.99th=[ 6752]
   bw (  KiB/s): min=113312, max=284488, per=0.01%, avg=245467.25, stdev=49960.96
    lat (usec) : 750=0.01%, 1000=0.01%
    lat (msec) : 2=68.02%, 4=29.39%, 10=2.57%
  cpu          : usr=19.47%, sys=36.42%, ctx=1135839, majf=0, minf=1032
  IO depths    : 1=0.1%, 2=0.1%, 4=0.1%, 8=0.1%, 16=0.1%, 32=0.1%, >=64=100.0%
     submit    : 0=0.0%, 4=100.0%, 8=0.0%, 16=0.0%, 32=0.0%, 64=0.0%, >=64=0.0%
     complete  : 0=0.0%, 4=100.0%, 8=0.0%, 16=0.0%, 32=0.0%, 64=0.0%, >=64=0.1%
     issued rwt: total=2455179,0,0, short=0,0,0, dropped=0,0,0
     latency   : target=0, window=0, percentile=100.00%, depth=128

Run status group 0 (all jobs):
   READ: bw=1917MiB/s (2010MB/s), 1917MiB/s-1917MiB/s (2010MB/s-2010MB/s), io=9591MiB (10.1GB), run=5002-5002msec

Disk stats (read/write):
  nvme0n1: ios=2400251/0, merge=0/0, ticks=4895840/0, in_queue=5180556, util=99.18%
