test: (g=0): rw=read, bs=(R) 4096B-4096B, (W) 4096B-4096B, (T) 4096B-4096B, ioengine=libaio, iodepth=128
fio-2.21
Starting 1 thread

test: (groupid=0, jobs=1): err= 0: pid=7341: Thu Dec 14 15:29:48 2017
   read: IOPS=194k, BW=759MiB/s (796MB/s)(3795MiB/5001msec)
    slat (usec): min=1, max=840, avg= 3.53, stdev=10.11
    clat (usec): min=22, max=2281, avg=654.15, stdev=187.80
     lat (usec): min=24, max=2283, avg=657.86, stdev=188.29
    clat percentiles (usec):
     |  1.00th=[  580],  5.00th=[  580], 10.00th=[  588], 20.00th=[  588],
     | 30.00th=[  588], 40.00th=[  588], 50.00th=[  588], 60.00th=[  588],
     | 70.00th=[  596], 80.00th=[  596], 90.00th=[  884], 95.00th=[ 1128],
     | 99.00th=[ 1416], 99.50th=[ 1656], 99.90th=[ 1912], 99.95th=[ 1928],
     | 99.99th=[ 1976]
   bw (  KiB/s): min=762909, max=793232, per=0.10%, avg=777325.89, stdev=7730.96
    lat (usec) : 50=0.01%, 100=0.01%, 250=0.01%, 500=0.60%, 750=85.24%
    lat (usec) : 1000=8.01%
    lat (msec) : 2=6.14%, 4=0.01%
  cpu          : usr=29.26%, sys=70.70%, ctx=5, majf=0, minf=129
  IO depths    : 1=0.1%, 2=0.1%, 4=0.1%, 8=0.1%, 16=0.1%, 32=0.1%, >=64=100.0%
     submit    : 0=0.0%, 4=100.0%, 8=0.0%, 16=0.0%, 32=0.0%, 64=0.0%, >=64=0.0%
     complete  : 0=0.0%, 4=100.0%, 8=0.0%, 16=0.0%, 32=0.0%, 64=0.0%, >=64=0.1%
     issued rwt: total=971504,0,0, short=0,0,0, dropped=0,0,0
     latency   : target=0, window=0, percentile=100.00%, depth=128

Run status group 0 (all jobs):
   READ: bw=759MiB/s (796MB/s), 759MiB/s-759MiB/s (796MB/s-796MB/s), io=3795MiB (3979MB), run=5001-5001msec

Disk stats (read/write):
  nvme0n1: ios=951307/0, merge=0/0, ticks=28844/0, in_queue=28668, util=97.24%
