test: (g=0): rw=read, bs=(R) 4096B-4096B, (W) 4096B-4096B, (T) 4096B-4096B, ioengine=libaio, iodepth=128
...
fio-2.21
Starting 7 threads

test: (groupid=0, jobs=7): err= 0: pid=8339: Thu Dec 14 15:50:28 2017
   read: IOPS=98.5k, BW=385MiB/s (404MB/s)(1925MiB/5002msec)
    slat (usec): min=1, max=2589, avg=33.21, stdev=53.40
    clat (usec): min=3, max=428444, avg=9051.70, stdev=27962.13
     lat (usec): min=56, max=428449, avg=9085.22, stdev=27962.53
    clat percentiles (usec):
     |  1.00th=[  564],  5.00th=[  748], 10.00th=[ 1064], 20.00th=[ 1272],
     | 30.00th=[ 1304], 40.00th=[ 1560], 50.00th=[ 2960], 60.00th=[ 9280],
     | 70.00th=[ 9920], 80.00th=[10304], 90.00th=[10944], 95.00th=[11840],
     | 99.00th=[142336], 99.50th=[250880], 99.90th=[358400], 99.95th=[378880],
     | 99.99th=[428032]
   bw (  KiB/s): min= 1024, max=220688, per=0.01%, avg=56945.25, stdev=67431.19
    lat (usec) : 4=0.01%, 50=0.01%, 100=0.01%, 250=0.01%, 500=0.42%
    lat (usec) : 750=4.68%, 1000=3.50%
    lat (msec) : 2=37.89%, 4=6.53%, 10=18.73%, 20=25.49%, 50=0.56%
    lat (msec) : 100=0.58%, 250=1.12%, 500=0.50%
  cpu          : usr=3.56%, sys=47.04%, ctx=1966, majf=0, minf=903
  IO depths    : 1=0.1%, 2=0.1%, 4=0.1%, 8=0.1%, 16=0.1%, 32=0.1%, >=64=99.9%
     submit    : 0=0.0%, 4=100.0%, 8=0.0%, 16=0.0%, 32=0.0%, 64=0.0%, >=64=0.0%
     complete  : 0=0.0%, 4=100.0%, 8=0.0%, 16=0.0%, 32=0.0%, 64=0.0%, >=64=0.1%
     issued rwt: total=492874,0,0, short=0,0,0, dropped=0,0,0
     latency   : target=0, window=0, percentile=100.00%, depth=128

Run status group 0 (all jobs):
   READ: bw=385MiB/s (404MB/s), 385MiB/s-385MiB/s (404MB/s-404MB/s), io=1925MiB (2019MB), run=5002-5002msec

Disk stats (read/write):
  nvme0n1: ios=433351/0, merge=50185/0, ticks=160772/0, in_queue=161064, util=98.12%
