test: (g=0): rw=read, bs=(R) 4096B-4096B, (W) 4096B-4096B, (T) 4096B-4096B, ioengine=libaio, iodepth=128
...
fio-2.21
Starting 7 threads

test: (groupid=0, jobs=7): err= 0: pid=7618: Thu Dec 14 15:36:53 2017
   read: IOPS=501k, BW=1956MiB/s (2051MB/s)(9785MiB/5002msec)
    slat (usec): min=1, max=946, avg= 5.64, stdev=21.91
    clat (usec): min=169, max=9085, avg=1781.67, stdev=569.29
     lat (usec): min=176, max=9089, avg=1787.57, stdev=569.50
    clat percentiles (usec):
     |  1.00th=[  900],  5.00th=[ 1096], 10.00th=[ 1208], 20.00th=[ 1352],
     | 30.00th=[ 1480], 40.00th=[ 1592], 50.00th=[ 1704], 60.00th=[ 1832],
     | 70.00th=[ 1976], 80.00th=[ 2128], 90.00th=[ 2352], 95.00th=[ 2608],
     | 99.00th=[ 3952], 99.50th=[ 4768], 99.90th=[ 6240], 99.95th=[ 6624],
     | 99.99th=[ 7840]
   bw (  KiB/s): min=165744, max=370981, per=0.01%, avg=286237.03, stdev=51409.02
    lat (usec) : 250=0.01%, 500=0.01%, 750=0.24%, 1000=2.44%
    lat (msec) : 2=69.13%, 4=27.21%, 10=0.97%
  cpu          : usr=19.95%, sys=48.83%, ctx=903435, majf=0, minf=903
  IO depths    : 1=0.1%, 2=0.1%, 4=0.1%, 8=0.1%, 16=0.1%, 32=0.1%, >=64=100.0%
     submit    : 0=0.0%, 4=100.0%, 8=0.0%, 16=0.0%, 32=0.0%, 64=0.0%, >=64=0.0%
     complete  : 0=0.0%, 4=100.0%, 8=0.0%, 16=0.0%, 32=0.0%, 64=0.0%, >=64=0.1%
     issued rwt: total=2504999,0,0, short=0,0,0, dropped=0,0,0
     latency   : target=0, window=0, percentile=100.00%, depth=128

Run status group 0 (all jobs):
   READ: bw=1956MiB/s (2051MB/s), 1956MiB/s-1956MiB/s (2051MB/s-2051MB/s), io=9785MiB (10.3GB), run=5002-5002msec

Disk stats (read/write):
  nvme0n1: ios=2449737/0, merge=0/0, ticks=4151756/0, in_queue=4435696, util=99.60%
