Linux 4.13.16-041316-generic (pl1) 	12/14/2017 	_x86_64_	(24 CPU)

07:50:57 PM  CPU    %usr   %nice    %sys %iowait    %irq   %soft  %steal  %guest  %gnice   %idle
07:50:58 PM  all    0.08    0.00    0.08    0.29    0.00    0.00    0.00    0.00    0.00   99.54
07:50:58 PM    0    0.00    0.00    0.00    4.04    0.00    0.00    0.00    0.00    0.00   95.96
07:50:58 PM    1    0.00    0.00    0.00    0.00    0.00    0.00    0.00    0.00    0.00  100.00
07:50:58 PM    2    0.00    0.00    0.00    0.00    0.00    0.00    0.00    0.00    0.00  100.00
07:50:58 PM    3    0.00    0.00    0.00    0.00    0.00    0.00    0.00    0.00    0.00  100.00
07:50:58 PM    4    0.00    0.00    0.00    0.00    0.00    0.00    0.00    0.00    0.00  100.00
07:50:58 PM    5    0.00    0.00    0.00    0.00    0.00    0.00    0.00    0.00    0.00  100.00
07:50:58 PM    6    0.00    0.00    0.00    1.01    0.00    0.00    0.00    0.00    0.00   98.99
07:50:58 PM    7    0.00    0.00    0.99    0.99    0.00    0.00    0.00    0.00    0.00   98.02
07:50:58 PM    8    0.00    0.00    0.00    0.00    0.00    0.00    0.00    0.00    0.00  100.00
07:50:58 PM    9    0.00    0.00    0.00    0.00    0.00    0.00    0.00    0.00    0.00  100.00
07:50:58 PM   10    0.00    0.00    0.00    0.00    0.00    0.00    0.00    0.00    0.00  100.00
07:50:58 PM   11    0.00    0.00    0.00    0.00    0.00    0.00    0.00    0.00    0.00  100.00
07:50:58 PM   12    0.00    0.00    0.00    0.00    0.00    0.00    0.00    0.00    0.00  100.00
07:50:58 PM   13    0.00    0.00    0.00    0.00    0.00    0.00    0.00    0.00    0.00  100.00
07:50:58 PM   14    0.00    0.00    0.00    0.00    0.00    0.00    0.00    0.00    0.00  100.00
07:50:58 PM   15    0.00    0.00    0.00    0.00    0.00    0.00    0.00    0.00    0.00  100.00
07:50:58 PM   16    0.00    0.00    0.00    0.00    0.00    0.00    0.00    0.00    0.00  100.00
07:50:58 PM   17    0.00    0.00    0.00    0.00    0.00    0.00    0.00    0.00    0.00  100.00
07:50:58 PM   18    0.00    0.00    0.00    0.00    0.00    0.00    0.00    0.00    0.00  100.00
07:50:58 PM   19    0.00    0.00    0.00    0.00    0.00    0.00    0.00    0.00    0.00  100.00
07:50:58 PM   20    0.00    0.00    0.00    0.00    0.00    0.00    0.00    0.00    0.00  100.00
07:50:58 PM   21    0.00    0.00    0.00    0.00    0.00    0.00    0.00    0.00    0.00  100.00
07:50:58 PM   22    0.00    0.00    0.00    0.00    0.00    0.00    0.00    0.00    0.00  100.00
07:50:58 PM   23    0.99    0.00    1.98    0.00    0.00    0.00    0.00    0.00    0.00   97.03

07:50:58 PM  CPU    %usr   %nice    %sys %iowait    %irq   %soft  %steal  %guest  %gnice   %idle
07:50:59 PM  all    0.13    0.00    0.33    0.00    0.00    0.00    0.00    0.00    0.00   99.54
07:50:59 PM    0    0.00    0.00    0.00    0.00    0.00    0.00    0.00    0.00    0.00  100.00
07:50:59 PM    1    0.00    0.00    0.00    0.00    0.00    0.00    0.00    0.00    0.00  100.00
07:50:59 PM    2    0.00    0.00    0.00    0.00    0.00    0.00    0.00    0.00    0.00  100.00
07:50:59 PM    3    0.00    0.00    0.00    0.00    0.00    0.00    0.00    0.00    0.00  100.00
07:50:59 PM    4    0.00    0.00    0.00    0.00    0.00    0.00    0.00    0.00    0.00  100.00
07:50:59 PM    5    0.00    0.00    0.00    0.00    0.00    0.00    0.00    0.00    0.00  100.00
07:50:59 PM    6    0.00    0.00    0.00    0.00    0.00    0.00    0.00    0.00    0.00  100.00
07:50:59 PM    7    0.99    0.00    0.00    0.00    0.00    0.00    0.00    0.00    0.00   99.01
07:50:59 PM    8    1.00    0.00    0.00    0.00    0.00    0.00    0.00    0.00    0.00   99.00
07:50:59 PM    9    0.00    0.00    0.99    0.00    0.00    0.00    0.00    0.00    0.00   99.01
07:50:59 PM   10    0.00    0.00    0.00    0.00    0.00    0.00    0.00    0.00    0.00  100.00
07:50:59 PM   11    0.00    0.00    0.00    0.00    0.00    0.00    0.00    0.00    0.00  100.00
07:50:59 PM   12    0.00    0.00    0.00    0.00    0.00    0.00    0.00    0.00    0.00  100.00
07:50:59 PM   13    0.00    0.00    0.00    0.00    0.00    0.00    0.00    0.00    0.00  100.00
07:50:59 PM   14    0.00    0.00    0.00    0.00    0.00    0.00    0.00    0.00    0.00  100.00
07:50:59 PM   15    0.00    0.00    0.00    0.00    0.00    0.00    0.00    0.00    0.00  100.00
07:50:59 PM   16    0.00    0.00    0.00    0.00    0.00    0.00    0.00    0.00    0.00  100.00
07:50:59 PM   17    0.00    0.00    0.00    0.00    0.00    0.00    0.00    0.00    0.00  100.00
07:50:59 PM   18    0.00    0.00    3.00    0.00    0.00    0.00    0.00    0.00    0.00   97.00
07:50:59 PM   19    0.00    0.00    1.01    0.00    0.00    0.00    0.00    0.00    0.00   98.99
07:50:59 PM   20    0.00    0.00    0.00    0.00    0.00    0.00    0.00    0.00    0.00  100.00
07:50:59 PM   21    1.00    0.00    1.00    0.00    0.00    0.00    0.00    0.00    0.00   98.00
07:50:59 PM   22    0.00    0.00    1.01    0.00    0.00    0.00    0.00    0.00    0.00   98.99
07:50:59 PM   23    1.01    0.00    0.00    0.00    0.00    0.00    0.00    0.00    0.00   98.99

07:50:59 PM  CPU    %usr   %nice    %sys %iowait    %irq   %soft  %steal  %guest  %gnice   %idle
07:51:00 PM  all    1.33    0.00    2.92    0.29    0.00    0.00    0.00    0.00    0.00   95.46
07:51:00 PM    0   11.00    0.00    2.00    4.00    0.00    0.00    0.00    0.00    0.00   83.00
07:51:00 PM    1    0.00    0.00    0.00    0.00    0.00    0.00    0.00    0.00    0.00  100.00
07:51:00 PM    2    0.00    0.00    0.00    0.00    0.00    0.00    0.00    0.00    0.00  100.00
07:51:00 PM    3    0.00    0.00    0.00    0.00    0.00    0.00    0.00    0.00    0.00  100.00
07:51:00 PM    4    0.00    0.00    0.00    0.00    0.00    0.00    0.00    0.00    0.00  100.00
07:51:00 PM    5    0.00    0.00    0.00    0.00    0.00    0.00    0.00    0.00    0.00  100.00
07:51:00 PM    6    0.00    0.00    0.00    0.00    0.00    0.00    0.00    0.00    0.00  100.00
07:51:00 PM    7    0.00    0.00    1.00    1.00    0.00    0.00    0.00    0.00    0.00   98.00
07:51:00 PM    8    0.00    0.00    1.00    1.00    0.00    0.00    0.00    0.00    0.00   98.00
07:51:00 PM    9    0.00    0.00   64.65    0.00    0.00    0.00    0.00    0.00    0.00   35.35
07:51:00 PM   10    0.00    0.00    0.00    0.00    0.00    0.00    0.00    0.00    0.00  100.00
07:51:00 PM   11    0.00    0.00    0.00    0.00    0.00    0.00    0.00    0.00    0.00  100.00
07:51:00 PM   12    0.00    0.00    0.00    0.00    0.00    0.00    0.00    0.00    0.00  100.00
07:51:00 PM   13    0.00    0.00    0.00    0.00    0.00    0.00    0.00    0.00    0.00  100.00
07:51:00 PM   14    0.00    0.00    0.00    0.00    0.00    0.00    0.00    0.00    0.00  100.00
07:51:00 PM   15    2.00    0.00    0.00    0.00    0.00    0.00    0.00    0.00    0.00   98.00
07:51:00 PM   16    7.00    0.00    0.00    0.00    0.00    0.00    0.00    0.00    0.00   93.00
07:51:00 PM   17   11.88    0.00    0.00    0.00    0.00    0.00    0.00    0.00    0.00   88.12
07:51:00 PM   18    0.00    0.00    1.98    0.00    0.00    0.00    0.00    0.00    0.00   98.02
07:51:00 PM   19    0.00    0.00    0.00    0.00    0.00    0.00    0.00    0.00    0.00  100.00
07:51:00 PM   20    0.00    0.00    0.00    0.00    0.00    0.00    0.00    0.00    0.00  100.00
07:51:00 PM   21    0.00    0.00    1.00    0.00    0.00    0.00    0.00    0.00    0.00   99.00
07:51:00 PM   22    0.00    0.00    0.00    0.00    0.00    0.00    0.00    0.00    0.00  100.00
07:51:00 PM   23    1.00    0.00    0.00    0.00    0.00    0.00    0.00    0.00    0.00   99.00

07:51:00 PM  CPU    %usr   %nice    %sys %iowait    %irq   %soft  %steal  %guest  %gnice   %idle
07:51:01 PM  all   42.48    0.00    0.08    0.00    0.00    0.00    0.00    0.00    0.00   57.43
07:51:01 PM    0   62.00    0.00    0.00    0.00    0.00    0.00    0.00    0.00    0.00   38.00
07:51:01 PM    1   66.00    0.00    0.00    0.00    0.00    0.00    0.00    0.00    0.00   34.00
07:51:01 PM    2   70.00    0.00    0.00    0.00    0.00    0.00    0.00    0.00    0.00   30.00
07:51:01 PM    3   75.76    0.00    0.00    0.00    0.00    0.00    0.00    0.00    0.00   24.24
07:51:01 PM    4   80.00    0.00    0.00    0.00    0.00    0.00    0.00    0.00    0.00   20.00
07:51:01 PM    5   84.85    0.00    0.00    0.00    0.00    0.00    0.00    0.00    0.00   15.15
07:51:01 PM    6    0.00    0.00    0.00    0.00    0.00    0.00    0.00    0.00    0.00  100.00
07:51:01 PM    7    0.00    0.00    0.00    0.00    0.00    0.00    0.00    0.00    0.00  100.00
07:51:01 PM    8    0.00    0.00    0.00    0.00    0.00    0.00    0.00    0.00    0.00  100.00
07:51:01 PM    9    0.00    0.00    0.00    0.00    0.00    0.00    0.00    0.00    0.00  100.00
07:51:01 PM   10    0.00    0.00    0.00    0.00    0.00    0.00    0.00    0.00    0.00  100.00
07:51:01 PM   11    0.00    0.00    0.00    0.00    0.00    0.00    0.00    0.00    0.00  100.00
07:51:01 PM   12   88.89    0.00    0.00    0.00    0.00    0.00    0.00    0.00    0.00   11.11
07:51:01 PM   13   93.00    0.00    0.00    0.00    0.00    0.00    0.00    0.00    0.00    7.00
07:51:01 PM   14   98.00    0.00    0.00    0.00    0.00    0.00    0.00    0.00    0.00    2.00
07:51:01 PM   15  100.00    0.00    0.00    0.00    0.00    0.00    0.00    0.00    0.00    0.00
07:51:01 PM   16  100.00    0.00    0.00    0.00    0.00    0.00    0.00    0.00    0.00    0.00
07:51:01 PM   17  100.00    0.00    0.00    0.00    0.00    0.00    0.00    0.00    0.00    0.00
07:51:01 PM   18    0.00    0.00    0.00    0.00    0.00    0.00    0.00    0.00    0.00  100.00
07:51:01 PM   19    0.00    0.00    0.00    0.00    0.00    0.00    0.00    0.00    0.00  100.00
07:51:01 PM   20    0.00    0.00    0.00    0.00    0.00    0.00    0.00    0.00    0.00  100.00
07:51:01 PM   21    0.00    0.00    0.00    0.00    0.00    0.00    0.00    0.00    0.00  100.00
07:51:01 PM   22    0.00    0.00    0.00    0.00    0.00    0.00    0.00    0.00    0.00  100.00
07:51:01 PM   23    0.00    0.00    2.00    0.00    0.00    0.00    0.00    0.00    0.00   98.00

07:51:01 PM  CPU    %usr   %nice    %sys %iowait    %irq   %soft  %steal  %guest  %gnice   %idle
07:51:02 PM  all   50.04    0.00    0.08    0.08    0.00    0.00    0.00    0.00    0.00   49.79
07:51:02 PM    0  100.00    0.00    0.00    0.00    0.00    0.00    0.00    0.00    0.00    0.00
07:51:02 PM    1  100.00    0.00    0.00    0.00    0.00    0.00    0.00    0.00    0.00    0.00
07:51:02 PM    2  100.00    0.00    0.00    0.00    0.00    0.00    0.00    0.00    0.00    0.00
07:51:02 PM    3  100.00    0.00    0.00    0.00    0.00    0.00    0.00    0.00    0.00    0.00
07:51:02 PM    4  100.00    0.00    0.00    0.00    0.00    0.00    0.00    0.00    0.00    0.00
07:51:02 PM    5  100.00    0.00    0.00    0.00    0.00    0.00    0.00    0.00    0.00    0.00
07:51:02 PM    6    0.00    0.00    0.00    0.00    0.00    0.00    0.00    0.00    0.00  100.00
07:51:02 PM    7    0.00    0.00    0.99    0.99    0.00    0.00    0.00    0.00    0.00   98.02
07:51:02 PM    8    0.00    0.00    0.00    2.00    0.00    0.00    0.00    0.00    0.00   98.00
07:51:02 PM    9    0.00    0.00    0.00    0.00    0.00    0.00    0.00    0.00    0.00  100.00
07:51:02 PM   10    0.00    0.00    0.00    0.00    0.00    0.00    0.00    0.00    0.00  100.00
07:51:02 PM   11    0.00    0.00    0.00    0.00    0.00    0.00    0.00    0.00    0.00  100.00
07:51:02 PM   12  100.00    0.00    0.00    0.00    0.00    0.00    0.00    0.00    0.00    0.00
07:51:02 PM   13  100.00    0.00    0.00    0.00    0.00    0.00    0.00    0.00    0.00    0.00
07:51:02 PM   14  100.00    0.00    0.00    0.00    0.00    0.00    0.00    0.00    0.00    0.00
07:51:02 PM   15  100.00    0.00    0.00    0.00    0.00    0.00    0.00    0.00    0.00    0.00
07:51:02 PM   16  100.00    0.00    0.00    0.00    0.00    0.00    0.00    0.00    0.00    0.00
07:51:02 PM   17  100.00    0.00    0.00    0.00    0.00    0.00    0.00    0.00    0.00    0.00
07:51:02 PM   18    0.00    0.00    0.00    0.00    0.00    0.00    0.00    0.00    0.00  100.00
07:51:02 PM   19    0.00    0.00    0.00    0.00    0.00    0.00    0.00    0.00    0.00  100.00
07:51:02 PM   20    0.00    0.00    0.00    0.00    0.00    0.00    0.00    0.00    0.00  100.00
07:51:02 PM   21    0.00    0.00    0.00    0.00    0.00    0.00    0.00    0.00    0.00  100.00
07:51:02 PM   22    0.00    0.00    0.00    0.00    0.00    0.00    0.00    0.00    0.00  100.00
07:51:02 PM   23    1.00    0.00    1.00    0.00    0.00    0.00    0.00    0.00    0.00   98.00

07:51:02 PM  CPU    %usr   %nice    %sys %iowait    %irq   %soft  %steal  %guest  %gnice   %idle
07:51:03 PM  all   50.08    0.00    0.04    0.00    0.00    0.00    0.00    0.00    0.00   49.88
07:51:03 PM    0  100.00    0.00    0.00    0.00    0.00    0.00    0.00    0.00    0.00    0.00
07:51:03 PM    1  100.00    0.00    0.00    0.00    0.00    0.00    0.00    0.00    0.00    0.00
07:51:03 PM    2  100.00    0.00    0.00    0.00    0.00    0.00    0.00    0.00    0.00    0.00
07:51:03 PM    3  100.00    0.00    0.00    0.00    0.00    0.00    0.00    0.00    0.00    0.00
07:51:03 PM    4  100.00    0.00    0.00    0.00    0.00    0.00    0.00    0.00    0.00    0.00
07:51:03 PM    5  100.00    0.00    0.00    0.00    0.00    0.00    0.00    0.00    0.00    0.00
07:51:03 PM    6    0.00    0.00    0.00    0.00    0.00    0.00    0.00    0.00    0.00  100.00
07:51:03 PM    7    0.99    0.00    0.00    0.00    0.00    0.00    0.00    0.00    0.00   99.01
07:51:03 PM    8    0.00    0.00    0.00    0.00    0.00    0.00    0.00    0.00    0.00  100.00
07:51:03 PM    9    0.00    0.00    0.00    0.00    0.00    0.00    0.00    0.00    0.00  100.00
07:51:03 PM   10    0.00    0.00    0.00    0.00    0.00    0.00    0.00    0.00    0.00  100.00
07:51:03 PM   11    0.00    0.00    0.00    0.00    0.00    0.00    0.00    0.00    0.00  100.00
07:51:03 PM   12  100.00    0.00    0.00    0.00    0.00    0.00    0.00    0.00    0.00    0.00
07:51:03 PM   13  100.00    0.00    0.00    0.00    0.00    0.00    0.00    0.00    0.00    0.00
07:51:03 PM   14  100.00    0.00    0.00    0.00    0.00    0.00    0.00    0.00    0.00    0.00
07:51:03 PM   15  100.00    0.00    0.00    0.00    0.00    0.00    0.00    0.00    0.00    0.00
07:51:03 PM   16  100.00    0.00    0.00    0.00    0.00    0.00    0.00    0.00    0.00    0.00
07:51:03 PM   17  100.00    0.00    0.00    0.00    0.00    0.00    0.00    0.00    0.00    0.00
07:51:03 PM   18    0.00    0.00    0.00    0.00    0.00    0.00    0.00    0.00    0.00  100.00
07:51:03 PM   19    0.00    0.00    0.00    0.00    0.00    0.00    0.00    0.00    0.00  100.00
07:51:03 PM   20    0.00    0.00    0.00    0.00    0.00    0.00    0.00    0.00    0.00  100.00
07:51:03 PM   21    0.00    0.00    0.00    0.00    0.00    0.00    0.00    0.00    0.00  100.00
07:51:03 PM   22    0.00    0.00    0.00    0.00    0.00    0.00    0.00    0.00    0.00  100.00
07:51:03 PM   23    0.99    0.00    0.99    0.00    0.00    0.00    0.00    0.00    0.00   98.02

07:51:03 PM  CPU    %usr   %nice    %sys %iowait    %irq   %soft  %steal  %guest  %gnice   %idle
07:51:04 PM  all   50.06    0.00    0.04    0.08    0.00    0.00    0.00    0.00    0.00   49.81
07:51:04 PM    0  100.00    0.00    0.00    0.00    0.00    0.00    0.00    0.00    0.00    0.00
07:51:04 PM    1  100.00    0.00    0.00    0.00    0.00    0.00    0.00    0.00    0.00    0.00
07:51:04 PM    2  100.00    0.00    0.00    0.00    0.00    0.00    0.00    0.00    0.00    0.00
07:51:04 PM    3  100.00    0.00    0.00    0.00    0.00    0.00    0.00    0.00    0.00    0.00
07:51:04 PM    4  100.00    0.00    0.00    0.00    0.00    0.00    0.00    0.00    0.00    0.00
07:51:04 PM    5  100.00    0.00    0.00    0.00    0.00    0.00    0.00    0.00    0.00    0.00
07:51:04 PM    6    0.00    0.00    0.00    0.00    0.00    0.00    0.00    0.00    0.00  100.00
07:51:04 PM    7    0.00    0.00    0.99    0.99    0.00    0.00    0.00    0.00    0.00   98.02
07:51:04 PM    8    0.00    0.00    0.00    1.00    0.00    0.00    0.00    0.00    0.00   99.00
07:51:04 PM    9    0.00    0.00    0.00    0.00    0.00    0.00    0.00    0.00    0.00  100.00
07:51:04 PM   10    0.00    0.00    0.00    0.00    0.00    0.00    0.00    0.00    0.00  100.00
07:51:04 PM   11    0.00    0.00    0.00    0.00    0.00    0.00    0.00    0.00    0.00  100.00
07:51:04 PM   12  100.00    0.00    0.00    0.00    0.00    0.00    0.00    0.00    0.00    0.00
07:51:04 PM   13  100.00    0.00    0.00    0.00    0.00    0.00    0.00    0.00    0.00    0.00
07:51:04 PM   14  100.00    0.00    0.00    0.00    0.00    0.00    0.00    0.00    0.00    0.00
07:51:04 PM   15  100.00    0.00    0.00    0.00    0.00    0.00    0.00    0.00    0.00    0.00
07:51:04 PM   16  100.00    0.00    0.00    0.00    0.00    0.00    0.00    0.00    0.00    0.00
07:51:04 PM   17  100.00    0.00    0.00    0.00    0.00    0.00    0.00    0.00    0.00    0.00
07:51:04 PM   18    0.00    0.00    0.00    0.00    0.00    0.00    0.00    0.00    0.00  100.00
07:51:04 PM   19    0.00    0.00    0.00    0.00    0.00    0.00    0.00    0.00    0.00  100.00
07:51:04 PM   20    0.00    0.00    0.00    0.00    0.00    0.00    0.00    0.00    0.00  100.00
07:51:04 PM   21    0.00    0.00    0.00    0.00    0.00    0.00    0.00    0.00    0.00  100.00
07:51:04 PM   22    0.00    0.00    0.00    0.00    0.00    0.00    0.00    0.00    0.00  100.00
07:51:04 PM   23    0.00    0.00    1.01    0.00    0.00    0.00    0.00    0.00    0.00   98.99

07:51:04 PM  CPU    %usr   %nice    %sys %iowait    %irq   %soft  %steal  %guest  %gnice   %idle
07:51:05 PM  all   49.85    0.00    0.08    0.00    0.00    0.00    0.00    0.00    0.00   50.06
07:51:05 PM    0  100.00    0.00    0.00    0.00    0.00    0.00    0.00    0.00    0.00    0.00
07:51:05 PM    1  100.00    0.00    0.00    0.00    0.00    0.00    0.00    0.00    0.00    0.00
07:51:05 PM    2  100.00    0.00    0.00    0.00    0.00    0.00    0.00    0.00    0.00    0.00
07:51:05 PM    3  100.00    0.00    0.00    0.00    0.00    0.00    0.00    0.00    0.00    0.00
07:51:05 PM    4  100.00    0.00    0.00    0.00    0.00    0.00    0.00    0.00    0.00    0.00
07:51:05 PM    5  100.00    0.00    0.00    0.00    0.00    0.00    0.00    0.00    0.00    0.00
07:51:05 PM    6    0.00    0.00    0.00    0.00    0.00    0.00    0.00    0.00    0.00  100.00
07:51:05 PM    7    0.00    0.00    0.00    0.00    0.00    0.00    0.00    0.00    0.00  100.00
07:51:05 PM    8    1.00    0.00    0.00    0.00    0.00    0.00    0.00    0.00    0.00   99.00
07:51:05 PM    9    0.00    0.00    0.00    0.00    0.00    0.00    0.00    0.00    0.00  100.00
07:51:05 PM   10    0.00    0.00    0.00    0.00    0.00    0.00    0.00    0.00    0.00  100.00
07:51:05 PM   11    0.00    0.00    0.00    0.00    0.00    0.00    0.00    0.00    0.00  100.00
07:51:05 PM   12  100.00    0.00    0.00    0.00    0.00    0.00    0.00    0.00    0.00    0.00
07:51:05 PM   13  100.00    0.00    0.00    0.00    0.00    0.00    0.00    0.00    0.00    0.00
07:51:05 PM   14  100.00    0.00    0.00    0.00    0.00    0.00    0.00    0.00    0.00    0.00
07:51:05 PM   15  100.00    0.00    0.00    0.00    0.00    0.00    0.00    0.00    0.00    0.00
07:51:05 PM   16  100.00    0.00    0.00    0.00    0.00    0.00    0.00    0.00    0.00    0.00
07:51:05 PM   17   95.00    0.00    0.00    0.00    0.00    0.00    0.00    0.00    0.00    5.00
07:51:05 PM   18    0.00    0.00    0.00    0.00    0.00    0.00    0.00    0.00    0.00  100.00
07:51:05 PM   19    0.00    0.00    0.00    0.00    0.00    0.00    0.00    0.00    0.00  100.00
07:51:05 PM   20    0.00    0.00    0.00    0.00    0.00    0.00    0.00    0.00    0.00  100.00
07:51:05 PM   21    0.00    0.00    0.00    0.00    0.00    0.00    0.00    0.00    0.00  100.00
07:51:05 PM   22    0.00    0.00    0.00    0.00    0.00    0.00    0.00    0.00    0.00  100.00
07:51:05 PM   23    0.99    0.00    0.99    0.00    0.00    0.00    0.00    0.00    0.00   98.02

07:51:05 PM  CPU    %usr   %nice    %sys %iowait    %irq   %soft  %steal  %guest  %gnice   %idle
07:51:06 PM  all   10.18    0.00    0.08    0.29    0.00    0.00    0.00    0.00    0.00   89.44
07:51:06 PM    0   44.90    0.00    0.00    4.08    0.00    0.00    0.00    0.00    0.00   51.02
07:51:06 PM    1   40.00    0.00    0.00    0.00    0.00    0.00    0.00    0.00    0.00   60.00
07:51:06 PM    2   36.00    0.00    0.00    0.00    0.00    0.00    0.00    0.00    0.00   64.00
07:51:06 PM    3   30.69    0.00    0.00    0.00    0.00    0.00    0.00    0.00    0.00   69.31
07:51:06 PM    4   26.00    0.00    0.00    0.00    0.00    0.00    0.00    0.00    0.00   74.00
07:51:06 PM    5   22.00    0.00    0.00    0.00    0.00    0.00    0.00    0.00    0.00   78.00
07:51:06 PM    6    0.00    0.00    0.00    0.00    0.00    0.00    0.00    0.00    0.00  100.00
07:51:06 PM    7    0.00    0.00    0.00    1.01    0.00    0.00    0.00    0.00    0.00   98.99
07:51:06 PM    8    1.00    0.00    0.00    2.00    0.00    0.00    0.00    0.00    0.00   97.00
07:51:06 PM    9    0.00    0.00    0.00    0.00    0.00    0.00    0.00    0.00    0.00  100.00
07:51:06 PM   10    0.00    0.00    0.00    0.00    0.00    0.00    0.00    0.00    0.00  100.00
07:51:06 PM   11    0.00    0.00    0.00    0.00    0.00    0.00    0.00    0.00    0.00  100.00
07:51:06 PM   12   18.00    0.00    0.00    0.00    0.00    0.00    0.00    0.00    0.00   82.00
07:51:06 PM   13   13.00    0.00    0.00    0.00    0.00    0.00    0.00    0.00    0.00   87.00
07:51:06 PM   14    8.00    0.00    0.00    0.00    0.00    0.00    0.00    0.00    0.00   92.00
07:51:06 PM   15    4.04    0.00    0.00    0.00    0.00    0.00    0.00    0.00    0.00   95.96
07:51:06 PM   16    0.00    0.00    0.00    0.00    0.00    0.00    0.00    0.00    0.00  100.00
07:51:06 PM   17    0.00    0.00    0.00    0.00    0.00    0.00    0.00    0.00    0.00  100.00
07:51:06 PM   18    0.00    0.00    0.00    0.00    0.00    0.00    0.00    0.00    0.00  100.00
07:51:06 PM   19    0.00    0.00    0.99    0.00    0.00    0.00    0.00    0.00    0.00   99.01
07:51:06 PM   20    0.00    0.00    0.00    0.00    0.00    0.00    0.00    0.00    0.00  100.00
07:51:06 PM   21    0.00    0.00    0.00    0.00    0.00    0.00    0.00    0.00    0.00  100.00
07:51:06 PM   22    0.00    0.00    0.00    0.00    0.00    0.00    0.00    0.00    0.00  100.00
07:51:06 PM   23    0.00    0.00    1.01    0.00    0.00    0.00    0.00    0.00    0.00   98.99

07:51:06 PM  CPU    %usr   %nice    %sys %iowait    %irq   %soft  %steal  %guest  %gnice   %idle
07:51:07 PM  all    0.00    0.00    0.08    0.00    0.00    0.00    0.00    0.00    0.00   99.92
07:51:07 PM    0    0.00    0.00    0.00    0.00    0.00    0.00    0.00    0.00    0.00  100.00
07:51:07 PM    1    0.00    0.00    0.00    0.00    0.00    0.00    0.00    0.00    0.00  100.00
07:51:07 PM    2    0.00    0.00    0.00    0.00    0.00    0.00    0.00    0.00    0.00  100.00
07:51:07 PM    3    0.00    0.00    0.00    0.00    0.00    0.00    0.00    0.00    0.00  100.00
07:51:07 PM    4    0.00    0.00    0.00    0.00    0.00    0.00    0.00    0.00    0.00  100.00
07:51:07 PM    5    0.00    0.00    0.00    0.00    0.00    0.00    0.00    0.00    0.00  100.00
07:51:07 PM    6    0.00    0.00    0.00    0.00    0.00    0.00    0.00    0.00    0.00  100.00
07:51:07 PM    7    0.00    0.00    0.00    0.00    0.00    0.00    0.00    0.00    0.00  100.00
07:51:07 PM    8    0.00    0.00    0.00    0.00    0.00    0.00    0.00    0.00    0.00  100.00
07:51:07 PM    9    0.00    0.00    0.00    0.00    0.00    0.00    0.00    0.00    0.00  100.00
07:51:07 PM   10    0.00    0.00    0.99    0.00    0.00    0.00    0.00    0.00    0.00   99.01
07:51:07 PM   11    0.00    0.00    0.00    0.00    0.00    0.00    0.00    0.00    0.00  100.00
07:51:07 PM   12    0.00    0.00    0.00    0.00    0.00    0.00    0.00    0.00    0.00  100.00
07:51:07 PM   13    0.00    0.00    0.00    0.00    0.00    0.00    0.00    0.00    0.00  100.00
07:51:07 PM   14    0.00    0.00    0.00    0.00    0.00    0.00    0.00    0.00    0.00  100.00
07:51:07 PM   15    0.00    0.00    0.00    0.00    0.00    0.00    0.00    0.00    0.00  100.00
07:51:07 PM   16    0.00    0.00    0.00    0.00    0.00    0.00    0.00    0.00    0.00  100.00
07:51:07 PM   17    0.00    0.00    0.00    0.00    0.00    0.00    0.00    0.00    0.00  100.00
07:51:07 PM   18    0.00    0.00    0.00    0.00    0.00    0.00    0.00    0.00    0.00  100.00
07:51:07 PM   19    0.00    0.00    0.00    0.00    0.00    0.00    0.00    0.00    0.00  100.00
07:51:07 PM   20    0.00    0.00    0.00    0.00    0.00    0.00    0.00    0.00    0.00  100.00
07:51:07 PM   21    0.00    0.00    0.00    0.00    0.00    0.00    0.00    0.00    0.00  100.00
07:51:07 PM   22    0.00    0.00    0.00    0.00    0.00    0.00    0.00    0.00    0.00  100.00
07:51:07 PM   23    0.00    0.00    1.00    0.00    0.00    0.00    0.00    0.00    0.00   99.00

07:51:07 PM  CPU    %usr   %nice    %sys %iowait    %irq   %soft  %steal  %guest  %gnice   %idle
07:51:08 PM  all    0.04    0.00    0.08    0.33    0.00    0.00    0.00    0.00    0.00   99.54
07:51:08 PM    0    0.00    0.00    0.00    4.00    0.00    0.00    0.00    0.00    0.00   96.00
07:51:08 PM    1    0.00    0.00    0.00    0.00    0.00    0.00    0.00    0.00    0.00  100.00
07:51:08 PM    2    0.00    0.00    0.00    0.00    0.00    0.00    0.00    0.00    0.00  100.00
07:51:08 PM    3    0.00    0.00    0.00    0.00    0.00    0.00    0.00    0.00    0.00  100.00
07:51:08 PM    4    0.00    0.00    0.00    0.00    0.00    0.00    0.00    0.00    0.00  100.00
07:51:08 PM    5    0.00    0.00    0.00    0.00    0.00    0.00    0.00    0.00    0.00  100.00
07:51:08 PM    6    0.00    0.00    0.00    0.00    0.00    0.00    0.00    0.00    0.00  100.00
07:51:08 PM    7    0.00    0.00    0.00    1.98    0.00    0.00    0.00    0.00    0.00   98.02
07:51:08 PM    8    0.00    0.00    0.00    1.02    0.00    0.00    0.00    0.00    0.00   98.98
07:51:08 PM    9    0.00    0.00    0.00    0.00    0.00    0.00    0.00    0.00    0.00  100.00
07:51:08 PM   10    0.00    0.00    1.00    0.00    0.00    0.00    0.00    0.00    0.00   99.00
07:51:08 PM   11    0.00    0.00    0.00    0.00    0.00    0.00    0.00    0.00    0.00  100.00
07:51:08 PM   12    0.00    0.00    0.00    0.00    0.00    0.00    0.00    0.00    0.00  100.00
07:51:08 PM   13    0.00    0.00    0.00    0.00    0.00    0.00    0.00    0.00    0.00  100.00
07:51:08 PM   14    0.00    0.00    0.00    0.00    0.00    0.00    0.00    0.00    0.00  100.00
07:51:08 PM   15    0.00    0.00    0.00    0.00    0.00    0.00    0.00    0.00    0.00  100.00
07:51:08 PM   16    0.00    0.00    0.00    0.00    0.00    0.00    0.00    0.00    0.00  100.00
07:51:08 PM   17    0.00    0.00    0.00    0.00    0.00    0.00    0.00    0.00    0.00  100.00
07:51:08 PM   18    0.00    0.00    0.00    0.00    0.00    0.00    0.00    0.00    0.00  100.00
07:51:08 PM   19    0.00    0.00    0.00    0.00    0.00    0.00    0.00    0.00    0.00  100.00
07:51:08 PM   20    0.00    0.00    0.00    0.00    0.00    0.00    0.00    0.00    0.00  100.00
07:51:08 PM   21    0.00    0.00    0.00    0.00    0.00    0.00    0.00    0.00    0.00  100.00
07:51:08 PM   22    0.00    0.00    0.00    0.00    0.00    0.00    0.00    0.00    0.00  100.00
07:51:08 PM   23    1.00    0.00    1.00    0.00    0.00    0.00    0.00    0.00    0.00   98.00

07:51:08 PM  CPU    %usr   %nice    %sys %iowait    %irq   %soft  %steal  %guest  %gnice   %idle
07:51:09 PM  all    0.04    0.00    0.08    0.00    0.00    0.00    0.00    0.00    0.00   99.88
07:51:09 PM    0    0.00    0.00    0.00    0.00    0.00    0.00    0.00    0.00    0.00  100.00
07:51:09 PM    1    0.00    0.00    0.00    0.00    0.00    0.00    0.00    0.00    0.00  100.00
07:51:09 PM    2    0.00    0.00    0.00    0.00    0.00    0.00    0.00    0.00    0.00  100.00
07:51:09 PM    3    0.00    0.00    0.00    0.00    0.00    0.00    0.00    0.00    0.00  100.00
07:51:09 PM    4    0.00    0.00    0.00    0.00    0.00    0.00    0.00    0.00    0.00  100.00
07:51:09 PM    5    0.00    0.00    0.00    0.00    0.00    0.00    0.00    0.00    0.00  100.00
07:51:09 PM    6    0.00    0.00    0.00    0.00    0.00    0.00    0.00    0.00    0.00  100.00
07:51:09 PM    7    0.00    0.00    0.00    0.00    0.00    0.00    0.00    0.00    0.00  100.00
07:51:09 PM    8    1.00    0.00    0.00    0.00    0.00    0.00    0.00    0.00    0.00   99.00
07:51:09 PM    9    0.00    0.00    0.00    0.00    0.00    0.00    0.00    0.00    0.00  100.00
07:51:09 PM   10    0.00    0.00    0.00    0.00    0.00    0.00    0.00    0.00    0.00  100.00
07:51:09 PM   11    0.00    0.00    0.00    0.00    0.00    0.00    0.00    0.00    0.00  100.00
07:51:09 PM   12    0.00    0.00    0.00    0.00    0.00    0.00    0.00    0.00    0.00  100.00
07:51:09 PM   13    0.00    0.00    0.00    0.00    0.00    0.00    0.00    0.00    0.00  100.00
07:51:09 PM   14    0.00    0.00    0.00    0.00    0.00    0.00    0.00    0.00    0.00  100.00
07:51:09 PM   15    0.00    0.00    0.00    0.00    0.00    0.00    0.00    0.00    0.00  100.00
07:51:09 PM   16    0.00    0.00    0.00    0.00    0.00    0.00    0.00    0.00    0.00  100.00
07:51:09 PM   17    0.00    0.00    0.00    0.00    0.00    0.00    0.00    0.00    0.00  100.00
07:51:09 PM   18    0.00    0.00    0.00    0.00    0.00    0.00    0.00    0.00    0.00  100.00
07:51:09 PM   19    0.00    0.00    0.00    0.00    0.00    0.00    0.00    0.00    0.00  100.00
07:51:09 PM   20    0.00    0.00    0.00    0.00    0.00    0.00    0.00    0.00    0.00  100.00
07:51:09 PM   21    0.00    0.00    0.00    0.00    0.00    0.00    0.00    0.00    0.00  100.00
07:51:09 PM   22    0.00    0.00    0.00    0.00    0.00    0.00    0.00    0.00    0.00  100.00
07:51:09 PM   23    0.00    0.00    1.00    0.00    0.00    0.00    0.00    0.00    0.00   99.00
