Linux 4.13.16-041316-generic (pl1) 	12/14/2017 	_x86_64_	(24 CPU)

03:36:12 PM  CPU    %usr   %nice    %sys %iowait    %irq   %soft  %steal  %guest  %gnice   %idle
03:36:13 PM  all    0.04    0.00    0.13    0.13    0.00    0.00    0.00    0.00    0.00   99.71
03:36:13 PM    0    0.00    0.00    0.00    2.00    0.00    0.00    0.00    0.00    0.00   98.00
03:36:13 PM    1    0.00    0.00    0.00    0.00    0.00    0.00    0.00    0.00    0.00  100.00
03:36:13 PM    2    0.00    0.00    0.00    0.00    0.00    0.00    0.00    0.00    0.00  100.00
03:36:13 PM    3    0.00    0.00    0.00    0.00    0.00    0.00    0.00    0.00    0.00  100.00
03:36:13 PM    4    0.00    0.00    0.00    0.00    0.00    0.00    0.00    0.00    0.00  100.00
03:36:13 PM    5    0.00    0.00    0.00    0.00    0.00    0.00    0.00    0.00    0.00  100.00
03:36:13 PM    6    0.00    0.00    0.00    1.00    0.00    0.00    0.00    0.00    0.00   99.00
03:36:13 PM    7    0.00    0.00    2.00    0.00    0.00    0.00    0.00    0.00    0.00   98.00
03:36:13 PM    8    0.00    0.00    0.00    0.00    0.00    0.00    0.00    0.00    0.00  100.00
03:36:13 PM    9    0.00    0.00    0.00    0.00    0.00    0.00    0.00    0.00    0.00  100.00
03:36:13 PM   10    0.00    0.00    0.00    0.00    0.00    0.00    0.00    0.00    0.00  100.00
03:36:13 PM   11    0.00    0.00    0.00    0.00    0.00    0.00    0.00    0.00    0.00  100.00
03:36:13 PM   12    0.00    0.00    0.00    0.00    0.00    0.00    0.00    0.00    0.00  100.00
03:36:13 PM   13    0.00    0.00    0.00    0.00    0.00    0.00    0.00    0.00    0.00  100.00
03:36:13 PM   14    0.00    0.00    0.00    0.00    0.00    0.00    0.00    0.00    0.00  100.00
03:36:13 PM   15    0.00    0.00    0.00    0.00    0.00    0.00    0.00    0.00    0.00  100.00
03:36:13 PM   16    0.00    0.00    0.00    0.00    0.00    0.00    0.00    0.00    0.00  100.00
03:36:13 PM   17    0.00    0.00    0.00    0.00    0.00    0.00    0.00    0.00    0.00  100.00
03:36:13 PM   18    0.00    0.00    0.00    0.00    0.00    1.00    0.00    0.00    0.00   99.00
03:36:13 PM   19    0.99    0.00    0.00    0.00    0.00    0.00    0.00    0.00    0.00   99.01
03:36:13 PM   20    0.00    0.00    0.00    0.00    0.00    0.00    0.00    0.00    0.00  100.00
03:36:13 PM   21    0.00    0.00    0.00    0.00    0.00    0.00    0.00    0.00    0.00  100.00
03:36:13 PM   22    0.00    0.00    0.00    0.00    0.00    0.00    0.00    0.00    0.00  100.00
03:36:13 PM   23    0.00    0.00    0.00    0.00    0.00    0.00    0.00    0.00    0.00  100.00

03:36:13 PM  CPU    %usr   %nice    %sys %iowait    %irq   %soft  %steal  %guest  %gnice   %idle
03:36:14 PM  all    0.13    0.00    0.08    0.67    0.00    0.00    0.00    0.00    0.00   99.12
03:36:14 PM    0    0.00    0.00    0.00    4.00    0.00    0.00    0.00    0.00    0.00   96.00
03:36:14 PM    1    0.00    0.00    0.00    0.00    0.00    0.00    0.00    0.00    0.00  100.00
03:36:14 PM    2    0.00    0.00    0.00    0.00    0.00    0.00    0.00    0.00    0.00  100.00
03:36:14 PM    3    0.00    0.00    0.00    0.00    0.00    0.00    0.00    0.00    0.00  100.00
03:36:14 PM    4    0.00    0.00    0.00    0.00    0.00    0.00    0.00    0.00    0.00  100.00
03:36:14 PM    5    0.00    0.00    0.00    0.00    0.00    0.00    0.00    0.00    0.00  100.00
03:36:14 PM    6    0.00    0.00    0.99    4.95    0.00    0.00    0.00    0.00    0.00   94.06
03:36:14 PM    7    1.00    0.00    1.00    0.00    0.00    0.00    0.00    0.00    0.00   98.00
03:36:14 PM    8    0.00    0.00    0.99    0.00    0.00    0.00    0.00    0.00    0.00   99.01
03:36:14 PM    9    0.00    0.00    0.00    1.98    0.00    0.00    0.00    0.00    0.00   98.02
03:36:14 PM   10    0.00    0.00    0.00    6.00    0.00    0.00    0.00    0.00    0.00   94.00
03:36:14 PM   11    0.00    0.00    0.00    0.00    0.00    0.00    0.00    0.00    0.00  100.00
03:36:14 PM   12    0.00    0.00    0.00    0.00    0.00    0.00    0.00    0.00    0.00  100.00
03:36:14 PM   13    0.00    0.00    0.00    0.00    0.00    0.00    0.00    0.00    0.00  100.00
03:36:14 PM   14    0.00    0.00    0.00    0.00    0.00    0.00    0.00    0.00    0.00  100.00
03:36:14 PM   15    0.00    0.00    0.00    0.00    0.00    0.00    0.00    0.00    0.00  100.00
03:36:14 PM   16    0.00    0.00    0.00    0.00    0.00    0.00    0.00    0.00    0.00  100.00
03:36:14 PM   17    0.00    0.00    0.00    0.00    0.00    0.00    0.00    0.00    0.00  100.00
03:36:14 PM   18    1.00    0.00    0.00    0.00    0.00    0.00    0.00    0.00    0.00   99.00
03:36:14 PM   19    0.00    0.00    0.00    0.00    0.00    0.00    0.00    0.00    0.00  100.00
03:36:14 PM   20    0.00    0.00    0.00    0.00    0.00    0.00    0.00    0.00    0.00  100.00
03:36:14 PM   21    1.00    0.00    0.00    0.00    0.00    0.00    0.00    0.00    0.00   99.00
03:36:14 PM   22    0.00    0.00    0.00    0.00    0.00    0.00    0.00    0.00    0.00  100.00
03:36:14 PM   23    0.00    0.00    0.00    0.00    0.00    0.00    0.00    0.00    0.00  100.00

03:36:14 PM  CPU    %usr   %nice    %sys %iowait    %irq   %soft  %steal  %guest  %gnice   %idle
03:36:15 PM  all    2.07    0.00    1.40    0.25    0.00    0.00    0.00    0.00    0.00   96.28
03:36:15 PM    0   10.89    0.00   25.74    1.98    0.00    0.00    0.00    0.00    0.00   61.39
03:36:15 PM    1    1.96    0.00    0.00    0.00    0.00    0.00    0.00    0.00    0.00   98.04
03:36:15 PM    2    1.94    0.00    0.97    0.00    0.00    0.00    0.00    0.00    0.00   97.09
03:36:15 PM    3    1.96    0.00    0.00    0.00    0.00    0.00    0.00    0.00    0.00   98.04
03:36:15 PM    4    1.96    0.00    0.00    0.00    0.00    0.00    0.00    0.00    0.00   98.04
03:36:15 PM    5    1.98    0.00    0.00    0.00    0.00    0.00    0.00    0.00    0.00   98.02
03:36:15 PM    6    2.97    0.00    0.00    3.96    0.00    0.00    0.00    0.00    0.00   93.07
03:36:15 PM    7    2.97    0.00    0.99    0.00    0.00    0.00    0.00    0.00    0.00   96.04
03:36:15 PM    8    1.00    0.00    1.00    0.00    0.00    0.00    0.00    0.00    0.00   98.00
03:36:15 PM    9    1.96    0.00    0.98    0.00    0.00    0.00    0.00    0.00    0.00   97.06
03:36:15 PM   10    1.00    0.00    0.00    0.00    0.00    0.00    0.00    0.00    0.00   99.00
03:36:15 PM   11    1.01    0.00    0.00    0.00    0.00    0.00    0.00    0.00    0.00   98.99
03:36:15 PM   12    1.00    0.00    0.00    0.00    0.00    0.00    0.00    0.00    0.00   99.00
03:36:15 PM   13    1.00    0.00    0.00    0.00    0.00    0.00    0.00    0.00    0.00   99.00
03:36:15 PM   14    1.98    0.00    0.00    0.00    0.00    0.00    0.00    0.00    0.00   98.02
03:36:15 PM   15    1.98    0.00    0.00    0.00    0.00    0.00    0.00    0.00    0.00   98.02
03:36:15 PM   16    1.96    0.00    0.00    0.00    0.00    0.00    0.00    0.00    0.00   98.04
03:36:15 PM   17    1.00    0.00    0.00    0.00    0.00    0.00    0.00    0.00    0.00   99.00
03:36:15 PM   18    1.98    0.00    0.00    0.00    0.00    0.00    0.00    0.00    0.00   98.02
03:36:15 PM   19    1.00    0.00    0.00    0.00    0.00    0.00    0.00    0.00    0.00   99.00
03:36:15 PM   20    1.00    0.00    0.00    0.00    0.00    0.00    0.00    0.00    0.00   99.00
03:36:15 PM   21    2.94    0.00    0.98    0.00    0.00    0.00    0.00    0.00    0.00   96.08
03:36:15 PM   22    1.98    0.00    1.98    0.00    0.00    0.00    0.00    0.00    0.00   96.04
03:36:15 PM   23    1.01    0.00    1.01    0.00    0.00    0.00    0.00    0.00    0.00   97.98

03:36:15 PM  CPU    %usr   %nice    %sys %iowait    %irq   %soft  %steal  %guest  %gnice   %idle
03:36:16 PM  all    4.19    0.00    9.67    0.17    0.00    0.00    0.00    0.00    0.00   85.96
03:36:16 PM    0    6.32    0.00   14.74    2.11    0.00    0.00    0.00    0.00    0.00   76.84
03:36:16 PM    1   15.56    0.00   40.00    0.00    0.00    0.00    0.00    0.00    0.00   44.44
03:36:16 PM    2   23.08    0.00   39.56    0.00    0.00    0.00    0.00    0.00    0.00   37.36
03:36:16 PM    3   16.85    0.00   40.45    0.00    0.00    0.00    0.00    0.00    0.00   42.70
03:36:16 PM    4   13.64    0.00   44.32    0.00    0.00    0.00    0.00    0.00    0.00   42.05
03:36:16 PM    5   13.19    0.00   43.96    0.00    0.00    0.00    0.00    0.00    0.00   42.86
03:36:16 PM    6    0.00    0.00    0.00    0.00    0.00    0.00    0.00    0.00    0.00  100.00
03:36:16 PM    7    0.00    0.00    1.01    0.00    0.00    0.00    0.00    0.00    0.00   98.99
03:36:16 PM    8    0.00    0.00    0.00    0.00    0.00    0.00    0.00    0.00    0.00  100.00
03:36:16 PM    9    1.00    0.00    0.00    1.00    0.00    0.00    0.00    0.00    0.00   98.00
03:36:16 PM   10    0.00    0.00    0.00    0.00    0.00    0.00    0.00    0.00    0.00  100.00
03:36:16 PM   11    0.00    0.00    0.00    0.00    0.00    0.00    0.00    0.00    0.00  100.00
03:36:16 PM   12   13.40    0.00   22.68    0.00    0.00    0.00    0.00    0.00    0.00   63.92
03:36:16 PM   13    1.00    0.00    0.00    0.00    0.00    0.00    0.00    0.00    0.00   99.00
03:36:16 PM   14    0.00    0.00    0.00    0.00    0.00    0.00    0.00    0.00    0.00  100.00
03:36:16 PM   15    1.00    0.00    0.00    0.00    0.00    0.00    0.00    0.00    0.00   99.00
03:36:16 PM   16    0.00    0.00    0.00    0.00    0.00    0.00    0.00    0.00    0.00  100.00
03:36:16 PM   17    1.00    0.00    0.00    0.00    0.00    0.00    0.00    0.00    0.00   99.00
03:36:16 PM   18    0.00    0.00    0.00    0.00    0.00    0.00    0.00    0.00    0.00  100.00
03:36:16 PM   19    0.00    0.00    0.00    0.00    0.00    0.00    0.00    0.00    0.00  100.00
03:36:16 PM   20    0.00    0.00    0.00    0.00    0.00    0.00    0.00    0.00    0.00  100.00
03:36:16 PM   21    0.00    0.00    0.00    0.00    0.00    0.00    0.00    0.00    0.00  100.00
03:36:16 PM   22    0.00    0.00    0.00    0.00    0.00    0.00    0.00    0.00    0.00  100.00
03:36:16 PM   23    0.00    0.00    0.00    0.00    0.00    0.00    0.00    0.00    0.00  100.00

03:36:16 PM  CPU    %usr   %nice    %sys %iowait    %irq   %soft  %steal  %guest  %gnice   %idle
03:36:17 PM  all    4.26    0.00   14.25    0.04    0.00    0.00    0.00    0.00    0.00   81.44
03:36:17 PM    0    3.00    0.00   16.00    1.00    0.00    0.00    0.00    0.00    0.00   80.00
03:36:17 PM    1   17.24    0.00   62.07    0.00    0.00    0.00    0.00    0.00    0.00   20.69
03:36:17 PM    2   16.85    0.00   65.17    0.00    0.00    0.00    0.00    0.00    0.00   17.98
03:36:17 PM    3   20.69    0.00   62.07    0.00    0.00    0.00    0.00    0.00    0.00   17.24
03:36:17 PM    4   16.09    0.00   67.82    0.00    0.00    0.00    0.00    0.00    0.00   16.09
03:36:17 PM    5   18.60    0.00   48.84    0.00    0.00    0.00    0.00    0.00    0.00   32.56
03:36:17 PM    6    0.00    0.00    0.00    1.00    0.00    0.00    0.00    0.00    0.00   99.00
03:36:17 PM    7    0.99    0.00    1.98    0.00    0.00    0.00    0.00    0.00    0.00   97.03
03:36:17 PM    8    0.00    0.00    0.00    0.00    0.00    0.00    0.00    0.00    0.00  100.00
03:36:17 PM    9    0.00    0.00    0.00    0.00    0.00    0.00    0.00    0.00    0.00  100.00
03:36:17 PM   10    0.00    0.00    0.00    0.00    0.00    0.00    0.00    0.00    0.00  100.00
03:36:17 PM   11    0.00    0.00    0.00    0.00    0.00    0.00    0.00    0.00    0.00  100.00
03:36:17 PM   12   16.09    0.00   55.17    0.00    0.00    0.00    0.00    0.00    0.00   28.74
03:36:17 PM   13    0.00    0.00    0.00    0.00    0.00    0.00    0.00    0.00    0.00  100.00
03:36:17 PM   14    0.00    0.00    0.00    0.00    0.00    0.00    0.00    0.00    0.00  100.00
03:36:17 PM   15    0.00    0.00    0.00    0.00    0.00    0.00    0.00    0.00    0.00  100.00
03:36:17 PM   16    0.00    0.00    0.00    0.00    0.00    0.00    0.00    0.00    0.00  100.00
03:36:17 PM   17    0.00    0.00    0.00    0.00    0.00    0.00    0.00    0.00    0.00  100.00
03:36:17 PM   18    0.00    0.00    0.00    0.00    0.00    0.00    0.00    0.00    0.00  100.00
03:36:17 PM   19    0.00    0.00    0.00    0.00    0.00    0.00    0.00    0.00    0.00  100.00
03:36:17 PM   20    0.00    0.00    0.00    0.00    0.00    0.00    0.00    0.00    0.00  100.00
03:36:17 PM   21    0.98    0.00    0.98    0.00    0.00    0.00    0.00    0.00    0.00   98.04
03:36:17 PM   22    0.00    0.00    0.00    0.00    0.00    0.00    0.00    0.00    0.00  100.00
03:36:17 PM   23    0.00    0.00    0.00    0.00    0.00    0.00    0.00    0.00    0.00  100.00

03:36:17 PM  CPU    %usr   %nice    %sys %iowait    %irq   %soft  %steal  %guest  %gnice   %idle
03:36:18 PM  all    5.27    0.00   14.48    0.04    0.00    0.00    0.00    0.00    0.00   80.21
03:36:18 PM    0   22.92    0.00   64.58    0.00    0.00    0.00    0.00    0.00    0.00   12.50
03:36:18 PM    1   20.93    0.00   62.79    0.00    0.00    0.00    0.00    0.00    0.00   16.28
03:36:18 PM    2   26.51    0.00   60.24    0.00    0.00    0.00    0.00    0.00    0.00   13.25
03:36:18 PM    3   20.93    0.00   65.12    0.00    0.00    0.00    0.00    0.00    0.00   13.95
03:36:18 PM    4    2.04    0.00    4.08    0.00    0.00    0.00    0.00    0.00    0.00   93.88
03:36:18 PM    5   22.83    0.00   53.26    0.00    0.00    0.00    0.00    0.00    0.00   23.91
03:36:18 PM    6    0.00    0.00    0.00    0.00    0.00    0.00    0.00    0.00    0.00  100.00
03:36:18 PM    7    2.00    0.00    0.00    0.00    0.00    0.00    0.00    0.00    0.00   98.00
03:36:18 PM    8    0.00    0.00    0.00    0.00    0.00    0.00    0.00    0.00    0.00  100.00
03:36:18 PM    9    0.00    0.00    0.00    1.01    0.00    0.00    0.00    0.00    0.00   98.99
03:36:18 PM   10    0.00    0.00    0.00    0.00    0.00    0.00    0.00    0.00    0.00  100.00
03:36:18 PM   11    0.00    0.00    0.00    0.00    0.00    0.00    0.00    0.00    0.00  100.00
03:36:18 PM   12   21.05    0.00   65.26    0.00    0.00    0.00    0.00    0.00    0.00   13.68
03:36:18 PM   13    0.00    0.00    0.00    0.00    0.00    0.00    0.00    0.00    0.00  100.00
03:36:18 PM   14    0.00    0.00    0.00    0.00    0.00    0.00    0.00    0.00    0.00  100.00
03:36:18 PM   15    0.00    0.00    0.00    0.00    0.00    0.00    0.00    0.00    0.00  100.00
03:36:18 PM   16    0.00    0.00    0.00    0.00    0.00    0.00    0.00    0.00    0.00  100.00
03:36:18 PM   17    0.00    0.00    0.00    0.00    0.00    0.00    0.00    0.00    0.00  100.00
03:36:18 PM   18    0.00    0.00    0.00    0.00    0.00    0.00    0.00    0.00    0.00  100.00
03:36:18 PM   19    0.00    0.00    0.00    0.00    0.00    0.00    0.00    0.00    0.00  100.00
03:36:18 PM   20    0.00    0.00    0.00    0.00    0.00    0.00    0.00    0.00    0.00  100.00
03:36:18 PM   21    0.00    0.00    0.00    0.00    0.00    0.00    0.00    0.00    0.00  100.00
03:36:18 PM   22    0.00    0.00    0.00    0.00    0.00    0.00    0.00    0.00    0.00  100.00
03:36:18 PM   23    0.00    0.00    0.00    0.00    0.00    0.00    0.00    0.00    0.00  100.00

03:36:18 PM  CPU    %usr   %nice    %sys %iowait    %irq   %soft  %steal  %guest  %gnice   %idle
03:36:19 PM  all    5.16    0.00   15.13    0.09    0.00    0.00    0.00    0.00    0.00   79.62
03:36:19 PM    0   23.16    0.00   63.16    0.00    0.00    0.00    0.00    0.00    0.00   13.68
03:36:19 PM    1   19.10    0.00   64.04    0.00    0.00    0.00    0.00    0.00    0.00   16.85
03:36:19 PM    2   21.35    0.00   61.80    0.00    0.00    0.00    0.00    0.00    0.00   16.85
03:36:19 PM    3   22.22    0.00   64.44    0.00    0.00    0.00    0.00    0.00    0.00   13.33
03:36:19 PM    4    0.00    0.00    2.00    0.00    0.00    0.00    0.00    0.00    0.00   98.00
03:36:19 PM    5   19.78    0.00   59.34    0.00    0.00    0.00    0.00    0.00    0.00   20.88
03:36:19 PM    6    1.01    0.00    0.00    0.00    0.00    0.00    0.00    0.00    0.00   98.99
03:36:19 PM    7    0.00    0.00    1.98    1.98    0.00    0.00    0.00    0.00    0.00   96.04
03:36:19 PM    8    0.00    0.00    0.00    0.00    0.00    0.00    0.00    0.00    0.00  100.00
03:36:19 PM    9    0.98    0.00    0.98    0.00    0.00    0.00    0.00    0.00    0.00   98.04
03:36:19 PM   10    0.00    0.00    0.00    0.00    0.00    0.00    0.00    0.00    0.00  100.00
03:36:19 PM   11    0.00    0.00    0.00    0.00    0.00    0.00    0.00    0.00    0.00  100.00
03:36:19 PM   12   21.98    0.00   72.53    0.00    0.00    0.00    0.00    0.00    0.00    5.49
03:36:19 PM   13    0.00    0.00    0.00    0.00    0.00    0.00    0.00    0.00    0.00  100.00
03:36:19 PM   14    0.00    0.00    0.00    0.00    0.00    0.00    0.00    0.00    0.00  100.00
03:36:19 PM   15    0.00    0.00    0.00    0.00    0.00    0.00    0.00    0.00    0.00  100.00
03:36:19 PM   16    0.00    0.00    0.00    0.00    0.00    0.00    0.00    0.00    0.00  100.00
03:36:19 PM   17    0.00    0.00    0.00    0.00    0.00    0.00    0.00    0.00    0.00  100.00
03:36:19 PM   18    0.00    0.00    0.00    0.00    0.00    0.00    0.00    0.00    0.00  100.00
03:36:19 PM   19    0.00    0.00    0.00    0.00    0.00    0.00    0.00    0.00    0.00  100.00
03:36:19 PM   20    1.00    0.00    0.00    0.00    0.00    0.00    0.00    0.00    0.00   99.00
03:36:19 PM   21    0.00    0.00    0.00    0.00    0.00    0.00    0.00    0.00    0.00  100.00
03:36:19 PM   22    0.99    0.00    0.00    0.00    0.00    0.00    0.00    0.00    0.00   99.01
03:36:19 PM   23    0.00    0.00    0.00    0.00    0.00    0.00    0.00    0.00    0.00  100.00

03:36:19 PM  CPU    %usr   %nice    %sys %iowait    %irq   %soft  %steal  %guest  %gnice   %idle
03:36:20 PM  all    5.47    0.00   14.37    0.13    0.00    0.00    0.00    0.00    0.00   80.03
03:36:20 PM    0   25.27    0.00   61.54    0.00    0.00    0.00    0.00    0.00    0.00   13.19
03:36:20 PM    1   23.08    0.00   59.34    0.00    0.00    0.00    0.00    0.00    0.00   17.58
03:36:20 PM    2   20.43    0.00   65.59    0.00    0.00    0.00    0.00    0.00    0.00   13.98
03:36:20 PM    3   23.60    0.00   64.04    0.00    0.00    0.00    0.00    0.00    0.00   12.36
03:36:20 PM    4    0.00    0.00    3.96    0.00    0.00    0.00    0.00    0.00    0.00   96.04
03:36:20 PM    5   25.93    0.00   48.15    0.00    0.00    0.00    0.00    0.00    0.00   25.93
03:36:20 PM    6    0.00    0.00    0.00    1.02    0.00    0.00    0.00    0.00    0.00   98.98
03:36:20 PM    7    1.01    0.00    0.00    0.00    0.00    0.00    0.00    0.00    0.00   98.99
03:36:20 PM    8    0.00    0.00    0.00    0.00    0.00    0.00    0.00    0.00    0.00  100.00
03:36:20 PM    9    0.00    0.00    0.00    1.01    0.00    0.00    0.00    0.00    0.00   98.99
03:36:20 PM   10    0.00    0.00    0.00    0.00    0.00    0.00    0.00    0.00    0.00  100.00
03:36:20 PM   11    0.00    0.00    0.00    0.00    0.00    0.00    0.00    0.00    0.00  100.00
03:36:20 PM   12   25.00    0.00   68.48    0.00    0.00    0.00    0.00    0.00    0.00    6.52
03:36:20 PM   13    0.00    0.00    0.00    0.00    0.00    0.00    0.00    0.00    0.00  100.00
03:36:20 PM   14    0.00    0.00    0.00    0.00    0.00    0.00    0.00    0.00    0.00  100.00
03:36:20 PM   15    0.00    0.00    0.00    0.00    0.00    0.00    0.00    0.00    0.00  100.00
03:36:20 PM   16    0.00    0.00    0.00    0.00    0.00    0.00    0.00    0.00    0.00  100.00
03:36:20 PM   17    0.00    0.00    0.00    0.00    0.00    0.00    0.00    0.00    0.00  100.00
03:36:20 PM   18    0.00    0.00    0.99    0.00    0.00    0.00    0.00    0.00    0.00   99.01
03:36:20 PM   19    0.00    0.00    0.00    0.00    0.00    0.00    0.00    0.00    0.00  100.00
03:36:20 PM   20    0.00    0.00    0.00    0.00    0.00    0.00    0.00    0.00    0.00  100.00
03:36:20 PM   21    0.00    0.00    0.99    0.00    0.00    0.00    0.00    0.00    0.00   99.01
03:36:20 PM   22    0.00    0.00    0.00    0.00    0.00    0.00    0.00    0.00    0.00  100.00
03:36:20 PM   23    0.00    0.00    0.00    0.00    0.00    0.00    0.00    0.00    0.00  100.00

03:36:20 PM  CPU    %usr   %nice    %sys %iowait    %irq   %soft  %steal  %guest  %gnice   %idle
03:36:21 PM  all    0.88    0.00    2.39    0.13    0.00    0.00    0.00    0.00    0.00   96.61
03:36:21 PM    0    4.00    0.00   10.00    2.00    0.00    0.00    0.00    0.00    0.00   84.00
03:36:21 PM    1    2.06    0.00    8.25    0.00    0.00    0.00    0.00    0.00    0.00   89.69
03:36:21 PM    2    2.04    0.00   10.20    0.00    0.00    0.00    0.00    0.00    0.00   87.76
03:36:21 PM    3    3.09    0.00    8.25    0.00    0.00    0.00    0.00    0.00    0.00   88.66
03:36:21 PM    4    0.00    0.00    2.02    0.00    0.00    0.00    0.00    0.00    0.00   97.98
03:36:21 PM    5    4.08    0.00    6.12    0.00    0.00    0.00    0.00    0.00    0.00   89.80
03:36:21 PM    6    0.00    0.00    0.00    0.00    0.00    0.00    0.00    0.00    0.00  100.00
03:36:21 PM    7    1.00    0.00    1.00    1.00    0.00    0.00    0.00    0.00    0.00   97.00
03:36:21 PM    8    0.00    0.00    0.00    0.00    0.00    0.00    0.00    0.00    0.00  100.00
03:36:21 PM    9    1.00    0.00    0.00    0.00    0.00    0.00    0.00    0.00    0.00   99.00
03:36:21 PM   10    0.00    0.00    0.00    0.00    0.00    0.00    0.00    0.00    0.00  100.00
03:36:21 PM   11    0.00    0.00    0.00    0.00    0.00    0.00    0.00    0.00    0.00  100.00
03:36:21 PM   12    4.00    0.00   11.00    0.00    0.00    0.00    0.00    0.00    0.00   85.00
03:36:21 PM   13    0.00    0.00    0.00    0.00    0.00    0.00    0.00    0.00    0.00  100.00
03:36:21 PM   14    0.00    0.00    0.00    0.00    0.00    0.00    0.00    0.00    0.00  100.00
03:36:21 PM   15    0.00    0.00    0.00    0.00    0.00    0.00    0.00    0.00    0.00  100.00
03:36:21 PM   16    0.00    0.00    0.00    0.00    0.00    0.00    0.00    0.00    0.00  100.00
03:36:21 PM   17    0.00    0.00    0.00    0.00    0.00    0.00    0.00    0.00    0.00  100.00
03:36:21 PM   18    0.00    0.00    0.00    0.00    0.00    0.00    0.00    0.00    0.00  100.00
03:36:21 PM   19    0.00    0.00    0.00    0.00    0.00    0.00    0.00    0.00    0.00  100.00
03:36:21 PM   20    0.00    0.00    0.00    0.00    0.00    0.00    0.00    0.00    0.00  100.00
03:36:21 PM   21    0.00    0.00    1.00    0.00    0.00    0.00    0.00    0.00    0.00   99.00
03:36:21 PM   22    0.00    0.00    0.00    0.00    0.00    0.00    0.00    0.00    0.00  100.00
03:36:21 PM   23    0.00    0.00    0.00    0.00    0.00    0.00    0.00    0.00    0.00  100.00

03:36:21 PM  CPU    %usr   %nice    %sys %iowait    %irq   %soft  %steal  %guest  %gnice   %idle
03:36:22 PM  all    0.08    0.00    0.08    0.17    0.00    0.00    0.00    0.00    0.00   99.67
03:36:22 PM    0    0.00    0.00    0.00    3.00    0.00    0.00    0.00    0.00    0.00   97.00
03:36:22 PM    1    0.00    0.00    0.00    0.00    0.00    0.00    0.00    0.00    0.00  100.00
03:36:22 PM    2    0.00    0.00    0.00    0.00    0.00    0.00    0.00    0.00    0.00  100.00
03:36:22 PM    3    0.00    0.00    0.00    0.00    0.00    0.00    0.00    0.00    0.00  100.00
03:36:22 PM    4    0.00    0.00    0.00    0.00    0.00    0.00    0.00    0.00    0.00  100.00
03:36:22 PM    5    0.00    0.00    0.00    0.00    0.00    0.00    0.00    0.00    0.00  100.00
03:36:22 PM    6    0.00    0.00    0.00    0.00    0.00    0.00    0.00    0.00    0.00  100.00
03:36:22 PM    7    1.00    0.00    1.00    0.00    0.00    0.00    0.00    0.00    0.00   98.00
03:36:22 PM    8    0.00    0.00    0.00    0.00    0.00    0.00    0.00    0.00    0.00  100.00
03:36:22 PM    9    1.01    0.00    0.00    1.01    0.00    0.00    0.00    0.00    0.00   97.98
03:36:22 PM   10    0.00    0.00    0.00    0.00    0.00    0.00    0.00    0.00    0.00  100.00
03:36:22 PM   11    0.00    0.00    0.00    0.00    0.00    0.00    0.00    0.00    0.00  100.00
03:36:22 PM   12    0.00    0.00    0.00    0.00    0.00    0.00    0.00    0.00    0.00  100.00
03:36:22 PM   13    0.00    0.00    0.00    0.00    0.00    0.00    0.00    0.00    0.00  100.00
03:36:22 PM   14    0.00    0.00    0.00    0.00    0.00    0.00    0.00    0.00    0.00  100.00
03:36:22 PM   15    0.00    0.00    0.00    0.00    0.00    0.00    0.00    0.00    0.00  100.00
03:36:22 PM   16    0.00    0.00    0.00    0.00    0.00    0.00    0.00    0.00    0.00  100.00
03:36:22 PM   17    0.00    0.00    0.00    0.00    0.00    0.00    0.00    0.00    0.00  100.00
03:36:22 PM   18    0.00    0.00    0.00    0.00    0.00    0.00    0.00    0.00    0.00  100.00
03:36:22 PM   19    0.00    0.00    0.00    0.00    0.00    0.00    0.00    0.00    0.00  100.00
03:36:22 PM   20    0.00    0.00    0.00    0.00    0.00    0.00    0.00    0.00    0.00  100.00
03:36:22 PM   21    0.00    0.00    0.00    0.00    0.00    0.00    0.00    0.00    0.00  100.00
03:36:22 PM   22    0.00    0.00    0.00    0.00    0.00    0.00    0.00    0.00    0.00  100.00
03:36:22 PM   23    0.00    0.00    0.00    0.00    0.00    0.00    0.00    0.00    0.00  100.00
