Linux 4.13.16-041316-generic (pl1) 	12/14/2017 	_x86_64_	(24 CPU)

03:50:50 PM  CPU    %usr   %nice    %sys %iowait    %irq   %soft  %steal  %guest  %gnice   %idle
03:50:51 PM  all    0.12    0.00    0.08    0.21    0.00    0.00    0.00    0.00    0.00   99.58
03:50:51 PM    0    0.00    0.00    0.00    0.00    0.00    0.00    0.00    0.00    0.00  100.00
03:50:51 PM    1    0.00    0.00    0.00    0.00    0.00    0.00    0.00    0.00    0.00  100.00
03:50:51 PM    2    0.00    0.00    0.00    0.00    0.00    0.00    0.00    0.00    0.00  100.00
03:50:51 PM    3    0.00    0.00    0.00    0.00    0.00    0.00    0.00    0.00    0.00  100.00
03:50:51 PM    4    0.00    0.00    0.00    0.00    0.00    0.00    0.00    0.00    0.00  100.00
03:50:51 PM    5    0.00    0.00    0.00    0.00    0.00    0.00    0.00    0.00    0.00  100.00
03:50:51 PM    6    1.00    0.00    0.00    0.00    0.00    0.00    0.00    0.00    0.00   99.00
03:50:51 PM    7    0.00    0.00    0.00    4.08    0.00    0.00    0.00    0.00    0.00   95.92
03:50:51 PM    8    0.00    0.00    0.00    0.00    0.00    0.00    0.00    0.00    0.00  100.00
03:50:51 PM    9    0.99    0.00    0.00    0.00    0.00    0.00    0.00    0.00    0.00   99.01
03:50:51 PM   10    0.00    0.00    0.00    0.00    0.00    0.00    0.00    0.00    0.00  100.00
03:50:51 PM   11    0.00    0.00    0.00    0.00    0.00    0.00    0.00    0.00    0.00  100.00
03:50:51 PM   12    0.00    0.00    0.00    0.00    0.00    0.00    0.00    0.00    0.00  100.00
03:50:51 PM   13    0.00    0.00    0.00    0.00    0.00    0.00    0.00    0.00    0.00  100.00
03:50:51 PM   14    0.00    0.00    0.00    0.00    0.00    0.00    0.00    0.00    0.00  100.00
03:50:51 PM   15    0.00    0.00    0.00    0.00    0.00    0.00    0.00    0.00    0.00  100.00
03:50:51 PM   16    0.00    0.00    0.00    0.00    0.00    0.00    0.00    0.00    0.00  100.00
03:50:51 PM   17    0.00    0.00    0.00    0.00    0.00    0.00    0.00    0.00    0.00  100.00
03:50:51 PM   18    0.00    0.00    0.00    0.00    0.00    0.00    0.00    0.00    0.00  100.00
03:50:51 PM   19    0.00    0.00    0.00    0.00    0.00    0.00    0.00    0.00    0.00  100.00
03:50:51 PM   20    0.00    0.00    0.00    0.00    0.00    0.00    0.00    0.00    0.00  100.00
03:50:51 PM   21    1.00    0.00    1.00    0.00    0.00    0.00    0.00    0.00    0.00   98.00
03:50:51 PM   22    0.00    0.00    0.00    0.00    0.00    0.00    0.00    0.00    0.00  100.00
03:50:51 PM   23    0.00    0.00    0.00    0.00    0.00    0.00    0.00    0.00    0.00  100.00

03:50:51 PM  CPU    %usr   %nice    %sys %iowait    %irq   %soft  %steal  %guest  %gnice   %idle
03:50:52 PM  all    0.08    0.00    0.04    0.29    0.00    0.00    0.00    0.00    0.00   99.58
03:50:52 PM    0    0.00    0.00    0.00    5.05    0.00    0.00    0.00    0.00    0.00   94.95
03:50:52 PM    1    0.00    0.00    0.00    0.00    0.00    0.00    0.00    0.00    0.00  100.00
03:50:52 PM    2    0.00    0.00    0.00    0.00    0.00    0.00    0.00    0.00    0.00  100.00
03:50:52 PM    3    0.00    0.00    0.00    0.00    0.00    0.00    0.00    0.00    0.00  100.00
03:50:52 PM    4    0.00    0.00    0.00    0.00    0.00    0.00    0.00    0.00    0.00  100.00
03:50:52 PM    5    0.00    0.00    0.00    0.00    0.00    0.00    0.00    0.00    0.00  100.00
03:50:52 PM    6    1.01    0.00    0.00    0.00    0.00    0.00    0.00    0.00    0.00   98.99
03:50:52 PM    7    0.00    0.00    0.00    0.00    0.00    0.00    0.00    0.00    0.00  100.00
03:50:52 PM    8    0.00    0.00    0.00    1.01    0.00    0.00    0.00    0.00    0.00   98.99
03:50:52 PM    9    0.00    0.00    0.99    0.00    0.00    0.00    0.00    0.00    0.00   99.01
03:50:52 PM   10    0.00    0.00    0.00    0.00    0.00    0.00    0.00    0.00    0.00  100.00
03:50:52 PM   11    0.00    0.00    0.00    0.00    0.00    0.00    0.00    0.00    0.00  100.00
03:50:52 PM   12    0.00    0.00    0.00    0.00    0.00    0.00    0.00    0.00    0.00  100.00
03:50:52 PM   13    0.00    0.00    0.00    0.00    0.00    0.00    0.00    0.00    0.00  100.00
03:50:52 PM   14    0.00    0.00    0.00    0.00    0.00    0.00    0.00    0.00    0.00  100.00
03:50:52 PM   15    0.00    0.00    0.00    0.00    0.00    0.00    0.00    0.00    0.00  100.00
03:50:52 PM   16    0.00    0.00    0.00    0.00    0.00    0.00    0.00    0.00    0.00  100.00
03:50:52 PM   17    0.00    0.00    0.00    0.00    0.00    0.00    0.00    0.00    0.00  100.00
03:50:52 PM   18    0.00    0.00    0.00    0.00    0.00    0.00    0.00    0.00    0.00  100.00
03:50:52 PM   19    0.00    0.00    0.00    1.00    0.00    0.00    0.00    0.00    0.00   99.00
03:50:52 PM   20    0.00    0.00    0.00    0.00    0.00    0.00    0.00    0.00    0.00  100.00
03:50:52 PM   21    1.01    0.00    0.00    0.00    0.00    0.00    0.00    0.00    0.00   98.99
03:50:52 PM   22    0.00    0.00    0.00    0.00    0.00    0.00    0.00    0.00    0.00  100.00
03:50:52 PM   23    0.00    0.00    0.00    0.00    0.00    0.00    0.00    0.00    0.00  100.00

03:50:52 PM  CPU    %usr   %nice    %sys %iowait    %irq   %soft  %steal  %guest  %gnice   %idle
03:50:53 PM  all    0.08    0.00    0.46    0.29    0.00    0.00    0.00    0.00    0.00   99.17
03:50:53 PM    0    0.00    0.00    5.00    4.00    0.00    0.00    0.00    0.00    0.00   91.00
03:50:53 PM    1    0.00    0.00    0.00    0.00    0.00    0.00    0.00    0.00    0.00  100.00
03:50:53 PM    2    0.00    0.00    0.00    0.00    0.00    0.00    0.00    0.00    0.00  100.00
03:50:53 PM    3    0.00    0.00    0.00    0.00    0.00    0.00    0.00    0.00    0.00  100.00
03:50:53 PM    4    0.00    0.00    0.00    0.00    0.00    0.00    0.00    0.00    0.00  100.00
03:50:53 PM    5    0.00    0.00    0.00    0.00    0.00    0.00    0.00    0.00    0.00  100.00
03:50:53 PM    6    0.00    0.00    0.00    0.00    0.00    0.00    0.00    0.00    0.00  100.00
03:50:53 PM    7    0.99    0.00    0.99    1.98    0.00    0.00    0.00    0.00    0.00   96.04
03:50:53 PM    8    0.99    0.00    0.99    1.98    0.00    0.00    0.00    0.00    0.00   96.04
03:50:53 PM    9    0.00    0.00    0.99    0.00    0.00    0.00    0.00    0.00    0.00   99.01
03:50:53 PM   10    0.00    0.00    0.00    0.00    0.00    0.00    0.00    0.00    0.00  100.00
03:50:53 PM   11    0.00    0.00    0.00    0.00    0.00    0.00    0.00    0.00    0.00  100.00
03:50:53 PM   12    0.00    0.00    0.00    0.00    0.00    0.00    0.00    0.00    0.00  100.00
03:50:53 PM   13    0.00    0.00    0.00    0.00    0.00    0.00    0.00    0.00    0.00  100.00
03:50:53 PM   14    0.00    0.00    0.00    0.00    0.00    0.00    0.00    0.00    0.00  100.00
03:50:53 PM   15    0.00    0.00    0.00    0.00    0.00    0.00    0.00    0.00    0.00  100.00
03:50:53 PM   16    0.00    0.00    0.00    0.00    0.00    0.00    0.00    0.00    0.00  100.00
03:50:53 PM   17    0.00    0.00    0.00    0.00    0.00    0.00    0.00    0.00    0.00  100.00
03:50:53 PM   18    0.00    0.00    0.00    0.00    0.00    0.00    0.00    0.00    0.00  100.00
03:50:53 PM   19    0.00    0.00    0.00    0.00    0.00    0.00    0.00    0.00    0.00  100.00
03:50:53 PM   20    0.00    0.00    0.00    0.00    0.00    0.00    0.00    0.00    0.00  100.00
03:50:53 PM   21    0.98    0.00    3.92    0.00    0.00    0.00    0.00    0.00    0.00   95.10
03:50:53 PM   22    0.00    0.00    0.00    0.00    0.00    0.00    0.00    0.00    0.00  100.00
03:50:53 PM   23    0.00    0.00    1.01    0.00    0.00    0.00    0.00    0.00    0.00   98.99

03:50:53 PM  CPU    %usr   %nice    %sys %iowait    %irq   %soft  %steal  %guest  %gnice   %idle
03:50:54 PM  all    5.82    0.00   16.76    0.29    0.00    0.00    0.00    0.00    0.00   77.13
03:50:54 PM    0    9.00    0.00   74.00    5.00    0.00    0.00    0.00    0.00    0.00   12.00
03:50:54 PM    1    6.00    0.00   45.00    0.00    0.00    0.00    0.00    0.00    0.00   49.00
03:50:54 PM    2    5.00    0.00   46.00    0.00    0.00    0.00    0.00    0.00    0.00   49.00
03:50:54 PM    3    3.96    0.00   47.52    0.00    0.00    0.00    0.00    0.00    0.00   48.51
03:50:54 PM    4    3.03    0.00   47.47    0.00    0.00    0.00    0.00    0.00    0.00   49.49
03:50:54 PM    5    4.95    0.00   45.54    0.00    0.00    0.00    0.00    0.00    0.00   49.50
03:50:54 PM    6    6.06    0.00    0.00    0.00    0.00    0.00    0.00    0.00    0.00   93.94
03:50:54 PM    7    6.06    0.00    0.00    0.00    0.00    0.00    0.00    0.00    0.00   93.94
03:50:54 PM    8    6.00    0.00    0.00    0.00    0.00    0.00    0.00    0.00    0.00   94.00
03:50:54 PM    9    6.12    0.00    0.00    1.02    0.00    0.00    0.00    0.00    0.00   92.86
03:50:54 PM   10    7.00    0.00    0.00    0.00    0.00    0.00    0.00    0.00    0.00   93.00
03:50:54 PM   11    6.19    0.00    0.00    0.00    0.00    0.00    0.00    0.00    0.00   93.81
03:50:54 PM   12    5.05    0.00   46.46    0.00    0.00    0.00    0.00    0.00    0.00   48.48
03:50:54 PM   13    7.07    0.00   44.44    0.00    0.00    0.00    0.00    0.00    0.00   48.48
03:50:54 PM   14    4.00    0.00    0.00    0.00    0.00    0.00    0.00    0.00    0.00   96.00
03:50:54 PM   15    4.00    0.00    0.00    0.00    0.00    0.00    0.00    0.00    0.00   96.00
03:50:54 PM   16    3.00    0.00    0.00    0.00    0.00    0.00    0.00    0.00    0.00   97.00
03:50:54 PM   17    7.07    0.00    1.01    0.00    0.00    0.00    0.00    0.00    0.00   91.92
03:50:54 PM   18    6.00    0.00    0.00    0.00    0.00    0.00    0.00    0.00    0.00   94.00
03:50:54 PM   19    6.86    0.00    0.98    1.96    0.00    0.00    0.00    0.00    0.00   90.20
03:50:54 PM   20    6.93    0.00    0.00    0.00    0.00    0.00    0.00    0.00    0.00   93.07
03:50:54 PM   21    7.22    0.00    0.00    0.00    0.00    0.00    0.00    0.00    0.00   92.78
03:50:54 PM   22    6.12    0.00    0.00    0.00    0.00    0.00    0.00    0.00    0.00   93.88
03:50:54 PM   23    6.12    0.00    0.00    0.00    0.00    0.00    0.00    0.00    0.00   93.88

03:50:54 PM  CPU    %usr   %nice    %sys %iowait    %irq   %soft  %steal  %guest  %gnice   %idle
03:50:55 PM  all    1.72    0.00   32.01    0.00    0.00    0.00    0.00    0.00    0.00   66.28
03:50:55 PM    0    7.07    0.00   92.93    0.00    0.00    0.00    0.00    0.00    0.00    0.00
03:50:55 PM    1    6.00    0.00   94.00    0.00    0.00    0.00    0.00    0.00    0.00    0.00
03:50:55 PM    2    3.03    0.00   96.97    0.00    0.00    0.00    0.00    0.00    0.00    0.00
03:50:55 PM    3    5.00    0.00   95.00    0.00    0.00    0.00    0.00    0.00    0.00    0.00
03:50:55 PM    4    5.00    0.00   95.00    0.00    0.00    0.00    0.00    0.00    0.00    0.00
03:50:55 PM    5    3.00    0.00   97.00    0.00    0.00    0.00    0.00    0.00    0.00    0.00
03:50:55 PM    6    0.00    0.00    0.00    0.00    0.00    0.00    0.00    0.00    0.00  100.00
03:50:55 PM    7    0.00    0.00    0.00    0.00    0.00    0.00    0.00    0.00    0.00  100.00
03:50:55 PM    8    0.00    0.00    0.00    0.00    0.00    0.00    0.00    0.00    0.00  100.00
03:50:55 PM    9    0.00    0.00    0.00    0.00    0.00    0.00    0.00    0.00    0.00  100.00
03:50:55 PM   10    1.00    0.00    0.00    0.00    0.00    0.00    0.00    0.00    0.00   99.00
03:50:55 PM   11    0.00    0.00    1.02    0.00    0.00    0.00    0.00    0.00    0.00   98.98
03:50:55 PM   12    6.00    0.00   94.00    0.00    0.00    0.00    0.00    0.00    0.00    0.00
03:50:55 PM   13    4.00    0.00   96.00    0.00    0.00    0.00    0.00    0.00    0.00    0.00
03:50:55 PM   14    0.00    0.00    0.00    0.00    0.00    0.00    0.00    0.00    0.00  100.00
03:50:55 PM   15    0.00    0.00    0.00    0.00    0.00    0.00    0.00    0.00    0.00  100.00
03:50:55 PM   16    0.00    0.00    0.00    0.00    0.00    0.00    0.00    0.00    0.00  100.00
03:50:55 PM   17    0.00    0.00    3.00    0.00    0.00    0.00    0.00    0.00    0.00   97.00
03:50:55 PM   18    0.00    0.00    0.00    0.00    0.00    0.00    0.00    0.00    0.00  100.00
03:50:55 PM   19    0.00    0.00    0.00    0.00    0.00    0.00    0.00    0.00    0.00  100.00
03:50:55 PM   20    0.00    0.00    0.00    0.00    0.00    0.00    0.00    0.00    0.00  100.00
03:50:55 PM   21    0.00    0.00    1.04    0.00    0.00    0.00    0.00    0.00    0.00   98.96
03:50:55 PM   22    0.00    0.00    0.00    0.00    0.00    0.00    0.00    0.00    0.00  100.00
03:50:55 PM   23    0.00    0.00    0.00    0.00    0.00    0.00    0.00    0.00    0.00  100.00

03:50:55 PM  CPU    %usr   %nice    %sys %iowait    %irq   %soft  %steal  %guest  %gnice   %idle
03:50:56 PM  all    0.88    0.00   33.12    0.04    0.00    0.00    0.00    0.00    0.00   65.95
03:50:56 PM    0    2.00    0.00   98.00    0.00    0.00    0.00    0.00    0.00    0.00    0.00
03:50:56 PM    1    3.00    0.00   97.00    0.00    0.00    0.00    0.00    0.00    0.00    0.00
03:50:56 PM    2    0.00    0.00  100.00    0.00    0.00    0.00    0.00    0.00    0.00    0.00
03:50:56 PM    3    3.00    0.00   97.00    0.00    0.00    0.00    0.00    0.00    0.00    0.00
03:50:56 PM    4    2.00    0.00   98.00    0.00    0.00    0.00    0.00    0.00    0.00    0.00
03:50:56 PM    5    1.98    0.00   98.02    0.00    0.00    0.00    0.00    0.00    0.00    0.00
03:50:56 PM    6    0.00    0.00    0.00    0.00    0.00    0.00    0.00    0.00    0.00  100.00
03:50:56 PM    7    0.00    0.00    0.00    0.00    0.00    0.00    0.00    0.00    0.00  100.00
03:50:56 PM    8    0.00    0.00    0.00    0.00    0.00    0.00    0.00    0.00    0.00  100.00
03:50:56 PM    9    0.00    0.00    0.00    0.00    0.00    0.00    0.00    0.00    0.00  100.00
03:50:56 PM   10    0.00    0.00    1.98    0.00    0.00    0.00    0.00    0.00    0.00   98.02
03:50:56 PM   11    1.01    0.00    0.00    0.00    0.00    0.00    0.00    0.00    0.00   98.99
03:50:56 PM   12    4.00    0.00   96.00    0.00    0.00    0.00    0.00    0.00    0.00    0.00
03:50:56 PM   13    5.00    0.00   95.00    0.00    0.00    0.00    0.00    0.00    0.00    0.00
03:50:56 PM   14    0.00    0.00    0.00    0.00    0.00    0.00    0.00    0.00    0.00  100.00
03:50:56 PM   15    0.00    0.00    0.00    0.00    0.00    0.00    0.00    0.00    0.00  100.00
03:50:56 PM   16    0.00    0.00    0.00    0.00    0.00    0.00    0.00    0.00    0.00  100.00
03:50:56 PM   17    0.00    0.00    3.92    0.00    0.00    0.00    0.00    0.00    0.00   96.08
03:50:56 PM   18    0.00    0.00    0.00    0.00    0.00    0.00    0.00    0.00    0.00  100.00
03:50:56 PM   19    0.00    0.00    0.00    0.00    0.00    0.00    0.00    0.00    0.00  100.00
03:50:56 PM   20    0.00    0.00    1.00    0.00    0.00    0.00    0.00    0.00    0.00   99.00
03:50:56 PM   21    1.02    0.00    2.04    0.00    0.00    0.00    0.00    0.00    0.00   96.94
03:50:56 PM   22    0.00    0.00    0.00    2.02    0.00    0.00    0.00    0.00    0.00   97.98
03:50:56 PM   23    0.00    0.00    1.00    0.00    0.00    0.00    0.00    0.00    0.00   99.00

03:50:56 PM  CPU    %usr   %nice    %sys %iowait    %irq   %soft  %steal  %guest  %gnice   %idle
03:50:57 PM  all    0.92    0.00   32.87    0.25    0.00    0.00    0.00    0.00    0.00   65.95
03:50:57 PM    0    3.00    0.00   97.00    0.00    0.00    0.00    0.00    0.00    0.00    0.00
03:50:57 PM    1    2.00    0.00   98.00    0.00    0.00    0.00    0.00    0.00    0.00    0.00
03:50:57 PM    2    3.96    0.00   96.04    0.00    0.00    0.00    0.00    0.00    0.00    0.00
03:50:57 PM    3    1.01    0.00   98.99    0.00    0.00    0.00    0.00    0.00    0.00    0.00
03:50:57 PM    4    0.00    0.00   99.00    0.00    0.00    0.00    0.00    0.00    0.00    1.00
03:50:57 PM    5    2.02    0.00   87.88    0.00    0.00    0.00    0.00    0.00    0.00   10.10
03:50:57 PM    6    0.00    0.00    0.00    0.00    0.00    0.00    0.00    0.00    0.00  100.00
03:50:57 PM    7    0.00    0.00    0.00    0.00    0.00    0.00    0.00    0.00    0.00  100.00
03:50:57 PM    8    2.02    0.00    0.00    0.00    0.00    0.00    0.00    0.00    0.00   97.98
03:50:57 PM    9    0.00    0.00    0.00    0.00    0.00    0.00    0.00    0.00    0.00  100.00
03:50:57 PM   10    0.00    0.00    0.00    0.00    0.00    0.00    0.00    0.00    0.00  100.00
03:50:57 PM   11    0.00    0.00    0.00    0.00    0.00    0.00    0.00    0.00    0.00  100.00
03:50:57 PM   12    3.00    0.00   97.00    0.00    0.00    0.00    0.00    0.00    0.00    0.00
03:50:57 PM   13    2.00    0.00   97.00    0.00    0.00    0.00    0.00    0.00    0.00    1.00
03:50:57 PM   14    0.00    0.00   12.00    0.00    0.00    0.00    0.00    0.00    0.00   88.00
03:50:57 PM   15    0.00    0.00    0.00    0.00    0.00    0.00    0.00    0.00    0.00  100.00
03:50:57 PM   16    0.00    0.00    0.00    0.00    0.00    0.00    0.00    0.00    0.00  100.00
03:50:57 PM   17    0.00    0.00    1.02    0.00    0.00    0.00    0.00    0.00    0.00   98.98
03:50:57 PM   18    0.00    0.00    0.00    0.00    0.00    0.00    0.00    0.00    0.00  100.00
03:50:57 PM   19    0.00    0.00    0.00    0.00    0.00    0.00    0.00    0.00    0.00  100.00
03:50:57 PM   20    0.00    0.00    0.00    0.00    0.00    0.00    0.00    0.00    0.00  100.00
03:50:57 PM   21    0.00    0.00    1.04    0.00    0.00    0.00    0.00    0.00    0.00   98.96
03:50:57 PM   22    0.00    0.00    0.00    6.06    0.00    0.00    0.00    0.00    0.00   93.94
03:50:57 PM   23    0.00    0.00    0.00    0.00    0.00    0.00    0.00    0.00    0.00  100.00

03:50:57 PM  CPU    %usr   %nice    %sys %iowait    %irq   %soft  %steal  %guest  %gnice   %idle
03:50:58 PM  all    1.05    0.00   33.00    0.00    0.00    0.00    0.00    0.00    0.00   65.95
03:50:58 PM    0    1.00    0.00   99.00    0.00    0.00    0.00    0.00    0.00    0.00    0.00
03:50:58 PM    1    2.02    0.00   97.98    0.00    0.00    0.00    0.00    0.00    0.00    0.00
03:50:58 PM    2    4.00    0.00   96.00    0.00    0.00    0.00    0.00    0.00    0.00    0.00
03:50:58 PM    3    1.98    0.00   98.02    0.00    0.00    0.00    0.00    0.00    0.00    0.00
03:50:58 PM    4    3.00    0.00   97.00    0.00    0.00    0.00    0.00    0.00    0.00    0.00
03:50:58 PM    5    3.00    0.00   97.00    0.00    0.00    0.00    0.00    0.00    0.00    0.00
03:50:58 PM    6    0.00    0.00    0.00    0.00    0.00    0.00    0.00    0.00    0.00  100.00
03:50:58 PM    7    0.00    0.00    0.00    0.00    0.00    0.00    0.00    0.00    0.00  100.00
03:50:58 PM    8    0.00    0.00    1.00    0.00    0.00    0.00    0.00    0.00    0.00   99.00
03:50:58 PM    9    0.00    0.00    1.00    0.00    0.00    0.00    0.00    0.00    0.00   99.00
03:50:58 PM   10    0.00    0.00    1.00    0.00    0.00    0.00    0.00    0.00    0.00   99.00
03:50:58 PM   11    1.02    0.00    1.02    0.00    0.00    0.00    0.00    0.00    0.00   97.96
03:50:58 PM   12    4.00    0.00   96.00    0.00    0.00    0.00    0.00    0.00    0.00    0.00
03:50:58 PM   13    4.95    0.00   95.05    0.00    0.00    0.00    0.00    0.00    0.00    0.00
03:50:58 PM   14    0.00    0.00    0.00    0.00    0.00    0.00    0.00    0.00    0.00  100.00
03:50:58 PM   15    0.00    0.00    0.00    0.00    0.00    0.00    0.00    0.00    0.00  100.00
03:50:58 PM   16    0.00    0.00    0.00    0.00    0.00    0.00    0.00    0.00    0.00  100.00
03:50:58 PM   17    0.00    0.00    2.97    0.00    0.00    0.00    0.00    0.00    0.00   97.03
03:50:58 PM   18    0.00    0.00    0.00    0.00    0.00    0.00    0.00    0.00    0.00  100.00
03:50:58 PM   19    0.00    0.00    1.00    0.00    0.00    0.00    0.00    0.00    0.00   99.00
03:50:58 PM   20    0.00    0.00    1.01    0.00    0.00    0.00    0.00    0.00    0.00   98.99
03:50:58 PM   21    1.03    0.00    2.06    0.00    0.00    0.00    0.00    0.00    0.00   96.91
03:50:58 PM   22    0.00    0.00    1.03    0.00    0.00    0.00    0.00    0.00    0.00   98.97
03:50:58 PM   23    0.00    0.00    1.00    0.00    0.00    0.00    0.00    0.00    0.00   99.00

03:50:58 PM  CPU    %usr   %nice    %sys %iowait    %irq   %soft  %steal  %guest  %gnice   %idle
03:50:59 PM  all    0.59    0.00   17.20    0.38    0.00    0.00    0.00    0.00    0.00   81.84
03:50:59 PM    0    2.00    0.00   51.00    7.00    0.00    0.00    0.00    0.00    0.00   40.00
03:50:59 PM    1    1.98    0.00   50.50    0.00    0.00    0.00    0.00    0.00    0.00   47.52
03:50:59 PM    2    1.01    0.00   51.52    0.00    0.00    0.00    0.00    0.00    0.00   47.47
03:50:59 PM    3    0.00    0.00   52.00    0.00    0.00    0.00    0.00    0.00    0.00   48.00
03:50:59 PM    4    2.02    0.00   50.51    0.00    0.00    0.00    0.00    0.00    0.00   47.47
03:50:59 PM    5    1.01    0.00   51.52    0.00    0.00    0.00    0.00    0.00    0.00   47.47
03:50:59 PM    6    0.00    0.00    0.00    0.00    0.00    0.00    0.00    0.00    0.00  100.00
03:50:59 PM    7    0.00    0.00    0.00    0.00    0.00    0.00    0.00    0.00    0.00  100.00
03:50:59 PM    8    0.00    0.00    0.00    0.00    0.00    0.00    0.00    0.00    0.00  100.00
03:50:59 PM    9    0.00    0.00    0.00    2.00    0.00    0.00    0.00    0.00    0.00   98.00
03:50:59 PM   10    0.00    0.00    0.00    0.00    0.00    0.00    0.00    0.00    0.00  100.00
03:50:59 PM   11    0.00    0.00    0.00    0.00    0.00    0.00    0.00    0.00    0.00  100.00
03:50:59 PM   12    2.97    0.00   49.50    0.00    0.00    0.00    0.00    0.00    0.00   47.52
03:50:59 PM   13    2.02    0.00   50.51    0.00    0.00    0.00    0.00    0.00    0.00   47.47
03:50:59 PM   14    0.00    0.00    0.00    0.00    0.00    0.00    0.00    0.00    0.00  100.00
03:50:59 PM   15    0.00    0.00    0.00    0.00    0.00    0.00    0.00    0.00    0.00  100.00
03:50:59 PM   16    0.00    0.00    0.00    0.00    0.00    0.00    0.00    0.00    0.00  100.00
03:50:59 PM   17    0.00    0.00    4.04    0.00    0.00    0.00    0.00    0.00    0.00   95.96
03:50:59 PM   18    0.00    0.00    0.00    0.00    0.00    0.00    0.00    0.00    0.00  100.00
03:50:59 PM   19    0.00    0.00    0.00    0.00    0.00    0.00    0.00    0.00    0.00  100.00
03:50:59 PM   20    0.00    0.00    0.00    0.00    0.00    0.00    0.00    0.00    0.00  100.00
03:50:59 PM   21    1.04    0.00    0.00    0.00    0.00    0.00    0.00    0.00    0.00   98.96
03:50:59 PM   22    0.00    0.00    0.00    0.00    0.00    0.00    0.00    0.00    0.00  100.00
03:50:59 PM   23    0.00    0.00    0.00    0.00    0.00    0.00    0.00    0.00    0.00  100.00

03:50:59 PM  CPU    %usr   %nice    %sys %iowait    %irq   %soft  %steal  %guest  %gnice   %idle
03:51:00 PM  all    0.12    0.00    0.08    0.33    0.00    0.00    0.00    0.00    0.00   99.46
03:51:00 PM    0    0.00    0.00    0.00    5.00    0.00    0.00    0.00    0.00    0.00   95.00
03:51:00 PM    1    0.00    0.00    0.00    0.00    0.00    0.00    0.00    0.00    0.00  100.00
03:51:00 PM    2    0.00    0.00    0.00    0.00    0.00    0.00    0.00    0.00    0.00  100.00
03:51:00 PM    3    0.00    0.00    0.00    0.00    0.00    0.00    0.00    0.00    0.00  100.00
03:51:00 PM    4    0.00    0.00    0.00    0.00    0.00    0.00    0.00    0.00    0.00  100.00
03:51:00 PM    5    0.00    0.00    0.00    0.00    0.00    0.00    0.00    0.00    0.00  100.00
03:51:00 PM    6    0.00    0.00    0.00    0.00    0.00    0.00    0.00    0.00    0.00  100.00
03:51:00 PM    7    0.00    0.00    0.00    0.00    0.00    0.00    0.00    0.00    0.00  100.00
03:51:00 PM    8    0.00    0.00    0.00    0.00    0.00    0.00    0.00    0.00    0.00  100.00
03:51:00 PM    9    0.99    0.00    0.00    1.98    0.00    0.00    0.00    0.00    0.00   97.03
03:51:00 PM   10    0.00    0.00    0.00    0.00    0.00    0.00    0.00    0.00    0.00  100.00
03:51:00 PM   11    1.00    0.00    0.00    0.00    0.00    0.00    0.00    0.00    0.00   99.00
03:51:00 PM   12    0.00    0.00    0.00    0.00    0.00    0.00    0.00    0.00    0.00  100.00
03:51:00 PM   13    0.00    0.00    0.00    0.00    0.00    0.00    0.00    0.00    0.00  100.00
03:51:00 PM   14    0.00    0.00    0.00    0.00    0.00    0.00    0.00    0.00    0.00  100.00
03:51:00 PM   15    0.00    0.00    0.00    0.00    0.00    0.00    0.00    0.00    0.00  100.00
03:51:00 PM   16    0.00    0.00    0.00    0.00    0.00    0.00    0.00    0.00    0.00  100.00
03:51:00 PM   17    0.00    0.00    0.00    0.00    0.00    0.00    0.00    0.00    0.00  100.00
03:51:00 PM   18    0.00    0.00    0.00    0.00    0.00    0.00    0.00    0.00    0.00  100.00
03:51:00 PM   19    0.00    0.00    0.00    0.00    0.00    0.00    0.00    0.00    0.00  100.00
03:51:00 PM   20    0.00    0.00    0.00    0.00    0.00    0.00    0.00    0.00    0.00  100.00
03:51:00 PM   21    0.00    0.00    1.00    0.00    0.00    0.00    0.00    0.00    0.00   99.00
03:51:00 PM   22    0.00    0.00    0.00    0.00    0.00    0.00    0.00    0.00    0.00  100.00
03:51:00 PM   23    0.00    0.00    0.00    1.01    0.00    0.00    0.00    0.00    0.00   98.99

03:51:00 PM  CPU    %usr   %nice    %sys %iowait    %irq   %soft  %steal  %guest  %gnice   %idle
03:51:01 PM  all    0.08    0.00    0.04    0.00    0.00    0.00    0.00    0.00    0.00   99.87
03:51:01 PM    0    0.00    0.00    0.00    0.00    0.00    0.00    0.00    0.00    0.00  100.00
03:51:01 PM    1    0.00    0.00    0.00    0.00    0.00    0.00    0.00    0.00    0.00  100.00
03:51:01 PM    2    0.00    0.00    0.00    0.00    0.00    0.00    0.00    0.00    0.00  100.00
03:51:01 PM    3    0.00    0.00    0.00    0.00    0.00    0.00    0.00    0.00    0.00  100.00
03:51:01 PM    4    0.00    0.00    0.00    0.00    0.00    0.00    0.00    0.00    0.00  100.00
03:51:01 PM    5    0.00    0.00    0.00    0.00    0.00    0.00    0.00    0.00    0.00  100.00
03:51:01 PM    6    0.00    0.00    0.00    0.00    0.00    0.00    0.00    0.00    0.00  100.00
03:51:01 PM    7    0.00    0.00    0.00    0.00    0.00    0.00    0.00    0.00    0.00  100.00
03:51:01 PM    8    0.99    0.00    0.00    0.00    0.00    0.00    0.00    0.00    0.00   99.01
03:51:01 PM    9    0.00    0.00    0.00    0.00    0.00    0.00    0.00    0.00    0.00  100.00
03:51:01 PM   10    0.00    0.00    0.00    0.00    0.00    0.00    0.00    0.00    0.00  100.00
03:51:01 PM   11    0.99    0.00    0.00    0.00    0.00    0.00    0.00    0.00    0.00   99.01
03:51:01 PM   12    0.00    0.00    0.00    0.00    0.00    0.00    0.00    0.00    0.00  100.00
03:51:01 PM   13    0.00    0.00    0.00    0.00    0.00    0.00    0.00    0.00    0.00  100.00
03:51:01 PM   14    0.00    0.00    0.00    0.00    0.00    0.00    0.00    0.00    0.00  100.00
03:51:01 PM   15    0.00    0.00    0.00    0.00    0.00    0.00    0.00    0.00    0.00  100.00
03:51:01 PM   16    0.00    0.00    0.00    0.00    0.00    0.00    0.00    0.00    0.00  100.00
03:51:01 PM   17    0.00    0.00    0.00    0.00    0.00    0.00    0.00    0.00    0.00  100.00
03:51:01 PM   18    0.00    0.00    0.00    0.00    0.00    0.00    0.00    0.00    0.00  100.00
03:51:01 PM   19    0.00    0.00    0.00    0.00    0.00    0.00    0.00    0.00    0.00  100.00
03:51:01 PM   20    0.00    0.00    0.00    0.00    0.00    0.00    0.00    0.00    0.00  100.00
03:51:01 PM   21    1.01    0.00    0.00    0.00    0.00    0.00    0.00    0.00    0.00   98.99
03:51:01 PM   22    0.00    0.00    0.00    0.00    0.00    0.00    0.00    0.00    0.00  100.00
03:51:01 PM   23    0.00    0.00    0.00    0.00    0.00    0.00    0.00    0.00    0.00  100.00

03:51:01 PM  CPU    %usr   %nice    %sys %iowait    %irq   %soft  %steal  %guest  %gnice   %idle
03:51:02 PM  all    0.08    0.00    0.04    0.33    0.00    0.00    0.00    0.00    0.00   99.54
03:51:02 PM    0    0.00    0.00    0.00    5.00    0.00    0.00    0.00    0.00    0.00   95.00
03:51:02 PM    1    0.00    0.00    0.00    0.00    0.00    0.00    0.00    0.00    0.00  100.00
03:51:02 PM    2    0.00    0.00    0.00    0.00    0.00    0.00    0.00    0.00    0.00  100.00
03:51:02 PM    3    0.00    0.00    0.00    0.00    0.00    0.00    0.00    0.00    0.00  100.00
03:51:02 PM    4    0.00    0.00    0.00    0.00    0.00    0.00    0.00    0.00    0.00  100.00
03:51:02 PM    5    0.00    0.00    0.00    0.00    0.00    0.00    0.00    0.00    0.00  100.00
03:51:02 PM    6    0.00    0.00    0.00    0.00    0.00    0.00    0.00    0.00    0.00  100.00
03:51:02 PM    7    0.00    0.00    0.00    0.00    0.00    0.00    0.00    0.00    0.00  100.00
03:51:02 PM    8    0.00    0.00    0.00    0.00    0.00    0.00    0.00    0.00    0.00  100.00
03:51:02 PM    9    0.00    0.00    0.00    1.01    0.00    0.00    0.00    0.00    0.00   98.99
03:51:02 PM   10    0.00    0.00    0.00    0.00    0.00    0.00    0.00    0.00    0.00  100.00
03:51:02 PM   11    0.00    0.00    0.00    0.00    0.00    0.00    0.00    0.00    0.00  100.00
03:51:02 PM   12    0.00    0.00    0.00    0.00    0.00    0.00    0.00    0.00    0.00  100.00
03:51:02 PM   13    0.00    0.00    0.00    0.00    0.00    0.00    0.00    0.00    0.00  100.00
03:51:02 PM   14    0.00    0.00    0.00    0.00    0.00    0.00    0.00    0.00    0.00  100.00
03:51:02 PM   15    0.00    0.00    0.00    0.00    0.00    0.00    0.00    0.00    0.00  100.00
03:51:02 PM   16    0.00    0.00    0.00    0.00    0.00    0.00    0.00    0.00    0.00  100.00
03:51:02 PM   17    0.00    0.00    0.00    0.00    0.00    0.00    0.00    0.00    0.00  100.00
03:51:02 PM   18    0.99    0.00    0.00    0.00    0.00    0.00    0.00    0.00    0.00   99.01
03:51:02 PM   19    0.00    0.00    0.00    0.00    0.00    0.00    0.00    0.00    0.00  100.00
03:51:02 PM   20    0.99    0.00    0.00    0.00    0.00    0.00    0.00    0.00    0.00   99.01
03:51:02 PM   21    0.00    0.00    0.00    0.00    0.00    0.00    0.00    0.00    0.00  100.00
03:51:02 PM   22    0.00    0.00    0.00    0.00    0.00    0.00    0.00    0.00    0.00  100.00
03:51:02 PM   23    0.00    0.00    0.00    2.00    0.00    0.00    0.00    0.00    0.00   98.00
