Linux 4.13.16-041316-generic (pl1) 	12/14/2017 	_x86_64_	(24 CPU)

03:48:57 PM  CPU    %usr   %nice    %sys %iowait    %irq   %soft  %steal  %guest  %gnice   %idle
03:48:58 PM  all    0.08    0.00    0.12    0.29    0.00    0.00    0.00    0.00    0.00   99.50
03:48:58 PM    0    0.00    0.00    0.00    4.00    0.00    0.00    0.00    0.00    0.00   96.00
03:48:58 PM    1    0.00    0.00    0.00    0.00    0.00    0.00    0.00    0.00    0.00  100.00
03:48:58 PM    2    0.00    0.00    0.00    0.00    0.00    0.00    0.00    0.00    0.00  100.00
03:48:58 PM    3    0.00    0.00    0.00    0.00    0.00    0.00    0.00    0.00    0.00  100.00
03:48:58 PM    4    0.00    0.00    0.00    0.00    0.00    0.00    0.00    0.00    0.00  100.00
03:48:58 PM    5    0.00    0.00    0.00    0.00    0.00    0.00    0.00    0.00    0.00  100.00
03:48:58 PM    6    0.00    0.00    0.00    0.00    0.00    0.00    0.00    0.00    0.00  100.00
03:48:58 PM    7    0.00    0.00    0.99    1.98    0.00    0.00    0.00    0.00    0.00   97.03
03:48:58 PM    8    0.00    0.00    0.00    1.01    0.00    0.00    0.00    0.00    0.00   98.99
03:48:58 PM    9    0.00    0.00    0.00    0.00    0.00    0.00    0.00    0.00    0.00  100.00
03:48:58 PM   10    0.00    0.00    0.00    0.00    0.00    0.00    0.00    0.00    0.00  100.00
03:48:58 PM   11    0.00    0.00    0.00    0.00    0.00    0.00    0.00    0.00    0.00  100.00
03:48:58 PM   12    0.00    0.00    0.00    0.00    0.00    0.00    0.00    0.00    0.00  100.00
03:48:58 PM   13    0.00    0.00    0.00    0.00    0.00    0.00    0.00    0.00    0.00  100.00
03:48:58 PM   14    0.00    0.00    0.00    0.00    0.00    0.00    0.00    0.00    0.00  100.00
03:48:58 PM   15    0.00    0.00    0.00    0.00    0.00    0.00    0.00    0.00    0.00  100.00
03:48:58 PM   16    0.00    0.00    0.00    0.00    0.00    0.00    0.00    0.00    0.00  100.00
03:48:58 PM   17    0.00    0.00    0.00    0.00    0.00    0.00    0.00    0.00    0.00  100.00
03:48:58 PM   18    0.00    0.00    0.00    0.00    0.00    0.00    0.00    0.00    0.00  100.00
03:48:58 PM   19    0.00    0.00    0.00    0.00    0.00    0.00    0.00    0.00    0.00  100.00
03:48:58 PM   20    0.00    0.00    0.00    0.00    0.00    0.00    0.00    0.00    0.00  100.00
03:48:58 PM   21    0.00    0.00    1.00    0.00    0.00    0.00    0.00    0.00    0.00   99.00
03:48:58 PM   22    0.98    0.00    0.98    0.00    0.00    0.00    0.00    0.00    0.00   98.04
03:48:58 PM   23    0.00    0.00    2.00    0.00    0.00    0.00    0.00    0.00    0.00   98.00

03:48:58 PM  CPU    %usr   %nice    %sys %iowait    %irq   %soft  %steal  %guest  %gnice   %idle
03:48:59 PM  all    0.08    0.00    0.04    0.25    0.00    0.00    0.00    0.00    0.00   99.62
03:48:59 PM    0    0.00    0.00    0.00    4.04    0.00    0.00    0.00    0.00    0.00   95.96
03:48:59 PM    1    0.00    0.00    0.00    0.00    0.00    0.00    0.00    0.00    0.00  100.00
03:48:59 PM    2    0.00    0.00    0.00    0.00    0.00    0.00    0.00    0.00    0.00  100.00
03:48:59 PM    3    0.00    0.00    0.00    0.00    0.00    0.00    0.00    0.00    0.00  100.00
03:48:59 PM    4    0.00    0.00    0.00    0.00    0.00    0.00    0.00    0.00    0.00  100.00
03:48:59 PM    5    0.00    0.00    0.00    0.00    0.00    0.00    0.00    0.00    0.00  100.00
03:48:59 PM    6    0.00    0.00    0.00    0.00    0.00    0.00    0.00    0.00    0.00  100.00
03:48:59 PM    7    0.00    0.00    0.00    0.00    0.00    0.00    0.00    0.00    0.00  100.00
03:48:59 PM    8    1.00    0.00    0.00    2.00    0.00    0.00    0.00    0.00    0.00   97.00
03:48:59 PM    9    0.00    0.00    0.00    0.00    0.00    0.00    0.00    0.00    0.00  100.00
03:48:59 PM   10    0.00    0.00    0.00    0.00    0.00    0.00    0.00    0.00    0.00  100.00
03:48:59 PM   11    0.00    0.00    0.00    0.00    0.00    0.00    0.00    0.00    0.00  100.00
03:48:59 PM   12    0.00    0.00    0.00    0.00    0.00    0.00    0.00    0.00    0.00  100.00
03:48:59 PM   13    0.00    0.00    0.00    0.00    0.00    0.00    0.00    0.00    0.00  100.00
03:48:59 PM   14    0.00    0.00    0.00    0.00    0.00    0.00    0.00    0.00    0.00  100.00
03:48:59 PM   15    0.00    0.00    0.00    0.00    0.00    0.00    0.00    0.00    0.00  100.00
03:48:59 PM   16    0.00    0.00    0.00    0.00    0.00    0.00    0.00    0.00    0.00  100.00
03:48:59 PM   17    0.00    0.00    0.00    0.00    0.00    0.00    0.00    0.00    0.00  100.00
03:48:59 PM   18    0.00    0.00    0.00    0.00    0.00    0.00    0.00    0.00    0.00  100.00
03:48:59 PM   19    0.00    0.00    0.00    0.00    0.00    0.00    0.00    0.00    0.00  100.00
03:48:59 PM   20    0.00    0.00    0.00    0.00    0.00    0.00    0.00    0.00    0.00  100.00
03:48:59 PM   21    1.00    0.00    0.00    0.00    0.00    0.00    0.00    0.00    0.00   99.00
03:48:59 PM   22    0.99    0.00    0.00    0.00    0.00    0.00    0.00    0.00    0.00   99.01
03:48:59 PM   23    1.01    0.00    0.00    0.00    0.00    0.00    0.00    0.00    0.00   98.99

03:48:59 PM  CPU    %usr   %nice    %sys %iowait    %irq   %soft  %steal  %guest  %gnice   %idle
03:49:00 PM  all    0.17    0.00    0.42    0.33    0.00    0.00    0.00    0.00    0.00   99.08
03:49:00 PM    0    2.00    0.00    5.00    4.00    0.00    0.00    0.00    0.00    0.00   89.00
03:49:00 PM    1    0.00    0.00    0.00    0.00    0.00    0.00    0.00    0.00    0.00  100.00
03:49:00 PM    2    0.00    0.00    0.00    0.00    0.00    0.00    0.00    0.00    0.00  100.00
03:49:00 PM    3    0.00    0.00    0.00    0.00    0.00    0.00    0.00    0.00    0.00  100.00
03:49:00 PM    4    0.00    0.00    0.00    0.00    0.00    0.00    0.00    0.00    0.00  100.00
03:49:00 PM    5    0.00    0.00    0.00    0.00    0.00    0.00    0.00    0.00    0.00  100.00
03:49:00 PM    6    0.00    0.00    1.00    0.00    0.00    0.00    0.00    0.00    0.00   99.00
03:49:00 PM    7    0.00    0.00    0.00    2.00    0.00    0.00    0.00    0.00    0.00   98.00
03:49:00 PM    8    0.00    0.00    0.00    1.00    0.00    0.00    0.00    0.00    0.00   99.00
03:49:00 PM    9    0.00    0.00    0.00    0.00    0.00    0.00    0.00    0.00    0.00  100.00
03:49:00 PM   10    0.00    0.00    2.00    0.00    0.00    0.00    0.00    0.00    0.00   98.00
03:49:00 PM   11    0.00    0.00    0.00    0.00    0.00    0.00    0.00    0.00    0.00  100.00
03:49:00 PM   12    0.00    0.00    0.00    0.00    0.00    0.00    0.00    0.00    0.00  100.00
03:49:00 PM   13    0.00    0.00    0.00    0.00    0.00    0.00    0.00    0.00    0.00  100.00
03:49:00 PM   14    0.00    0.00    0.00    0.00    0.00    0.00    0.00    0.00    0.00  100.00
03:49:00 PM   15    0.00    0.00    0.00    0.00    0.00    0.00    0.00    0.00    0.00  100.00
03:49:00 PM   16    0.00    0.00    0.00    0.00    0.00    0.00    0.00    0.00    0.00  100.00
03:49:00 PM   17    0.00    0.00    0.00    0.00    0.00    0.00    0.00    0.00    0.00  100.00
03:49:00 PM   18    0.00    0.00    0.00    0.00    0.00    0.00    0.00    0.00    0.00  100.00
03:49:00 PM   19    0.00    0.00    0.00    0.00    0.00    0.00    0.00    0.00    0.00  100.00
03:49:00 PM   20    0.00    0.00    0.00    0.00    0.00    0.00    0.00    0.00    0.00  100.00
03:49:00 PM   21    1.01    0.00    0.00    0.00    0.00    0.00    0.00    0.00    0.00   98.99
03:49:00 PM   22    0.00    0.00    1.00    0.00    0.00    0.00    0.00    0.00    0.00   99.00
03:49:00 PM   23    0.00    0.00    1.01    0.00    0.00    0.00    0.00    0.00    0.00   98.99

03:49:00 PM  CPU    %usr   %nice    %sys %iowait    %irq   %soft  %steal  %guest  %gnice   %idle
03:49:01 PM  all    4.54    0.00    4.21    0.00    0.00    0.04    0.00    0.00    0.00   91.21
03:49:01 PM    0   14.14    0.00   50.51    0.00    0.00    0.00    0.00    0.00    0.00   35.35
03:49:01 PM    1    9.00    0.00   31.00    0.00    0.00    0.00    0.00    0.00    0.00   60.00
03:49:01 PM    2    3.03    0.00    7.07    0.00    0.00    0.00    0.00    0.00    0.00   89.90
03:49:01 PM    3    3.03    0.00    4.04    0.00    0.00    0.00    0.00    0.00    0.00   92.93
03:49:01 PM    4    2.02    0.00    0.00    0.00    0.00    0.00    0.00    0.00    0.00   97.98
03:49:01 PM    5    3.00    0.00    0.00    0.00    0.00    0.00    0.00    0.00    0.00   97.00
03:49:01 PM    6    5.00    0.00    1.00    0.00    0.00    0.00    0.00    0.00    0.00   94.00
03:49:01 PM    7    4.08    0.00    0.00    0.00    0.00    0.00    0.00    0.00    0.00   95.92
03:49:01 PM    8    4.04    0.00    1.01    0.00    0.00    0.00    0.00    0.00    0.00   94.95
03:49:01 PM    9    4.08    0.00    1.02    0.00    0.00    0.00    0.00    0.00    0.00   94.90
03:49:01 PM   10    4.12    0.00    0.00    0.00    0.00    0.00    0.00    0.00    0.00   95.88
03:49:01 PM   11    4.17    0.00    0.00    0.00    0.00    0.00    0.00    0.00    0.00   95.83
03:49:01 PM   12    2.02    0.00    0.00    0.00    0.00    0.00    0.00    0.00    0.00   97.98
03:49:01 PM   13    3.00    0.00    0.00    0.00    0.00    0.00    0.00    0.00    0.00   97.00
03:49:01 PM   14    2.02    0.00    0.00    0.00    0.00    0.00    0.00    0.00    0.00   97.98
03:49:01 PM   15    3.00    0.00    0.00    0.00    0.00    0.00    0.00    0.00    0.00   97.00
03:49:01 PM   16    7.00    0.00    2.00    0.00    0.00    0.00    0.00    0.00    0.00   91.00
03:49:01 PM   17    3.00    0.00    0.00    0.00    0.00    0.00    0.00    0.00    0.00   97.00
03:49:01 PM   18    5.05    0.00    0.00    0.00    0.00    0.00    0.00    0.00    0.00   94.95
03:49:01 PM   19    4.08    0.00    0.00    0.00    0.00    0.00    0.00    0.00    0.00   95.92
03:49:01 PM   20    4.08    0.00    0.00    0.00    0.00    0.00    0.00    0.00    0.00   95.92
03:49:01 PM   21    5.10    0.00    0.00    0.00    0.00    0.00    0.00    0.00    0.00   94.90
03:49:01 PM   22    4.04    0.00    0.00    0.00    0.00    0.00    0.00    0.00    0.00   95.96
03:49:01 PM   23    5.05    0.00    2.02    0.00    0.00    0.00    0.00    0.00    0.00   92.93

03:49:01 PM  CPU    %usr   %nice    %sys %iowait    %irq   %soft  %steal  %guest  %gnice   %idle
03:49:02 PM  all    0.93    0.00    4.29    0.17    0.00    0.00    0.00    0.00    0.00   94.62
03:49:02 PM    0   12.12    0.00   39.39    3.03    0.00    0.00    0.00    0.00    0.00   45.45
03:49:02 PM    1    7.07    0.00   44.44    0.00    0.00    0.00    0.00    0.00    0.00   48.48
03:49:02 PM    2    0.00    0.00    0.00    0.00    0.00    0.00    0.00    0.00    0.00  100.00
03:49:02 PM    3    0.00    0.00    0.00    0.00    0.00    0.00    0.00    0.00    0.00  100.00
03:49:02 PM    4    0.00    0.00    0.00    0.00    0.00    0.00    0.00    0.00    0.00  100.00
03:49:02 PM    5    0.00    0.00    0.00    0.00    0.00    0.00    0.00    0.00    0.00  100.00
03:49:02 PM    6    0.00    0.00    0.00    0.00    0.00    0.00    0.00    0.00    0.00  100.00
03:49:02 PM    7    0.99    0.00    1.98    1.98    0.00    0.00    0.00    0.00    0.00   95.05
03:49:02 PM    8    0.00    0.00    1.01    1.01    0.00    0.00    0.00    0.00    0.00   97.98
03:49:02 PM    9    0.00    0.00    0.00    0.00    0.00    0.00    0.00    0.00    0.00  100.00
03:49:02 PM   10    0.00    0.00    1.02    0.00    0.00    0.00    0.00    0.00    0.00   98.98
03:49:02 PM   11    0.00    0.00    1.02    0.00    0.00    0.00    0.00    0.00    0.00   98.98
03:49:02 PM   12    0.00    0.00    0.00    0.00    0.00    0.00    0.00    0.00    0.00  100.00
03:49:02 PM   13    0.00    0.00    1.00    0.00    0.00    0.00    0.00    0.00    0.00   99.00
03:49:02 PM   14    0.00    0.00    0.00    0.00    0.00    0.00    0.00    0.00    0.00  100.00
03:49:02 PM   15    0.00    0.00    0.00    0.00    0.00    0.00    0.00    0.00    0.00  100.00
03:49:02 PM   16    0.00    0.00    3.96    0.00    0.00    0.00    0.00    0.00    0.00   96.04
03:49:02 PM   17    0.00    0.00    0.00    0.00    0.00    0.00    0.00    0.00    0.00  100.00
03:49:02 PM   18    0.00    0.00    0.00    0.00    0.00    0.00    0.00    0.00    0.00  100.00
03:49:02 PM   19    0.00    0.00    1.01    0.00    0.00    0.00    0.00    0.00    0.00   98.99
03:49:02 PM   20    0.00    0.00    2.02    0.00    0.00    0.00    0.00    0.00    0.00   97.98
03:49:02 PM   21    0.00    0.00    1.02    0.00    0.00    0.00    0.00    0.00    0.00   98.98
03:49:02 PM   22    0.00    0.00    2.04    0.00    0.00    0.00    0.00    0.00    0.00   97.96
03:49:02 PM   23    1.01    0.00    2.02    0.00    0.00    0.00    0.00    0.00    0.00   96.97

03:49:02 PM  CPU    %usr   %nice    %sys %iowait    %irq   %soft  %steal  %guest  %gnice   %idle
03:49:03 PM  all    1.26    0.00    4.03    0.13    0.00    0.00    0.00    0.00    0.00   94.59
03:49:03 PM    0   14.85    0.00   41.58    0.00    0.00    0.00    0.00    0.00    0.00   43.56
03:49:03 PM    1   10.00    0.00   38.00    0.00    0.00    0.00    0.00    0.00    0.00   52.00
03:49:03 PM    2    0.00    0.00    1.00    0.00    0.00    0.00    0.00    0.00    0.00   99.00
03:49:03 PM    3    0.00    0.00    1.01    0.00    0.00    0.00    0.00    0.00    0.00   98.99
03:49:03 PM    4    0.00    0.00    0.00    0.00    0.00    0.00    0.00    0.00    0.00  100.00
03:49:03 PM    5    0.00    0.00    0.00    0.00    0.00    0.00    0.00    0.00    0.00  100.00
03:49:03 PM    6    0.00    0.00    1.01    2.02    0.00    0.00    0.00    0.00    0.00   96.97
03:49:03 PM    7    0.00    0.00    0.00    0.00    0.00    0.00    0.00    0.00    0.00  100.00
03:49:03 PM    8    2.02    0.00    1.01    0.00    0.00    0.00    0.00    0.00    0.00   96.97
03:49:03 PM    9    0.00    0.00    1.00    0.00    0.00    0.00    0.00    0.00    0.00   99.00
03:49:03 PM   10    0.00    0.00    1.01    0.00    0.00    0.00    0.00    0.00    0.00   98.99
03:49:03 PM   11    1.00    0.00    1.00    0.00    0.00    0.00    0.00    0.00    0.00   98.00
03:49:03 PM   12    0.00    0.00    0.00    0.00    0.00    0.00    0.00    0.00    0.00  100.00
03:49:03 PM   13    0.00    0.00    0.00    0.00    0.00    0.00    0.00    0.00    0.00  100.00
03:49:03 PM   14    0.00    0.00    0.00    0.00    0.00    0.00    0.00    0.00    0.00  100.00
03:49:03 PM   15    0.00    0.00    0.00    0.00    0.00    0.00    0.00    0.00    0.00  100.00
03:49:03 PM   16    0.00    0.00    2.02    0.00    0.00    0.00    0.00    0.00    0.00   97.98
03:49:03 PM   17    0.00    0.00    0.00    0.00    0.00    0.00    0.00    0.00    0.00  100.00
03:49:03 PM   18    0.00    0.00    1.01    0.00    0.00    0.00    0.00    0.00    0.00   98.99
03:49:03 PM   19    0.00    0.00    1.01    0.00    0.00    0.00    0.00    0.00    0.00   98.99
03:49:03 PM   20    0.00    0.00    1.01    0.00    0.00    0.00    0.00    0.00    0.00   98.99
03:49:03 PM   21    1.01    0.00    1.01    0.00    0.00    0.00    0.00    0.00    0.00   97.98
03:49:03 PM   22    1.01    0.00    1.01    0.00    0.00    0.00    0.00    0.00    0.00   97.98
03:49:03 PM   23    1.02    0.00    2.04    0.00    0.00    0.00    0.00    0.00    0.00   96.94

03:49:03 PM  CPU    %usr   %nice    %sys %iowait    %irq   %soft  %steal  %guest  %gnice   %idle
03:49:04 PM  all    0.88    0.00    8.96    0.08    0.00    0.00    0.00    0.00    0.00   90.08
03:49:04 PM    0    6.00    0.00   73.00    0.00    0.00    0.00    0.00    0.00    0.00   21.00
03:49:04 PM    1   10.00    0.00   51.00    0.00    0.00    0.00    0.00    0.00    0.00   39.00
03:49:04 PM    2    2.02    0.00   37.37    0.00    0.00    0.00    0.00    0.00    0.00   60.61
03:49:04 PM    3    0.99    0.00   38.61    0.00    0.00    0.00    0.00    0.00    0.00   60.40
03:49:04 PM    4    0.00    0.00    1.00    0.00    0.00    0.00    0.00    0.00    0.00   99.00
03:49:04 PM    5    0.00    0.00    1.00    0.00    0.00    0.00    0.00    0.00    0.00   99.00
03:49:04 PM    6    0.00    0.00    0.00    0.00    0.00    0.00    0.00    0.00    0.00  100.00
03:49:04 PM    7    0.00    0.00    0.00    0.00    0.00    0.00    0.00    0.00    0.00  100.00
03:49:04 PM    8    0.00    0.00    0.00    0.00    0.00    0.00    0.00    0.00    0.00  100.00
03:49:04 PM    9    0.00    0.00    0.00    2.06    0.00    0.00    0.00    0.00    0.00   97.94
03:49:04 PM   10    0.00    0.00    1.01    0.00    0.00    0.00    0.00    0.00    0.00   98.99
03:49:04 PM   11    1.00    0.00    2.00    0.00    0.00    0.00    0.00    0.00    0.00   97.00
03:49:04 PM   12    0.00    0.00    0.00    0.00    0.00    0.00    0.00    0.00    0.00  100.00
03:49:04 PM   13    0.00    0.00    0.00    0.00    0.00    0.00    0.00    0.00    0.00  100.00
03:49:04 PM   14    0.00    0.00    0.00    0.00    0.00    0.00    0.00    0.00    0.00  100.00
03:49:04 PM   15    0.00    0.00    0.00    0.00    0.00    0.00    0.00    0.00    0.00  100.00
03:49:04 PM   16    0.00    0.00    3.96    0.00    0.00    0.00    0.00    0.00    0.00   96.04
03:49:04 PM   17    0.00    0.00    1.00    0.00    0.00    0.00    0.00    0.00    0.00   99.00
03:49:04 PM   18    0.00    0.00    1.00    0.00    0.00    0.00    0.00    0.00    0.00   99.00
03:49:04 PM   19    0.00    0.00    1.01    0.00    0.00    0.00    0.00    0.00    0.00   98.99
03:49:04 PM   20    0.00    0.00    1.01    0.00    0.00    0.00    0.00    0.00    0.00   98.99
03:49:04 PM   21    0.00    0.00    0.00    0.00    0.00    0.00    0.00    0.00    0.00  100.00
03:49:04 PM   22    0.00    0.00    1.02    0.00    0.00    0.00    0.00    0.00    0.00   98.98
03:49:04 PM   23    1.02    0.00    1.02    0.00    0.00    0.00    0.00    0.00    0.00   97.96

03:49:04 PM  CPU    %usr   %nice    %sys %iowait    %irq   %soft  %steal  %guest  %gnice   %idle
03:49:05 PM  all    0.93    0.00   16.42    0.00    0.00    0.00    0.00    0.00    0.00   82.65
03:49:05 PM    0    6.00    0.00   94.00    0.00    0.00    0.00    0.00    0.00    0.00    0.00
03:49:05 PM    1    4.00    0.00   96.00    0.00    0.00    0.00    0.00    0.00    0.00    0.00
03:49:05 PM    2    4.95    0.00   95.05    0.00    0.00    0.00    0.00    0.00    0.00    0.00
03:49:05 PM    3    6.00    0.00   94.00    0.00    0.00    0.00    0.00    0.00    0.00    0.00
03:49:05 PM    4    0.00    0.00    0.00    0.00    0.00    0.00    0.00    0.00    0.00  100.00
03:49:05 PM    5    0.00    0.00    0.00    0.00    0.00    0.00    0.00    0.00    0.00  100.00
03:49:05 PM    6    0.00    0.00    0.00    0.00    0.00    0.00    0.00    0.00    0.00  100.00
03:49:05 PM    7    0.00    0.00    0.00    0.00    0.00    0.00    0.00    0.00    0.00  100.00
03:49:05 PM    8    0.00    0.00    0.00    0.00    0.00    0.00    0.00    0.00    0.00  100.00
03:49:05 PM    9    0.00    0.00    1.02    0.00    0.00    0.00    0.00    0.00    0.00   98.98
03:49:05 PM   10    0.00    0.00    0.00    0.00    0.00    0.00    0.00    0.00    0.00  100.00
03:49:05 PM   11    0.00    0.00    0.00    0.00    0.00    0.00    0.00    0.00    0.00  100.00
03:49:05 PM   12    0.00    0.00    0.00    0.00    0.00    0.00    0.00    0.00    0.00  100.00
03:49:05 PM   13    0.00    0.00    0.00    0.00    0.00    0.00    0.00    0.00    0.00  100.00
03:49:05 PM   14    0.00    0.00    0.00    0.00    0.00    0.00    0.00    0.00    0.00  100.00
03:49:05 PM   15    0.00    0.00    0.99    0.00    0.00    0.00    0.00    0.00    0.00   99.01
03:49:05 PM   16    0.99    0.00    2.97    0.00    0.00    0.00    0.00    0.00    0.00   96.04
03:49:05 PM   17    0.00    0.00    0.00    0.00    0.00    0.00    0.00    0.00    0.00  100.00
03:49:05 PM   18    0.00    0.00    0.00    0.00    0.00    0.00    0.00    0.00    0.00  100.00
03:49:05 PM   19    0.00    0.00    0.00    0.00    0.00    0.00    0.00    0.00    0.00  100.00
03:49:05 PM   20    0.00    0.00    0.00    0.00    0.00    0.00    0.00    0.00    0.00  100.00
03:49:05 PM   21    0.00    0.00    1.02    0.00    0.00    0.00    0.00    0.00    0.00   98.98
03:49:05 PM   22    0.00    0.00    0.00    0.00    0.00    0.00    0.00    0.00    0.00  100.00
03:49:05 PM   23    1.08    0.00    0.00    0.00    0.00    0.00    0.00    0.00    0.00   98.92

03:49:05 PM  CPU    %usr   %nice    %sys %iowait    %irq   %soft  %steal  %guest  %gnice   %idle
03:49:06 PM  all    0.63    0.00    6.92    0.21    0.00    0.00    0.00    0.00    0.00   92.25
03:49:06 PM    0    3.03    0.00   39.39    3.03    0.00    0.00    0.00    0.00    0.00   54.55
03:49:06 PM    1    4.00    0.00   39.00    0.00    0.00    0.00    0.00    0.00    0.00   57.00
03:49:06 PM    2    3.00    0.00   39.00    0.00    0.00    0.00    0.00    0.00    0.00   58.00
03:49:06 PM    3    0.00    0.00   14.00    0.00    0.00    0.00    0.00    0.00    0.00   86.00
03:49:06 PM    4    2.00    0.00   28.00    0.00    0.00    0.00    0.00    0.00    0.00   70.00
03:49:06 PM    5    0.00    0.00    0.00    0.00    0.00    0.00    0.00    0.00    0.00  100.00
03:49:06 PM    6    0.00    0.00    0.00    0.00    0.00    0.00    0.00    0.00    0.00  100.00
03:49:06 PM    7    0.00    0.00    0.00    0.00    0.00    0.00    0.00    0.00    0.00  100.00
03:49:06 PM    8    0.00    0.00    0.00    1.01    0.00    0.00    0.00    0.00    0.00   98.99
03:49:06 PM    9    1.01    0.00    0.00    0.00    0.00    0.00    0.00    0.00    0.00   98.99
03:49:06 PM   10    0.00    0.00    0.00    0.00    0.00    0.00    0.00    0.00    0.00  100.00
03:49:06 PM   11    0.00    0.00    0.00    0.00    0.00    0.00    0.00    0.00    0.00  100.00
03:49:06 PM   12    0.00    0.00    0.00    0.00    0.00    0.00    0.00    0.00    0.00  100.00
03:49:06 PM   13    0.00    0.00    0.00    0.00    0.00    0.00    0.00    0.00    0.00  100.00
03:49:06 PM   14    0.00    0.00    0.00    0.00    0.00    0.00    0.00    0.00    0.00  100.00
03:49:06 PM   15    0.00    0.00    0.00    0.00    0.00    0.00    0.00    0.00    0.00  100.00
03:49:06 PM   16    0.00    0.00    5.05    0.00    0.00    0.00    0.00    0.00    0.00   94.95
03:49:06 PM   17    0.00    0.00    0.00    0.00    0.00    0.00    0.00    0.00    0.00  100.00
03:49:06 PM   18    0.00    0.00    0.00    0.00    0.00    0.00    0.00    0.00    0.00  100.00
03:49:06 PM   19    0.00    0.00    0.00    0.00    0.00    0.00    0.00    0.00    0.00  100.00
03:49:06 PM   20    0.99    0.00    0.99    0.00    0.00    0.00    0.00    0.00    0.00   98.02
03:49:06 PM   21    0.00    0.00    0.00    0.00    0.00    0.00    0.00    0.00    0.00  100.00
03:49:06 PM   22    1.01    0.00    0.00    0.00    0.00    0.00    0.00    0.00    0.00   98.99
03:49:06 PM   23    2.00    0.00    1.00    0.00    0.00    0.00    0.00    0.00    0.00   97.00

03:49:06 PM  CPU    %usr   %nice    %sys %iowait    %irq   %soft  %steal  %guest  %gnice   %idle
03:49:07 PM  all    0.08    0.00    0.08    0.25    0.00    0.00    0.00    0.00    0.00   99.58
03:49:07 PM    0    0.00    0.00    0.00    4.04    0.00    0.00    0.00    0.00    0.00   95.96
03:49:07 PM    1    0.00    0.00    0.00    0.00    0.00    0.00    0.00    0.00    0.00  100.00
03:49:07 PM    2    0.00    0.00    0.00    0.00    0.00    0.00    0.00    0.00    0.00  100.00
03:49:07 PM    3    0.00    0.00    0.00    0.00    0.00    0.00    0.00    0.00    0.00  100.00
03:49:07 PM    4    0.00    0.00    0.00    0.00    0.00    0.00    0.00    0.00    0.00  100.00
03:49:07 PM    5    0.00    0.00    0.00    0.00    0.00    0.00    0.00    0.00    0.00  100.00
03:49:07 PM    6    0.00    0.00    0.00    0.00    0.00    0.00    0.00    0.00    0.00  100.00
03:49:07 PM    7    0.00    0.00    0.00    0.00    0.00    0.00    0.00    0.00    0.00  100.00
03:49:07 PM    8    0.00    0.00    0.00    1.01    0.00    0.00    0.00    0.00    0.00   98.99
03:49:07 PM    9    0.00    0.00    0.00    1.00    0.00    0.00    0.00    0.00    0.00   99.00
03:49:07 PM   10    0.00    0.00    0.00    0.00    0.00    0.00    0.00    0.00    0.00  100.00
03:49:07 PM   11    0.00    0.00    0.00    0.00    0.00    0.00    0.00    0.00    0.00  100.00
03:49:07 PM   12    0.00    0.00    0.00    0.00    0.00    0.00    0.00    0.00    0.00  100.00
03:49:07 PM   13    0.00    0.00    0.00    0.00    0.00    0.00    0.00    0.00    0.00  100.00
03:49:07 PM   14    0.00    0.00    0.00    0.00    0.00    0.00    0.00    0.00    0.00  100.00
03:49:07 PM   15    0.00    0.00    0.00    0.00    0.00    0.00    0.00    0.00    0.00  100.00
03:49:07 PM   16    0.00    0.00    0.00    0.00    0.00    0.00    0.00    0.00    0.00  100.00
03:49:07 PM   17    0.00    0.00    0.00    0.00    0.00    0.00    0.00    0.00    0.00  100.00
03:49:07 PM   18    0.00    0.00    0.00    0.00    0.00    0.00    0.00    0.00    0.00  100.00
03:49:07 PM   19    0.00    0.00    0.00    0.00    0.00    0.00    0.00    0.00    0.00  100.00
03:49:07 PM   20    0.00    0.00    0.00    0.00    0.00    0.00    0.00    0.00    0.00  100.00
03:49:07 PM   21    0.00    0.00    0.00    0.00    0.00    0.00    0.00    0.00    0.00  100.00
03:49:07 PM   22    1.00    0.00    0.00    0.00    0.00    0.00    0.00    0.00    0.00   99.00
03:49:07 PM   23    0.00    0.00    1.01    0.00    0.00    0.00    0.00    0.00    0.00   98.99
