Linux 4.13.16-041316-generic (pl1) 	12/14/2017 	_x86_64_	(24 CPU)

03:38:54 PM  CPU    %usr   %nice    %sys %iowait    %irq   %soft  %steal  %guest  %gnice   %idle
03:38:55 PM  all    0.12    0.00    0.00    0.00    0.00    0.00    0.00    0.00    0.00   99.88
03:38:55 PM    0    0.00    0.00    0.00    0.00    0.00    0.00    0.00    0.00    0.00  100.00
03:38:55 PM    1    0.00    0.00    0.00    0.00    0.00    0.00    0.00    0.00    0.00  100.00
03:38:55 PM    2    0.00    0.00    0.00    0.00    0.00    0.00    0.00    0.00    0.00  100.00
03:38:55 PM    3    0.00    0.00    0.00    0.00    0.00    0.00    0.00    0.00    0.00  100.00
03:38:55 PM    4    0.00    0.00    0.00    0.00    0.00    0.00    0.00    0.00    0.00  100.00
03:38:55 PM    5    0.00    0.00    0.00    0.00    0.00    0.00    0.00    0.00    0.00  100.00
03:38:55 PM    6    0.00    0.00    0.00    0.00    0.00    0.00    0.00    0.00    0.00  100.00
03:38:55 PM    7    1.98    0.00    0.00    0.00    0.00    0.00    0.00    0.00    0.00   98.02
03:38:55 PM    8    0.00    0.00    0.00    0.00    0.00    0.00    0.00    0.00    0.00  100.00
03:38:55 PM    9    0.99    0.00    0.00    0.00    0.00    0.00    0.00    0.00    0.00   99.01
03:38:55 PM   10    0.00    0.00    0.00    0.00    0.00    0.00    0.00    0.00    0.00  100.00
03:38:55 PM   11    1.00    0.00    0.00    0.00    0.00    0.00    0.00    0.00    0.00   99.00
03:38:55 PM   12    0.00    0.00    0.00    0.00    0.00    0.00    0.00    0.00    0.00  100.00
03:38:55 PM   13    0.00    0.00    0.00    0.00    0.00    0.00    0.00    0.00    0.00  100.00
03:38:55 PM   14    0.00    0.00    0.00    0.00    0.00    0.00    0.00    0.00    0.00  100.00
03:38:55 PM   15    0.00    0.00    0.00    0.00    0.00    0.00    0.00    0.00    0.00  100.00
03:38:55 PM   16    0.00    0.00    0.00    0.00    0.00    0.00    0.00    0.00    0.00  100.00
03:38:55 PM   17    0.00    0.00    0.00    0.00    0.00    0.00    0.00    0.00    0.00  100.00
03:38:55 PM   18    0.00    0.00    0.00    0.00    0.00    0.00    0.00    0.00    0.00  100.00
03:38:55 PM   19    0.00    0.00    0.00    0.00    0.00    0.00    0.00    0.00    0.00  100.00
03:38:55 PM   20    0.00    0.00    0.00    0.00    0.00    0.00    0.00    0.00    0.00  100.00
03:38:55 PM   21    0.00    0.00    0.00    0.00    0.00    0.00    0.00    0.00    0.00  100.00
03:38:55 PM   22    0.00    0.00    0.00    0.00    0.00    0.00    0.00    0.00    0.00  100.00
03:38:55 PM   23    0.00    0.00    0.00    0.00    0.00    0.00    0.00    0.00    0.00  100.00

03:38:55 PM  CPU    %usr   %nice    %sys %iowait    %irq   %soft  %steal  %guest  %gnice   %idle
03:38:56 PM  all    0.04    0.00    0.13    0.33    0.00    0.00    0.00    0.00    0.00   99.50
03:38:56 PM    0    0.00    0.00    0.00    5.00    0.00    0.00    0.00    0.00    0.00   95.00
03:38:56 PM    1    0.00    0.00    0.00    0.00    0.00    0.00    0.00    0.00    0.00  100.00
03:38:56 PM    2    0.00    0.00    0.00    0.00    0.00    0.00    0.00    0.00    0.00  100.00
03:38:56 PM    3    0.00    0.00    0.00    0.00    0.00    0.00    0.00    0.00    0.00  100.00
03:38:56 PM    4    0.00    0.00    0.00    0.00    0.00    0.00    0.00    0.00    0.00  100.00
03:38:56 PM    5    0.00    0.00    0.00    0.00    0.00    0.00    0.00    0.00    0.00  100.00
03:38:56 PM    6    0.00    0.00    0.00    0.00    0.00    0.00    0.00    0.00    0.00  100.00
03:38:56 PM    7    0.00    0.00    0.00    0.00    0.00    0.00    0.00    0.00    0.00  100.00
03:38:56 PM    8    0.00    0.00    0.00    0.00    0.00    0.00    0.00    0.00    0.00  100.00
03:38:56 PM    9    0.00    0.00    1.01    2.02    0.00    0.00    0.00    0.00    0.00   96.97
03:38:56 PM   10    0.00    0.00    0.00    0.00    0.00    0.00    0.00    0.00    0.00  100.00
03:38:56 PM   11    1.01    0.00    0.00    0.00    0.00    0.00    0.00    0.00    0.00   98.99
03:38:56 PM   12    0.00    0.00    0.00    0.00    0.00    0.00    0.00    0.00    0.00  100.00
03:38:56 PM   13    0.00    0.00    0.00    0.00    0.00    0.00    0.00    0.00    0.00  100.00
03:38:56 PM   14    0.00    0.00    0.00    0.00    0.00    0.00    0.00    0.00    0.00  100.00
03:38:56 PM   15    0.00    0.00    0.00    0.00    0.00    0.00    0.00    0.00    0.00  100.00
03:38:56 PM   16    0.00    0.00    0.00    0.00    0.00    0.00    0.00    0.00    0.00  100.00
03:38:56 PM   17    0.00    0.00    0.00    0.00    0.00    0.00    0.00    0.00    0.00  100.00
03:38:56 PM   18    0.00    0.00    0.00    0.00    0.00    0.00    0.00    0.00    0.00  100.00
03:38:56 PM   19    0.00    0.00    0.00    0.00    0.00    0.00    0.00    0.00    0.00  100.00
03:38:56 PM   20    0.99    0.00    0.00    0.00    0.00    0.00    0.00    0.00    0.00   99.01
03:38:56 PM   21    0.00    0.00    0.00    0.00    0.00    0.00    0.00    0.00    0.00  100.00
03:38:56 PM   22    0.00    0.00    0.00    0.00    0.00    0.00    0.00    0.00    0.00  100.00
03:38:56 PM   23    0.00    0.00    1.00    1.00    0.00    0.00    0.00    0.00    0.00   98.00

03:38:56 PM  CPU    %usr   %nice    %sys %iowait    %irq   %soft  %steal  %guest  %gnice   %idle
03:38:57 PM  all    0.13    0.00    0.08    0.29    0.00    0.00    0.00    0.00    0.00   99.50
03:38:57 PM    0    0.00    0.00    0.00    3.06    0.00    0.00    0.00    0.00    0.00   96.94
03:38:57 PM    1    0.00    0.00    0.00    0.00    0.00    0.00    0.00    0.00    0.00  100.00
03:38:57 PM    2    0.00    0.00    0.00    0.00    0.00    0.00    0.00    0.00    0.00  100.00
03:38:57 PM    3    0.00    0.00    0.00    0.00    0.00    0.00    0.00    0.00    0.00  100.00
03:38:57 PM    4    0.00    0.00    0.00    0.00    0.00    0.00    0.00    0.00    0.00  100.00
03:38:57 PM    5    0.00    0.00    0.00    0.00    0.00    0.00    0.00    0.00    0.00  100.00
03:38:57 PM    6    0.00    0.00    0.00    0.00    0.00    0.00    0.00    0.00    0.00  100.00
03:38:57 PM    7    0.99    0.00    0.99    2.97    0.00    0.00    0.00    0.00    0.00   95.05
03:38:57 PM    8    0.00    0.00    0.00    0.00    0.00    0.00    0.00    0.00    0.00  100.00
03:38:57 PM    9    0.00    0.00    1.01    0.00    0.00    0.00    0.00    0.00    0.00   98.99
03:38:57 PM   10    0.00    0.00    0.00    0.00    0.00    0.00    0.00    0.00    0.00  100.00
03:38:57 PM   11    0.99    0.00    0.00    0.00    0.00    0.00    0.00    0.00    0.00   99.01
03:38:57 PM   12    0.00    0.00    0.00    0.00    0.00    0.00    0.00    0.00    0.00  100.00
03:38:57 PM   13    0.00    0.00    0.00    0.00    0.00    0.00    0.00    0.00    0.00  100.00
03:38:57 PM   14    0.00    0.00    0.00    0.00    0.00    0.00    0.00    0.00    0.00  100.00
03:38:57 PM   15    0.00    0.00    0.00    0.00    0.00    0.00    0.00    0.00    0.00  100.00
03:38:57 PM   16    0.00    0.00    0.00    0.00    0.00    0.00    0.00    0.00    0.00  100.00
03:38:57 PM   17    0.00    0.00    0.00    0.00    0.00    0.00    0.00    0.00    0.00  100.00
03:38:57 PM   18    0.00    0.00    0.00    0.00    0.00    0.00    0.00    0.00    0.00  100.00
03:38:57 PM   19    0.00    0.00    0.00    0.00    0.00    0.00    0.00    0.00    0.00  100.00
03:38:57 PM   20    0.00    0.00    0.99    0.00    0.00    0.00    0.00    0.00    0.00   99.01
03:38:57 PM   21    0.00    0.00    0.99    0.00    0.00    0.00    0.00    0.00    0.00   99.01
03:38:57 PM   22    0.00    0.00    0.00    0.00    0.00    0.00    0.00    0.00    0.00  100.00
03:38:57 PM   23    0.00    0.00    0.00    0.00    0.00    0.00    0.00    0.00    0.00  100.00

03:38:57 PM  CPU    %usr   %nice    %sys %iowait    %irq   %soft  %steal  %guest  %gnice   %idle
03:38:58 PM  all    0.21    0.00    1.21    0.33    0.00    0.00    0.00    0.00    0.00   98.24
03:38:58 PM    0    3.00    0.00   25.00    5.00    0.00    0.00    0.00    0.00    0.00   67.00
03:38:58 PM    1    0.00    0.00    0.00    0.00    0.00    0.00    0.00    0.00    0.00  100.00
03:38:58 PM    2    0.00    0.00    0.00    0.00    0.00    0.00    0.00    0.00    0.00  100.00
03:38:58 PM    3    0.00    0.00    0.00    0.00    0.00    0.00    0.00    0.00    0.00  100.00
03:38:58 PM    4    0.00    0.00    0.00    0.00    0.00    0.00    0.00    0.00    0.00  100.00
03:38:58 PM    5    0.00    0.00    0.00    0.00    0.00    0.00    0.00    0.00    0.00  100.00
03:38:58 PM    6    0.00    0.00    0.00    0.00    0.00    0.00    0.00    0.00    0.00  100.00
03:38:58 PM    7    0.00    0.00    0.00    0.00    0.00    0.00    0.00    0.00    0.00  100.00
03:38:58 PM    8    0.00    0.00    2.02    0.00    0.00    0.00    0.00    0.00    0.00   97.98
03:38:58 PM    9    1.01    0.00    1.01    2.02    0.00    0.00    0.00    0.00    0.00   95.96
03:38:58 PM   10    0.00    0.00    0.00    0.00    0.00    0.00    0.00    0.00    0.00  100.00
03:38:58 PM   11    0.00    0.00    0.00    0.00    0.00    0.00    0.00    0.00    0.00  100.00
03:38:58 PM   12    0.00    0.00    0.00    0.00    0.00    0.00    0.00    0.00    0.00  100.00
03:38:58 PM   13    0.00    0.00    0.00    0.00    0.00    0.00    0.00    0.00    0.00  100.00
03:38:58 PM   14    0.00    0.00    0.00    0.00    0.00    0.00    0.00    0.00    0.00  100.00
03:38:58 PM   15    0.00    0.00    0.00    0.00    0.00    0.00    0.00    0.00    0.00  100.00
03:38:58 PM   16    0.00    0.00    0.00    0.00    0.00    0.00    0.00    0.00    0.00  100.00
03:38:58 PM   17    0.00    0.00    0.00    0.00    0.00    0.00    0.00    0.00    0.00  100.00
03:38:58 PM   18    0.00    0.00    0.00    0.00    0.00    0.00    0.00    0.00    0.00  100.00
03:38:58 PM   19    0.00    0.00    0.00    0.00    0.00    0.00    0.00    0.00    0.00  100.00
03:38:58 PM   20    0.00    0.00    0.00    0.00    0.00    0.00    0.00    0.00    0.00  100.00
03:38:58 PM   21    1.02    0.00    1.02    0.00    0.00    0.00    0.00    0.00    0.00   97.96
03:38:58 PM   22    0.00    0.00    0.00    0.00    0.00    0.00    0.00    0.00    0.00  100.00
03:38:58 PM   23    0.00    0.00    0.00    2.00    0.00    0.00    0.00    0.00    0.00   98.00

03:38:58 PM  CPU    %usr   %nice    %sys %iowait    %irq   %soft  %steal  %guest  %gnice   %idle
03:38:59 PM  all    7.14    0.00   11.72    0.13    0.00    0.00    0.00    0.00    0.00   81.01
03:38:59 PM    0   16.13    0.00   43.01    0.00    0.00    0.00    0.00    0.00    0.00   40.86
03:38:59 PM    1   15.79    0.00   40.00    0.00    0.00    0.00    0.00    0.00    0.00   44.21
03:38:59 PM    2   16.87    0.00   28.92    0.00    0.00    0.00    0.00    0.00    0.00   54.22
03:38:59 PM    3   12.50    0.00   32.95    0.00    0.00    0.00    0.00    0.00    0.00   54.55
03:38:59 PM    4   16.47    0.00   30.59    0.00    0.00    0.00    0.00    0.00    0.00   52.94
03:38:59 PM    5   15.96    0.00   37.23    0.00    0.00    0.00    0.00    0.00    0.00   46.81
03:38:59 PM    6    3.03    0.00    0.00    0.00    0.00    0.00    0.00    0.00    0.00   96.97
03:38:59 PM    7    3.03    0.00    0.00    0.00    0.00    0.00    0.00    0.00    0.00   96.97
03:38:59 PM    8    4.00    0.00    0.00    0.00    0.00    0.00    0.00    0.00    0.00   96.00
03:38:59 PM    9    4.00    0.00    0.00    0.00    0.00    0.00    0.00    0.00    0.00   96.00
03:38:59 PM   10    4.00    0.00    0.00    0.00    0.00    0.00    0.00    0.00    0.00   96.00
03:38:59 PM   11    3.03    0.00    1.01    0.00    0.00    0.00    0.00    0.00    0.00   95.96
03:38:59 PM   12   13.33    0.00   40.00    0.00    0.00    0.00    0.00    0.00    0.00   46.67
03:38:59 PM   13   12.77    0.00   42.55    0.00    0.00    0.00    0.00    0.00    0.00   44.68
03:38:59 PM   14    2.02    0.00    0.00    0.00    0.00    0.00    0.00    0.00    0.00   97.98
03:38:59 PM   15    2.02    0.00    0.00    0.00    0.00    0.00    0.00    0.00    0.00   97.98
03:38:59 PM   16    2.97    0.00    0.00    0.00    0.00    0.00    0.00    0.00    0.00   97.03
03:38:59 PM   17    6.12    0.00    1.02    0.00    0.00    0.00    0.00    0.00    0.00   92.86
03:38:59 PM   18    4.00    0.00    0.00    0.00    0.00    0.00    0.00    0.00    0.00   96.00
03:38:59 PM   19    3.03    0.00    0.00    0.00    0.00    0.00    0.00    0.00    0.00   96.97
03:38:59 PM   20    3.03    0.00    0.00    0.00    0.00    0.00    0.00    0.00    0.00   96.97
03:38:59 PM   21    3.03    0.00    0.00    3.03    0.00    0.00    0.00    0.00    0.00   93.94
03:38:59 PM   22    4.00    0.00    0.00    0.00    0.00    0.00    0.00    0.00    0.00   96.00
03:38:59 PM   23    4.00    0.00    0.00    0.00    0.00    0.00    0.00    0.00    0.00   96.00

03:38:59 PM  CPU    %usr   %nice    %sys %iowait    %irq   %soft  %steal  %guest  %gnice   %idle
03:39:00 PM  all    6.28    0.00   17.27    0.18    0.00    0.00    0.00    0.00    0.00   76.27
03:39:00 PM    0   20.22    0.00   68.54    1.12    0.00    0.00    0.00    0.00    0.00   10.11
03:39:00 PM    1   16.67    0.00   65.56    0.00    0.00    0.00    0.00    0.00    0.00   17.78
03:39:00 PM    2   19.48    0.00   53.25    0.00    0.00    0.00    0.00    0.00    0.00   27.27
03:39:00 PM    3   22.50    0.00   45.00    0.00    0.00    0.00    0.00    0.00    0.00   32.50
03:39:00 PM    4   18.82    0.00   54.12    0.00    0.00    0.00    0.00    0.00    0.00   27.06
03:39:00 PM    5   24.39    0.00   52.44    0.00    0.00    0.00    0.00    0.00    0.00   23.17
03:39:00 PM    6    0.00    0.00    0.00    0.00    0.00    0.00    0.00    0.00    0.00  100.00
03:39:00 PM    7    0.00    0.00    0.00    0.00    0.00    0.00    0.00    0.00    0.00  100.00
03:39:00 PM    8    0.00    0.00    0.00    0.00    0.00    0.00    0.00    0.00    0.00  100.00
03:39:00 PM    9    0.00    0.00    0.00    1.01    0.00    0.00    0.00    0.00    0.00   98.99
03:39:00 PM   10    0.00    0.00    0.00    0.00    0.00    0.00    0.00    0.00    0.00  100.00
03:39:00 PM   11    1.00    0.00    1.00    0.00    0.00    0.00    0.00    0.00    0.00   98.00
03:39:00 PM   12   20.45    0.00   59.09    0.00    0.00    0.00    0.00    0.00    0.00   20.45
03:39:00 PM   13   24.14    0.00   60.92    0.00    0.00    0.00    0.00    0.00    0.00   14.94
03:39:00 PM   14    0.00    0.00    0.00    0.00    0.00    0.00    0.00    0.00    0.00  100.00
03:39:00 PM   15    0.00    0.00    0.00    0.00    0.00    0.00    0.00    0.00    0.00  100.00
03:39:00 PM   16    0.00    0.00    0.00    0.00    0.00    0.00    0.00    0.00    0.00  100.00
03:39:00 PM   17    0.00    0.00    2.00    0.00    0.00    0.00    0.00    0.00    0.00   98.00
03:39:00 PM   18    0.00    0.00    0.00    0.00    0.00    0.00    0.00    0.00    0.00  100.00
03:39:00 PM   19    0.99    0.00    0.00    0.00    0.00    0.00    0.00    0.00    0.00   99.01
03:39:00 PM   20    0.00    0.00    0.00    0.00    0.00    0.00    0.00    0.00    0.00  100.00
03:39:00 PM   21    0.00    0.00    0.00    0.00    0.00    0.00    0.00    0.00    0.00  100.00
03:39:00 PM   22    0.00    0.00    0.00    0.00    0.00    0.00    0.00    0.00    0.00  100.00
03:39:00 PM   23    0.00    0.00    0.00    2.02    0.00    0.00    0.00    0.00    0.00   97.98

03:39:00 PM  CPU    %usr   %nice    %sys %iowait    %irq   %soft  %steal  %guest  %gnice   %idle
03:39:01 PM  all    6.39    0.00   17.83    0.00    0.00    0.00    0.00    0.00    0.00   75.78
03:39:01 PM    0   20.22    0.00   65.17    0.00    0.00    0.00    0.00    0.00    0.00   14.61
03:39:01 PM    1   20.22    0.00   60.67    0.00    0.00    0.00    0.00    0.00    0.00   19.10
03:39:01 PM    2   20.24    0.00   51.19    0.00    0.00    0.00    0.00    0.00    0.00   28.57
03:39:01 PM    3   16.47    0.00   50.59    0.00    0.00    0.00    0.00    0.00    0.00   32.94
03:39:01 PM    4   22.09    0.00   48.84    0.00    0.00    0.00    0.00    0.00    0.00   29.07
03:39:01 PM    5   23.53    0.00   54.12    0.00    0.00    0.00    0.00    0.00    0.00   22.35
03:39:01 PM    6    0.00    0.00    1.00    0.00    0.00    0.00    0.00    0.00    0.00   99.00
03:39:01 PM    7    3.00    0.00    1.00    0.00    0.00    0.00    0.00    0.00    0.00   96.00
03:39:01 PM    8    0.00    0.00    0.00    0.00    0.00    0.00    0.00    0.00    0.00  100.00
03:39:01 PM    9    0.99    0.00    0.00    0.00    0.00    0.00    0.00    0.00    0.00   99.01
03:39:01 PM   10    0.00    0.00    0.00    0.00    0.00    0.00    0.00    0.00    0.00  100.00
03:39:01 PM   11    0.00    0.00    0.99    0.00    0.00    0.00    0.00    0.00    0.00   99.01
03:39:01 PM   12   20.22    0.00   64.04    0.00    0.00    0.00    0.00    0.00    0.00   15.73
03:39:01 PM   13   21.98    0.00   65.93    0.00    0.00    0.00    0.00    0.00    0.00   12.09
03:39:01 PM   14    0.00    0.00    0.00    0.00    0.00    0.00    0.00    0.00    0.00  100.00
03:39:01 PM   15    0.00    0.00    0.00    0.00    0.00    0.00    0.00    0.00    0.00  100.00
03:39:01 PM   16    0.00    0.00    0.00    0.00    0.00    0.00    0.00    0.00    0.00  100.00
03:39:01 PM   17    0.00    0.00    2.00    0.00    0.00    0.00    0.00    0.00    0.00   98.00
03:39:01 PM   18    0.00    0.00    0.00    0.00    0.00    0.00    0.00    0.00    0.00  100.00
03:39:01 PM   19    0.00    0.00    0.00    0.00    0.00    0.00    0.00    0.00    0.00  100.00
03:39:01 PM   20    0.00    0.00    0.00    0.00    0.00    0.00    0.00    0.00    0.00  100.00
03:39:01 PM   21    0.00    0.00    0.00    0.00    0.00    0.00    0.00    0.00    0.00  100.00
03:39:01 PM   22    0.00    0.00    0.00    0.00    0.00    0.00    0.00    0.00    0.00  100.00
03:39:01 PM   23    0.00    0.00    0.00    0.00    0.00    0.00    0.00    0.00    0.00  100.00

03:39:01 PM  CPU    %usr   %nice    %sys %iowait    %irq   %soft  %steal  %guest  %gnice   %idle
03:39:02 PM  all    5.92    0.00   19.56    0.13    0.00    0.00    0.00    0.00    0.00   74.39
03:39:02 PM    0   18.28    0.00   68.82    1.08    0.00    0.00    0.00    0.00    0.00   11.83
03:39:02 PM    1   16.30    0.00   66.30    0.00    0.00    0.00    0.00    0.00    0.00   17.39
03:39:02 PM    2   18.39    0.00   58.62    0.00    0.00    0.00    0.00    0.00    0.00   22.99
03:39:02 PM    3   21.18    0.00   50.59    0.00    0.00    0.00    0.00    0.00    0.00   28.24
03:39:02 PM    4   18.52    0.00   44.44    0.00    0.00    0.00    0.00    0.00    0.00   37.04
03:39:02 PM    5   18.39    0.00   50.57    0.00    0.00    0.00    0.00    0.00    0.00   31.03
03:39:02 PM    6    0.00    0.00    0.00    0.00    0.00    0.00    0.00    0.00    0.00  100.00
03:39:02 PM    7    0.00    0.00    2.00    0.00    0.00    0.00    0.00    0.00    0.00   98.00
03:39:02 PM    8    1.00    0.00    0.00    0.00    0.00    0.00    0.00    0.00    0.00   99.00
03:39:02 PM    9    0.99    0.00    0.99    1.98    0.00    0.00    0.00    0.00    0.00   96.04
03:39:02 PM   10    1.00    0.00    1.00    0.00    0.00    0.00    0.00    0.00    0.00   98.00
03:39:02 PM   11    1.01    0.00    0.00    0.00    0.00    0.00    0.00    0.00    0.00   98.99
03:39:02 PM   12   15.56    0.00   68.89    0.00    0.00    0.00    0.00    0.00    0.00   15.56
03:39:02 PM   13   17.02    0.00   70.21    0.00    0.00    0.00    0.00    0.00    0.00   12.77
03:39:02 PM   14    2.02    0.00    7.07    0.00    0.00    0.00    0.00    0.00    0.00   90.91
03:39:02 PM   15    3.96    0.00    6.93    0.00    0.00    0.00    0.00    0.00    0.00   89.11
03:39:02 PM   16    0.00    0.00    0.00    0.00    0.00    0.00    0.00    0.00    0.00  100.00
03:39:02 PM   17    0.00    0.00    3.96    0.00    0.00    0.00    0.00    0.00    0.00   96.04
03:39:02 PM   18    2.02    0.00    1.01    0.00    0.00    0.00    0.00    0.00    0.00   96.97
03:39:02 PM   19    0.00    0.00    0.99    0.00    0.00    0.00    0.00    0.00    0.00   99.01
03:39:02 PM   20    0.00    0.00    0.00    0.00    0.00    0.00    0.00    0.00    0.00  100.00
03:39:02 PM   21    0.00    0.00    0.00    0.00    0.00    0.00    0.00    0.00    0.00  100.00
03:39:02 PM   22    0.00    0.00    1.00    0.00    0.00    0.00    0.00    0.00    0.00   99.00
03:39:02 PM   23    0.00    0.00    1.01    1.01    0.00    0.00    0.00    0.00    0.00   97.98

03:39:02 PM  CPU    %usr   %nice    %sys %iowait    %irq   %soft  %steal  %guest  %gnice   %idle
03:39:03 PM  all    6.22    0.00   17.96    0.00    0.00    0.00    0.00    0.00    0.00   75.82
03:39:03 PM    0   20.00    0.00   67.37    0.00    0.00    0.00    0.00    0.00    0.00   12.63
03:39:03 PM    1   14.61    0.00   64.04    0.00    0.00    0.00    0.00    0.00    0.00   21.35
03:39:03 PM    2   21.11    0.00   53.33    0.00    0.00    0.00    0.00    0.00    0.00   25.56
03:39:03 PM    3   20.00    0.00   45.00    0.00    0.00    0.00    0.00    0.00    0.00   35.00
03:39:03 PM    4   24.39    0.00   46.34    0.00    0.00    0.00    0.00    0.00    0.00   29.27
03:39:03 PM    5   21.69    0.00   54.22    0.00    0.00    0.00    0.00    0.00    0.00   24.10
03:39:03 PM    6    1.00    0.00    0.00    0.00    0.00    0.00    0.00    0.00    0.00   99.00
03:39:03 PM    7    1.01    0.00    1.01    0.00    0.00    0.00    0.00    0.00    0.00   97.98
03:39:03 PM    8    0.00    0.00    0.00    0.00    0.00    0.00    0.00    0.00    0.00  100.00
03:39:03 PM    9    0.00    0.00    0.99    0.00    0.00    0.00    0.00    0.00    0.00   99.01
03:39:03 PM   10    0.00    0.00    0.00    0.00    0.00    0.00    0.00    0.00    0.00  100.00
03:39:03 PM   11    0.00    0.00    0.00    0.00    0.00    0.00    0.00    0.00    0.00  100.00
03:39:03 PM   12   19.78    0.00   64.84    0.00    0.00    0.00    0.00    0.00    0.00   15.38
03:39:03 PM   13   20.69    0.00   68.97    0.00    0.00    0.00    0.00    0.00    0.00   10.34
03:39:03 PM   14    0.00    0.00    0.00    0.00    0.00    0.00    0.00    0.00    0.00  100.00
03:39:03 PM   15    0.00    0.00    0.00    0.00    0.00    0.00    0.00    0.00    0.00  100.00
03:39:03 PM   16    0.00    0.00    0.00    0.00    0.00    0.00    0.00    0.00    0.00  100.00
03:39:03 PM   17    0.00    0.00    1.01    0.00    0.00    0.00    0.00    0.00    0.00   98.99
03:39:03 PM   18    0.00    0.00    0.00    0.00    0.00    0.00    0.00    0.00    0.00  100.00
03:39:03 PM   19    0.00    0.00    0.00    0.00    0.00    0.00    0.00    0.00    0.00  100.00
03:39:03 PM   20    0.00    0.00    0.00    0.00    0.00    0.00    0.00    0.00    0.00  100.00
03:39:03 PM   21    0.00    0.00    0.00    0.00    0.00    0.00    0.00    0.00    0.00  100.00
03:39:03 PM   22    0.00    0.00    0.00    0.00    0.00    0.00    0.00    0.00    0.00  100.00
03:39:03 PM   23    0.00    0.00    0.00    0.00    0.00    0.00    0.00    0.00    0.00  100.00

03:39:03 PM  CPU    %usr   %nice    %sys %iowait    %irq   %soft  %steal  %guest  %gnice   %idle
03:39:04 PM  all    1.26    0.00    3.20    0.38    0.00    0.00    0.00    0.00    0.00   95.15
03:39:04 PM    0    4.12    0.00   10.31    5.15    0.00    0.00    0.00    0.00    0.00   80.41
03:39:04 PM    1    2.08    0.00   10.42    0.00    0.00    0.00    0.00    0.00    0.00   87.50
03:39:04 PM    2    3.12    0.00    8.33    0.00    0.00    0.00    0.00    0.00    0.00   88.54
03:39:04 PM    3    4.12    0.00    7.22    0.00    0.00    0.00    0.00    0.00    0.00   88.66
03:39:04 PM    4    5.10    0.00    8.16    0.00    0.00    0.00    0.00    0.00    0.00   86.73
03:39:04 PM    5    3.06    0.00   11.22    0.00    0.00    0.00    0.00    0.00    0.00   85.71
03:39:04 PM    6    0.00    0.00    0.00    0.00    0.00    0.00    0.00    0.00    0.00  100.00
03:39:04 PM    7    1.00    0.00    1.00    0.00    0.00    0.00    0.00    0.00    0.00   98.00
03:39:04 PM    8    0.00    0.00    0.00    0.00    0.00    0.00    0.00    0.00    0.00  100.00
03:39:04 PM    9    0.00    0.00    0.00    1.01    0.00    0.00    0.00    0.00    0.00   98.99
03:39:04 PM   10    0.00    0.00    0.00    0.00    0.00    0.00    0.00    0.00    0.00  100.00
03:39:04 PM   11    0.00    0.00    0.00    0.00    0.00    0.00    0.00    0.00    0.00  100.00
03:39:04 PM   12    3.12    0.00    9.38    0.00    0.00    0.00    0.00    0.00    0.00   87.50
03:39:04 PM   13    5.21    0.00    8.33    0.00    0.00    0.00    0.00    0.00    0.00   86.46
03:39:04 PM   14    0.00    0.00    0.00    0.00    0.00    0.00    0.00    0.00    0.00  100.00
03:39:04 PM   15    0.00    0.00    0.00    0.00    0.00    0.00    0.00    0.00    0.00  100.00
03:39:04 PM   16    0.00    0.00    0.00    0.00    0.00    0.00    0.00    0.00    0.00  100.00
03:39:04 PM   17    0.00    0.00    4.90    0.00    0.00    0.00    0.00    0.00    0.00   95.10
03:39:04 PM   18    0.00    0.00    0.00    0.00    0.00    0.00    0.00    0.00    0.00  100.00
03:39:04 PM   19    0.00    0.00    0.00    0.00    0.00    0.00    0.00    0.00    0.00  100.00
03:39:04 PM   20    0.00    0.00    0.00    0.00    0.00    0.00    0.00    0.00    0.00  100.00
03:39:04 PM   21    0.00    0.00    0.00    0.00    0.00    0.00    0.00    0.00    0.00  100.00
03:39:04 PM   22    0.00    0.00    0.00    0.00    0.00    0.00    0.00    0.00    0.00  100.00
03:39:04 PM   23    0.00    0.00    0.00    1.01    0.00    0.00    0.00    0.00    0.00   98.99

03:39:04 PM  CPU    %usr   %nice    %sys %iowait    %irq   %soft  %steal  %guest  %gnice   %idle
03:39:05 PM  all    0.13    0.00    0.04    0.25    0.00    0.00    0.00    0.00    0.00   99.58
03:39:05 PM    0    0.00    0.00    0.00    0.00    0.00    0.00    0.00    0.00    0.00  100.00
03:39:05 PM    1    0.00    0.00    0.00    0.00    0.00    0.00    0.00    0.00    0.00  100.00
03:39:05 PM    2    0.00    0.00    0.00    0.00    0.00    0.00    0.00    0.00    0.00  100.00
03:39:05 PM    3    0.00    0.00    0.00    0.00    0.00    0.00    0.00    0.00    0.00  100.00
03:39:05 PM    4    0.00    0.00    0.00    0.00    0.00    0.00    0.00    0.00    0.00  100.00
03:39:05 PM    5    0.00    0.00    0.00    0.00    0.00    0.00    0.00    0.00    0.00  100.00
03:39:05 PM    6    1.00    0.00    0.00    0.00    0.00    0.00    0.00    0.00    0.00   99.00
03:39:05 PM    7    1.98    0.00    0.00    0.00    0.00    0.00    0.00    0.00    0.00   98.02
03:39:05 PM    8    0.00    0.00    0.00    0.00    0.00    0.00    0.00    0.00    0.00  100.00
03:39:05 PM    9    0.00    0.00    0.00    0.00    0.00    0.00    0.00    0.00    0.00  100.00
03:39:05 PM   10    0.00    0.00    0.00    0.00    0.00    0.00    0.00    0.00    0.00  100.00
03:39:05 PM   11    0.00    0.00    0.00    0.00    0.00    0.00    0.00    0.00    0.00  100.00
03:39:05 PM   12    0.00    0.00    0.00    0.00    0.00    0.00    0.00    0.00    0.00  100.00
03:39:05 PM   13    0.00    0.00    0.00    0.00    0.00    0.00    0.00    0.00    0.00  100.00
03:39:05 PM   14    0.00    0.00    0.00    0.00    0.00    0.00    0.00    0.00    0.00  100.00
03:39:05 PM   15    0.00    0.00    0.00    0.00    0.00    0.00    0.00    0.00    0.00  100.00
03:39:05 PM   16    0.00    0.00    0.00    0.00    0.00    0.00    0.00    0.00    0.00  100.00
03:39:05 PM   17    0.00    0.00    0.00    0.00    0.00    0.00    0.00    0.00    0.00  100.00
03:39:05 PM   18    0.00    0.00    0.00    6.00    0.00    0.00    0.00    0.00    0.00   94.00
03:39:05 PM   19    0.00    0.00    0.00    0.00    0.00    0.00    0.00    0.00    0.00  100.00
03:39:05 PM   20    0.00    0.00    0.00    0.00    0.00    0.00    0.00    0.00    0.00  100.00
03:39:05 PM   21    0.00    0.00    0.00    0.00    0.00    0.00    0.00    0.00    0.00  100.00
03:39:05 PM   22    0.00    0.00    0.00    0.00    0.00    0.00    0.00    0.00    0.00  100.00
03:39:05 PM   23    0.00    0.00    0.00    0.00    0.00    0.00    0.00    0.00    0.00  100.00
