Linux 4.13.16-041316-generic (pl1) 	12/14/2017 	_x86_64_	(24 CPU)

03:48:29 PM  CPU    %usr   %nice    %sys %iowait    %irq   %soft  %steal  %guest  %gnice   %idle
03:48:30 PM  all    0.00    0.00    0.04    0.29    0.00    0.00    0.00    0.00    0.00   99.67
03:48:30 PM    0    0.00    0.00    0.00    4.00    0.00    0.00    0.00    0.00    0.00   96.00
03:48:30 PM    1    0.00    0.00    0.00    0.00    0.00    0.00    0.00    0.00    0.00  100.00
03:48:30 PM    2    0.00    0.00    0.00    0.00    0.00    0.00    0.00    0.00    0.00  100.00
03:48:30 PM    3    0.00    0.00    0.00    0.00    0.00    0.00    0.00    0.00    0.00  100.00
03:48:30 PM    4    0.00    0.00    0.00    0.00    0.00    0.00    0.00    0.00    0.00  100.00
03:48:30 PM    5    0.00    0.00    0.00    0.00    0.00    0.00    0.00    0.00    0.00  100.00
03:48:30 PM    6    0.00    0.00    0.00    0.00    0.00    0.00    0.00    0.00    0.00  100.00
03:48:30 PM    7    0.00    0.00    0.99    0.00    0.00    0.00    0.00    0.00    0.00   99.01
03:48:30 PM    8    0.00    0.00    0.00    1.01    0.00    0.00    0.00    0.00    0.00   98.99
03:48:30 PM    9    0.00    0.00    0.00    0.00    0.00    0.00    0.00    0.00    0.00  100.00
03:48:30 PM   10    0.00    0.00    0.00    0.00    0.00    0.00    0.00    0.00    0.00  100.00
03:48:30 PM   11    0.00    0.00    0.00    0.00    0.00    0.00    0.00    0.00    0.00  100.00
03:48:30 PM   12    0.00    0.00    0.00    0.00    0.00    0.00    0.00    0.00    0.00  100.00
03:48:30 PM   13    0.00    0.00    0.00    0.00    0.00    0.00    0.00    0.00    0.00  100.00
03:48:30 PM   14    0.00    0.00    0.00    0.00    0.00    0.00    0.00    0.00    0.00  100.00
03:48:30 PM   15    0.00    0.00    0.00    0.00    0.00    0.00    0.00    0.00    0.00  100.00
03:48:30 PM   16    0.00    0.00    0.00    0.00    0.00    0.00    0.00    0.00    0.00  100.00
03:48:30 PM   17    0.00    0.00    0.00    0.00    0.00    0.00    0.00    0.00    0.00  100.00
03:48:30 PM   18    0.00    0.00    0.00    0.00    0.00    0.00    0.00    0.00    0.00  100.00
03:48:30 PM   19    0.00    0.00    0.00    0.00    0.00    0.00    0.00    0.00    0.00  100.00
03:48:30 PM   20    0.00    0.00    0.00    0.00    0.00    0.00    0.00    0.00    0.00  100.00
03:48:30 PM   21    0.00    0.00    0.00    0.00    0.00    0.00    0.00    0.00    0.00  100.00
03:48:30 PM   22    0.00    0.00    0.00    0.00    0.00    0.00    0.00    0.00    0.00  100.00
03:48:30 PM   23    0.00    0.00    0.99    1.98    0.00    0.00    0.00    0.00    0.00   97.03

03:48:30 PM  CPU    %usr   %nice    %sys %iowait    %irq   %soft  %steal  %guest  %gnice   %idle
03:48:31 PM  all    0.17    0.00    0.04    0.00    0.00    0.00    0.00    0.00    0.00   99.79
03:48:31 PM    0    0.00    0.00    0.00    0.00    0.00    0.00    0.00    0.00    0.00  100.00
03:48:31 PM    1    0.00    0.00    0.00    0.00    0.00    0.00    0.00    0.00    0.00  100.00
03:48:31 PM    2    0.00    0.00    0.00    0.00    0.00    0.00    0.00    0.00    0.00  100.00
03:48:31 PM    3    0.00    0.00    0.00    0.00    0.00    0.00    0.00    0.00    0.00  100.00
03:48:31 PM    4    0.00    0.00    0.00    0.00    0.00    0.00    0.00    0.00    0.00  100.00
03:48:31 PM    5    0.00    0.00    0.00    0.00    0.00    0.00    0.00    0.00    0.00  100.00
03:48:31 PM    6    0.00    0.00    1.01    0.00    0.00    0.00    0.00    0.00    0.00   98.99
03:48:31 PM    7    0.00    0.00    0.00    0.00    0.00    0.00    0.00    0.00    0.00  100.00
03:48:31 PM    8    1.00    0.00    0.00    0.00    0.00    0.00    0.00    0.00    0.00   99.00
03:48:31 PM    9    0.98    0.00    0.98    0.00    0.00    0.00    0.00    0.00    0.00   98.04
03:48:31 PM   10    0.00    0.00    0.00    0.00    0.00    0.00    0.00    0.00    0.00  100.00
03:48:31 PM   11    0.00    0.00    0.00    0.00    0.00    0.00    0.00    0.00    0.00  100.00
03:48:31 PM   12    0.00    0.00    0.00    0.00    0.00    0.00    0.00    0.00    0.00  100.00
03:48:31 PM   13    0.00    0.00    0.00    0.00    0.00    0.00    0.00    0.00    0.00  100.00
03:48:31 PM   14    0.00    0.00    0.00    0.00    0.00    0.00    0.00    0.00    0.00  100.00
03:48:31 PM   15    0.00    0.00    0.00    0.00    0.00    0.00    0.00    0.00    0.00  100.00
03:48:31 PM   16    0.00    0.00    0.00    0.00    0.00    0.00    0.00    0.00    0.00  100.00
03:48:31 PM   17    0.00    0.00    0.00    0.00    0.00    0.00    0.00    0.00    0.00  100.00
03:48:31 PM   18    0.00    0.00    0.00    0.00    0.00    0.00    0.00    0.00    0.00  100.00
03:48:31 PM   19    0.00    0.00    0.00    0.00    0.00    0.00    0.00    0.00    0.00  100.00
03:48:31 PM   20    0.00    0.00    0.00    0.00    0.00    0.00    0.00    0.00    0.00  100.00
03:48:31 PM   21    1.98    0.00    0.00    0.00    0.00    0.00    0.00    0.00    0.00   98.02
03:48:31 PM   22    0.00    0.00    0.00    0.00    0.00    0.00    0.00    0.00    0.00  100.00
03:48:31 PM   23    0.00    0.00    0.00    0.00    0.00    0.00    0.00    0.00    0.00  100.00

03:48:31 PM  CPU    %usr   %nice    %sys %iowait    %irq   %soft  %steal  %guest  %gnice   %idle
03:48:32 PM  all    0.17    0.00    0.12    0.54    0.00    0.00    0.00    0.00    0.00   99.17
03:48:32 PM    0    0.00    0.00    0.00    8.00    0.00    0.00    0.00    0.00    0.00   92.00
03:48:32 PM    1    0.00    0.00    0.00    0.00    0.00    0.00    0.00    0.00    0.00  100.00
03:48:32 PM    2    0.00    0.00    0.00    0.00    0.00    0.00    0.00    0.00    0.00  100.00
03:48:32 PM    3    0.00    0.00    0.00    0.00    0.00    0.00    0.00    0.00    0.00  100.00
03:48:32 PM    4    0.00    0.00    0.00    0.00    0.00    0.00    0.00    0.00    0.00  100.00
03:48:32 PM    5    0.00    0.00    0.00    0.00    0.00    0.00    0.00    0.00    0.00  100.00
03:48:32 PM    6    1.00    0.00    1.00    0.00    0.00    0.00    0.00    0.00    0.00   98.00
03:48:32 PM    7    0.00    0.00    0.00    2.00    0.00    0.00    0.00    0.00    0.00   98.00
03:48:32 PM    8    1.98    0.00    0.99    3.96    0.00    0.00    0.00    0.00    0.00   93.07
03:48:32 PM    9    0.00    0.00    0.00    0.00    0.00    0.00    0.00    0.00    0.00  100.00
03:48:32 PM   10    0.00    0.00    0.00    0.00    0.00    0.00    0.00    0.00    0.00  100.00
03:48:32 PM   11    0.00    0.00    0.00    0.00    0.00    0.00    0.00    0.00    0.00  100.00
03:48:32 PM   12    0.00    0.00    0.00    0.00    0.00    0.00    0.00    0.00    0.00  100.00
03:48:32 PM   13    0.00    0.00    0.00    0.00    0.00    0.00    0.00    0.00    0.00  100.00
03:48:32 PM   14    0.00    0.00    0.00    0.00    0.00    0.00    0.00    0.00    0.00  100.00
03:48:32 PM   15    0.00    0.00    0.00    0.00    0.00    0.00    0.00    0.00    0.00  100.00
03:48:32 PM   16    0.00    0.00    0.00    0.00    0.00    0.00    0.00    0.00    0.00  100.00
03:48:32 PM   17    0.00    0.00    0.00    0.00    0.00    0.00    0.00    0.00    0.00  100.00
03:48:32 PM   18    0.00    0.00    0.00    0.00    0.00    0.00    0.00    0.00    0.00  100.00
03:48:32 PM   19    0.00    0.00    0.00    0.00    0.00    0.00    0.00    0.00    0.00  100.00
03:48:32 PM   20    0.00    0.00    0.00    0.00    0.00    0.00    0.00    0.00    0.00  100.00
03:48:32 PM   21    0.00    0.00    0.00    0.00    0.00    0.00    0.00    0.00    0.00  100.00
03:48:32 PM   22    0.00    0.00    0.00    0.00    0.00    0.00    0.00    0.00    0.00  100.00
03:48:32 PM   23    0.00    0.00    0.00    0.00    0.00    0.00    0.00    0.00    0.00  100.00

03:48:32 PM  CPU    %usr   %nice    %sys %iowait    %irq   %soft  %steal  %guest  %gnice   %idle
03:48:33 PM  all    3.53    0.00    1.47    0.00    0.00    0.00    0.00    0.00    0.00   95.00
03:48:33 PM    0   10.20    0.00   28.57    0.00    0.00    0.00    0.00    0.00    0.00   61.22
03:48:33 PM    1    2.97    0.00    0.99    0.00    0.00    0.00    0.00    0.00    0.00   96.04
03:48:33 PM    2    3.00    0.00    0.00    0.00    0.00    0.00    0.00    0.00    0.00   97.00
03:48:33 PM    3    2.97    0.00    0.00    0.00    0.00    0.00    0.00    0.00    0.00   97.03
03:48:33 PM    4    3.00    0.00    0.00    0.00    0.00    0.00    0.00    0.00    0.00   97.00
03:48:33 PM    5    2.00    0.00    0.00    0.00    0.00    0.00    0.00    0.00    0.00   98.00
03:48:33 PM    6    3.09    0.00    2.06    0.00    0.00    0.00    0.00    0.00    0.00   94.85
03:48:33 PM    7    4.00    0.00    0.00    0.00    0.00    0.00    0.00    0.00    0.00   96.00
03:48:33 PM    8    3.03    0.00    0.00    0.00    0.00    0.00    0.00    0.00    0.00   96.97
03:48:33 PM    9    4.08    0.00    0.00    0.00    0.00    0.00    0.00    0.00    0.00   95.92
03:48:33 PM   10    4.04    0.00    1.01    0.00    0.00    0.00    0.00    0.00    0.00   94.95
03:48:33 PM   11    3.09    0.00    0.00    0.00    0.00    0.00    0.00    0.00    0.00   96.91
03:48:33 PM   12    2.97    0.00    0.00    0.00    0.00    0.00    0.00    0.00    0.00   97.03
03:48:33 PM   13    3.00    0.00    0.00    0.00    0.00    0.00    0.00    0.00    0.00   97.00
03:48:33 PM   14    3.00    0.00    0.00    0.00    0.00    0.00    0.00    0.00    0.00   97.00
03:48:33 PM   15    2.02    0.00    0.00    0.00    0.00    0.00    0.00    0.00    0.00   97.98
03:48:33 PM   16    3.00    0.00    0.00    0.00    0.00    0.00    0.00    0.00    0.00   97.00
03:48:33 PM   17    5.94    0.00    1.98    0.00    0.00    0.00    0.00    0.00    0.00   92.08
03:48:33 PM   18    3.03    0.00    0.00    0.00    0.00    0.00    0.00    0.00    0.00   96.97
03:48:33 PM   19    4.17    0.00    1.04    0.00    0.00    0.00    0.00    0.00    0.00   94.79
03:48:33 PM   20    3.09    0.00    0.00    0.00    0.00    0.00    0.00    0.00    0.00   96.91
03:48:33 PM   21    4.00    0.00    0.00    0.00    0.00    0.00    0.00    0.00    0.00   96.00
03:48:33 PM   22    4.00    0.00    0.00    0.00    0.00    0.00    0.00    0.00    0.00   96.00
03:48:33 PM   23    3.03    0.00    0.00    0.00    0.00    0.00    0.00    0.00    0.00   96.97

03:48:33 PM  CPU    %usr   %nice    %sys %iowait    %irq   %soft  %steal  %guest  %gnice   %idle
03:48:34 PM  all    1.09    0.00    5.94    0.50    0.00    0.00    0.00    0.00    0.00   92.47
03:48:34 PM    0    9.80    0.00   48.04    2.94    0.00    0.00    0.00    0.00    0.00   39.22
03:48:34 PM    1    0.99    0.00    8.91    0.00    0.00    0.00    0.00    0.00    0.00   90.10
03:48:34 PM    2   12.87    0.00   44.55    0.00    0.00    0.00    0.00    0.00    0.00   42.57
03:48:34 PM    3    0.00    0.00    1.00    0.00    0.00    0.00    0.00    0.00    0.00   99.00
03:48:34 PM    4    0.00    0.00    1.00    0.00    0.00    0.00    0.00    0.00    0.00   99.00
03:48:34 PM    5    0.00    0.00    1.00    0.00    0.00    0.00    0.00    0.00    0.00   99.00
03:48:34 PM    6    1.01    0.00    3.03    0.00    0.00    0.00    0.00    0.00    0.00   95.96
03:48:34 PM    7    0.00    0.00    2.04    1.02    0.00    0.00    0.00    0.00    0.00   96.94
03:48:34 PM    8    0.00    0.00    2.02    8.08    0.00    0.00    0.00    0.00    0.00   89.90
03:48:34 PM    9    0.99    0.00    2.97    0.00    0.00    0.00    0.00    0.00    0.00   96.04
03:48:34 PM   10    0.00    0.00    2.06    0.00    0.00    0.00    0.00    0.00    0.00   97.94
03:48:34 PM   11    0.00    0.00    2.04    0.00    0.00    0.00    0.00    0.00    0.00   97.96
03:48:34 PM   12    0.00    0.00    1.00    0.00    0.00    0.00    0.00    0.00    0.00   99.00
03:48:34 PM   13    0.00    0.00    1.00    0.00    0.00    0.00    0.00    0.00    0.00   99.00
03:48:34 PM   14    0.00    0.00    1.00    0.00    0.00    0.00    0.00    0.00    0.00   99.00
03:48:34 PM   15    0.00    0.00    1.00    0.00    0.00    0.00    0.00    0.00    0.00   99.00
03:48:34 PM   16    0.00    0.00    1.00    0.00    0.00    0.00    0.00    0.00    0.00   99.00
03:48:34 PM   17    0.00    0.00    3.03    0.00    0.00    0.00    0.00    0.00    0.00   96.97
03:48:34 PM   18    0.00    0.00    1.01    0.00    0.00    0.00    0.00    0.00    0.00   98.99
03:48:34 PM   19    0.00    0.00    1.01    0.00    0.00    0.00    0.00    0.00    0.00   98.99
03:48:34 PM   20    0.00    0.00    2.02    0.00    0.00    0.00    0.00    0.00    0.00   97.98
03:48:34 PM   21    0.00    0.00    2.02    0.00    0.00    0.00    0.00    0.00    0.00   97.98
03:48:34 PM   22    0.00    0.00    3.06    0.00    0.00    0.00    0.00    0.00    0.00   96.94
03:48:34 PM   23    0.00    0.00    3.03    0.00    0.00    0.00    0.00    0.00    0.00   96.97

03:48:34 PM  CPU    %usr   %nice    %sys %iowait    %irq   %soft  %steal  %guest  %gnice   %idle
03:48:35 PM  all    1.18    0.00    4.16    0.00    0.00    0.00    0.00    0.00    0.00   94.66
03:48:35 PM    0   16.16    0.00   38.38    0.00    0.00    0.00    0.00    0.00    0.00   45.45
03:48:35 PM    1    0.99    0.00    1.98    0.00    0.00    0.00    0.00    0.00    0.00   97.03
03:48:35 PM    2    7.92    0.00   45.54    0.00    0.00    0.00    0.00    0.00    0.00   46.53
03:48:35 PM    3    0.00    0.00    0.00    0.00    0.00    0.00    0.00    0.00    0.00  100.00
03:48:35 PM    4    0.00    0.00    0.00    0.00    0.00    0.00    0.00    0.00    0.00  100.00
03:48:35 PM    5    0.00    0.00    0.00    0.00    0.00    0.00    0.00    0.00    0.00  100.00
03:48:35 PM    6    1.01    0.00    1.01    0.00    0.00    0.00    0.00    0.00    0.00   97.98
03:48:35 PM    7    0.00    0.00    1.01    0.00    0.00    0.00    0.00    0.00    0.00   98.99
03:48:35 PM    8    0.00    0.00    1.01    0.00    0.00    0.00    0.00    0.00    0.00   98.99
03:48:35 PM    9    0.00    0.00    1.01    0.00    0.00    0.00    0.00    0.00    0.00   98.99
03:48:35 PM   10    0.00    0.00    1.01    0.00    0.00    0.00    0.00    0.00    0.00   98.99
03:48:35 PM   11    0.00    0.00    2.02    0.00    0.00    0.00    0.00    0.00    0.00   97.98
03:48:35 PM   12    0.00    0.00    0.00    0.00    0.00    0.00    0.00    0.00    0.00  100.00
03:48:35 PM   13    0.00    0.00    0.00    0.00    0.00    0.00    0.00    0.00    0.00  100.00
03:48:35 PM   14    0.00    0.00    1.00    0.00    0.00    0.00    0.00    0.00    0.00   99.00
03:48:35 PM   15    0.00    0.00    0.00    0.00    0.00    0.00    0.00    0.00    0.00  100.00
03:48:35 PM   16    0.00    0.00    0.00    0.00    0.00    0.00    0.00    0.00    0.00  100.00
03:48:35 PM   17    0.00    0.00    3.00    0.00    0.00    0.00    0.00    0.00    0.00   97.00
03:48:35 PM   18    0.00    0.00    1.01    0.00    0.00    0.00    0.00    0.00    0.00   98.99
03:48:35 PM   19    0.00    0.00    1.01    0.00    0.00    0.00    0.00    0.00    0.00   98.99
03:48:35 PM   20    0.00    0.00    1.01    0.00    0.00    0.00    0.00    0.00    0.00   98.99
03:48:35 PM   21    1.01    0.00    1.01    0.00    0.00    0.00    0.00    0.00    0.00   97.98
03:48:35 PM   22    0.00    0.00    1.01    0.00    0.00    0.00    0.00    0.00    0.00   98.99
03:48:35 PM   23    0.00    0.00    1.02    0.00    0.00    0.00    0.00    0.00    0.00   98.98

03:48:35 PM  CPU    %usr   %nice    %sys %iowait    %irq   %soft  %steal  %guest  %gnice   %idle
03:48:36 PM  all    1.06    0.00    4.09    0.21    0.00    0.00    0.00    0.00    0.00   94.64
03:48:36 PM    0   10.00    0.00   45.00    2.00    0.00    0.00    0.00    0.00    0.00   43.00
03:48:36 PM    1    0.00    0.00    1.01    0.00    0.00    0.00    0.00    0.00    0.00   98.99
03:48:36 PM    2   12.12    0.00   41.41    0.00    0.00    0.00    0.00    0.00    0.00   46.46
03:48:36 PM    3    0.00    0.00    0.00    0.00    0.00    0.00    0.00    0.00    0.00  100.00
03:48:36 PM    4    0.00    0.00    0.00    0.00    0.00    0.00    0.00    0.00    0.00  100.00
03:48:36 PM    5    0.00    0.00    0.00    0.00    0.00    0.00    0.00    0.00    0.00  100.00
03:48:36 PM    6    0.00    0.00    1.03    0.00    0.00    0.00    0.00    0.00    0.00   98.97
03:48:36 PM    7    0.00    0.00    0.00    1.02    0.00    0.00    0.00    0.00    0.00   98.98
03:48:36 PM    8    2.04    0.00    1.02    1.02    0.00    0.00    0.00    0.00    0.00   95.92
03:48:36 PM    9    0.00    0.00    1.02    0.00    0.00    0.00    0.00    0.00    0.00   98.98
03:48:36 PM   10    0.00    0.00    0.00    0.00    0.00    0.00    0.00    0.00    0.00  100.00
03:48:36 PM   11    0.00    0.00    0.00    0.00    0.00    0.00    0.00    0.00    0.00  100.00
03:48:36 PM   12    0.00    0.00    0.99    0.00    0.00    0.00    0.00    0.00    0.00   99.01
03:48:36 PM   13    0.00    0.00    0.00    0.00    0.00    0.00    0.00    0.00    0.00  100.00
03:48:36 PM   14    0.00    0.00    0.00    0.00    0.00    0.00    0.00    0.00    0.00  100.00
03:48:36 PM   15    0.00    0.00    0.00    0.00    0.00    0.00    0.00    0.00    0.00  100.00
03:48:36 PM   16    0.00    0.00    0.00    0.00    0.00    0.00    0.00    0.00    0.00  100.00
03:48:36 PM   17    0.98    0.00    3.92    0.00    0.00    0.00    0.00    0.00    0.00   95.10
03:48:36 PM   18    0.00    0.00    0.00    0.00    0.00    0.00    0.00    0.00    0.00  100.00
03:48:36 PM   19    0.00    0.00    0.00    0.00    0.00    0.00    0.00    0.00    0.00  100.00
03:48:36 PM   20    0.00    0.00    0.00    0.00    0.00    0.00    0.00    0.00    0.00  100.00
03:48:36 PM   21    0.00    0.00    1.03    0.00    0.00    0.00    0.00    0.00    0.00   98.97
03:48:36 PM   22    0.00    0.00    0.00    0.00    0.00    0.00    0.00    0.00    0.00  100.00
03:48:36 PM   23    0.00    0.00    0.00    0.00    0.00    0.00    0.00    0.00    0.00  100.00

03:48:36 PM  CPU    %usr   %nice    %sys %iowait    %irq   %soft  %steal  %guest  %gnice   %idle
03:48:37 PM  all    1.13    0.00   10.89    0.00    0.00    0.00    0.00    0.00    0.00   87.98
03:48:37 PM    0   11.00    0.00   84.00    0.00    0.00    0.00    0.00    0.00    0.00    5.00
03:48:37 PM    1    6.06    0.00   74.75    0.00    0.00    0.00    0.00    0.00    0.00   19.19
03:48:37 PM    2    7.07    0.00   78.79    0.00    0.00    0.00    0.00    0.00    0.00   14.14
03:48:37 PM    3    0.00    0.00    1.00    0.00    0.00    0.00    0.00    0.00    0.00   99.00
03:48:37 PM    4    0.00    0.00    1.00    0.00    0.00    0.00    0.00    0.00    0.00   99.00
03:48:37 PM    5    0.00    0.00    0.99    0.00    0.00    0.00    0.00    0.00    0.00   99.01
03:48:37 PM    6    1.02    0.00    1.02    0.00    0.00    0.00    0.00    0.00    0.00   97.96
03:48:37 PM    7    0.00    0.00    1.00    0.00    0.00    0.00    0.00    0.00    0.00   99.00
03:48:37 PM    8    0.00    0.00    1.01    0.00    0.00    0.00    0.00    0.00    0.00   98.99
03:48:37 PM    9    0.00    0.00    2.94    0.00    0.00    0.00    0.00    0.00    0.00   97.06
03:48:37 PM   10    0.00    0.00    2.00    0.00    0.00    0.00    0.00    0.00    0.00   98.00
03:48:37 PM   11    0.00    0.00    2.00    0.00    0.00    0.00    0.00    0.00    0.00   98.00
03:48:37 PM   12    0.00    0.00    0.99    0.00    0.00    0.00    0.00    0.00    0.00   99.01
03:48:37 PM   13    0.00    0.00    0.00    0.00    0.00    0.00    0.00    0.00    0.00  100.00
03:48:37 PM   14    0.00    0.00    0.00    0.00    0.00    0.00    0.00    0.00    0.00  100.00
03:48:37 PM   15    0.00    0.00    0.99    0.00    0.00    0.00    0.00    0.00    0.00   99.01
03:48:37 PM   16    0.00    0.00    0.99    0.00    0.00    0.00    0.00    0.00    0.00   99.01
03:48:37 PM   17    0.00    0.00    3.00    0.00    0.00    0.00    0.00    0.00    0.00   97.00
03:48:37 PM   18    0.00    0.00    1.00    0.00    0.00    0.00    0.00    0.00    0.00   99.00
03:48:37 PM   19    0.00    0.00    1.00    0.00    0.00    0.00    0.00    0.00    0.00   99.00
03:48:37 PM   20    0.00    0.00    1.00    0.00    0.00    0.00    0.00    0.00    0.00   99.00
03:48:37 PM   21    1.03    0.00    0.00    0.00    0.00    0.00    0.00    0.00    0.00   98.97
03:48:37 PM   22    0.00    0.00    2.00    0.00    0.00    0.00    0.00    0.00    0.00   98.00
03:48:37 PM   23    0.00    0.00    2.00    0.00    0.00    0.00    0.00    0.00    0.00   98.00

03:48:37 PM  CPU    %usr   %nice    %sys %iowait    %irq   %soft  %steal  %guest  %gnice   %idle
03:48:38 PM  all    1.23    0.00   12.12    0.04    0.00    0.00    0.00    0.00    0.00   86.61
03:48:38 PM    0   11.00    0.00   89.00    0.00    0.00    0.00    0.00    0.00    0.00    0.00
03:48:38 PM    1    8.91    0.00   90.10    0.00    0.00    0.00    0.00    0.00    0.00    0.99
03:48:38 PM    2    8.00    0.00   92.00    0.00    0.00    0.00    0.00    0.00    0.00    0.00
03:48:38 PM    3    0.00    0.00    1.01    0.00    0.00    0.00    0.00    0.00    0.00   98.99
03:48:38 PM    4    0.00    0.00    1.00    0.00    0.00    0.00    0.00    0.00    0.00   99.00
03:48:38 PM    5    0.00    0.00    1.00    0.00    0.00    0.00    0.00    0.00    0.00   99.00
03:48:38 PM    6    1.04    0.00    0.00    0.00    0.00    0.00    0.00    0.00    0.00   98.96
03:48:38 PM    7    0.00    0.00    1.02    2.04    0.00    0.00    0.00    0.00    0.00   96.94
03:48:38 PM    8    0.00    0.00    0.00    0.00    0.00    0.00    0.00    0.00    0.00  100.00
03:48:38 PM    9    0.00    0.00    0.00    0.00    0.00    0.00    0.00    0.00    0.00  100.00
03:48:38 PM   10    0.00    0.00    0.00    0.00    0.00    0.00    0.00    0.00    0.00  100.00
03:48:38 PM   11    0.00    0.00    0.00    0.00    0.00    0.00    0.00    0.00    0.00  100.00
03:48:38 PM   12    0.00    0.00    0.00    0.00    0.00    0.00    0.00    0.00    0.00  100.00
03:48:38 PM   13    0.00    0.00    0.00    0.00    0.00    0.00    0.00    0.00    0.00  100.00
03:48:38 PM   14    0.00    0.00    1.00    0.00    0.00    0.00    0.00    0.00    0.00   99.00
03:48:38 PM   15    0.00    0.00    0.00    0.00    0.00    0.00    0.00    0.00    0.00  100.00
03:48:38 PM   16    0.00    0.00    1.00    0.00    0.00    0.00    0.00    0.00    0.00   99.00
03:48:38 PM   17    0.00    0.00    5.83    0.00    0.00    0.00    0.00    0.00    0.00   94.17
03:48:38 PM   18    0.00    0.00    0.00    0.00    0.00    0.00    0.00    0.00    0.00  100.00
03:48:38 PM   19    0.00    0.00    0.00    0.00    0.00    0.00    0.00    0.00    0.00  100.00
03:48:38 PM   20    0.00    0.00    0.00    0.00    0.00    0.00    0.00    0.00    0.00  100.00
03:48:38 PM   21    1.04    0.00    1.04    0.00    0.00    0.00    0.00    0.00    0.00   97.92
03:48:38 PM   22    0.00    0.00    0.00    0.00    0.00    0.00    0.00    0.00    0.00  100.00
03:48:38 PM   23    0.00    0.00    1.03    0.00    0.00    0.00    0.00    0.00    0.00   98.97

03:48:38 PM  CPU    %usr   %nice    %sys %iowait    %irq   %soft  %steal  %guest  %gnice   %idle
03:48:39 PM  all    0.08    0.00    0.42    0.50    0.00    0.00    0.00    0.00    0.00   99.00
03:48:39 PM    0    0.00    0.00    1.01    4.04    0.00    0.00    0.00    0.00    0.00   94.95
03:48:39 PM    1    0.00    0.00    1.01    0.00    0.00    0.00    0.00    0.00    0.00   98.99
03:48:39 PM    2    0.00    0.00    1.00    0.00    0.00    0.00    0.00    0.00    0.00   99.00
03:48:39 PM    3    0.00    0.00    0.00    0.00    0.00    0.00    0.00    0.00    0.00  100.00
03:48:39 PM    4    0.00    0.00    0.00    0.00    0.00    0.00    0.00    0.00    0.00  100.00
03:48:39 PM    5    0.00    0.00    0.00    0.00    0.00    0.00    0.00    0.00    0.00  100.00
03:48:39 PM    6    1.00    0.00    1.00    0.00    0.00    0.00    0.00    0.00    0.00   98.00
03:48:39 PM    7    0.00    0.00    0.00    0.00    0.00    0.00    0.00    0.00    0.00  100.00
03:48:39 PM    8    0.00    0.00    0.00    8.00    0.00    0.00    0.00    0.00    0.00   92.00
03:48:39 PM    9    0.00    0.00    0.00    0.00    0.00    0.00    0.00    0.00    0.00  100.00
03:48:39 PM   10    0.00    0.00    0.00    0.00    0.00    0.00    0.00    0.00    0.00  100.00
03:48:39 PM   11    0.00    0.00    0.99    0.00    0.00    0.00    0.00    0.00    0.00   99.01
03:48:39 PM   12    0.00    0.00    0.00    0.00    0.00    0.00    0.00    0.00    0.00  100.00
03:48:39 PM   13    0.00    0.00    0.00    0.00    0.00    0.00    0.00    0.00    0.00  100.00
03:48:39 PM   14    0.00    0.00    0.00    0.00    0.00    0.00    0.00    0.00    0.00  100.00
03:48:39 PM   15    0.00    0.00    0.00    0.00    0.00    0.00    0.00    0.00    0.00  100.00
03:48:39 PM   16    0.00    0.00    0.00    0.00    0.00    0.00    0.00    0.00    0.00  100.00
03:48:39 PM   17    0.00    0.00    5.00    0.00    0.00    0.00    0.00    0.00    0.00   95.00
03:48:39 PM   18    0.00    0.00    0.00    0.00    0.00    0.00    0.00    0.00    0.00  100.00
03:48:39 PM   19    0.00    0.00    0.00    0.00    0.00    0.00    0.00    0.00    0.00  100.00
03:48:39 PM   20    0.00    0.00    0.00    0.00    0.00    0.00    0.00    0.00    0.00  100.00
03:48:39 PM   21    1.01    0.00    0.00    0.00    0.00    0.00    0.00    0.00    0.00   98.99
03:48:39 PM   22    0.00    0.00    0.00    0.00    0.00    0.00    0.00    0.00    0.00  100.00
03:48:39 PM   23    0.00    0.00    0.00    0.00    0.00    0.00    0.00    0.00    0.00  100.00

03:48:39 PM  CPU    %usr   %nice    %sys %iowait    %irq   %soft  %steal  %guest  %gnice   %idle
03:48:40 PM  all    0.08    0.00    0.08    0.29    0.00    0.00    0.00    0.00    0.00   99.54
03:48:40 PM    0    0.00    0.00    0.00    4.00    0.00    0.00    0.00    0.00    0.00   96.00
03:48:40 PM    1    0.00    0.00    0.00    0.00    0.00    0.00    0.00    0.00    0.00  100.00
03:48:40 PM    2    0.00    0.00    0.00    0.00    0.00    0.00    0.00    0.00    0.00  100.00
03:48:40 PM    3    0.00    0.00    0.00    0.00    0.00    0.00    0.00    0.00    0.00  100.00
03:48:40 PM    4    0.00    0.00    0.00    0.00    0.00    0.00    0.00    0.00    0.00  100.00
03:48:40 PM    5    0.00    0.00    0.00    0.00    0.00    0.00    0.00    0.00    0.00  100.00
03:48:40 PM    6    1.00    0.00    1.00    0.00    0.00    0.00    0.00    0.00    0.00   98.00
03:48:40 PM    7    0.99    0.00    0.00    1.98    0.00    0.00    0.00    0.00    0.00   97.03
03:48:40 PM    8    0.00    0.00    0.00    1.01    0.00    0.00    0.00    0.00    0.00   98.99
03:48:40 PM    9    0.00    0.00    0.00    0.00    0.00    0.00    0.00    0.00    0.00  100.00
03:48:40 PM   10    0.00    0.00    0.00    0.00    0.00    0.00    0.00    0.00    0.00  100.00
03:48:40 PM   11    0.99    0.00    0.00    0.00    0.00    0.00    0.00    0.00    0.00   99.01
03:48:40 PM   12    0.00    0.00    0.00    0.00    0.00    0.00    0.00    0.00    0.00  100.00
03:48:40 PM   13    0.00    0.00    0.00    0.00    0.00    0.00    0.00    0.00    0.00  100.00
03:48:40 PM   14    0.00    0.00    0.00    0.00    0.00    0.00    0.00    0.00    0.00  100.00
03:48:40 PM   15    0.00    0.00    0.00    0.00    0.00    0.00    0.00    0.00    0.00  100.00
03:48:40 PM   16    0.00    0.00    0.00    0.00    0.00    0.00    0.00    0.00    0.00  100.00
03:48:40 PM   17    0.00    0.00    0.00    0.00    0.00    0.00    0.00    0.00    0.00  100.00
03:48:40 PM   18    0.00    0.00    0.00    0.00    0.00    0.00    0.00    0.00    0.00  100.00
03:48:40 PM   19    0.00    0.00    0.00    0.00    0.00    0.00    0.00    0.00    0.00  100.00
03:48:40 PM   20    0.00    0.00    0.00    0.00    0.00    0.00    0.00    0.00    0.00  100.00
03:48:40 PM   21    0.00    0.00    0.99    0.00    0.00    0.00    0.00    0.00    0.00   99.01
03:48:40 PM   22    0.00    0.00    0.00    0.00    0.00    0.00    0.00    0.00    0.00  100.00
03:48:40 PM   23    0.00    0.00    0.00    0.00    0.00    0.00    0.00    0.00    0.00  100.00
