Linux 4.13.16-041316-generic (pl1) 	12/14/2017 	_x86_64_	(24 CPU)

03:49:51 PM  CPU    %usr   %nice    %sys %iowait    %irq   %soft  %steal  %guest  %gnice   %idle
03:49:52 PM  all    0.04    0.00    0.12    0.29    0.00    0.00    0.00    0.00    0.00   99.54
03:49:52 PM    0    0.00    0.00    0.00    4.00    0.00    0.00    0.00    0.00    0.00   96.00
03:49:52 PM    1    0.00    0.00    0.00    0.00    0.00    0.00    0.00    0.00    0.00  100.00
03:49:52 PM    2    0.00    0.00    0.00    0.00    0.00    0.00    0.00    0.00    0.00  100.00
03:49:52 PM    3    0.00    0.00    0.00    0.00    0.00    0.00    0.00    0.00    0.00  100.00
03:49:52 PM    4    0.00    0.00    0.00    0.00    0.00    0.00    0.00    0.00    0.00  100.00
03:49:52 PM    5    0.00    0.00    0.00    0.00    0.00    0.00    0.00    0.00    0.00  100.00
03:49:52 PM    6    0.00    0.00    0.00    0.00    0.00    0.00    0.00    0.00    0.00  100.00
03:49:52 PM    7    0.00    0.00    0.00    0.00    0.00    0.00    0.00    0.00    0.00  100.00
03:49:52 PM    8    0.00    0.00    0.00    1.00    0.00    0.00    0.00    0.00    0.00   99.00
03:49:52 PM    9    0.00    0.00    0.00    0.00    0.00    0.00    0.00    0.00    0.00  100.00
03:49:52 PM   10    0.98    0.00    0.98    0.00    0.00    0.00    0.00    0.00    0.00   98.04
03:49:52 PM   11    0.00    0.00    0.00    0.00    0.00    0.00    0.00    0.00    0.00  100.00
03:49:52 PM   12    0.00    0.00    0.00    0.00    0.00    0.00    0.00    0.00    0.00  100.00
03:49:52 PM   13    0.00    0.00    0.00    0.00    0.00    0.00    0.00    0.00    0.00  100.00
03:49:52 PM   14    0.00    0.00    0.00    0.00    0.00    0.00    0.00    0.00    0.00  100.00
03:49:52 PM   15    0.00    0.00    0.00    0.00    0.00    0.00    0.00    0.00    0.00  100.00
03:49:52 PM   16    0.00    0.00    0.00    0.00    0.00    0.00    0.00    0.00    0.00  100.00
03:49:52 PM   17    0.00    0.00    0.00    0.00    0.00    0.00    0.00    0.00    0.00  100.00
03:49:52 PM   18    0.00    0.00    0.00    0.00    0.00    0.00    0.00    0.00    0.00  100.00
03:49:52 PM   19    0.00    0.00    1.98    1.98    0.00    0.00    0.00    0.00    0.00   96.04
03:49:52 PM   20    0.00    0.00    0.00    0.00    0.00    0.00    0.00    0.00    0.00  100.00
03:49:52 PM   21    0.00    0.00    0.00    0.00    0.00    0.00    0.00    0.00    0.00  100.00
03:49:52 PM   22    0.00    0.00    0.00    0.00    0.00    0.00    0.00    0.00    0.00  100.00
03:49:52 PM   23    0.00    0.00    0.00    0.00    0.00    0.00    0.00    0.00    0.00  100.00

03:49:52 PM  CPU    %usr   %nice    %sys %iowait    %irq   %soft  %steal  %guest  %gnice   %idle
03:49:53 PM  all    0.13    0.00    0.04    0.00    0.00    0.00    0.00    0.00    0.00   99.83
03:49:53 PM    0    0.00    0.00    0.00    0.00    0.00    0.00    0.00    0.00    0.00  100.00
03:49:53 PM    1    0.00    0.00    0.00    0.00    0.00    0.00    0.00    0.00    0.00  100.00
03:49:53 PM    2    0.00    0.00    0.00    0.00    0.00    0.00    0.00    0.00    0.00  100.00
03:49:53 PM    3    0.00    0.00    0.00    0.00    0.00    0.00    0.00    0.00    0.00  100.00
03:49:53 PM    4    0.00    0.00    0.00    0.00    0.00    0.00    0.00    0.00    0.00  100.00
03:49:53 PM    5    0.00    0.00    0.00    0.00    0.00    0.00    0.00    0.00    0.00  100.00
03:49:53 PM    6    0.00    0.00    0.00    0.00    0.00    0.00    0.00    0.00    0.00  100.00
03:49:53 PM    7    0.00    0.00    0.00    0.00    0.00    0.00    0.00    0.00    0.00  100.00
03:49:53 PM    8    0.00    0.00    0.00    0.00    0.00    0.00    0.00    0.00    0.00  100.00
03:49:53 PM    9    0.00    0.00    0.00    0.00    0.00    0.00    0.00    0.00    0.00  100.00
03:49:53 PM   10    0.00    0.00    0.00    0.00    0.00    0.00    0.00    0.00    0.00  100.00
03:49:53 PM   11    0.00    0.00    0.00    0.00    0.00    0.00    0.00    0.00    0.00  100.00
03:49:53 PM   12    0.00    0.00    0.00    0.00    0.00    0.00    0.00    0.00    0.00  100.00
03:49:53 PM   13    0.00    0.00    0.00    0.00    0.00    0.00    0.00    0.00    0.00  100.00
03:49:53 PM   14    0.00    0.00    0.00    0.00    0.00    0.00    0.00    0.00    0.00  100.00
03:49:53 PM   15    0.00    0.00    0.00    0.00    0.00    0.00    0.00    0.00    0.00  100.00
03:49:53 PM   16    0.00    0.00    0.00    0.00    0.00    0.00    0.00    0.00    0.00  100.00
03:49:53 PM   17    0.00    0.00    0.00    0.00    0.00    0.00    0.00    0.00    0.00  100.00
03:49:53 PM   18    0.00    0.00    0.00    0.00    0.00    0.00    0.00    0.00    0.00  100.00
03:49:53 PM   19    1.01    0.00    0.00    0.00    0.00    0.00    0.00    0.00    0.00   98.99
03:49:53 PM   20    0.00    0.00    0.00    0.00    0.00    0.00    0.00    0.00    0.00  100.00
03:49:53 PM   21    1.01    0.00    0.00    0.00    0.00    0.00    0.00    0.00    0.00   98.99
03:49:53 PM   22    0.00    0.00    0.00    0.00    0.00    0.00    0.00    0.00    0.00  100.00
03:49:53 PM   23    0.00    0.00    0.00    0.00    0.00    0.00    0.00    0.00    0.00  100.00

03:49:53 PM  CPU    %usr   %nice    %sys %iowait    %irq   %soft  %steal  %guest  %gnice   %idle
03:49:54 PM  all    0.17    0.00    0.33    0.42    0.00    0.00    0.00    0.00    0.00   99.08
03:49:54 PM    0    1.00    0.00    3.00    6.00    0.00    0.00    0.00    0.00    0.00   90.00
03:49:54 PM    1    0.00    0.00    0.00    0.00    0.00    0.00    0.00    0.00    0.00  100.00
03:49:54 PM    2    0.00    0.00    0.00    0.00    0.00    0.00    0.00    0.00    0.00  100.00
03:49:54 PM    3    0.00    0.00    0.00    0.00    0.00    0.00    0.00    0.00    0.00  100.00
03:49:54 PM    4    0.00    0.00    0.00    0.00    0.00    0.00    0.00    0.00    0.00  100.00
03:49:54 PM    5    0.00    0.00    0.00    0.00    0.00    0.00    0.00    0.00    0.00  100.00
03:49:54 PM    6    0.00    0.00    0.00    0.00    0.00    0.00    0.00    0.00    0.00  100.00
03:49:54 PM    7    0.00    0.00    0.00    1.01    0.00    0.00    0.00    0.00    0.00   98.99
03:49:54 PM    8    0.98    0.00    0.00    1.96    0.00    0.00    0.00    0.00    0.00   97.06
03:49:54 PM    9    0.00    0.00    0.00    0.00    0.00    0.00    0.00    0.00    0.00  100.00
03:49:54 PM   10    0.99    0.00    0.00    0.00    0.00    0.00    0.00    0.00    0.00   99.01
03:49:54 PM   11    0.00    0.00    0.00    0.00    0.00    0.00    0.00    0.00    0.00  100.00
03:49:54 PM   12    0.00    0.00    0.00    0.00    0.00    0.00    0.00    0.00    0.00  100.00
03:49:54 PM   13    0.00    0.00    0.00    0.00    0.00    0.00    0.00    0.00    0.00  100.00
03:49:54 PM   14    0.00    0.00    0.00    0.00    0.00    0.00    0.00    0.00    0.00  100.00
03:49:54 PM   15    0.00    0.00    0.00    0.00    0.00    0.00    0.00    0.00    0.00  100.00
03:49:54 PM   16    0.00    0.00    0.00    0.00    0.00    0.00    0.00    0.00    0.00  100.00
03:49:54 PM   17    0.00    0.00    0.00    0.00    0.00    0.00    0.00    0.00    0.00  100.00
03:49:54 PM   18    0.00    0.00    1.00    0.00    0.00    0.00    0.00    0.00    0.00   99.00
03:49:54 PM   19    1.00    0.00    1.00    1.00    0.00    0.00    0.00    0.00    0.00   97.00
03:49:54 PM   20    0.00    0.00    0.00    0.00    0.00    0.00    0.00    0.00    0.00  100.00
03:49:54 PM   21    0.99    0.00    0.99    0.00    0.00    0.00    0.00    0.00    0.00   98.02
03:49:54 PM   22    0.00    0.00    0.00    0.00    0.00    0.00    0.00    0.00    0.00  100.00
03:49:54 PM   23    0.00    0.00    1.00    0.00    0.00    0.00    0.00    0.00    0.00   99.00

03:49:54 PM  CPU    %usr   %nice    %sys %iowait    %irq   %soft  %steal  %guest  %gnice   %idle
03:49:55 PM  all    3.89    0.00    5.19    0.13    0.00    0.00    0.00    0.00    0.00   90.79
03:49:55 PM    0   18.37    0.00   57.14    0.00    0.00    0.00    0.00    0.00    0.00   24.49
03:49:55 PM    1    3.00    0.00    7.00    0.00    0.00    0.00    0.00    0.00    0.00   90.00
03:49:55 PM    2    4.00    0.00   18.00    0.00    0.00    0.00    0.00    0.00    0.00   78.00
03:49:55 PM    3    5.05    0.00   25.25    0.00    0.00    0.00    0.00    0.00    0.00   69.70
03:49:55 PM    4    3.00    0.00    4.00    0.00    0.00    0.00    0.00    0.00    0.00   93.00
03:49:55 PM    5    3.00    0.00   10.00    0.00    0.00    0.00    0.00    0.00    0.00   87.00
03:49:55 PM    6    3.03    0.00    0.00    0.00    0.00    0.00    0.00    0.00    0.00   96.97
03:49:55 PM    7    3.06    0.00    0.00    0.00    0.00    0.00    0.00    0.00    0.00   96.94
03:49:55 PM    8    3.06    0.00    0.00    0.00    0.00    0.00    0.00    0.00    0.00   96.94
03:49:55 PM    9    4.08    0.00    1.02    0.00    0.00    0.00    0.00    0.00    0.00   94.90
03:49:55 PM   10    3.03    0.00    1.01    0.00    0.00    0.00    0.00    0.00    0.00   95.96
03:49:55 PM   11    4.08    0.00    0.00    0.00    0.00    0.00    0.00    0.00    0.00   95.92
03:49:55 PM   12    2.04    0.00    0.00    0.00    0.00    0.00    0.00    0.00    0.00   97.96
03:49:55 PM   13    2.02    0.00    0.00    0.00    0.00    0.00    0.00    0.00    0.00   97.98
03:49:55 PM   14    2.02    0.00    0.00    0.00    0.00    0.00    0.00    0.00    0.00   97.98
03:49:55 PM   15    2.04    0.00    0.00    0.00    0.00    0.00    0.00    0.00    0.00   97.96
03:49:55 PM   16    3.00    0.00    0.00    0.00    0.00    0.00    0.00    0.00    0.00   97.00
03:49:55 PM   17    2.97    0.00    0.00    0.00    0.00    0.00    0.00    0.00    0.00   97.03
03:49:55 PM   18    4.08    0.00    0.00    0.00    0.00    0.00    0.00    0.00    0.00   95.92
03:49:55 PM   19    4.12    0.00    1.03    0.00    0.00    0.00    0.00    0.00    0.00   94.85
03:49:55 PM   20    3.06    0.00    0.00    0.00    0.00    0.00    0.00    0.00    0.00   96.94
03:49:55 PM   21    3.16    0.00    0.00    0.00    0.00    0.00    0.00    0.00    0.00   96.84
03:49:55 PM   22    3.16    0.00    0.00    2.11    0.00    0.00    0.00    0.00    0.00   94.74
03:49:55 PM   23    3.09    0.00    0.00    0.00    0.00    0.00    0.00    0.00    0.00   96.91

03:49:55 PM  CPU    %usr   %nice    %sys %iowait    %irq   %soft  %steal  %guest  %gnice   %idle
03:49:56 PM  all    1.22    0.00    5.11    0.21    0.00    0.00    0.00    0.00    0.00   93.45
03:49:56 PM    0   12.12    0.00   42.42    2.02    0.00    0.00    0.00    0.00    0.00   43.43
03:49:56 PM    1    0.00    0.00    2.02    0.00    0.00    0.00    0.00    0.00    0.00   97.98
03:49:56 PM    2    0.00    0.00    1.01    0.00    0.00    0.00    0.00    0.00    0.00   98.99
03:49:56 PM    3   14.29    0.00   37.76    0.00    0.00    0.00    0.00    0.00    0.00   47.96
03:49:56 PM    4    1.01    0.00    1.01    0.00    0.00    0.00    0.00    0.00    0.00   97.98
03:49:56 PM    5    0.00    0.00    1.01    0.00    0.00    0.00    0.00    0.00    0.00   98.99
03:49:56 PM    6    0.00    0.00    1.03    0.00    0.00    0.00    0.00    0.00    0.00   98.97
03:49:56 PM    7    0.00    0.00    2.02    0.00    0.00    0.00    0.00    0.00    0.00   97.98
03:49:56 PM    8    0.00    0.00    4.00    1.00    0.00    0.00    0.00    0.00    0.00   95.00
03:49:56 PM    9    0.00    0.00    2.06    0.00    0.00    0.00    0.00    0.00    0.00   97.94
03:49:56 PM   10    0.00    0.00    4.08    0.00    0.00    0.00    0.00    0.00    0.00   95.92
03:49:56 PM   11    0.00    0.00    4.08    0.00    0.00    0.00    0.00    0.00    0.00   95.92
03:49:56 PM   12    0.00    0.00    1.03    0.00    0.00    0.00    0.00    0.00    0.00   98.97
03:49:56 PM   13    0.00    0.00    0.99    0.00    0.00    0.00    0.00    0.00    0.00   99.01
03:49:56 PM   14    0.00    0.00    0.99    0.00    0.00    0.00    0.00    0.00    0.00   99.01
03:49:56 PM   15    0.00    0.00    0.00    0.00    0.00    0.00    0.00    0.00    0.00  100.00
03:49:56 PM   16    0.00    0.00    1.00    0.00    0.00    0.00    0.00    0.00    0.00   99.00
03:49:56 PM   17    0.00    0.00    1.00    0.00    0.00    0.00    0.00    0.00    0.00   99.00
03:49:56 PM   18    0.00    0.00    1.02    0.00    0.00    0.00    0.00    0.00    0.00   98.98
03:49:56 PM   19    0.00    0.00    4.04    2.02    0.00    0.00    0.00    0.00    0.00   93.94
03:49:56 PM   20    0.00    0.00    3.06    0.00    0.00    0.00    0.00    0.00    0.00   96.94
03:49:56 PM   21    1.02    0.00    2.04    0.00    0.00    0.00    0.00    0.00    0.00   96.94
03:49:56 PM   22    0.00    0.00    3.09    0.00    0.00    0.00    0.00    0.00    0.00   96.91
03:49:56 PM   23    0.00    0.00    5.10    0.00    0.00    0.00    0.00    0.00    0.00   94.90

03:49:56 PM  CPU    %usr   %nice    %sys %iowait    %irq   %soft  %steal  %guest  %gnice   %idle
03:49:57 PM  all    1.01    0.00    5.33    0.00    0.00    0.00    0.00    0.00    0.00   93.66
03:49:57 PM    0    7.14    0.00   30.61    0.00    0.00    0.00    0.00    0.00    0.00   62.24
03:49:57 PM    1    4.00    0.00   15.00    0.00    0.00    0.00    0.00    0.00    0.00   81.00
03:49:57 PM    2    1.00    0.00    1.00    0.00    0.00    0.00    0.00    0.00    0.00   98.00
03:49:57 PM    3    8.00    0.00   45.00    0.00    0.00    0.00    0.00    0.00    0.00   47.00
03:49:57 PM    4    0.99    0.00    1.98    0.00    0.00    0.00    0.00    0.00    0.00   97.03
03:49:57 PM    5    0.00    0.00    1.02    0.00    0.00    0.00    0.00    0.00    0.00   98.98
03:49:57 PM    6    0.00    0.00    2.00    0.00    0.00    0.00    0.00    0.00    0.00   98.00
03:49:57 PM    7    0.00    0.00    2.02    0.00    0.00    0.00    0.00    0.00    0.00   97.98
03:49:57 PM    8    0.00    0.00    3.00    0.00    0.00    0.00    0.00    0.00    0.00   97.00
03:49:57 PM    9    0.00    0.00    2.02    0.00    0.00    0.00    0.00    0.00    0.00   97.98
03:49:57 PM   10    0.00    0.00    2.04    0.00    0.00    0.00    0.00    0.00    0.00   97.96
03:49:57 PM   11    0.00    0.00    1.03    0.00    0.00    0.00    0.00    0.00    0.00   98.97
03:49:57 PM   12    0.00    0.00    3.03    0.00    0.00    0.00    0.00    0.00    0.00   96.97
03:49:57 PM   13    0.00    0.00    1.00    0.00    0.00    0.00    0.00    0.00    0.00   99.00
03:49:57 PM   14    0.00    0.00    1.00    0.00    0.00    0.00    0.00    0.00    0.00   99.00
03:49:57 PM   15    0.00    0.00    1.00    0.00    0.00    0.00    0.00    0.00    0.00   99.00
03:49:57 PM   16    0.00    0.00    1.00    0.00    0.00    0.00    0.00    0.00    0.00   99.00
03:49:57 PM   17    0.00    0.00    1.00    0.00    0.00    0.00    0.00    0.00    0.00   99.00
03:49:57 PM   18    0.00    0.00    1.01    0.00    0.00    0.00    0.00    0.00    0.00   98.99
03:49:57 PM   19    1.01    0.00    2.02    0.00    0.00    0.00    0.00    0.00    0.00   96.97
03:49:57 PM   20    0.00    0.00    2.02    0.00    0.00    0.00    0.00    0.00    0.00   97.98
03:49:57 PM   21    2.00    0.00    2.00    0.00    0.00    0.00    0.00    0.00    0.00   96.00
03:49:57 PM   22    0.00    0.00    2.04    0.00    0.00    0.00    0.00    0.00    0.00   97.96
03:49:57 PM   23    0.00    0.00    1.03    0.00    0.00    0.00    0.00    0.00    0.00   98.97

03:49:57 PM  CPU    %usr   %nice    %sys %iowait    %irq   %soft  %steal  %guest  %gnice   %idle
03:49:58 PM  all    1.55    0.00   10.01    0.25    0.00    0.00    0.00    0.00    0.00   88.19
03:49:58 PM    0    0.99    0.00   28.71    3.96    0.00    0.00    0.00    0.00    0.00   66.34
03:49:58 PM    1   10.10    0.00   50.51    0.00    0.00    0.00    0.00    0.00    0.00   39.39
03:49:58 PM    2    1.01    0.00   27.27    0.00    0.00    0.00    0.00    0.00    0.00   71.72
03:49:58 PM    3   10.00    0.00   62.00    0.00    0.00    0.00    0.00    0.00    0.00   28.00
03:49:58 PM    4    2.02    0.00   26.26    0.00    0.00    0.00    0.00    0.00    0.00   71.72
03:49:58 PM    5    2.97    0.00   25.74    0.00    0.00    0.00    0.00    0.00    0.00   71.29
03:49:58 PM    6    0.00    0.00    1.01    0.00    0.00    0.00    0.00    0.00    0.00   98.99
03:49:58 PM    7    3.00    0.00    1.00    0.00    0.00    0.00    0.00    0.00    0.00   96.00
03:49:58 PM    8    1.01    0.00    1.01    1.01    0.00    0.00    0.00    0.00    0.00   96.97
03:49:58 PM    9    0.00    0.00    1.02    0.00    0.00    0.00    0.00    0.00    0.00   98.98
03:49:58 PM   10    0.00    0.00    1.02    0.00    0.00    0.00    0.00    0.00    0.00   98.98
03:49:58 PM   11    0.00    0.00    2.02    0.00    0.00    0.00    0.00    0.00    0.00   97.98
03:49:58 PM   12    0.00    0.00    3.00    0.00    0.00    0.00    0.00    0.00    0.00   97.00
03:49:58 PM   13    0.00    0.00    0.00    0.00    0.00    0.00    0.00    0.00    0.00  100.00
03:49:58 PM   14    0.00    0.00    0.00    0.00    0.00    0.00    0.00    0.00    0.00  100.00
03:49:58 PM   15    0.00    0.00    0.00    0.00    0.00    0.00    0.00    0.00    0.00  100.00
03:49:58 PM   16    0.00    0.00    0.00    0.00    0.00    0.00    0.00    0.00    0.00  100.00
03:49:58 PM   17    0.00    0.00    0.00    0.00    0.00    0.00    0.00    0.00    0.00  100.00
03:49:58 PM   18    0.00    0.00    1.01    0.00    0.00    0.00    0.00    0.00    0.00   98.99
03:49:58 PM   19    2.00    0.00    2.00    0.00    0.00    0.00    0.00    0.00    0.00   96.00
03:49:58 PM   20    1.98    0.00    1.98    0.00    0.00    0.00    0.00    0.00    0.00   96.04
03:49:58 PM   21    1.00    0.00    2.00    0.00    0.00    0.00    0.00    0.00    0.00   97.00
03:49:58 PM   22    1.02    0.00    2.04    1.02    0.00    0.00    0.00    0.00    0.00   95.92
03:49:58 PM   23    1.01    0.00    2.02    0.00    0.00    0.00    0.00    0.00    0.00   96.97

03:49:58 PM  CPU    %usr   %nice    %sys %iowait    %irq   %soft  %steal  %guest  %gnice   %idle
03:49:59 PM  all    0.80    0.00   24.76    0.00    0.00    0.00    0.00    0.00    0.00   74.44
03:49:59 PM    0    3.00    0.00   97.00    0.00    0.00    0.00    0.00    0.00    0.00    0.00
03:49:59 PM    1    2.02    0.00   97.98    0.00    0.00    0.00    0.00    0.00    0.00    0.00
03:49:59 PM    2    4.04    0.00   95.96    0.00    0.00    0.00    0.00    0.00    0.00    0.00
03:49:59 PM    3    2.02    0.00   97.98    0.00    0.00    0.00    0.00    0.00    0.00    0.00
03:49:59 PM    4    2.02    0.00   97.98    0.00    0.00    0.00    0.00    0.00    0.00    0.00
03:49:59 PM    5    4.00    0.00   96.00    0.00    0.00    0.00    0.00    0.00    0.00    0.00
03:49:59 PM    6    0.00    0.00    0.00    0.00    0.00    0.00    0.00    0.00    0.00  100.00
03:49:59 PM    7    0.00    0.00    0.99    0.00    0.00    0.00    0.00    0.00    0.00   99.01
03:49:59 PM    8    0.00    0.00    0.00    0.00    0.00    0.00    0.00    0.00    0.00  100.00
03:49:59 PM    9    0.00    0.00    0.00    0.00    0.00    0.00    0.00    0.00    0.00  100.00
03:49:59 PM   10    0.00    0.00    0.00    0.00    0.00    0.00    0.00    0.00    0.00  100.00
03:49:59 PM   11    0.00    0.00    0.00    0.00    0.00    0.00    0.00    0.00    0.00  100.00
03:49:59 PM   12    0.00    0.00    4.90    0.00    0.00    0.00    0.00    0.00    0.00   95.10
03:49:59 PM   13    0.00    0.00    0.00    0.00    0.00    0.00    0.00    0.00    0.00  100.00
03:49:59 PM   14    0.00    0.00    0.00    0.00    0.00    0.00    0.00    0.00    0.00  100.00
03:49:59 PM   15    0.00    0.00    0.00    0.00    0.00    0.00    0.00    0.00    0.00  100.00
03:49:59 PM   16    0.00    0.00    0.00    0.00    0.00    0.00    0.00    0.00    0.00  100.00
03:49:59 PM   17    0.00    0.00    0.00    0.00    0.00    0.00    0.00    0.00    0.00  100.00
03:49:59 PM   18    0.00    0.00    0.00    0.00    0.00    0.00    0.00    0.00    0.00  100.00
03:49:59 PM   19    0.00    0.00    2.06    0.00    0.00    0.00    0.00    0.00    0.00   97.94
03:49:59 PM   20    0.00    0.00    0.00    0.00    0.00    0.00    0.00    0.00    0.00  100.00
03:49:59 PM   21    0.00    0.00    1.03    0.00    0.00    0.00    0.00    0.00    0.00   98.97
03:49:59 PM   22    0.00    0.00    0.00    0.00    0.00    0.00    0.00    0.00    0.00  100.00
03:49:59 PM   23    0.00    0.00    0.00    0.00    0.00    0.00    0.00    0.00    0.00  100.00

03:49:59 PM  CPU    %usr   %nice    %sys %iowait    %irq   %soft  %steal  %guest  %gnice   %idle
03:50:00 PM  all    0.63    0.00   13.22    0.29    0.00    0.00    0.00    0.00    0.00   85.86
03:50:00 PM    0    3.06    0.00   51.02    3.06    0.00    0.00    0.00    0.00    0.00   42.86
03:50:00 PM    1    1.98    0.00   50.50    0.00    0.00    0.00    0.00    0.00    0.00   47.52
03:50:00 PM    2    1.98    0.00   51.49    0.00    0.00    0.00    0.00    0.00    0.00   46.53
03:50:00 PM    3    2.00    0.00   51.00    0.00    0.00    0.00    0.00    0.00    0.00   47.00
03:50:00 PM    4    2.97    0.00   50.50    0.00    0.00    0.00    0.00    0.00    0.00   46.53
03:50:00 PM    5    1.98    0.00   50.50    0.00    0.00    0.00    0.00    0.00    0.00   47.52
03:50:00 PM    6    0.00    0.00    0.00    0.00    0.00    0.00    0.00    0.00    0.00  100.00
03:50:00 PM    7    0.00    0.00    0.00    0.00    0.00    0.00    0.00    0.00    0.00  100.00
03:50:00 PM    8    0.00    0.00    0.00    1.01    0.00    0.00    0.00    0.00    0.00   98.99
03:50:00 PM    9    0.00    0.00    1.00    0.00    0.00    0.00    0.00    0.00    0.00   99.00
03:50:00 PM   10    0.00    0.00    1.00    0.00    0.00    0.00    0.00    0.00    0.00   99.00
03:50:00 PM   11    0.00    0.00    1.01    0.00    0.00    0.00    0.00    0.00    0.00   98.99
03:50:00 PM   12    0.00    0.00    6.93    0.00    0.00    0.00    0.00    0.00    0.00   93.07
03:50:00 PM   13    0.00    0.00    0.00    0.00    0.00    0.00    0.00    0.00    0.00  100.00
03:50:00 PM   14    0.00    0.00    0.00    0.00    0.00    0.00    0.00    0.00    0.00  100.00
03:50:00 PM   15    0.00    0.00    0.00    0.00    0.00    0.00    0.00    0.00    0.00  100.00
03:50:00 PM   16    0.00    0.00    0.00    0.00    0.00    0.00    0.00    0.00    0.00  100.00
03:50:00 PM   17    0.00    0.00    0.00    0.00    0.00    0.00    0.00    0.00    0.00  100.00
03:50:00 PM   18    1.00    0.00    0.00    0.00    0.00    0.00    0.00    0.00    0.00   99.00
03:50:00 PM   19    1.04    0.00    0.00    0.00    0.00    0.00    0.00    0.00    0.00   98.96
03:50:00 PM   20    0.00    0.00    0.00    0.00    0.00    0.00    0.00    0.00    0.00  100.00
03:50:00 PM   21    1.02    0.00    1.02    0.00    0.00    0.00    0.00    0.00    0.00   97.96
03:50:00 PM   22    0.00    0.00    1.00    2.00    0.00    0.00    0.00    0.00    0.00   97.00
03:50:00 PM   23    0.00    0.00    0.00    0.00    0.00    0.00    0.00    0.00    0.00  100.00

03:50:00 PM  CPU    %usr   %nice    %sys %iowait    %irq   %soft  %steal  %guest  %gnice   %idle
03:50:01 PM  all    0.04    0.00    0.08    0.00    0.00    0.00    0.00    0.00    0.00   99.87
03:50:01 PM    0    0.00    0.00    0.00    0.00    0.00    0.00    0.00    0.00    0.00  100.00
03:50:01 PM    1    0.00    0.00    0.00    0.00    0.00    0.00    0.00    0.00    0.00  100.00
03:50:01 PM    2    0.00    0.00    0.00    0.00    0.00    0.00    0.00    0.00    0.00  100.00
03:50:01 PM    3    0.00    0.00    0.00    0.00    0.00    0.00    0.00    0.00    0.00  100.00
03:50:01 PM    4    0.00    0.00    0.00    0.00    0.00    0.00    0.00    0.00    0.00  100.00
03:50:01 PM    5    0.00    0.00    0.00    0.00    0.00    0.00    0.00    0.00    0.00  100.00
03:50:01 PM    6    0.00    0.00    0.00    0.00    0.00    0.00    0.00    0.00    0.00  100.00
03:50:01 PM    7    0.00    0.00    0.00    0.00    0.00    0.00    0.00    0.00    0.00  100.00
03:50:01 PM    8    0.00    0.00    0.00    0.00    0.00    0.00    0.00    0.00    0.00  100.00
03:50:01 PM    9    0.00    0.00    0.00    0.00    0.00    0.00    0.00    0.00    0.00  100.00
03:50:01 PM   10    0.00    0.00    0.00    0.00    0.00    0.00    0.00    0.00    0.00  100.00
03:50:01 PM   11    0.00    0.00    0.00    0.00    0.00    0.00    0.00    0.00    0.00  100.00
03:50:01 PM   12    0.00    0.00    0.00    0.00    0.00    0.00    0.00    0.00    0.00  100.00
03:50:01 PM   13    0.00    0.00    0.00    0.00    0.00    0.00    0.00    0.00    0.00  100.00
03:50:01 PM   14    0.00    0.00    0.00    0.00    0.00    0.00    0.00    0.00    0.00  100.00
03:50:01 PM   15    0.00    0.00    0.00    0.00    0.00    0.00    0.00    0.00    0.00  100.00
03:50:01 PM   16    0.00    0.00    0.00    0.00    0.00    0.00    0.00    0.00    0.00  100.00
03:50:01 PM   17    0.00    0.00    0.00    0.00    0.00    0.00    0.00    0.00    0.00  100.00
03:50:01 PM   18    0.00    0.00    0.00    0.00    0.00    0.00    0.00    0.00    0.00  100.00
03:50:01 PM   19    0.99    0.00    0.99    0.00    0.00    0.00    0.00    0.00    0.00   98.02
03:50:01 PM   20    0.00    0.00    0.00    0.00    0.00    0.00    0.00    0.00    0.00  100.00
03:50:01 PM   21    0.00    0.00    1.00    0.00    0.00    0.00    0.00    0.00    0.00   99.00
03:50:01 PM   22    0.00    0.00    0.00    0.00    0.00    0.00    0.00    0.00    0.00  100.00
03:50:01 PM   23    0.00    0.00    0.00    0.00    0.00    0.00    0.00    0.00    0.00  100.00
