Linux 4.13.16-041316-generic (pl1) 	12/14/2017 	_x86_64_	(24 CPU)

07:49:17 PM   UID       PID    %usr %system  %guest    %CPU   CPU  Command
07:49:18 PM     0       224    0.00    0.98    0.00    0.98     0  kworker/0:1
07:49:18 PM  1001      2678    0.98    0.00    0.00    0.98    19  tmux
07:49:18 PM  1001     12727    0.98    1.96    0.00    2.94    11  pidstat

07:49:18 PM   UID       PID    %usr %system  %guest    %CPU   CPU  Command
07:49:19 PM     0       127    0.00    1.00    0.00    1.00    19  kworker/19:0
07:49:19 PM  1001      2680    0.00    1.00    0.00    1.00    23  bash
07:49:19 PM     0     12731    0.00   58.00    0.00   58.00     7  perf

07:49:19 PM   UID       PID    %usr %system  %guest    %CPU   CPU  Command
07:49:20 PM     0       556    0.00    1.00    0.00    1.00    10  kworker/10:2
07:49:20 PM 64045      1600    1.00    0.00    0.00    1.00    21  ceph-mon
07:49:20 PM     0      2890    0.00    1.00    0.00    1.00     8  kworker/8:0
07:49:20 PM  1001     12727    1.00    1.00    0.00    2.00    11  pidstat
07:49:20 PM     0     12731  444.00   13.00    0.00  457.00     0  perf

07:49:20 PM   UID       PID    %usr %system  %guest    %CPU   CPU  Command
07:49:21 PM  1001     12727    1.00    1.00    0.00    2.00    11  pidstat
07:49:21 PM     0     12731  900.00    0.00    0.00  900.00     0  perf

07:49:21 PM   UID       PID    %usr %system  %guest    %CPU   CPU  Command
07:49:22 PM  1001      2678    1.00    0.00    0.00    1.00    20  tmux
07:49:22 PM     0     12731  899.00    0.00    0.00  899.00     0  perf

07:49:22 PM   UID       PID    %usr %system  %guest    %CPU   CPU  Command
07:49:23 PM  1001     12725    0.00    1.00    0.00    1.00     8  mpstat
07:49:23 PM  1001     12727    1.00    2.00    0.00    3.00    11  pidstat
07:49:23 PM     0     12731  900.00    0.00    0.00  900.00     0  perf

07:49:23 PM   UID       PID    %usr %system  %guest    %CPU   CPU  Command
07:49:24 PM 64045      1629    0.00    1.00    0.00    1.00    21  ceph-mgr
07:49:24 PM     0      2106    1.00    0.00    0.00    1.00    23  containerd
07:49:24 PM     0      3004    0.00    1.00    0.00    1.00     9  kworker/9:1
07:49:24 PM  1001     12727    0.00    1.00    0.00    1.00    11  pidstat
07:49:24 PM     0     12731  900.00    0.00    0.00  900.00     0  perf

07:49:24 PM   UID       PID    %usr %system  %guest    %CPU   CPU  Command
07:49:25 PM     0        64    1.00    0.00    0.00    1.00     9  watchdog/9
07:49:25 PM     0       133    0.00    1.00    0.00    1.00    20  kworker/20:0
07:49:25 PM     0       176    0.00    1.00    0.00    1.00    11  kworker/11:1
07:49:25 PM     0       224    0.00    1.00    0.00    1.00     0  kworker/0:1
07:49:25 PM  1001      2678    1.00    0.00    0.00    1.00    20  tmux
07:49:25 PM     0      8902    0.00    1.00    0.00    1.00     6  kworker/6:1
07:49:25 PM  1001     12727    0.00    1.00    0.00    1.00    11  pidstat

07:49:25 PM   UID       PID    %usr %system  %guest    %CPU   CPU  Command
07:49:26 PM     0      1687    0.00    1.00    0.00    1.00    22  dockerd
07:49:26 PM  1001     12727    1.00    1.00    0.00    2.00    11  pidstat

07:49:26 PM   UID       PID    %usr %system  %guest    %CPU   CPU  Command
07:49:27 PM  1001     12727    0.00    1.00    0.00    1.00    11  pidstat

07:49:27 PM   UID       PID    %usr %system  %guest    %CPU   CPU  Command
07:49:28 PM     0       556    0.00    1.00    0.00    1.00    10  kworker/10:2
07:49:28 PM  1001     12727    1.00    1.00    0.00    2.00    11  pidstat
