Linux 4.13.16-041316-generic (pl1) 	12/14/2017 	_x86_64_	(24 CPU)

07:46:28 PM   UID       PID    %usr %system  %guest    %CPU   CPU  Command
07:46:29 PM  1001     12673    0.00    0.99    0.00    0.99     6  pidstat

07:46:29 PM   UID       PID    %usr %system  %guest    %CPU   CPU  Command
07:46:30 PM     0        82    1.00    0.00    0.00    1.00    12  watchdog/12
07:46:30 PM  1001     12673    1.00    1.00    0.00    2.00     6  pidstat

07:46:30 PM   UID       PID    %usr %system  %guest    %CPU   CPU  Command
07:46:31 PM     0         9    0.00    1.00    0.00    1.00     0  rcu_sched
07:46:31 PM     0       132    0.00    1.00    0.00    1.00    20  ksoftirqd/20
07:46:31 PM     0       176    0.00    1.00    0.00    1.00    11  kworker/11:1
07:46:31 PM     0       224    0.00    1.00    0.00    1.00     0  kworker/0:1
07:46:31 PM  1001      2678    1.00    0.00    0.00    1.00    11  tmux
07:46:31 PM  1001      2680    0.00    1.00    0.00    1.00    23  bash
07:46:31 PM     0      8902    0.00    1.00    0.00    1.00     6  kworker/6:1
07:46:31 PM  1001     12673    0.00    1.00    0.00    1.00     6  pidstat
07:46:31 PM     0     12675    0.00    1.00    0.00    1.00    18  sudo
07:46:31 PM     0     12677    0.00   64.00    0.00   64.00    20  perf

07:46:31 PM   UID       PID    %usr %system  %guest    %CPU   CPU  Command
07:46:32 PM     0       156    0.00    1.00    0.00    1.00     7  kworker/7:1
07:46:32 PM     0     12677  332.00    5.00    0.00  337.00     0  perf

07:46:32 PM   UID       PID    %usr %system  %guest    %CPU   CPU  Command
07:46:33 PM  1001     12673    1.00    2.00    0.00    3.00     6  pidstat
07:46:33 PM     0     12677  500.00    0.00    0.00  500.00     0  perf

07:46:33 PM   UID       PID    %usr %system  %guest    %CPU   CPU  Command
07:46:34 PM 64045      1600    1.00    0.00    0.00    1.00    21  ceph-mon
07:46:34 PM  1001     12673    0.00    1.00    0.00    1.00     6  pidstat
07:46:34 PM     0     12677  500.00    0.00    0.00  500.00     0  perf

07:46:34 PM   UID       PID    %usr %system  %guest    %CPU   CPU  Command
07:46:35 PM  1001     12673    1.00    0.00    0.00    1.00     6  pidstat
07:46:35 PM     0     12677  500.00    0.00    0.00  500.00     0  perf

07:46:35 PM   UID       PID    %usr %system  %guest    %CPU   CPU  Command
07:46:36 PM 64045      1629    1.00    0.00    0.00    1.00    21  ceph-mgr
07:46:36 PM     0      2890    0.00    1.00    0.00    1.00     8  kworker/8:0
07:46:36 PM     0      3257    0.00    1.00    0.00    1.00    18  kworker/18:1
07:46:36 PM  1001     12673    1.00    1.00    0.00    2.00     6  pidstat
07:46:36 PM     0     12677  500.00    0.00    0.00  500.00     0  perf

07:46:36 PM   UID       PID    %usr %system  %guest    %CPU   CPU  Command
07:46:37 PM     0        30    0.00    1.00    0.00    1.00     3  kworker/3:0
07:46:37 PM     0       127    0.00    1.00    0.00    1.00    19  kworker/19:0
07:46:37 PM  1001      2678    0.00    1.00    0.00    1.00    11  tmux
07:46:37 PM     0      8902    0.00    1.00    0.00    1.00     6  kworker/6:1
07:46:37 PM  1001     12673    1.00    0.00    0.00    1.00     6  pidstat

07:46:37 PM   UID       PID    %usr %system  %guest    %CPU   CPU  Command
07:46:38 PM     0       224    0.00    0.99    0.00    0.99     0  kworker/0:1
07:46:38 PM     0      1687    1.98    1.98    0.00    3.96    20  dockerd
07:46:38 PM     0      2106    0.99    0.00    0.00    0.99    23  containerd
07:46:38 PM  1001     12673    0.00    1.98    0.00    1.98     6  pidstat

07:46:38 PM   UID       PID    %usr %system  %guest    %CPU   CPU  Command
07:46:39 PM     0       156    0.00    1.00    0.00    1.00     7  kworker/7:1
07:46:39 PM     0       176    0.00    1.00    0.00    1.00    11  kworker/11:1
07:46:39 PM     0      1687    1.00    0.00    0.00    1.00    20  dockerd
07:46:39 PM  1001      2678    1.00    0.00    0.00    1.00    11  tmux
07:46:39 PM  1001     12671    0.00    1.00    0.00    1.00     8  mpstat
07:46:39 PM  1001     12673    0.00    1.00    0.00    1.00     6  pidstat

07:46:39 PM   UID       PID    %usr %system  %guest    %CPU   CPU  Command
07:46:40 PM  1001     12673    1.00    1.00    0.00    2.00     6  pidstat
