Linux 4.13.16-041316-generic (pl1) 	12/14/2017 	_x86_64_	(24 CPU)

03:29:40 PM   UID       PID    %usr %system  %guest    %CPU   CPU  Command
03:29:41 PM     0       556    0.00    0.98    0.00    0.98    10  kworker/10:2
03:29:41 PM  1001      2678    0.98    0.00    0.00    0.98     8  tmux
03:29:41 PM  1001      7311    1.96    0.00    0.00    1.96    23  pidstat

03:29:41 PM   UID       PID    %usr %system  %guest    %CPU   CPU  Command
03:29:42 PM     0         9    0.00    1.00    0.00    1.00     0  rcu_sched
03:29:42 PM     0      2890    0.00    1.00    0.00    1.00     8  kworker/8:0
03:29:42 PM     0      3257    0.00    1.00    0.00    1.00    18  kworker/18:1
03:29:42 PM  1001      5974    1.00    0.00    0.00    1.00     7  vim
03:29:42 PM  1001      7311    1.00    1.00    0.00    2.00    23  pidstat

03:29:42 PM   UID       PID    %usr %system  %guest    %CPU   CPU  Command
03:29:43 PM     0        18    0.00    1.00    0.00    1.00     1  kworker/1:0
03:29:43 PM     0       127    0.00    1.00    0.00    1.00    19  kworker/19:0
03:29:43 PM     0       133    0.00    1.00    0.00    1.00    20  kworker/20:0
03:29:43 PM     0       150    1.00    0.00    0.00    1.00    23  ksoftirqd/23
03:29:43 PM     0       156    0.00    1.00    0.00    1.00     7  kworker/7:1
03:29:43 PM     0       176    0.00    2.00    0.00    2.00    11  kworker/11:1
03:29:43 PM     0       224    0.00    1.00    0.00    1.00     0  kworker/0:1
03:29:43 PM     0       556    0.00    1.00    0.00    1.00    10  kworker/10:2
03:29:43 PM     0       792    0.00    1.00    0.00    1.00    21  kworker/21:2
03:29:43 PM  1001      2678    1.00    0.00    0.00    1.00     7  tmux
03:29:43 PM  1001      2680    0.00    1.00    0.00    1.00     8  bash
03:29:43 PM     0      3004    0.00    1.00    0.00    1.00     9  kworker/9:1
03:29:43 PM     0      3257    0.00    1.00    0.00    1.00    18  kworker/18:1
03:29:43 PM  1001      7311    1.00    0.00    0.00    1.00    23  pidstat
03:29:43 PM     0      7313    0.00    1.00    0.00    1.00     9  sudo
03:29:43 PM     0      7315  131.00   46.00    0.00  177.00     1  fio

03:29:43 PM   UID       PID    %usr %system  %guest    %CPU   CPU  Command
03:29:44 PM     0        18    0.00    2.00    0.00    2.00     1  kworker/1:0
03:29:44 PM     0       133    0.00    3.00    0.00    3.00    20  kworker/20:0
03:29:44 PM     0       156    0.00    3.00    0.00    3.00     7  kworker/7:1
03:29:44 PM     0       559    0.00    3.00    0.00    3.00    23  kworker/23:2
03:29:44 PM     0       792    0.00    2.00    0.00    2.00    21  kworker/21:2
03:29:44 PM     0      1687    0.00    1.00    0.00    1.00    18  dockerd
03:29:44 PM     0      2890    0.00    2.00    0.00    2.00     8  kworker/8:0
03:29:44 PM  1001      7311    0.00    2.00    0.00    2.00    23  pidstat
03:29:44 PM     0      7315   29.00   72.00    0.00  101.00     1  fio

03:29:44 PM   UID       PID    %usr %system  %guest    %CPU   CPU  Command
03:29:45 PM     0        18    0.00    2.00    0.00    2.00     1  kworker/1:0
03:29:45 PM     0       133    0.00    2.00    0.00    2.00    20  kworker/20:0
03:29:45 PM     0       156    0.00    2.00    0.00    2.00     7  kworker/7:1
03:29:45 PM     0       559    0.00    2.00    0.00    2.00    23  kworker/23:2
03:29:45 PM     0       792    0.00    3.00    0.00    3.00    21  kworker/21:2
03:29:45 PM     0      2106    1.00    0.00    0.00    1.00    23  containerd
03:29:45 PM     0      2890    0.00    3.00    0.00    3.00     8  kworker/8:0
03:29:45 PM  1001      7309    0.00    1.00    0.00    1.00    21  mpstat
03:29:45 PM  1001      7311    1.00    1.00    0.00    2.00    23  pidstat
03:29:45 PM     0      7315   24.00   76.00    0.00  100.00     1  fio

03:29:45 PM   UID       PID    %usr %system  %guest    %CPU   CPU  Command
03:29:46 PM     0        18    0.00    2.00    0.00    2.00     1  kworker/1:0
03:29:46 PM     0       133    0.00    5.00    0.00    5.00    20  kworker/20:0
03:29:46 PM     0       156    0.00    2.00    0.00    2.00     7  kworker/7:1
03:29:46 PM     0       176    0.00    1.00    0.00    1.00    11  kworker/11:1
03:29:46 PM     0       559    0.00    3.00    0.00    3.00    23  kworker/23:2
03:29:46 PM     0       792    0.00    2.00    0.00    2.00    21  kworker/21:2
03:29:46 PM     0      1728    0.00    1.00    0.00    1.00     6  kworker/6:2
03:29:46 PM     0      2890    0.00    4.00    0.00    4.00     8  kworker/8:0
03:29:46 PM     0      3257    0.00    1.00    0.00    1.00    18  kworker/18:1
03:29:46 PM  1001      5974    3.00    0.00    0.00    3.00     7  vim
03:29:46 PM  1001      7311    0.00    2.00    0.00    2.00    23  pidstat
03:29:46 PM     0      7315   32.00   67.00    0.00   99.00     1  fio

03:29:46 PM   UID       PID    %usr %system  %guest    %CPU   CPU  Command
03:29:47 PM     0        18    0.00    3.00    0.00    3.00     1  kworker/1:0
03:29:47 PM     0       133    0.00    4.00    0.00    4.00    20  kworker/20:0
03:29:47 PM     0       156    0.00    2.00    0.00    2.00     7  kworker/7:1
03:29:47 PM     0       559    0.00    2.00    0.00    2.00    23  kworker/23:2
03:29:47 PM     0       792    0.00    2.00    0.00    2.00    21  kworker/21:2
03:29:47 PM 64045      1600    1.00    0.00    0.00    1.00    21  ceph-mon
03:29:47 PM 64045      1629    1.00    0.00    0.00    1.00    21  ceph-mgr
03:29:47 PM     0      2890    0.00    4.00    0.00    4.00     8  kworker/8:0
03:29:47 PM  1001      7311    0.00    1.00    0.00    1.00    23  pidstat
03:29:47 PM     0      7315   29.00   72.00    0.00  101.00     1  fio

03:29:47 PM   UID       PID    %usr %system  %guest    %CPU   CPU  Command
03:29:48 PM     0        18    0.00    1.00    0.00    1.00     1  kworker/1:0
03:29:48 PM     0       133    0.00    4.00    0.00    4.00    20  kworker/20:0
03:29:48 PM     0       156    0.00    1.00    0.00    1.00     7  kworker/7:1
03:29:48 PM     0       559    0.00    1.00    0.00    1.00    23  kworker/23:2
03:29:48 PM     0       792    0.00    1.00    0.00    1.00    21  kworker/21:2
03:29:48 PM  1001      2678    0.00    1.00    0.00    1.00     8  tmux
03:29:48 PM     0      2890    0.00    4.00    0.00    4.00     8  kworker/8:0
03:29:48 PM     0      3004    0.00    1.00    0.00    1.00     9  kworker/9:1
03:29:48 PM     0      3257    0.00    1.00    0.00    1.00    18  kworker/18:1
03:29:48 PM  1001      7311    1.00    1.00    0.00    2.00    23  pidstat

03:29:48 PM   UID       PID    %usr %system  %guest    %CPU   CPU  Command
03:29:49 PM     0       559    0.00    1.00    0.00    1.00    23  kworker/23:2
03:29:49 PM  1001      2678    1.00    0.00    0.00    1.00     8  tmux
03:29:49 PM     0      2890    0.00    1.00    0.00    1.00     8  kworker/8:0
03:29:49 PM  1001      7311    0.00    1.00    0.00    1.00    23  pidstat

03:29:49 PM   UID       PID    %usr %system  %guest    %CPU   CPU  Command
03:29:50 PM     0       224    0.00    1.00    0.00    1.00     0  kworker/0:1
03:29:50 PM  1001      7311    1.00    0.00    0.00    1.00    23  pidstat

03:29:50 PM   UID       PID    %usr %system  %guest    %CPU   CPU  Command
03:29:51 PM     0       156    0.00    1.00    0.00    1.00     7  kworker/7:1
03:29:51 PM  1001      2678    1.00    0.00    0.00    1.00     8  tmux
03:29:51 PM  1001      7311    1.00    1.00    0.00    2.00    23  pidstat
