Linux 4.13.16-041316-generic (pl1) 	12/14/2017 	_x86_64_	(24 CPU)

07:48:12 PM   UID       PID    %usr %system  %guest    %CPU   CPU  Command
07:48:13 PM     0       156    0.00    0.98    0.00    0.98     7  kworker/7:1
07:48:13 PM  1001     12698    0.98    0.00    0.00    0.98    22  pidstat

07:48:13 PM   UID       PID    %usr %system  %guest    %CPU   CPU  Command
07:48:14 PM     0       224    0.00    1.00    0.00    1.00     0  kworker/0:1
07:48:14 PM  1001      2678    0.00    1.00    0.00    1.00    22  tmux
07:48:14 PM  1001      2680    0.00    1.00    0.00    1.00    23  bash
07:48:14 PM     0      2890    0.00    1.00    0.00    1.00     8  kworker/8:0
07:48:14 PM  1001     12698    0.00    1.00    0.00    1.00    22  pidstat
07:48:14 PM     0     12700    0.00    1.00    0.00    1.00     8  sudo
07:48:14 PM     0     12702    0.00   69.00    0.00   69.00     8  perf

07:48:14 PM   UID       PID    %usr %system  %guest    %CPU   CPU  Command
07:48:15 PM     0         9    0.00    1.00    0.00    1.00     0  rcu_sched
07:48:15 PM     0       749    0.00    1.00    0.00    1.00    22  kworker/22:2
07:48:15 PM     0      2106    1.00    0.00    0.00    1.00    23  containerd
07:48:15 PM  1001     12698    2.00    0.00    0.00    2.00    22  pidstat
07:48:15 PM     0     12702  505.00    1.00    0.00  506.00     0  perf

07:48:15 PM   UID       PID    %usr %system  %guest    %CPU   CPU  Command
07:48:16 PM  1001      2678    1.00    0.00    0.00    1.00     7  tmux
07:48:16 PM     0     12571    0.00    1.00    0.00    1.00    23  kworker/u130:1
07:48:16 PM  1001     12698    1.00    1.00    0.00    2.00    22  pidstat
07:48:16 PM     0     12702  699.00    0.00    0.00  699.00     0  perf

07:48:16 PM   UID       PID    %usr %system  %guest    %CPU   CPU  Command
07:48:17 PM     0      1687    1.00    0.00    0.00    1.00    20  dockerd
07:48:17 PM  1001     12696    1.00    0.00    0.00    1.00     9  mpstat
07:48:17 PM  1001     12698    0.00    1.00    0.00    1.00    22  pidstat
07:48:17 PM     0     12702  700.00    0.00    0.00  700.00     0  perf

07:48:17 PM   UID       PID    %usr %system  %guest    %CPU   CPU  Command
07:48:18 PM     0       156    0.00    1.00    0.00    1.00     7  kworker/7:1
07:48:18 PM 64045      1629    1.00    0.00    0.00    1.00    21  ceph-mgr
07:48:18 PM  1001     12698    1.00    0.00    0.00    1.00    22  pidstat
07:48:18 PM     0     12702  700.00    0.00    0.00  700.00     0  perf

07:48:18 PM   UID       PID    %usr %system  %guest    %CPU   CPU  Command
07:48:19 PM     0      3004    0.00    1.00    0.00    1.00     9  kworker/9:1
07:48:19 PM  1001     12698    0.00    1.00    0.00    1.00    22  pidstat
07:48:19 PM     0     12702  700.00    0.00    0.00  700.00     0  perf

07:48:19 PM   UID       PID    %usr %system  %guest    %CPU   CPU  Command
07:48:20 PM     0       792    0.00    1.00    0.00    1.00    21  kworker/21:2
07:48:20 PM  1001      2678    1.00    0.00    0.00    1.00     7  tmux
07:48:20 PM  1001     12697    0.00    1.00    0.00    1.00    21  tee
07:48:20 PM  1001     12698    0.00    1.00    0.00    1.00    22  pidstat

07:48:20 PM   UID       PID    %usr %system  %guest    %CPU   CPU  Command
07:48:21 PM     0       224    0.00    1.00    0.00    1.00     0  kworker/0:1
07:48:21 PM  1001     12698    1.00    1.00    0.00    2.00    22  pidstat

07:48:21 PM   UID       PID    %usr %system  %guest    %CPU   CPU  Command
07:48:22 PM     0       156    0.00    1.00    0.00    1.00     7  kworker/7:1
07:48:22 PM  1001     12698    1.00    1.00    0.00    2.00    22  pidstat

07:48:22 PM   UID       PID    %usr %system  %guest    %CPU   CPU  Command
07:48:23 PM  1001      2678    1.00    0.00    0.00    1.00     7  tmux
07:48:23 PM     0      2890    0.00    1.00    0.00    1.00     8  kworker/8:0

07:48:23 PM   UID       PID    %usr %system  %guest    %CPU   CPU  Command
07:48:24 PM     0       749    0.00    1.00    0.00    1.00    22  kworker/22:2
07:48:24 PM     0      1687    0.00    1.00    0.00    1.00    20  dockerd
07:48:24 PM  1001     12698    1.00    1.00    0.00    2.00    22  pidstat
