Linux 4.13.16-041316-generic (pl1) 	12/14/2017 	_x86_64_	(24 CPU)

02:26:02 PM   UID       PID    %usr %system  %guest    %CPU   CPU  Command
02:26:03 PM     0       176    0.00    0.98    0.00    0.98    11  kworker/11:1
02:26:03 PM     0       224    0.00    0.98    0.00    0.98     0  kworker/0:1
02:26:03 PM 64045      1600    0.98    0.00    0.00    0.98    21  ceph-mon
02:26:03 PM  1001      2678    0.98    0.00    0.00    0.98    11  tmux
02:26:03 PM  1001      6451    0.00    0.98    0.00    0.98     9  pidstat

02:26:03 PM   UID       PID    %usr %system  %guest    %CPU   CPU  Command
02:26:04 PM  1001      5974    1.00    0.00    0.00    1.00     8  vim
02:26:04 PM  1001      6451    1.00    0.00    0.00    1.00     9  pidstat

02:26:04 PM   UID       PID    %usr %system  %guest    %CPU   CPU  Command
02:26:05 PM     0      3004    0.00    1.00    0.00    1.00     9  kworker/9:1
02:26:05 PM  1001      6451    1.00    1.00    0.00    2.00     9  pidstat

02:26:05 PM   UID       PID    %usr %system  %guest    %CPU   CPU  Command
02:26:06 PM     0       127    0.00    1.00    0.00    1.00    19  kworker/19:0
02:26:06 PM     0       156    0.00    1.00    0.00    1.00     7  kworker/7:1
02:26:06 PM     0       176    0.00    1.00    0.00    1.00    11  kworker/11:1
02:26:06 PM     0       224    0.00    1.00    0.00    1.00     0  kworker/0:1
02:26:06 PM     0       556    0.00    1.00    0.00    1.00    10  kworker/10:2
02:26:06 PM     0       559    0.00    1.00    0.00    1.00    23  kworker/23:2
02:26:06 PM     0       749    0.00    3.00    0.00    3.00    22  kworker/22:2
02:26:06 PM     0       792    0.00    1.00    0.00    1.00    21  kworker/21:2
02:26:06 PM     0      1687    1.00    0.00    0.00    1.00    22  dockerd
02:26:06 PM     0      1728    0.00    1.00    0.00    1.00     6  kworker/6:2
02:26:06 PM  1001      2678    1.00    0.00    0.00    1.00    11  tmux
02:26:06 PM  1001      2680    0.00    1.00    0.00    1.00     8  bash
02:26:06 PM     0      2890    0.00    1.00    0.00    1.00     8  kworker/8:0
02:26:06 PM     0      3004    0.00    1.00    0.00    1.00     9  kworker/9:1
02:26:06 PM     0      3257    0.00    2.00    0.00    2.00    18  kworker/18:1
02:26:06 PM  1001      6451    1.00    0.00    0.00    1.00     9  pidstat
02:26:06 PM     0      6455  137.00   38.00    0.00  175.00     0  fio

02:26:06 PM   UID       PID    %usr %system  %guest    %CPU   CPU  Command
02:26:07 PM     0       224    0.00    2.00    0.00    2.00     0  kworker/0:1
02:26:07 PM     0      3004    0.00    1.00    0.00    1.00     9  kworker/9:1
02:26:07 PM  1001      6451    1.00    1.00    0.00    2.00     9  pidstat
02:26:07 PM     0      6455   31.00   69.00    0.00  100.00     0  fio

02:26:07 PM   UID       PID    %usr %system  %guest    %CPU   CPU  Command
02:26:08 PM     0       176    0.00    1.00    0.00    1.00    11  kworker/11:1
02:26:08 PM     0       224    0.00    2.00    0.00    2.00     0  kworker/0:1
02:26:08 PM     0      2106    1.00    0.00    0.00    1.00    23  containerd
02:26:08 PM  1001      5974    2.00    0.00    0.00    2.00     8  vim
02:26:08 PM  1001      6451    2.00    0.00    0.00    2.00     9  pidstat
02:26:08 PM     0      6455   26.00   74.00    0.00  100.00     0  fio

02:26:08 PM   UID       PID    %usr %system  %guest    %CPU   CPU  Command
02:26:09 PM     0       224    0.00    2.00    0.00    2.00     0  kworker/0:1
02:26:09 PM 64045      1629    1.00    0.00    0.00    1.00    21  ceph-mgr
02:26:09 PM  1001      2678    1.00    0.00    0.00    1.00    11  tmux
02:26:09 PM  1001      6451    1.00    0.00    0.00    1.00     9  pidstat
02:26:09 PM     0      6455   35.00   66.00    0.00  101.00     0  fio

02:26:09 PM   UID       PID    %usr %system  %guest    %CPU   CPU  Command
02:26:10 PM     0       224    0.00    1.00    0.00    1.00     0  kworker/0:1
02:26:10 PM  1001      6449    0.00    1.00    0.00    1.00    19  mpstat
02:26:10 PM  1001      6451    1.00    0.00    0.00    1.00     9  pidstat
02:26:10 PM     0      6455   34.00   65.00    0.00   99.00     2  fio

02:26:10 PM   UID       PID    %usr %system  %guest    %CPU   CPU  Command
02:26:11 PM     0       127    0.00    2.00    0.00    2.00    19  kworker/19:0
02:26:11 PM     0       176    0.00    4.00    0.00    4.00    11  kworker/11:1
02:26:11 PM     0      2890    0.00    1.00    0.00    1.00     8  kworker/8:0
02:26:11 PM     0      3004    0.00    2.00    0.00    2.00     9  kworker/9:1
02:26:11 PM  1001      6451    1.00    1.00    0.00    2.00     9  pidstat
02:26:11 PM     0      6455   32.00   62.00    0.00   94.00     2  fio

02:26:11 PM   UID       PID    %usr %system  %guest    %CPU   CPU  Command
02:26:12 PM     0       792    0.00    1.00    0.00    1.00    21  kworker/21:2
02:26:12 PM  1001      2678    1.00    0.00    0.00    1.00    11  tmux
02:26:12 PM  1001      6450    0.00    1.00    0.00    1.00    23  tee
02:26:12 PM  1001      6451    1.00    1.00    0.00    2.00     9  pidstat

02:26:12 PM   UID       PID    %usr %system  %guest    %CPU   CPU  Command
02:26:13 PM 64045      1600    1.00    0.00    0.00    1.00    21  ceph-mon
02:26:13 PM     0      1687    0.00    1.00    0.00    1.00    22  dockerd
02:26:13 PM     0      3004    0.00    1.00    0.00    1.00     9  kworker/9:1
02:26:13 PM  1001      6451    1.00    1.00    0.00    2.00     9  pidstat
