Linux 4.13.16-041316-generic (pl1) 	12/14/2017 	_x86_64_	(24 CPU)

07:50:32 PM   UID       PID    %usr %system  %guest    %CPU   CPU  Command
07:50:33 PM  1001      2678    0.98    0.00    0.00    0.98     7  tmux
07:50:33 PM  1001     12760    0.00    0.98    0.00    0.98    22  pidstat

07:50:33 PM   UID       PID    %usr %system  %guest    %CPU   CPU  Command
07:50:34 PM     0       127    0.00    1.00    0.00    1.00    19  kworker/19:0
07:50:34 PM     0       156    0.00    1.00    0.00    1.00     7  kworker/7:1
07:50:34 PM     0      1687    0.00    1.00    0.00    1.00     7  dockerd
07:50:34 PM  1001      2680    0.00    2.00    0.00    2.00    19  bash
07:50:34 PM     0     12571    0.00    1.00    0.00    1.00    20  kworker/u130:1
07:50:34 PM  1001     12760    1.00    1.00    0.00    2.00    22  pidstat
07:50:34 PM     0     12762    0.00    1.00    0.00    1.00     8  sudo
07:50:34 PM     0     12764    0.00   51.00    0.00   51.00    11  perf

07:50:34 PM   UID       PID    %usr %system  %guest    %CPU   CPU  Command
07:50:35 PM     0         9    0.00    1.00    0.00    1.00     0  rcu_sched
07:50:35 PM  1001     12760    0.00    1.00    0.00    1.00    22  pidstat
07:50:35 PM     0     12764  423.00   20.00    0.00  443.00     0  perf

07:50:35 PM   UID       PID    %usr %system  %guest    %CPU   CPU  Command
07:50:36 PM     0        18    0.00    1.00    0.00    1.00     1  kworker/1:0
07:50:36 PM     0      1687    1.00    0.00    0.00    1.00     7  dockerd
07:50:36 PM  1001     12760    1.00    0.00    0.00    1.00    22  pidstat
07:50:36 PM     0     12764 1095.00    0.00    0.00 1095.00     0  perf

07:50:36 PM   UID       PID    %usr %system  %guest    %CPU   CPU  Command
07:50:37 PM     0       749    0.00    1.00    0.00    1.00    22  kworker/22:2
07:50:37 PM     0       792    0.00    1.00    0.00    1.00    21  kworker/21:2
07:50:37 PM  1001     12760    1.00    1.00    0.00    2.00    22  pidstat
07:50:37 PM     0     12764 1100.00    0.00    0.00 1100.00     0  perf

07:50:37 PM   UID       PID    %usr %system  %guest    %CPU   CPU  Command
07:50:38 PM     0       556    0.00    1.00    0.00    1.00    10  kworker/10:2
07:50:38 PM     0      1687    2.00    2.00    0.00    4.00     6  dockerd
07:50:38 PM     0      2106    1.00    0.00    0.00    1.00    23  containerd
07:50:38 PM  1001      2678    1.00    0.00    0.00    1.00     7  tmux
07:50:38 PM     0      3257    0.00    1.00    0.00    1.00    18  kworker/18:1
07:50:38 PM  1001     12760    0.00    1.00    0.00    1.00    22  pidstat
07:50:38 PM     0     12764 1099.00    0.00    0.00 1099.00     0  perf

07:50:38 PM   UID       PID    %usr %system  %guest    %CPU   CPU  Command
07:50:39 PM     0       156    0.00    1.00    0.00    1.00     7  kworker/7:1
07:50:39 PM 64045      1629    1.00    0.00    0.00    1.00    21  ceph-mgr
07:50:39 PM     0      3004    0.00    1.00    0.00    1.00     9  kworker/9:1
07:50:39 PM  1001     12760    0.00    1.00    0.00    1.00    22  pidstat
07:50:39 PM     0     12764 1105.00    0.00    0.00 1105.00     0  perf

07:50:39 PM   UID       PID    %usr %system  %guest    %CPU   CPU  Command
07:50:40 PM     0        36    0.00    1.00    0.00    1.00     4  kworker/4:0
07:50:40 PM     0       224    0.00    1.00    0.00    1.00     0  kworker/0:1
07:50:40 PM  1001     12760    1.00    0.00    0.00    1.00    22  pidstat

07:50:40 PM   UID       PID    %usr %system  %guest    %CPU   CPU  Command
07:50:41 PM     0        30    0.00    1.00    0.00    1.00     3  kworker/3:0
07:50:41 PM     0       238    0.00    1.00    0.00    1.00    15  kworker/15:1
07:50:41 PM 64045      1629    0.00    1.00    0.00    1.00    21  ceph-mgr
07:50:41 PM     0      2890    0.00    1.00    0.00    1.00     8  kworker/8:0
07:50:41 PM  1001     12760    1.00    1.00    0.00    2.00    22  pidstat

07:50:41 PM   UID       PID    %usr %system  %guest    %CPU   CPU  Command
07:50:42 PM     0       749    0.00    1.00    0.00    1.00    22  kworker/22:2
07:50:42 PM     0      1313    1.00    0.00    0.00    1.00    21  snapd
07:50:42 PM  1001      2678    1.00    0.00    0.00    1.00     7  tmux
07:50:42 PM     0     12080    0.00    1.00    0.00    1.00    23  kworker/23:1
07:50:42 PM  1001     12760    0.00    2.00    0.00    2.00    22  pidstat
