Linux 4.13.16-041316-generic (pl1) 	12/14/2017 	_x86_64_	(24 CPU)

07:48:46 PM   UID       PID    %usr %system  %guest    %CPU   CPU  Command
07:48:47 PM     0       224    0.00    0.98    0.00    0.98     0  kworker/0:1
07:48:47 PM  1001      2678    0.98    0.00    0.00    0.98    20  tmux
07:48:47 PM     0      8902    0.00    0.98    0.00    0.98     6  kworker/6:1
07:48:47 PM  1001     12712    0.00    0.98    0.00    0.98    21  pidstat

07:48:47 PM   UID       PID    %usr %system  %guest    %CPU   CPU  Command
07:48:48 PM     0      1932    0.00    1.00    0.00    1.00     8  irqbalance
07:48:48 PM     0      2106    1.00    0.00    0.00    1.00    23  containerd
07:48:48 PM  1001     12712    1.00    1.00    0.00    2.00    21  pidstat

07:48:48 PM   UID       PID    %usr %system  %guest    %CPU   CPU  Command
07:48:49 PM     0       133    0.00    1.00    0.00    1.00    20  kworker/20:0
07:48:49 PM     0       224    0.00    1.00    0.00    1.00     0  kworker/0:1
07:48:49 PM     0       792    0.00    1.00    0.00    1.00    21  kworker/21:2
07:48:49 PM 64045      1600    1.00    0.00    0.00    1.00    21  ceph-mon
07:48:49 PM  1001      2678    1.00    0.00    0.00    1.00    20  tmux
07:48:49 PM  1001      2680    0.00    1.00    0.00    1.00    23  bash
07:48:49 PM  1001     12712    1.00    0.00    0.00    1.00    21  pidstat
07:48:49 PM     0     12714    0.00    1.00    0.00    1.00     7  sudo
07:48:49 PM     0     12716    3.00   69.00    0.00   72.00     0  perf

07:48:49 PM   UID       PID    %usr %system  %guest    %CPU   CPU  Command
07:48:50 PM     0       156    0.00    1.00    0.00    1.00     7  kworker/7:1
07:48:50 PM     0     12450    0.00    1.00    0.00    1.00     6  kworker/u130:2
07:48:50 PM  1001     12712    1.00    1.00    0.00    2.00    21  pidstat
07:48:50 PM     0     12716  620.00    0.00    0.00  620.00     0  perf

07:48:50 PM   UID       PID    %usr %system  %guest    %CPU   CPU  Command
07:48:51 PM 64045      1629    1.00    0.00    0.00    1.00    21  ceph-mgr
07:48:51 PM     0      1943    1.00    2.00    0.00    3.00     7  atop
07:48:51 PM     0      3004    0.00    1.00    0.00    1.00     9  kworker/9:1
07:48:51 PM  1001     12710    0.00    1.00    0.00    1.00     6  mpstat
07:48:51 PM  1001     12712    0.00    1.00    0.00    1.00    21  pidstat
07:48:51 PM     0     12716  800.00    0.00    0.00  800.00     0  perf

07:48:51 PM   UID       PID    %usr %system  %guest    %CPU   CPU  Command
07:48:52 PM     0      1715    0.00    1.00    0.00    1.00     9  iscsid
07:48:52 PM  1001     12712    0.00    1.00    0.00    1.00    21  pidstat
07:48:52 PM     0     12716  800.00    0.00    0.00  800.00     0  perf

07:48:52 PM   UID       PID    %usr %system  %guest    %CPU   CPU  Command
07:48:53 PM     0       156    0.00    1.00    0.00    1.00     7  kworker/7:1
07:48:53 PM  1001     12712    1.00    1.00    0.00    2.00    21  pidstat
07:48:53 PM     0     12716  799.00    0.00    0.00  799.00     0  perf

07:48:53 PM   UID       PID    %usr %system  %guest    %CPU   CPU  Command
07:48:54 PM     0       176    0.00    1.00    0.00    1.00    11  kworker/11:1
07:48:54 PM  1001     12712    0.00    1.00    0.00    1.00    21  pidstat
07:48:54 PM     0     12716  800.00    0.00    0.00  800.00     0  perf

07:48:54 PM   UID       PID    %usr %system  %guest    %CPU   CPU  Command
07:48:55 PM     0       556    0.00    1.00    0.00    1.00    10  kworker/10:2
07:48:55 PM  1001      2678    1.00    0.00    0.00    1.00    20  tmux
07:48:55 PM     0      8902    0.00    1.00    0.00    1.00     6  kworker/6:1
07:48:55 PM  1001     12712    1.00    1.00    0.00    2.00    21  pidstat

07:48:55 PM   UID       PID    %usr %system  %guest    %CPU   CPU  Command
07:48:56 PM     0       133    0.00    1.00    0.00    1.00    20  kworker/20:0
07:48:56 PM  1001     12712    0.00    1.00    0.00    1.00    21  pidstat

07:48:56 PM   UID       PID    %usr %system  %guest    %CPU   CPU  Command
07:48:57 PM     0       792    0.00    1.00    0.00    1.00    21  kworker/21:2
07:48:57 PM     0      1687    1.00    1.00    0.00    2.00    22  dockerd
07:48:57 PM  1001     12712    0.00    1.00    0.00    1.00    21  pidstat

07:48:57 PM   UID       PID    %usr %system  %guest    %CPU   CPU  Command
07:48:58 PM     0       224    0.00    1.00    0.00    1.00     0  kworker/0:1
07:48:58 PM  1001      2678    1.00    0.00    0.00    1.00    20  tmux
07:48:58 PM     0      2890    0.00    1.00    0.00    1.00     8  kworker/8:0
07:48:58 PM  1001     12712    1.00    0.00    0.00    1.00    21  pidstat
