Linux 4.13.16-041316-generic (pl1) 	12/14/2017 	_x86_64_	(24 CPU)

03:34:03 PM   UID       PID    %usr %system  %guest    %CPU   CPU  Command
03:34:04 PM     0       176    0.00    0.98    0.00    0.98    11  kworker/11:1
03:34:04 PM  1001      2678    0.00    0.98    0.00    0.98    11  tmux
03:34:04 PM     0      3257    0.00    0.98    0.00    0.98    18  kworker/18:1
03:34:04 PM  1001      7372    0.98    0.98    0.00    1.96    10  pidstat

03:34:04 PM   UID       PID    %usr %system  %guest    %CPU   CPU  Command
03:34:05 PM  1001      2567    0.00    1.00    0.00    1.00     8  sshd
03:34:05 PM  1001      2678    1.00    0.00    0.00    1.00    11  tmux
03:34:05 PM  1001      5974    1.00    0.00    0.00    1.00     7  vim
03:34:05 PM  1001      7372    1.00    0.00    0.00    1.00    10  pidstat

03:34:05 PM   UID       PID    %usr %system  %guest    %CPU   CPU  Command
03:34:06 PM     0       127    0.00    1.00    0.00    1.00    19  kworker/19:0
03:34:06 PM     0       156    0.00    1.00    0.00    1.00     7  kworker/7:1
03:34:06 PM     0       176    0.00    1.00    0.00    1.00    11  kworker/11:1
03:34:06 PM     0       224    0.00    1.00    0.00    1.00     0  kworker/0:1
03:34:06 PM     0       556    0.00    1.00    0.00    1.00    10  kworker/10:2
03:34:06 PM     0       749    0.00    1.00    0.00    1.00    22  kworker/22:2
03:34:06 PM     0       792    0.00    1.00    0.00    1.00    21  kworker/21:2
03:34:06 PM  1001      2680    0.00    2.00    0.00    2.00     8  bash
03:34:06 PM     0      3257    0.00    1.00    0.00    1.00    18  kworker/18:1
03:34:06 PM  1001      7372    1.00    0.00    0.00    1.00    10  pidstat
03:34:06 PM     0      7376    4.00   20.00    0.00   24.00     0  fio

03:34:06 PM   UID       PID    %usr %system  %guest    %CPU   CPU  Command
03:34:07 PM     0        18    0.00    1.00    0.00    1.00     1  kworker/1:0
03:34:07 PM     0       115    0.00    2.00    0.00    2.00    17  kworker/17:0
03:34:07 PM     0      1687    1.00    0.00    0.00    1.00    18  dockerd
03:34:07 PM     0      2106    0.00    1.00    0.00    1.00    23  containerd
03:34:07 PM     0      3004    0.00    1.00    0.00    1.00     9  kworker/9:1
03:34:07 PM     0      3257    0.00    1.00    0.00    1.00    18  kworker/18:1
03:34:07 PM  1001      7372    0.00    1.00    0.00    1.00    10  pidstat
03:34:07 PM     0      7376  139.00   57.00    0.00  196.00    17  fio

03:34:07 PM   UID       PID    %usr %system  %guest    %CPU   CPU  Command
03:34:08 PM     0       115    0.00    2.00    0.00    2.00    17  kworker/17:0
03:34:08 PM     0       127    0.00    2.00    0.00    2.00    19  kworker/19:0
03:34:08 PM     0       133    0.00    4.00    0.00    4.00    20  kworker/20:0
03:34:08 PM     0       556    0.00    2.00    0.00    2.00    10  kworker/10:2
03:34:08 PM     0      3257    0.00    3.00    0.00    3.00    18  kworker/18:1
03:34:08 PM  1001      7370    1.00    0.00    0.00    1.00    19  mpstat
03:34:08 PM  1001      7372    1.00    1.00    0.00    2.00    10  pidstat
03:34:08 PM     0      7376   25.00   75.00    0.00  100.00    17  fio

03:34:08 PM   UID       PID    %usr %system  %guest    %CPU   CPU  Command
03:34:09 PM     0       115    0.00    2.00    0.00    2.00    17  kworker/17:0
03:34:09 PM     0       127    0.00    2.00    0.00    2.00    19  kworker/19:0
03:34:09 PM     0       133    0.00    3.00    0.00    3.00    20  kworker/20:0
03:34:09 PM     0       556    0.00    2.00    0.00    2.00    10  kworker/10:2
03:34:09 PM     0      3257    0.00    2.00    0.00    2.00    18  kworker/18:1
03:34:09 PM  1001      5974    1.00    0.00    0.00    1.00     7  vim
03:34:09 PM  1001      7372    1.00    1.00    0.00    2.00    10  pidstat
03:34:09 PM     0      7376   31.00   69.00    0.00  100.00    17  fio

03:34:09 PM   UID       PID    %usr %system  %guest    %CPU   CPU  Command
03:34:10 PM     0       115    0.00    2.00    0.00    2.00    17  kworker/17:0
03:34:10 PM     0       127    0.00    2.00    0.00    2.00    19  kworker/19:0
03:34:10 PM     0       133    0.00    4.00    0.00    4.00    20  kworker/20:0
03:34:10 PM     0       556    0.00    2.00    0.00    2.00    10  kworker/10:2
03:34:10 PM 64045      1629    1.00    0.00    0.00    1.00    21  ceph-mgr
03:34:10 PM     0      1687    0.00    1.00    0.00    1.00    18  dockerd
03:34:10 PM  1001      2678    1.00    0.00    0.00    1.00    20  tmux
03:34:10 PM     0      3257    0.00    2.00    0.00    2.00    18  kworker/18:1
03:34:10 PM  1001      7372    1.00    1.00    0.00    2.00    10  pidstat
03:34:10 PM     0      7376   28.00   72.00    0.00  100.00    17  fio

03:34:10 PM   UID       PID    %usr %system  %guest    %CPU   CPU  Command
03:34:11 PM     0       115    0.00    3.00    0.00    3.00    17  kworker/17:0
03:34:11 PM     0       127    0.00    2.00    0.00    2.00    19  kworker/19:0
03:34:11 PM     0       133    0.00    4.00    0.00    4.00    20  kworker/20:0
03:34:11 PM     0       556    0.00    3.00    0.00    3.00    10  kworker/10:2
03:34:11 PM     0      3257    0.00    3.00    0.00    3.00    18  kworker/18:1
03:34:11 PM  1001      7372    0.00    1.00    0.00    1.00    10  pidstat
03:34:11 PM     0      7376   29.00   72.00    0.00  101.00    17  fio

03:34:11 PM   UID       PID    %usr %system  %guest    %CPU   CPU  Command
03:34:12 PM     0       127    0.00    1.00    0.00    1.00    19  kworker/19:0
03:34:12 PM     0       133    0.00    1.00    0.00    1.00    20  kworker/20:0
03:34:12 PM     0       176    0.00    1.00    0.00    1.00    11  kworker/11:1
03:34:12 PM     0       556    0.00    1.00    0.00    1.00    10  kworker/10:2
03:34:12 PM     0       792    0.00    1.00    0.00    1.00    21  kworker/21:2
03:34:12 PM 64045      1600    1.00    0.00    0.00    1.00    21  ceph-mon
03:34:12 PM     0      2890    0.00    1.00    0.00    1.00     8  kworker/8:0
03:34:12 PM  1001      7372    0.00    2.00    0.00    2.00    10  pidstat
