Linux 4.13.16-041316-generic (pl1) 	12/14/2017 	_x86_64_	(24 CPU)

07:45:02 PM   UID       PID    %usr %system  %guest    %CPU   CPU  Command
07:45:03 PM     0      8902    0.00    0.99    0.00    0.99     6  kworker/6:1
07:45:03 PM  1001     12643    0.99    0.00    0.00    0.99    21  pidstat

07:45:03 PM   UID       PID    %usr %system  %guest    %CPU   CPU  Command
07:45:04 PM     0       127    0.00    1.00    0.00    1.00    19  kworker/19:0
07:45:04 PM     0       156    0.00    1.00    0.00    1.00     7  kworker/7:1
07:45:04 PM     0       224    0.00    1.00    0.00    1.00     0  kworker/0:1
07:45:04 PM  1001      2680    0.00    1.00    0.00    1.00    23  bash
07:45:04 PM     0      3257    0.00    1.00    0.00    1.00    18  kworker/18:1
07:45:04 PM  1001     12643    0.00    1.00    0.00    1.00    21  pidstat
07:45:04 PM     0     12647    0.00   18.00    0.00   18.00     8  perf

07:45:04 PM   UID       PID    %usr %system  %guest    %CPU   CPU  Command
07:45:05 PM     0        70    1.00    0.00    0.00    1.00    10  watchdog/10
07:45:05 PM     0       176    0.00    1.00    0.00    1.00    11  kworker/11:1
07:45:05 PM     0       792    0.00    1.00    0.00    1.00    21  kworker/21:2
07:45:05 PM  1001     12643    0.00    2.00    0.00    2.00    21  pidstat
07:45:05 PM     0     12647   58.00   53.00    0.00  111.00     0  perf

07:45:05 PM   UID       PID    %usr %system  %guest    %CPU   CPU  Command
07:45:06 PM  1001      2678    1.00    0.00    0.00    1.00    11  tmux
07:45:06 PM  1001     12643    0.00    1.00    0.00    1.00    21  pidstat
07:45:06 PM     0     12647  200.00    0.00    0.00  200.00     0  perf

07:45:06 PM   UID       PID    %usr %system  %guest    %CPU   CPU  Command
07:45:07 PM  1001     12643    1.00    0.00    0.00    1.00    21  pidstat
07:45:07 PM     0     12647  200.00    0.00    0.00  200.00     0  perf

07:45:07 PM   UID       PID    %usr %system  %guest    %CPU   CPU  Command
07:45:08 PM     0     12571    0.00    1.00    0.00    1.00    22  kworker/u130:1
07:45:08 PM  1001     12643    0.00    1.00    0.00    1.00    21  pidstat
07:45:08 PM     0     12647  200.00    0.00    0.00  200.00     0  perf

07:45:08 PM   UID       PID    %usr %system  %guest    %CPU   CPU  Command
07:45:09 PM  1001     12641    0.00    1.00    0.00    1.00    19  mpstat
07:45:09 PM  1001     12643    1.00    1.00    0.00    2.00    21  pidstat
07:45:09 PM     0     12647  200.00    0.00    0.00  200.00     0  perf

07:45:09 PM   UID       PID    %usr %system  %guest    %CPU   CPU  Command
07:45:10 PM  1001     12643    1.00    1.00    0.00    2.00    21  pidstat

07:45:10 PM   UID       PID    %usr %system  %guest    %CPU   CPU  Command
07:45:11 PM 64045      1600    1.00    0.00    0.00    1.00    21  ceph-mon
07:45:11 PM 64045      1629    1.00    0.00    0.00    1.00    21  ceph-mgr
07:45:11 PM  1001     12643    1.00    1.00    0.00    2.00    21  pidstat

07:45:11 PM   UID       PID    %usr %system  %guest    %CPU   CPU  Command
07:45:12 PM     0       176    0.00    1.00    0.00    1.00    11  kworker/11:1
07:45:12 PM  1001      2678    0.00    1.00    0.00    1.00    11  tmux
07:45:12 PM  1001     12643    0.00    1.00    0.00    1.00    21  pidstat

07:45:12 PM   UID       PID    %usr %system  %guest    %CPU   CPU  Command
07:45:13 PM     0       224    0.00    1.00    0.00    1.00     0  kworker/0:1
07:45:13 PM     0       792    0.00    1.00    0.00    1.00    21  kworker/21:2
07:45:13 PM  1001      2678    1.00    0.00    0.00    1.00    11  tmux
07:45:13 PM  1001     12643    0.00    1.00    0.00    1.00    21  pidstat

07:45:13 PM   UID       PID    %usr %system  %guest    %CPU   CPU  Command
07:45:14 PM     0         9    0.00    1.00    0.00    1.00     0  rcu_sched
07:45:14 PM     0       127    0.00    1.00    0.00    1.00    19  kworker/19:0
07:45:14 PM     0      2106    1.00    0.00    0.00    1.00    23  containerd
07:45:14 PM     0      3257    0.00    1.00    0.00    1.00    18  kworker/18:1
07:45:14 PM     0      8902    0.00    1.00    0.00    1.00     6  kworker/6:1
07:45:14 PM  1001     12643    1.00    0.00    0.00    1.00    21  pidstat
