Linux 4.13.16-041316-generic (pl1) 	12/14/2017 	_x86_64_	(24 CPU)

03:27:41 PM   UID       PID    %usr %system  %guest    %CPU   CPU  Command
03:27:42 PM     0      1313    0.99    0.00    0.00    0.99    21  snapd
03:27:42 PM  1001      2678    0.99    0.00    0.00    0.99    10  tmux
03:27:42 PM  1001      7139    0.00    0.99    0.00    0.99    22  pidstat

03:27:42 PM   UID       PID    %usr %system  %guest    %CPU   CPU  Command
03:27:43 PM     0       224    0.00    1.00    0.00    1.00     0  kworker/0:1
03:27:43 PM 64045      1600    1.00    0.00    0.00    1.00    21  ceph-mon
03:27:43 PM  1001      7139    0.00    1.00    0.00    1.00    22  pidstat

03:27:43 PM   UID       PID    %usr %system  %guest    %CPU   CPU  Command
03:27:44 PM     0       556    0.00    1.00    0.00    1.00    10  kworker/10:2
03:27:44 PM     0      1687    0.00    1.00    0.00    1.00    18  dockerd
03:27:44 PM  1001      5974    1.00    0.00    0.00    1.00     8  vim
03:27:44 PM  1001      7139    1.00    1.00    0.00    2.00    22  pidstat

03:27:44 PM   UID       PID    %usr %system  %guest    %CPU   CPU  Command
03:27:45 PM     0       486    0.00    1.00    0.00    1.00     0  jbd2/sda1-8
03:27:45 PM 64045      1629    0.00    1.00    0.00    1.00    21  ceph-mgr
03:27:45 PM  1001      2678    1.00    0.00    0.00    1.00    10  tmux
03:27:45 PM  1001      7139    0.00    1.00    0.00    1.00    22  pidstat

03:27:45 PM   UID       PID    %usr %system  %guest    %CPU   CPU  Command
03:27:46 PM     0       792    0.00    0.99    0.00    0.99    21  kworker/21:2
03:27:46 PM     0      1264    0.00    0.99    0.00    0.99    10  accounts-daemon
03:27:46 PM     0      2106    0.99    0.00    0.00    0.99    23  containerd
03:27:46 PM  1001      2680    0.00    0.99    0.00    0.99     8  bash
03:27:46 PM     0      2890    0.00    0.99    0.00    0.99     8  kworker/8:0
03:27:46 PM  1001      7137    0.00    0.99    0.00    0.99    23  mpstat
03:27:46 PM  1001      7139    1.98    0.00    0.00    1.98    22  pidstat
03:27:46 PM     0      7143    0.00    3.96    0.00    3.96     0  fio

03:27:46 PM   UID       PID    %usr %system  %guest    %CPU   CPU  Command
03:27:47 PM     0         8    1.00    0.00    0.00    1.00     0  ksoftirqd/0
03:27:47 PM     0        18    0.00    1.00    0.00    1.00     1  kworker/1:0
03:27:47 PM     0        24    0.00    1.00    0.00    1.00     2  kworker/2:0
03:27:47 PM     0        30    0.00    2.00    0.00    2.00     3  kworker/3:0
03:27:47 PM     0        36    0.00    1.00    0.00    1.00     4  kworker/4:0
03:27:47 PM     0       115    0.00    1.00    0.00    1.00    17  kworker/17:0
03:27:47 PM     0       127    0.00    1.00    0.00    1.00    19  kworker/19:0
03:27:47 PM     0       133    0.00    1.00    0.00    1.00    20  kworker/20:0
03:27:47 PM     0       176    0.00    2.00    0.00    2.00    11  kworker/11:1
03:27:47 PM     0       224    0.00    1.00    0.00    1.00     0  kworker/0:1
03:27:47 PM     0       749    0.00    1.00    0.00    1.00    22  kworker/22:2
03:27:47 PM     0       792    0.00    1.00    0.00    1.00    21  kworker/21:2
03:27:47 PM     0      1728    0.00    1.00    0.00    1.00     6  kworker/6:2
03:27:47 PM     0      3004    0.00    1.00    0.00    1.00     9  kworker/9:1
03:27:47 PM     0      3257    0.00    1.00    0.00    1.00    18  kworker/18:1
03:27:47 PM  1001      7139    0.00    2.00    0.00    2.00    22  pidstat
03:27:47 PM     0      7143  130.00  117.00    0.00  247.00    17  fio

03:27:47 PM   UID       PID    %usr %system  %guest    %CPU   CPU  Command
03:27:48 PM     0        18    0.00    1.00    0.00    1.00     1  kworker/1:0
03:27:48 PM     0        24    0.00    1.00    0.00    1.00     2  kworker/2:0
03:27:48 PM     0        30    0.00    2.00    0.00    2.00     3  kworker/3:0
03:27:48 PM     0        36    0.00    2.00    0.00    2.00     4  kworker/4:0
03:27:48 PM     0       115    0.00    2.00    0.00    2.00    17  kworker/17:0
03:27:48 PM     0       224    0.00    1.00    0.00    1.00     0  kworker/0:1
03:27:48 PM     0       749    0.00    1.00    0.00    1.00    22  kworker/22:2
03:27:48 PM  1001      2678    0.00    1.00    0.00    1.00    11  tmux
03:27:48 PM  1001      5974    2.00    0.00    0.00    2.00     8  vim
03:27:48 PM  1001      7139    0.00    1.00    0.00    1.00    22  pidstat
03:27:48 PM     0      7143  130.00  207.00    0.00  337.00    17  fio

03:27:48 PM   UID       PID    %usr %system  %guest    %CPU   CPU  Command
03:27:49 PM     0        18    0.00    1.00    0.00    1.00     1  kworker/1:0
03:27:49 PM     0        24    0.00    1.00    0.00    1.00     2  kworker/2:0
03:27:49 PM     0        30    0.00    2.00    0.00    2.00     3  kworker/3:0
03:27:49 PM     0        36    0.00    1.00    0.00    1.00     4  kworker/4:0
03:27:49 PM     0       115    0.00    2.00    0.00    2.00    17  kworker/17:0
03:27:49 PM     0       224    0.00    1.00    0.00    1.00     0  kworker/0:1
03:27:49 PM     0       226    0.00    1.00    0.00    1.00    12  kworker/12:1
03:27:49 PM     0       559    0.00    1.00    0.00    1.00    23  kworker/23:2
03:27:49 PM  1001      2678    1.00    0.00    0.00    1.00    11  tmux
03:27:49 PM  1001      7139    1.00    1.00    0.00    2.00    22  pidstat
03:27:49 PM     0      7143  124.00  219.00    0.00  343.00    17  fio

03:27:49 PM   UID       PID    %usr %system  %guest    %CPU   CPU  Command
03:27:50 PM     0        24    0.00    1.00    0.00    1.00     2  kworker/2:0
03:27:50 PM     0        30    0.00    2.00    0.00    2.00     3  kworker/3:0
03:27:50 PM     0        36    0.00    2.00    0.00    2.00     4  kworker/4:0
03:27:50 PM     0       115    0.00    3.00    0.00    3.00    17  kworker/17:0
03:27:50 PM     0       176    0.00    1.00    0.00    1.00    11  kworker/11:1
03:27:50 PM     0       224    0.00    1.00    0.00    1.00     0  kworker/0:1
03:27:50 PM  1001      7139    0.00    1.00    0.00    1.00    22  pidstat
03:27:50 PM     0      7143  115.00  224.00    0.00  339.00    17  fio

03:27:50 PM   UID       PID    %usr %system  %guest    %CPU   CPU  Command
03:27:51 PM     0        18    0.00    2.00    0.00    2.00     1  kworker/1:0
03:27:51 PM     0        24    0.00    1.00    0.00    1.00     2  kworker/2:0
03:27:51 PM     0        30    0.00    3.00    0.00    3.00     3  kworker/3:0
03:27:51 PM     0        36    0.00    2.00    0.00    2.00     4  kworker/4:0
03:27:51 PM     0       115    0.00    2.00    0.00    2.00    17  kworker/17:0
03:27:51 PM     0       224    0.00    1.00    0.00    1.00     0  kworker/0:1
03:27:51 PM 64045      1629    1.00    0.00    0.00    1.00    21  ceph-mgr
03:27:51 PM  1001      7139    2.00    0.00    0.00    2.00    22  pidstat
03:27:51 PM     0      7143  121.00  220.00    0.00  341.00    17  fio

03:27:51 PM   UID       PID    %usr %system  %guest    %CPU   CPU  Command
03:27:52 PM     0         9    0.00    1.00    0.00    1.00     0  rcu_sched
03:27:52 PM     0        30    0.00    1.00    0.00    1.00     3  kworker/3:0
03:27:52 PM     0       115    0.00    1.00    0.00    1.00    17  kworker/17:0
03:27:52 PM     0       224    0.00    1.00    0.00    1.00     0  kworker/0:1
03:27:52 PM  1001      2678    1.00    0.00    0.00    1.00    11  tmux
03:27:52 PM  1001      7138    0.00    1.00    0.00    1.00     6  tee

03:27:52 PM   UID       PID    %usr %system  %guest    %CPU   CPU  Command
03:27:53 PM  1001      7139    1.00    1.00    0.00    2.00    22  pidstat

03:27:53 PM   UID       PID    %usr %system  %guest    %CPU   CPU  Command
03:27:54 PM     0       176    0.00    1.00    0.00    1.00    11  kworker/11:1
03:27:54 PM     0       224    0.00    1.00    0.00    1.00     0  kworker/0:1
03:27:54 PM  1001      2678    1.00    0.00    0.00    1.00    11  tmux
03:27:54 PM  1001      7139    0.00    1.00    0.00    1.00    22  pidstat

03:27:54 PM   UID       PID    %usr %system  %guest    %CPU   CPU  Command
03:27:55 PM     0      1687    3.00    3.00    0.00    6.00    18  dockerd
03:27:55 PM     0      2106    1.00    0.00    0.00    1.00    23  containerd
03:27:55 PM  1001      7139    1.00    1.00    0.00    2.00    22  pidstat
