Linux 4.13.16-041316-generic (pl1) 	12/14/2017 	_x86_64_	(24 CPU)

03:28:13 PM   UID       PID    %usr %system  %guest    %CPU   CPU  Command
03:28:14 PM     0       156    0.00    0.98    0.00    0.98     7  kworker/7:1
03:28:14 PM     0       176    0.00    0.98    0.00    0.98    11  kworker/11:1
03:28:14 PM     0      1687    0.98    0.00    0.00    0.98    18  dockerd
03:28:14 PM  1001      2678    0.98    0.00    0.00    0.98    11  tmux
03:28:14 PM  1001      7176    0.98    0.00    0.00    0.98     6  pidstat

03:28:14 PM   UID       PID    %usr %system  %guest    %CPU   CPU  Command
03:28:15 PM     0         9    0.00    1.00    0.00    1.00     0  rcu_sched
03:28:15 PM     0      1728    0.00    1.00    0.00    1.00     6  kworker/6:2
03:28:15 PM  1001      2678    1.00    0.00    0.00    1.00    11  tmux
03:28:15 PM     0      2890    0.00    1.00    0.00    1.00     8  kworker/8:0
03:28:15 PM  1001      5974    2.00    0.00    0.00    2.00     8  vim
03:28:15 PM  1001      7176    1.00    0.00    0.00    1.00     6  pidstat

03:28:15 PM   UID       PID    %usr %system  %guest    %CPU   CPU  Command
03:28:16 PM     0        24    0.00    1.00    0.00    1.00     2  kworker/2:0
03:28:16 PM     0        30    0.00    1.00    0.00    1.00     3  kworker/3:0
03:28:16 PM     0       176    0.00    1.00    0.00    1.00    11  kworker/11:1
03:28:16 PM     0       224    0.00    1.00    0.00    1.00     0  kworker/0:1
03:28:16 PM     0       556    0.00    1.00    0.00    1.00    10  kworker/10:2
03:28:16 PM     0       559    0.00    1.00    0.00    1.00    23  kworker/23:2
03:28:16 PM     0       749    0.00    1.00    0.00    1.00    22  kworker/22:2
03:28:16 PM     0       792    0.00    2.00    0.00    2.00    21  kworker/21:2
03:28:16 PM  1001      2680    0.00    2.00    0.00    2.00     8  bash
03:28:16 PM     0      3004    0.00    2.00    0.00    2.00     9  kworker/9:1
03:28:16 PM     0      6950    0.00    1.00    0.00    1.00     9  kworker/u130:2
03:28:16 PM  1001      7176    1.00    1.00    0.00    2.00     6  pidstat
03:28:16 PM     0      7178    0.00    1.00    0.00    1.00    21  sudo
03:28:16 PM     0      7180  128.00   39.00    0.00  167.00    17  fio

03:28:16 PM   UID       PID    %usr %system  %guest    %CPU   CPU  Command
03:28:17 PM     0        18    0.00    1.00    0.00    1.00     1  kworker/1:0
03:28:17 PM     0        24    0.00    2.00    0.00    2.00     2  kworker/2:0
03:28:17 PM     0        30    0.00    1.00    0.00    1.00     3  kworker/3:0
03:28:17 PM     0        36    0.00    1.00    0.00    1.00     4  kworker/4:0
03:28:17 PM     0       115    0.00    2.00    0.00    2.00    17  kworker/17:0
03:28:17 PM     0       127    0.00    1.00    0.00    1.00    19  kworker/19:0
03:28:17 PM     0       133    0.00    1.00    0.00    1.00    20  kworker/20:0
03:28:17 PM     0       176    0.00    1.00    0.00    1.00    11  kworker/11:1
03:28:17 PM 64045      1629    1.00    0.00    0.00    1.00    21  ceph-mgr
03:28:17 PM     0      3257    0.00    1.00    0.00    1.00    18  kworker/18:1
03:28:17 PM  1001      7176    1.00    1.00    0.00    2.00     6  pidstat
03:28:17 PM     0      7180  106.00  195.00    0.00  301.00    17  fio

03:28:17 PM   UID       PID    %usr %system  %guest    %CPU   CPU  Command
03:28:18 PM     0        18    0.00    1.00    0.00    1.00     1  kworker/1:0
03:28:18 PM     0        24    0.00    1.00    0.00    1.00     2  kworker/2:0
03:28:18 PM     0        30    0.00    2.00    0.00    2.00     3  kworker/3:0
03:28:18 PM     0       115    0.00    3.00    0.00    3.00    17  kworker/17:0
03:28:18 PM  1001      2678    1.00    0.00    0.00    1.00    11  tmux
03:28:18 PM  1001      7176    1.00    1.00    0.00    2.00     6  pidstat
03:28:18 PM     0      7180  105.00  205.00    0.00  310.00    17  fio

03:28:18 PM   UID       PID    %usr %system  %guest    %CPU   CPU  Command
03:28:19 PM     0        24    0.00    2.00    0.00    2.00     2  kworker/2:0
03:28:19 PM     0        30    0.00    2.00    0.00    2.00     3  kworker/3:0
03:28:19 PM     0       115    0.00    2.00    0.00    2.00    17  kworker/17:0
03:28:19 PM     0       224    0.00    1.00    0.00    1.00     0  kworker/0:1
03:28:19 PM 64045      1600    1.00    0.00    0.00    1.00    21  ceph-mon
03:28:19 PM     0      1687    0.00    1.00    0.00    1.00    18  dockerd
03:28:19 PM     0      2106    1.00    0.00    0.00    1.00    23  containerd
03:28:19 PM  1001      5974    1.00    0.00    0.00    1.00     8  vim
03:28:19 PM  1001      7176    1.00    0.00    0.00    1.00     6  pidstat
03:28:19 PM     0      7180  110.00  200.00    0.00  310.00    17  fio

03:28:19 PM   UID       PID    %usr %system  %guest    %CPU   CPU  Command
03:28:20 PM     0        18    0.00    1.00    0.00    1.00     1  kworker/1:0
03:28:20 PM     0        24    0.00    1.00    0.00    1.00     2  kworker/2:0
03:28:20 PM     0        30    0.00    2.00    0.00    2.00     3  kworker/3:0
03:28:20 PM     0       115    0.00    2.00    0.00    2.00    17  kworker/17:0
03:28:20 PM  1001      7176    0.00    1.00    0.00    1.00     6  pidstat
03:28:20 PM     0      7180  105.00  199.00    0.00  304.00    17  fio

03:28:20 PM   UID       PID    %usr %system  %guest    %CPU   CPU  Command
03:28:21 PM     0        24    0.00    2.00    0.00    2.00     2  kworker/2:0
03:28:21 PM     0        30    0.00    1.00    0.00    1.00     3  kworker/3:0
03:28:21 PM     0       115    0.00    2.00    0.00    2.00    17  kworker/17:0
03:28:21 PM     0       176    0.00    1.00    0.00    1.00    11  kworker/11:1
03:28:21 PM     0       224    0.00    1.00    0.00    1.00     0  kworker/0:1
03:28:21 PM 64045      1600    0.00    1.00    0.00    1.00    21  ceph-mon
03:28:21 PM     0      6926    0.00    1.00    0.00    1.00     9  kworker/u130:0
03:28:21 PM  1001      7174    0.00    1.00    0.00    1.00    23  mpstat
03:28:21 PM  1001      7176    1.00    0.00    0.00    1.00     6  pidstat

03:28:21 PM   UID       PID    %usr %system  %guest    %CPU   CPU  Command
03:28:22 PM     0       559    0.00    1.00    0.00    1.00    23  kworker/23:2
03:28:22 PM     0      1728    0.00    1.00    0.00    1.00     6  kworker/6:2
03:28:22 PM  1001      2678    0.00    1.00    0.00    1.00    11  tmux
03:28:22 PM  1001      7176    1.00    1.00    0.00    2.00     6  pidstat

03:28:22 PM   UID       PID    %usr %system  %guest    %CPU   CPU  Command
03:28:23 PM     0      1687    1.00    0.00    0.00    1.00    18  dockerd
03:28:23 PM  1001      2678    1.00    0.00    0.00    1.00    11  tmux
03:28:23 PM  1001      7176    1.00    1.00    0.00    2.00     6  pidstat

03:28:23 PM   UID       PID    %usr %system  %guest    %CPU   CPU  Command
03:28:24 PM  1001      2567    0.00    1.00    0.00    1.00     8  sshd
03:28:24 PM     0      2890    0.00    1.00    0.00    1.00     8  kworker/8:0
