Linux 4.13.16-041316-generic (pl1) 	12/14/2017 	_x86_64_	(24 CPU)

07:50:58 PM   UID       PID    %usr %system  %guest    %CPU   CPU  Command
07:50:59 PM     0      1687    0.98    0.00    0.00    0.98     6  dockerd
07:50:59 PM     0      3257    0.00    0.98    0.00    0.98    18  kworker/18:1
07:50:59 PM  1001     12778    0.98    0.00    0.00    0.98    23  pidstat

07:50:59 PM   UID       PID    %usr %system  %guest    %CPU   CPU  Command
07:51:00 PM     0         9    0.00    1.00    0.00    1.00     0  rcu_sched
07:51:00 PM     0       156    0.00    1.00    0.00    1.00     7  kworker/7:1
07:51:00 PM     0       224    0.00    1.00    0.00    1.00     0  kworker/0:1
07:51:00 PM     0       749    0.00    1.00    0.00    1.00    22  kworker/22:2
07:51:00 PM  1001      2680    0.00    1.00    0.00    1.00    19  bash
07:51:00 PM  1001     12778    1.00    0.00    0.00    1.00    23  pidstat
07:51:00 PM  1001     12781    0.00    1.00    0.00    1.00    22  tee
07:51:00 PM     0     12782   14.00   71.00    0.00   85.00     0  perf

07:51:00 PM   UID       PID    %usr %system  %guest    %CPU   CPU  Command
07:51:01 PM     0      2890    0.00    1.00    0.00    1.00     8  kworker/8:0
07:51:01 PM     0      3004    0.00    1.00    0.00    1.00     9  kworker/9:1
07:51:01 PM  1001     12778    0.00    2.00    0.00    2.00    23  pidstat
07:51:01 PM     0     12782  946.00    0.00    0.00  946.00     0  perf

07:51:01 PM   UID       PID    %usr %system  %guest    %CPU   CPU  Command
07:51:02 PM     0       486    0.00    1.00    0.00    1.00     0  jbd2/sda1-8
07:51:02 PM     0      2106    1.00    0.00    0.00    1.00    23  containerd
07:51:02 PM  1001      2678    1.00    0.00    0.00    1.00     8  tmux
07:51:02 PM  1001     12778    1.00    1.00    0.00    2.00    23  pidstat
07:51:02 PM     0     12782 1200.00    0.00    0.00 1200.00     0  perf

07:51:02 PM   UID       PID    %usr %system  %guest    %CPU   CPU  Command
07:51:03 PM     0       556    0.00    1.00    0.00    1.00    10  kworker/10:2
07:51:03 PM  1001     12778    1.00    0.00    0.00    1.00    23  pidstat
07:51:03 PM     0     12782 1200.00    0.00    0.00 1200.00     0  perf

07:51:03 PM   UID       PID    %usr %system  %guest    %CPU   CPU  Command
07:51:04 PM  1001     12778    0.00    1.00    0.00    1.00    23  pidstat
07:51:04 PM     0     12782 1199.00    0.00    0.00 1199.00     0  perf

07:51:04 PM   UID       PID    %usr %system  %guest    %CPU   CPU  Command
07:51:05 PM     0        24    0.00    1.00    0.00    1.00     2  kworker/2:0
07:51:05 PM     0      2890    0.00    1.00    0.00    1.00     8  kworker/8:0
07:51:05 PM     0     12080    0.00    1.00    0.00    1.00    23  kworker/23:1
07:51:05 PM  1001     12778    1.00    1.00    0.00    2.00    23  pidstat
07:51:05 PM     0     12782 1200.00    0.00    0.00 1200.00     0  perf

07:51:05 PM   UID       PID    %usr %system  %guest    %CPU   CPU  Command
07:51:06 PM 64045      1600    1.00    0.00    0.00    1.00    21  ceph-mon
07:51:06 PM 64045      1629    1.00    0.00    0.00    1.00    21  ceph-mgr
07:51:06 PM  1001      2678    1.00    0.00    0.00    1.00     8  tmux
07:51:06 PM  1001     12776    1.00    0.00    0.00    1.00     9  mpstat
07:51:06 PM  1001     12778    0.00    2.00    0.00    2.00    23  pidstat

07:51:06 PM   UID       PID    %usr %system  %guest    %CPU   CPU  Command
07:51:07 PM     0      1687    0.00    1.00    0.00    1.00     6  dockerd
07:51:07 PM     0     12269    0.00    1.00    0.00    1.00    18  kworker/u130:0
07:51:07 PM  1001     12778    0.00    1.00    0.00    1.00    23  pidstat

07:51:07 PM   UID       PID    %usr %system  %guest    %CPU   CPU  Command
07:51:08 PM     0       224    0.00    1.00    0.00    1.00     0  kworker/0:1
07:51:08 PM     0      2890    0.00    1.00    0.00    1.00     8  kworker/8:0
07:51:08 PM  1001     12778    1.00    0.00    0.00    1.00    23  pidstat
