Linux 4.13.16-041316-generic (pl1) 	12/14/2017 	_x86_64_	(24 CPU)

02:28:10 PM   UID       PID    %usr %system  %guest    %CPU   CPU  Command
02:28:11 PM     0       156    0.00    0.99    0.00    0.99     7  kworker/7:1
02:28:11 PM     0       224    0.00    0.99    0.00    0.99     0  kworker/0:1
02:28:11 PM     0       792    0.00    0.99    0.00    0.99    21  kworker/21:2
02:28:11 PM  1001      2678    0.99    0.00    0.00    0.99     7  tmux
02:28:11 PM     0      2890    0.00    0.99    0.00    0.99     8  kworker/8:0
02:28:11 PM  1001      6620    0.99    0.99    0.00    1.98    10  pidstat

02:28:11 PM   UID       PID    %usr %system  %guest    %CPU   CPU  Command
02:28:12 PM  1001      2678    1.00    0.00    0.00    1.00     7  tmux
02:28:12 PM     0      6191    0.00    1.00    0.00    1.00     9  kworker/u130:1
02:28:12 PM  1001      6620    0.00    1.00    0.00    1.00    10  pidstat

02:28:12 PM   UID       PID    %usr %system  %guest    %CPU   CPU  Command
02:28:13 PM     0        24    0.00    1.00    0.00    1.00     2  kworker/2:0
02:28:13 PM     0        30    0.00    1.00    0.00    1.00     3  kworker/3:0
02:28:13 PM     0       156    0.00    2.00    0.00    2.00     7  kworker/7:1
02:28:13 PM     0       176    0.00    1.00    0.00    1.00    11  kworker/11:1
02:28:13 PM     0       224    0.00    1.00    0.00    1.00     0  kworker/0:1
02:28:13 PM     0       556    0.00    3.00    0.00    3.00    10  kworker/10:2
02:28:13 PM     0       559    0.00    2.00    0.00    2.00    23  kworker/23:2
02:28:13 PM     0       792    0.00    2.00    0.00    2.00    21  kworker/21:2
02:28:13 PM 64045      1600    1.00    0.00    0.00    1.00    21  ceph-mon
02:28:13 PM     0      1728    0.00    1.00    0.00    1.00     6  kworker/6:2
02:28:13 PM  1001      2678    0.00    1.00    0.00    1.00    10  tmux
02:28:13 PM  1001      2680    0.00    1.00    0.00    1.00     8  bash
02:28:13 PM     0      2890    0.00    1.00    0.00    1.00     8  kworker/8:0
02:28:13 PM     0      3004    0.00    1.00    0.00    1.00     9  kworker/9:1
02:28:13 PM     0      3257    0.00    2.00    0.00    2.00    18  kworker/18:1
02:28:13 PM  1001      6620    2.00    1.00    0.00    3.00    10  pidstat
02:28:13 PM     0      6622    0.00    1.00    0.00    1.00    21  sudo
02:28:13 PM     0      6624  118.00   69.00    0.00  187.00     0  fio

02:28:13 PM   UID       PID    %usr %system  %guest    %CPU   CPU  Command
02:28:14 PM     0        18    0.00    1.00    0.00    1.00     1  kworker/1:0
02:28:14 PM     0        24    0.00    2.00    0.00    2.00     2  kworker/2:0
02:28:14 PM     0        30    0.00    1.00    0.00    1.00     3  kworker/3:0
02:28:14 PM     0        36    0.00    2.00    0.00    2.00     4  kworker/4:0
02:28:14 PM  1001      6620    0.00    1.00    0.00    1.00    10  pidstat
02:28:14 PM     0      6624  108.00  201.00    0.00  309.00     2  fio

02:28:14 PM   UID       PID    %usr %system  %guest    %CPU   CPU  Command
02:28:15 PM     0        24    0.00    2.00    0.00    2.00     2  kworker/2:0
02:28:15 PM     0        30    0.00    2.00    0.00    2.00     3  kworker/3:0
02:28:15 PM     0        36    0.00    2.00    0.00    2.00     4  kworker/4:0
02:28:15 PM     0       224    0.00    1.00    0.00    1.00     0  kworker/0:1
02:28:15 PM 64045      1629    1.00    0.00    0.00    1.00    21  ceph-mgr
02:28:15 PM  1001      6620    1.00    1.00    0.00    2.00    10  pidstat
02:28:15 PM     0      6624  115.00  196.00    0.00  311.00     2  fio

02:28:15 PM   UID       PID    %usr %system  %guest    %CPU   CPU  Command
02:28:16 PM     0        24    0.00    2.00    0.00    2.00     2  kworker/2:0
02:28:16 PM     0        30    0.00    1.00    0.00    1.00     3  kworker/3:0
02:28:16 PM     0        36    0.00    1.00    0.00    1.00     4  kworker/4:0
02:28:16 PM     0       224    0.00    1.00    0.00    1.00     0  kworker/0:1
02:28:16 PM  1001      5974    2.00    0.00    0.00    2.00     8  vim
02:28:16 PM  1001      6620    1.00    1.00    0.00    2.00    10  pidstat
02:28:16 PM     0      6624  112.00  201.00    0.00  313.00     2  fio

02:28:16 PM   UID       PID    %usr %system  %guest    %CPU   CPU  Command
02:28:17 PM     0        18    0.00    1.00    0.00    1.00     1  kworker/1:0
02:28:17 PM     0        24    0.00    2.00    0.00    2.00     2  kworker/2:0
02:28:17 PM     0        30    0.00    2.00    0.00    2.00     3  kworker/3:0
02:28:17 PM     0        36    0.00    2.00    0.00    2.00     4  kworker/4:0
02:28:17 PM     0       556    0.00    1.00    0.00    1.00    10  kworker/10:2
02:28:17 PM     0      2106    1.00    0.00    0.00    1.00    23  containerd
02:28:17 PM  1001      2678    0.00    1.00    0.00    1.00     7  tmux
02:28:17 PM  1001      6620    0.00    1.00    0.00    1.00    10  pidstat
02:28:17 PM     0      6624  114.00  197.00    0.00  311.00     2  fio

02:28:17 PM   UID       PID    %usr %system  %guest    %CPU   CPU  Command
02:28:18 PM     0        18    0.00    1.00    0.00    1.00     1  kworker/1:0
02:28:18 PM     0        24    0.00    2.00    0.00    2.00     2  kworker/2:0
02:28:18 PM     0        30    0.00    1.00    0.00    1.00     3  kworker/3:0
02:28:18 PM     0        36    0.00    2.00    0.00    2.00     4  kworker/4:0
02:28:18 PM     0       156    0.00    1.00    0.00    1.00     7  kworker/7:1
02:28:18 PM     0       792    0.00    1.00    0.00    1.00    21  kworker/21:2
02:28:18 PM     0      1932    0.00    1.00    0.00    1.00    20  irqbalance
02:28:18 PM  1001      6620    1.00    0.00    0.00    1.00    10  pidstat

02:28:18 PM   UID       PID    %usr %system  %guest    %CPU   CPU  Command
02:28:19 PM     0       224    0.00    1.00    0.00    1.00     0  kworker/0:1
02:28:19 PM     0       559    0.00    1.00    0.00    1.00    23  kworker/23:2
02:28:19 PM  1001      2678    1.00    0.00    0.00    1.00     7  tmux
02:28:19 PM  1001      6620    1.00    1.00    0.00    2.00    10  pidstat
