Linux 4.13.16-041316-generic (pl1) 	12/14/2017 	_x86_64_	(24 CPU)

03:29:10 PM   UID       PID    %usr %system  %guest    %CPU   CPU  Command
03:29:11 PM     0       224    0.00    0.98    0.00    0.98     0  kworker/0:1
03:29:11 PM 64045      1600    0.98    0.00    0.00    0.98    21  ceph-mon
03:29:11 PM  1001      2678    0.98    0.00    0.00    0.98    11  tmux
03:29:11 PM  1001      7277    0.98    0.98    0.00    1.96     6  pidstat

03:29:11 PM   UID       PID    %usr %system  %guest    %CPU   CPU  Command
03:29:12 PM     0         9    0.00    1.00    0.00    1.00     0  rcu_sched
03:29:12 PM     0       176    0.00    1.00    0.00    1.00    11  kworker/11:1
03:29:12 PM  1001      5974    1.00    0.00    0.00    1.00    21  vim
03:29:12 PM  1001      7277    0.00    1.00    0.00    1.00     6  pidstat

03:29:12 PM   UID       PID    %usr %system  %guest    %CPU   CPU  Command
03:29:13 PM  1001      2678    1.00    0.00    0.00    1.00    11  tmux
03:29:13 PM     0      3257    0.00    1.00    0.00    1.00    18  kworker/18:1
03:29:13 PM  1001      7277    2.00    0.00    0.00    2.00     6  pidstat

03:29:13 PM   UID       PID    %usr %system  %guest    %CPU   CPU  Command
03:29:14 PM     0        97    0.00    1.00    0.00    1.00    14  kworker/14:0
03:29:14 PM     0       133    0.00    1.00    0.00    1.00    20  kworker/20:0
03:29:14 PM     0       156    0.00    2.00    0.00    2.00     7  kworker/7:1
03:29:14 PM     0       176    0.00    3.00    0.00    3.00    11  kworker/11:1
03:29:14 PM     0       224    0.00    1.00    0.00    1.00     0  kworker/0:1
03:29:14 PM     0       556    0.00    1.00    0.00    1.00    10  kworker/10:2
03:29:14 PM     0       749    0.00    1.00    0.00    1.00    22  kworker/22:2
03:29:14 PM     0       792    0.00    1.00    0.00    1.00    21  kworker/21:2
03:29:14 PM     0      1687    0.00    1.00    0.00    1.00    18  dockerd
03:29:14 PM     0      1728    0.00    1.00    0.00    1.00     6  kworker/6:2
03:29:14 PM  1001      2680    0.00    1.00    0.00    1.00     8  bash
03:29:14 PM     0      2890    0.00    1.00    0.00    1.00     8  kworker/8:0
03:29:14 PM     0      3004    0.00    2.00    0.00    2.00     9  kworker/9:1
03:29:14 PM     0      3257    0.00    1.00    0.00    1.00    18  kworker/18:1
03:29:14 PM     0      6926    0.00    1.00    0.00    1.00     8  kworker/u130:0
03:29:14 PM  1001      7275    0.00    1.00    0.00    1.00     7  mpstat
03:29:14 PM  1001      7277    0.00    1.00    0.00    1.00     6  pidstat
03:29:14 PM     0      7281  134.00   69.00    0.00  203.00     0  fio

03:29:14 PM   UID       PID    %usr %system  %guest    %CPU   CPU  Command
03:29:15 PM     0       224    0.00    2.00    0.00    2.00     0  kworker/0:1
03:29:15 PM 64045      1629    0.00    1.00    0.00    1.00    21  ceph-mgr
03:29:15 PM     0      3257    0.00    1.00    0.00    1.00    18  kworker/18:1
03:29:15 PM  1001      7277    1.00    0.00    0.00    1.00     6  pidstat
03:29:15 PM     0      7281   57.00  143.00    0.00  200.00     0  fio

03:29:15 PM   UID       PID    %usr %system  %guest    %CPU   CPU  Command
03:29:16 PM     0       224    0.00    3.00    0.00    3.00     0  kworker/0:1
03:29:16 PM  1001      2678    1.00    0.00    0.00    1.00    18  tmux
03:29:16 PM  1001      5974    1.00    0.00    0.00    1.00    21  vim
03:29:16 PM  1001      7277    1.00    1.00    0.00    2.00     6  pidstat
03:29:16 PM     0      7281   61.00  139.00    0.00  200.00     0  fio

03:29:16 PM   UID       PID    %usr %system  %guest    %CPU   CPU  Command
03:29:17 PM     0        24    0.00    1.00    0.00    1.00     2  kworker/2:0
03:29:17 PM     0       224    0.00    1.00    0.00    1.00     0  kworker/0:1
03:29:17 PM 64045      1600    0.00    1.00    0.00    1.00    21  ceph-mon
03:29:17 PM     0      1728    0.00    1.00    0.00    1.00     6  kworker/6:2
03:29:17 PM     0      3257    0.00    1.00    0.00    1.00    18  kworker/18:1
03:29:17 PM  1001      7277    0.00    2.00    0.00    2.00     6  pidstat
03:29:17 PM     0      7281   59.00  138.00    0.00  197.00     2  fio

03:29:17 PM   UID       PID    %usr %system  %guest    %CPU   CPU  Command
03:29:18 PM     0        24    0.00    3.00    0.00    3.00     2  kworker/2:0
03:29:18 PM     0       133    0.00    2.00    0.00    2.00    20  kworker/20:0
03:29:18 PM     0       156    0.00    2.00    0.00    2.00     7  kworker/7:1
03:29:18 PM     0      1728    0.00    2.00    0.00    2.00     6  kworker/6:2
03:29:18 PM     0      3257    0.00    2.00    0.00    2.00    18  kworker/18:1
03:29:18 PM  1001      7277    0.00    1.00    0.00    1.00     6  pidstat
03:29:18 PM     0      7281   59.00  142.00    0.00  201.00     2  fio

03:29:18 PM   UID       PID    %usr %system  %guest    %CPU   CPU  Command
03:29:19 PM     0        24    0.00    1.00    0.00    1.00     2  kworker/2:0
03:29:19 PM     0       133    0.00    3.00    0.00    3.00    20  kworker/20:0
03:29:19 PM     0       156    0.00    1.00    0.00    1.00     7  kworker/7:1
03:29:19 PM     0      1728    0.00    1.00    0.00    1.00     6  kworker/6:2
03:29:19 PM     0      3257    0.00    2.00    0.00    2.00    18  kworker/18:1
03:29:19 PM  1001      7277    1.00    1.00    0.00    2.00     6  pidstat

03:29:19 PM   UID       PID    %usr %system  %guest    %CPU   CPU  Command
03:29:20 PM  1001      2678    1.00    0.00    0.00    1.00    18  tmux
03:29:20 PM  1001      7277    1.00    0.00    0.00    1.00     6  pidstat

03:29:20 PM   UID       PID    %usr %system  %guest    %CPU   CPU  Command
03:29:21 PM     0        47    1.00    0.00    0.00    1.00     6  ksoftirqd/6
03:29:21 PM     0       224    0.00    1.00    0.00    1.00     0  kworker/0:1
03:29:21 PM     0      1687    0.00    1.00    0.00    1.00    18  dockerd
03:29:21 PM     0      2106    1.00    0.00    0.00    1.00    23  containerd
03:29:21 PM     0      3257    0.00    1.00    0.00    1.00    18  kworker/18:1
03:29:21 PM  1001      7277    0.00    1.00    0.00    1.00     6  pidstat

03:29:21 PM   UID       PID    %usr %system  %guest    %CPU   CPU  Command
03:29:22 PM     0       156    0.00    1.00    0.00    1.00     7  kworker/7:1
03:29:22 PM     0       559    0.00    1.00    0.00    1.00    23  kworker/23:2
03:29:22 PM     0       749    0.00    1.00    0.00    1.00    22  kworker/22:2
03:29:22 PM     0      1687    1.00    0.00    0.00    1.00    18  dockerd
03:29:22 PM  1001      2678    1.00    0.00    0.00    1.00    22  tmux
03:29:22 PM  1001      7277    0.00    1.00    0.00    1.00     6  pidstat

03:29:22 PM   UID       PID    %usr %system  %guest    %CPU   CPU  Command
03:29:23 PM 64045      1629    1.00    0.00    0.00    1.00    21  ceph-mgr
03:29:23 PM     0      1728    0.00    1.00    0.00    1.00     6  kworker/6:2
03:29:23 PM  1001      7277    1.00    1.00    0.00    2.00     6  pidstat
