Linux 4.13.16-041316-generic (pl1) 	12/14/2017 	_x86_64_	(24 CPU)

03:27:04 PM   UID       PID    %usr %system  %guest    %CPU   CPU  Command
03:27:05 PM 64045      1629    0.99    0.00    0.00    0.99    21  ceph-mgr
03:27:05 PM     0      2890    0.00    0.99    0.00    0.99     8  kworker/8:0
03:27:05 PM     0      3257    0.00    0.99    0.00    0.99    18  kworker/18:1
03:27:05 PM     0      6933    0.00    0.99    0.00    0.99    11  kworker/u130:1
03:27:05 PM  1001      7067    0.00    1.98    0.00    1.98    22  pidstat

03:27:05 PM   UID       PID    %usr %system  %guest    %CPU   CPU  Command
03:27:06 PM     0       133    0.00    0.99    0.00    0.99    20  kworker/20:0
03:27:06 PM  1001      2678    0.99    0.00    0.00    0.99    18  tmux
03:27:06 PM  1001      7067    1.98    0.00    0.00    1.98    22  pidstat

03:27:06 PM   UID       PID    %usr %system  %guest    %CPU   CPU  Command
03:27:07 PM     0       224    0.00    1.00    0.00    1.00     0  kworker/0:1
03:27:07 PM  1001      7067    0.00    1.00    0.00    1.00    22  pidstat

03:27:07 PM   UID       PID    %usr %system  %guest    %CPU   CPU  Command
03:27:08 PM     0        18    0.00    1.00    0.00    1.00     1  kworker/1:0
03:27:08 PM     0        24    0.00    1.00    0.00    1.00     2  kworker/2:0
03:27:08 PM     0        30    0.00    1.00    0.00    1.00     3  kworker/3:0
03:27:08 PM     0        36    0.00    1.00    0.00    1.00     4  kworker/4:0
03:27:08 PM     0        42    0.00    1.00    0.00    1.00     5  kworker/5:0
03:27:08 PM     0       109    0.00    1.00    0.00    1.00    16  kworker/16:0
03:27:08 PM     0       127    0.00    1.00    0.00    1.00    19  kworker/19:0
03:27:08 PM     0       224    0.00    1.00    0.00    1.00     0  kworker/0:1
03:27:08 PM     0       226    0.00    1.00    0.00    1.00    12  kworker/12:1
03:27:08 PM     0       559    0.00    3.00    0.00    3.00    23  kworker/23:2
03:27:08 PM     0       792    0.00    1.00    0.00    1.00    21  kworker/21:2
03:27:08 PM     0      1728    0.00    1.00    0.00    1.00     6  kworker/6:2
03:27:08 PM     0      1932    0.00    1.00    0.00    1.00    20  irqbalance
03:27:08 PM  1001      2680    0.00    1.00    0.00    1.00     8  bash
03:27:08 PM     0      2890    0.00    1.00    0.00    1.00     8  kworker/8:0
03:27:08 PM     0      3004    0.00    1.00    0.00    1.00     9  kworker/9:1
03:27:08 PM     0      3257    0.00    2.00    0.00    2.00    18  kworker/18:1
03:27:08 PM  1001      7067    1.00    1.00    0.00    2.00    22  pidstat
03:27:08 PM     0      7071  156.00  102.00    0.00  258.00     2  fio

03:27:08 PM   UID       PID    %usr %system  %guest    %CPU   CPU  Command
03:27:09 PM     0        18    0.00    3.00    0.00    3.00     1  kworker/1:0
03:27:09 PM     0        24    0.00    2.00    0.00    2.00     2  kworker/2:0
03:27:09 PM     0        30    0.00    2.00    0.00    2.00     3  kworker/3:0
03:27:09 PM     0        36    0.00    2.00    0.00    2.00     4  kworker/4:0
03:27:09 PM     0        42    0.00    2.00    0.00    2.00     5  kworker/5:0
03:27:09 PM     0       224    0.00    2.00    0.00    2.00     0  kworker/0:1
03:27:09 PM     0       226    0.00    2.00    0.00    2.00    12  kworker/12:1
03:27:09 PM 64045      1600    1.00    0.00    0.00    1.00    21  ceph-mon
03:27:09 PM     0      1687    0.00    1.00    0.00    1.00    18  dockerd
03:27:09 PM     0      2106    1.00    0.00    0.00    1.00    23  containerd
03:27:09 PM  1001      2678    1.00    0.00    0.00    1.00    18  tmux
03:27:09 PM  1001      7065    0.00    1.00    0.00    1.00    19  mpstat
03:27:09 PM  1001      7067    0.00    1.00    0.00    1.00    22  pidstat
03:27:09 PM     0      7071  145.00  245.00    0.00  390.00     1  fio

03:27:09 PM   UID       PID    %usr %system  %guest    %CPU   CPU  Command
03:27:10 PM     0        18    0.00    1.00    0.00    1.00     1  kworker/1:0
03:27:10 PM     0        24    0.00    1.00    0.00    1.00     2  kworker/2:0
03:27:10 PM     0        30    0.00    1.00    0.00    1.00     3  kworker/3:0
03:27:10 PM     0        36    0.00    2.00    0.00    2.00     4  kworker/4:0
03:27:10 PM     0        42    0.00    3.00    0.00    3.00     5  kworker/5:0
03:27:10 PM     0       224    0.00    1.00    0.00    1.00     0  kworker/0:1
03:27:10 PM     0       226    0.00    2.00    0.00    2.00    12  kworker/12:1
03:27:10 PM     0      2106    1.00    0.00    0.00    1.00    23  containerd
03:27:10 PM     0      3257    0.00    1.00    0.00    1.00    18  kworker/18:1
03:27:10 PM  1001      7067    1.00    1.00    0.00    2.00    22  pidstat
03:27:10 PM     0      7071  145.00  255.00    0.00  400.00    13  fio

03:27:10 PM   UID       PID    %usr %system  %guest    %CPU   CPU  Command
03:27:11 PM     0         9    0.00    1.00    0.00    1.00     0  rcu_sched
03:27:11 PM     0        24    0.00    2.00    0.00    2.00     2  kworker/2:0
03:27:11 PM     0        30    0.00    2.00    0.00    2.00     3  kworker/3:0
03:27:11 PM     0        36    0.00    2.00    0.00    2.00     4  kworker/4:0
03:27:11 PM     0        42    0.00    3.00    0.00    3.00     5  kworker/5:0
03:27:11 PM     0        91    0.00    2.00    0.00    2.00    13  kworker/13:0
03:27:11 PM     0       176    0.00    1.00    0.00    1.00    11  kworker/11:1
03:27:11 PM     0       226    0.00    2.00    0.00    2.00    12  kworker/12:1
03:27:11 PM     0       749    0.00    1.00    0.00    1.00    22  kworker/22:2
03:27:11 PM  1001      7067    0.00    1.00    0.00    1.00    22  pidstat
03:27:11 PM     0      7071  127.00  267.00    0.00  394.00    13  fio

03:27:11 PM   UID       PID    %usr %system  %guest    %CPU   CPU  Command
03:27:12 PM     0        24    0.00    1.00    0.00    1.00     2  kworker/2:0
03:27:12 PM     0        30    0.00    1.00    0.00    1.00     3  kworker/3:0
03:27:12 PM     0        36    0.00    1.00    0.00    1.00     4  kworker/4:0
03:27:12 PM     0        42    0.00    2.00    0.00    2.00     5  kworker/5:0
03:27:12 PM     0        91    0.00    2.00    0.00    2.00    13  kworker/13:0
03:27:12 PM     0       224    0.00    1.00    0.00    1.00     0  kworker/0:1
03:27:12 PM     0       226    0.00    1.00    0.00    1.00    12  kworker/12:1
03:27:12 PM  1001      7067    1.00    0.00    0.00    1.00    22  pidstat
03:27:12 PM     0      7071  147.00  245.00    0.00  392.00    13  fio

03:27:12 PM   UID       PID    %usr %system  %guest    %CPU   CPU  Command
03:27:13 PM     0        24    0.00    1.00    0.00    1.00     2  kworker/2:0
03:27:13 PM     0        30    0.00    1.00    0.00    1.00     3  kworker/3:0
03:27:13 PM     0        36    0.00    1.00    0.00    1.00     4  kworker/4:0
03:27:13 PM     0        42    0.00    2.00    0.00    2.00     5  kworker/5:0
03:27:13 PM     0        91    0.00    2.00    0.00    2.00    13  kworker/13:0
03:27:13 PM     0       224    0.00    1.00    0.00    1.00     0  kworker/0:1
03:27:13 PM     0       226    0.00    1.00    0.00    1.00    12  kworker/12:1
03:27:13 PM     0      1687    1.00    0.00    0.00    1.00    18  dockerd
03:27:13 PM  1001      2678    1.00    0.00    0.00    1.00    18  tmux
03:27:13 PM     0      3257    0.00    1.00    0.00    1.00    18  kworker/18:1
03:27:13 PM  1001      7067    1.00    1.00    0.00    2.00    22  pidstat

03:27:13 PM   UID       PID    %usr %system  %guest    %CPU   CPU  Command
03:27:14 PM  1001      7067    1.00    0.00    0.00    1.00    22  pidstat

03:27:14 PM   UID       PID    %usr %system  %guest    %CPU   CPU  Command
03:27:15 PM 64045      1629    1.00    0.00    0.00    1.00    21  ceph-mgr
03:27:15 PM  1001      2678    1.00    0.00    0.00    1.00    18  tmux
03:27:15 PM     0      3257    0.00    1.00    0.00    1.00    18  kworker/18:1
03:27:15 PM  1001      7067    1.00    1.00    0.00    2.00    22  pidstat

03:27:15 PM   UID       PID    %usr %system  %guest    %CPU   CPU  Command
03:27:16 PM     0       127    0.00    1.00    0.00    1.00    19  kworker/19:0
03:27:16 PM     0       224    0.00    1.00    0.00    1.00     0  kworker/0:1
03:27:16 PM  1001      7067    0.00    1.00    0.00    1.00    22  pidstat

03:27:16 PM   UID       PID    %usr %system  %guest    %CPU   CPU  Command
03:27:17 PM  1001      7067    1.00    0.00    0.00    1.00    22  pidstat
