Linux 4.13.16-041316-generic (pl1) 	12/14/2017 	_x86_64_	(24 CPU)

02:26:31 PM   UID       PID    %usr %system  %guest    %CPU   CPU  Command
02:26:32 PM 64045      1600    0.00    0.98    0.00    0.98    21  ceph-mon
02:26:32 PM     0      6442    0.00    0.98    0.00    0.98     6  kworker/u130:0
02:26:32 PM  1001      6485    0.98    0.00    0.00    0.98    21  pidstat

02:26:32 PM   UID       PID    %usr %system  %guest    %CPU   CPU  Command
02:26:33 PM     0       224    0.00    1.00    0.00    1.00     0  kworker/0:1
02:26:33 PM  1001      2567    0.00    1.00    0.00    1.00     8  sshd
02:26:33 PM  1001      2678    1.00    0.00    0.00    1.00    11  tmux
02:26:33 PM  1001      5974    1.00    0.00    0.00    1.00     8  vim
02:26:33 PM  1001      6485    0.00    2.00    0.00    2.00    21  pidstat

02:26:33 PM   UID       PID    %usr %system  %guest    %CPU   CPU  Command
02:26:34 PM     0        54    1.00    0.00    0.00    1.00     7  ksoftirqd/7
02:26:34 PM     0       156    0.00    1.00    0.00    1.00     7  kworker/7:1
02:26:34 PM     0       176    0.00    1.00    0.00    1.00    11  kworker/11:1
02:26:34 PM     0       559    0.00    1.00    0.00    1.00    23  kworker/23:2
02:26:34 PM     0       749    0.00    1.00    0.00    1.00    22  kworker/22:2
02:26:34 PM     0      2106    1.00    0.00    0.00    1.00    23  containerd
02:26:34 PM  1001      2680    0.00    1.00    0.00    1.00     8  bash
02:26:34 PM     0      2890    0.00    1.00    0.00    1.00     8  kworker/8:0
02:26:34 PM     0      3004    0.00    1.00    0.00    1.00     9  kworker/9:1
02:26:34 PM     0      3257    0.00    1.00    0.00    1.00    18  kworker/18:1
02:26:34 PM  1001      6485    1.00    0.00    0.00    1.00    21  pidstat
02:26:34 PM     0      6489   96.00   61.00    0.00  157.00    17  fio

02:26:34 PM   UID       PID    %usr %system  %guest    %CPU   CPU  Command
02:26:35 PM     0       115    0.00    2.00    0.00    2.00    17  kworker/17:0
02:26:35 PM     0       176    0.00    3.00    0.00    3.00    11  kworker/11:1
02:26:35 PM     0       792    0.00    2.00    0.00    2.00    21  kworker/21:2
02:26:35 PM     0      1687    0.00    1.00    0.00    1.00    22  dockerd
02:26:35 PM     0      2890    0.00    2.00    0.00    2.00     8  kworker/8:0
02:26:35 PM     0      3004    0.00    1.00    0.00    1.00     9  kworker/9:1
02:26:35 PM     0      6191    0.00    1.00    0.00    1.00    21  kworker/u130:1
02:26:35 PM  1001      6483    0.00    1.00    0.00    1.00     8  mpstat
02:26:35 PM  1001      6485    0.00    1.00    0.00    1.00    21  pidstat
02:26:35 PM     0      6489   53.00  147.00    0.00  200.00    17  fio

02:26:35 PM   UID       PID    %usr %system  %guest    %CPU   CPU  Command
02:26:36 PM     0       115    0.00    2.00    0.00    2.00    17  kworker/17:0
02:26:36 PM     0       176    0.00    3.00    0.00    3.00    11  kworker/11:1
02:26:36 PM     0       792    0.00    2.00    0.00    2.00    21  kworker/21:2
02:26:36 PM     0      2890    0.00    2.00    0.00    2.00     8  kworker/8:0
02:26:36 PM     0      3257    0.00    1.00    0.00    1.00    18  kworker/18:1
02:26:36 PM  1001      6485    1.00    1.00    0.00    2.00    21  pidstat
02:26:36 PM     0      6489   53.00  147.00    0.00  200.00    17  fio

02:26:36 PM   UID       PID    %usr %system  %guest    %CPU   CPU  Command
02:26:37 PM     0        18    0.00    1.00    0.00    1.00     1  kworker/1:0
02:26:37 PM     0       115    0.00    3.00    0.00    3.00    17  kworker/17:0
02:26:37 PM     0       127    0.00    1.00    0.00    1.00    19  kworker/19:0
02:26:37 PM     0       176    0.00    2.00    0.00    2.00    11  kworker/11:1
02:26:37 PM     0       556    0.00    1.00    0.00    1.00    10  kworker/10:2
02:26:37 PM     0      2890    0.00    1.00    0.00    1.00     8  kworker/8:0
02:26:37 PM  1001      5974    2.00    0.00    0.00    2.00     8  vim
02:26:37 PM  1001      6485    1.00    0.00    0.00    1.00    21  pidstat
02:26:37 PM     0      6489   56.00  141.00    0.00  197.00    17  fio

02:26:37 PM   UID       PID    %usr %system  %guest    %CPU   CPU  Command
02:26:38 PM     0       115    0.00    2.00    0.00    2.00    17  kworker/17:0
02:26:38 PM     0       133    0.00    3.00    0.00    3.00    20  kworker/20:0
02:26:38 PM     0       176    0.00    2.00    0.00    2.00    11  kworker/11:1
02:26:38 PM     0       792    0.00    3.00    0.00    3.00    21  kworker/21:2
02:26:38 PM     0      2890    0.00    2.00    0.00    2.00     8  kworker/8:0
02:26:38 PM  1001      6485    1.00    1.00    0.00    2.00    21  pidstat
02:26:38 PM     0      6489   52.00  149.00    0.00  201.00    17  fio

02:26:38 PM   UID       PID    %usr %system  %guest    %CPU   CPU  Command
02:26:39 PM     0       115    0.00    2.00    0.00    2.00    17  kworker/17:0
02:26:39 PM     0       133    0.00    2.00    0.00    2.00    20  kworker/20:0
02:26:39 PM     0       176    0.00    3.00    0.00    3.00    11  kworker/11:1
02:26:39 PM     0       224    0.00    1.00    0.00    1.00     0  kworker/0:1
02:26:39 PM     0       559    0.00    1.00    0.00    1.00    23  kworker/23:2
02:26:39 PM     0       792    0.00    2.00    0.00    2.00    21  kworker/21:2
02:26:39 PM 64045      1600    1.00    0.00    0.00    1.00    21  ceph-mon
02:26:39 PM 64045      1629    1.00    0.00    0.00    1.00    21  ceph-mgr
02:26:39 PM     0      1728    0.00    1.00    0.00    1.00     6  kworker/6:2
02:26:39 PM  1001      2678    1.00    0.00    0.00    1.00    11  tmux
02:26:39 PM     0      2890    0.00    2.00    0.00    2.00     8  kworker/8:0
02:26:39 PM     0      3004    0.00    3.00    0.00    3.00     9  kworker/9:1
02:26:39 PM  1001      6485    0.00    1.00    0.00    1.00    21  pidstat

02:26:39 PM   UID       PID    %usr %system  %guest    %CPU   CPU  Command
02:26:40 PM  1001      6485    1.00    1.00    0.00    2.00    21  pidstat

02:26:40 PM   UID       PID    %usr %system  %guest    %CPU   CPU  Command
02:26:41 PM  1001      2678    1.00    0.00    0.00    1.00    11  tmux
02:26:41 PM  1001      6484    0.00    1.00    0.00    1.00    20  tee
02:26:41 PM  1001      6485    0.00    1.00    0.00    1.00    21  pidstat

02:26:41 PM   UID       PID    %usr %system  %guest    %CPU   CPU  Command
02:26:42 PM  1001      2678    0.00    1.00    0.00    1.00    11  tmux
02:26:42 PM  1001      6485    0.00    2.00    0.00    2.00    21  pidstat
