Linux 4.13.16-041316-generic (pl1) 	12/14/2017 	_x86_64_	(24 CPU)

03:34:27 PM   UID       PID    %usr %system  %guest    %CPU   CPU  Command
03:34:28 PM     0       559    0.00    0.99    0.00    0.99    23  kworker/23:2
03:34:28 PM  1001      7405    0.99    0.00    0.00    0.99     9  pidstat

03:34:28 PM   UID       PID    %usr %system  %guest    %CPU   CPU  Command
03:34:29 PM     0       133    0.00    1.00    0.00    1.00    20  kworker/20:0
03:34:29 PM     0       224    0.00    1.00    0.00    1.00     0  kworker/0:1
03:34:29 PM     0       391    0.00    1.00    0.00    1.00     0  kworker/0:1H
03:34:29 PM 64045      1629    0.00    1.00    0.00    1.00    21  ceph-mgr
03:34:29 PM  1001      2678    1.00    0.00    0.00    1.00    20  tmux
03:34:29 PM     0      3004    0.00    1.00    0.00    1.00     9  kworker/9:1
03:34:29 PM  1001      5974    1.00    0.00    0.00    1.00     9  vim
03:34:29 PM     0      7366    1.00    0.00    0.00    1.00     9  kworker/u130:1
03:34:29 PM  1001      7405    0.00    1.00    0.00    1.00     9  pidstat

03:34:29 PM   UID       PID    %usr %system  %guest    %CPU   CPU  Command
03:34:30 PM     0        24    0.00    1.00    0.00    1.00     2  kworker/2:0
03:34:30 PM     0        72    1.00    0.00    0.00    1.00    10  ksoftirqd/10
03:34:30 PM     0       127    0.00    1.00    0.00    1.00    19  kworker/19:0
03:34:30 PM     0       133    0.00    1.00    0.00    1.00    20  kworker/20:0
03:34:30 PM     0       156    0.00    1.00    0.00    1.00     7  kworker/7:1
03:34:30 PM     0       176    0.00    2.00    0.00    2.00    11  kworker/11:1
03:34:30 PM     0       547    0.00    1.00    0.00    1.00    11  systemd-journal
03:34:30 PM     0       556    0.00    1.00    0.00    1.00    10  kworker/10:2
03:34:30 PM     0      1728    0.00    1.00    0.00    1.00     6  kworker/6:2
03:34:30 PM  1001      2567    0.00    1.00    0.00    1.00     9  sshd
03:34:30 PM  1001      2680    0.00    1.00    0.00    1.00     8  bash
03:34:30 PM     0      2890    0.00    1.00    0.00    1.00     8  kworker/8:0
03:34:30 PM     0      3257    0.00    1.00    0.00    1.00    18  kworker/18:1
03:34:30 PM  1001      7405    0.00    2.00    0.00    2.00     9  pidstat
03:34:30 PM     0      7409  110.00   87.00    0.00  197.00     2  fio

03:34:30 PM   UID       PID    %usr %system  %guest    %CPU   CPU  Command
03:34:31 PM     0        24    0.00    2.00    0.00    2.00     2  kworker/2:0
03:34:31 PM     0       133    0.00    2.00    0.00    2.00    20  kworker/20:0
03:34:31 PM     0       749    0.00    2.00    0.00    2.00    22  kworker/22:2
03:34:31 PM  1001      2678    1.00    0.00    0.00    1.00    20  tmux
03:34:31 PM     0      3004    0.00    4.00    0.00    4.00     9  kworker/9:1
03:34:31 PM  1001      7403    0.00    1.00    0.00    1.00    22  mpstat
03:34:31 PM  1001      7405    1.00    0.00    0.00    1.00     9  pidstat
03:34:31 PM     0      7409   65.00  137.00    0.00  202.00     2  fio

03:34:31 PM   UID       PID    %usr %system  %guest    %CPU   CPU  Command
03:34:32 PM     0        24    0.00    3.00    0.00    3.00     2  kworker/2:0
03:34:32 PM     0       133    0.00    2.00    0.00    2.00    20  kworker/20:0
03:34:32 PM     0       749    0.00    2.00    0.00    2.00    22  kworker/22:2
03:34:32 PM     0      3004    0.00    3.00    0.00    3.00     9  kworker/9:1
03:34:32 PM  1001      7405    1.00    0.00    0.00    1.00     9  pidstat
03:34:32 PM     0      7409   53.00  146.00    0.00  199.00     2  fio

03:34:32 PM   UID       PID    %usr %system  %guest    %CPU   CPU  Command
03:34:33 PM     0        24    0.00    2.00    0.00    2.00     2  kworker/2:0
03:34:33 PM     0       133    0.00    1.00    0.00    1.00    20  kworker/20:0
03:34:33 PM     0       559    0.00    1.00    0.00    1.00    23  kworker/23:2
03:34:33 PM     0       749    0.00    1.00    0.00    1.00    22  kworker/22:2
03:34:33 PM     0      1687    1.00    0.00    0.00    1.00    18  dockerd
03:34:33 PM     0      3004    0.00    2.00    0.00    2.00     9  kworker/9:1
03:34:33 PM  1001      5974    2.00    0.00    0.00    2.00     9  vim
03:34:33 PM  1001      7405    1.00    1.00    0.00    2.00     9  pidstat
03:34:33 PM     0      7409   56.00  143.00    0.00  199.00     2  fio

03:34:33 PM   UID       PID    %usr %system  %guest    %CPU   CPU  Command
03:34:34 PM     0        24    0.00    2.00    0.00    2.00     2  kworker/2:0
03:34:34 PM     0       133    0.00    2.00    0.00    2.00    20  kworker/20:0
03:34:34 PM     0       559    0.00    4.00    0.00    4.00    23  kworker/23:2
03:34:34 PM     0       749    0.00    2.00    0.00    2.00    22  kworker/22:2
03:34:34 PM  1001      2678    0.00    1.00    0.00    1.00    20  tmux
03:34:34 PM     0      3004    0.00    2.00    0.00    2.00     9  kworker/9:1
03:34:34 PM     0      3257    0.00    1.00    0.00    1.00    18  kworker/18:1
03:34:34 PM  1001      7405    1.00    1.00    0.00    2.00     9  pidstat
03:34:34 PM     0      7409   55.00  146.00    0.00  201.00     2  fio

03:34:34 PM   UID       PID    %usr %system  %guest    %CPU   CPU  Command
03:34:35 PM     0        24    0.00    1.00    0.00    1.00     2  kworker/2:0
03:34:35 PM     0       133    0.00    2.00    0.00    2.00    20  kworker/20:0
03:34:35 PM     0       559    0.00    2.00    0.00    2.00    23  kworker/23:2
03:34:35 PM     0       749    0.00    2.00    0.00    2.00    22  kworker/22:2
03:34:35 PM 64045      1600    0.00    1.00    0.00    1.00    21  ceph-mon
03:34:35 PM 64045      1629    1.00    0.00    0.00    1.00    21  ceph-mgr
03:34:35 PM     0      1687    0.00    1.00    0.00    1.00    18  dockerd
03:34:35 PM     0      2106    1.00    0.00    0.00    1.00    23  containerd
03:34:35 PM     0      3004    0.00    1.00    0.00    1.00     9  kworker/9:1
03:34:35 PM  1001      7405    0.00    1.00    0.00    1.00     9  pidstat

03:34:35 PM   UID       PID    %usr %system  %guest    %CPU   CPU  Command
03:34:36 PM  1001      7405    1.00    1.00    0.00    2.00     9  pidstat
