Linux 4.13.16-041316-generic (pl1) 	12/14/2017 	_x86_64_	(24 CPU)

07:49:47 PM   UID       PID    %usr %system  %guest    %CPU   CPU  Command
07:49:48 PM     0       224    0.00    0.99    0.00    0.99     0  kworker/0:1
07:49:48 PM  1001      2678    0.99    0.00    0.00    0.99    20  tmux
07:49:48 PM  1001     12743    0.00    0.99    0.00    0.99    20  pidstat

07:49:48 PM   UID       PID    %usr %system  %guest    %CPU   CPU  Command
07:49:49 PM     0       156    0.00    1.00    0.00    1.00     7  kworker/7:1
07:49:49 PM  1001      2680    0.00    1.00    0.00    1.00     8  bash
07:49:49 PM  1001     12743    0.00    2.00    0.00    2.00    20  pidstat
07:49:49 PM     0     12745    0.00    1.00    0.00    1.00    22  sudo
07:49:49 PM     0     12747    0.00   40.00    0.00   40.00     8  perf

07:49:49 PM   UID       PID    %usr %system  %guest    %CPU   CPU  Command
07:49:50 PM     0       547    0.00    1.00    0.00    1.00     9  systemd-journal
07:49:50 PM  1001      2678    0.00    1.00    0.00    1.00    11  tmux
07:49:50 PM     0      3257    0.00    1.00    0.00    1.00    18  kworker/18:1
07:49:50 PM  1001     12743    0.00    1.00    0.00    1.00    20  pidstat
07:49:50 PM  1001     12746    0.00    1.00    0.00    1.00    18  tee
07:49:50 PM     0     12747  271.00   31.00    0.00  302.00     0  perf

07:49:50 PM   UID       PID    %usr %system  %guest    %CPU   CPU  Command
07:49:51 PM     0       176    0.00    1.00    0.00    1.00    11  kworker/11:1
07:49:51 PM  1001      2678    1.00    0.00    0.00    1.00    11  tmux
07:49:51 PM  1001     12743    1.00    1.00    0.00    2.00    20  pidstat
07:49:51 PM     0     12747  999.00    0.00    0.00  999.00     0  perf

07:49:51 PM   UID       PID    %usr %system  %guest    %CPU   CPU  Command
07:49:52 PM     0       133    0.00    1.00    0.00    1.00    20  kworker/20:0
07:49:52 PM  1001     12743    1.00    0.00    0.00    1.00    20  pidstat
07:49:52 PM     0     12747 1000.00    0.00    0.00 1000.00     0  perf

07:49:52 PM   UID       PID    %usr %system  %guest    %CPU   CPU  Command
07:49:53 PM     0        91    0.00    1.00    0.00    1.00    13  kworker/13:0
07:49:53 PM     0      1687    0.00    1.00    0.00    1.00    22  dockerd
07:49:53 PM     0      3004    0.00    1.00    0.00    1.00     9  kworker/9:1
07:49:53 PM  1001     12743    0.00    1.00    0.00    1.00    20  pidstat
07:49:53 PM     0     12747 1000.00    0.00    0.00 1000.00     0  perf

07:49:53 PM   UID       PID    %usr %system  %guest    %CPU   CPU  Command
07:49:54 PM     0       127    0.00    1.00    0.00    1.00    19  kworker/19:0
07:49:54 PM  1001     12743    1.00    1.00    0.00    2.00    20  pidstat
07:49:54 PM     0     12747 1000.00    0.00    0.00 1000.00     0  perf

07:49:54 PM   UID       PID    %usr %system  %guest    %CPU   CPU  Command
07:49:55 PM 64045      1629    1.00    0.00    0.00    1.00    21  ceph-mgr
07:49:55 PM  1001     12743    1.00    0.00    0.00    1.00    20  pidstat
07:49:55 PM     0     12747  803.00    0.00    0.00  803.00     0  perf

07:49:55 PM   UID       PID    %usr %system  %guest    %CPU   CPU  Command
07:49:56 PM  1001      2678    1.00    0.00    0.00    1.00    11  tmux
07:49:56 PM     0      2890    0.00    1.00    0.00    1.00     8  kworker/8:0
07:49:56 PM  1001     12743    0.00    1.00    0.00    1.00    20  pidstat

07:49:56 PM   UID       PID    %usr %system  %guest    %CPU   CPU  Command
07:49:57 PM     0       176    0.00    1.00    0.00    1.00    11  kworker/11:1
07:49:57 PM     0       224    0.00    1.00    0.00    1.00     0  kworker/0:1
07:49:57 PM     0      2106    1.00    0.00    0.00    1.00    23  containerd
07:49:57 PM  1001     12743    0.00    2.00    0.00    2.00    20  pidstat

07:49:57 PM   UID       PID    %usr %system  %guest    %CPU   CPU  Command
07:49:58 PM 64045      1600    1.00    0.00    0.00    1.00    21  ceph-mon
07:49:58 PM     0      1687    1.00    0.00    0.00    1.00    22  dockerd
07:49:58 PM     0      1932    0.00    1.00    0.00    1.00     8  irqbalance
07:49:58 PM  1001     12741    0.00    1.00    0.00    1.00     9  mpstat
07:49:58 PM  1001     12743    1.00    0.00    0.00    1.00    20  pidstat

07:49:58 PM   UID       PID    %usr %system  %guest    %CPU   CPU  Command
07:49:59 PM  1001      2678    1.00    0.00    0.00    1.00    11  tmux
07:49:59 PM  1001     12743    1.00    0.00    0.00    1.00    20  pidstat

07:49:59 PM   UID       PID    %usr %system  %guest    %CPU   CPU  Command
07:50:00 PM     0       133    0.00    1.00    0.00    1.00    20  kworker/20:0
07:50:00 PM  1001     12743    1.00    1.00    0.00    2.00    20  pidstat
