Linux 4.13.16-041316-generic (pl1) 	12/14/2017 	_x86_64_	(24 CPU)

03:42:12 PM   UID       PID    %usr %system  %guest    %CPU   CPU  Command
03:42:13 PM     0       176    0.00    0.99    0.00    0.99    11  kworker/11:1
03:42:13 PM     0       556    0.00    0.99    0.00    0.99    10  kworker/10:2
03:42:13 PM  1001      2678    0.99    0.00    0.00    0.99    21  tmux
03:42:13 PM  1001      8011    0.99    0.00    0.00    0.99    10  pidstat

03:42:13 PM   UID       PID    %usr %system  %guest    %CPU   CPU  Command
03:42:14 PM     0       224    0.00    1.00    0.00    1.00     0  kworker/0:1
03:42:14 PM     0       792    0.00    1.00    0.00    1.00    21  kworker/21:2
03:42:14 PM  1001      2678    1.00    0.00    0.00    1.00    21  tmux
03:42:14 PM  1001      5974    1.00    0.00    0.00    1.00    19  vim
03:42:14 PM  1001      8011    1.00    0.00    0.00    1.00    10  pidstat

03:42:14 PM   UID       PID    %usr %system  %guest    %CPU   CPU  Command
03:42:15 PM     0       109    0.00    0.94    0.00    0.94    16  kworker/16:0
03:42:15 PM     0       127    0.00    0.94    0.00    0.94    19  kworker/19:0
03:42:15 PM     0       176    0.00    1.89    0.00    1.89    11  kworker/11:1
03:42:15 PM 64045      1600    0.94    0.00    0.00    0.94    21  ceph-mon
03:42:15 PM  1001      2680    0.00    1.89    0.00    1.89    22  bash
03:42:15 PM     0      2890    0.00    0.94    0.00    0.94     8  kworker/8:0
03:42:15 PM     0      3004    0.00    1.89    0.00    1.89     9  kworker/9:1
03:42:15 PM     0      3257    0.00    0.94    0.00    0.94    18  kworker/18:1
03:42:15 PM  1001      8011    0.00    0.94    0.00    0.94     6  pidstat
03:42:15 PM     0      8015  121.70   28.30    0.00  150.00     2  fio

03:42:15 PM   UID       PID    %usr %system  %guest    %CPU   CPU  Command
03:42:16 PM     0        24    0.00    2.00    0.00    2.00     2  kworker/2:0
03:42:16 PM     0       133    0.00    1.00    0.00    1.00    20  kworker/20:0
03:42:16 PM     0       156    0.00    1.00    0.00    1.00     7  kworker/7:1
03:42:16 PM     0       749    0.00    1.00    0.00    1.00    22  kworker/22:2
03:42:16 PM     0      1687    1.00    0.00    0.00    1.00    18  dockerd
03:42:16 PM     0      1728    0.00    1.00    0.00    1.00     6  kworker/6:2
03:42:16 PM     0      7366    0.00    1.00    0.00    1.00    19  kworker/u130:1
03:42:16 PM  1001      8009    0.00    1.00    0.00    1.00    18  mpstat
03:42:16 PM  1001      8011    1.00    1.00    0.00    2.00    18  pidstat
03:42:16 PM     0      8015   25.00   66.00    0.00   91.00     2  fio

03:42:16 PM   UID       PID    %usr %system  %guest    %CPU   CPU  Command
03:42:17 PM     0        18    0.00    1.00    0.00    1.00     1  kworker/1:0
03:42:17 PM     0        24    0.00    2.00    0.00    2.00     2  kworker/2:0
03:42:17 PM     0       749    0.00    2.00    0.00    2.00    22  kworker/22:2
03:42:17 PM 64045      1629    0.00    1.00    0.00    1.00    21  ceph-mgr
03:42:17 PM     0      1728    0.00    3.00    0.00    3.00     6  kworker/6:2
03:42:17 PM  1001      2678    1.00    0.00    0.00    1.00    22  tmux
03:42:17 PM     0      3257    0.00    5.00    0.00    5.00    18  kworker/18:1
03:42:17 PM  1001      8011    0.00    1.00    0.00    1.00     6  pidstat
03:42:17 PM     0      8015   27.00   72.00    0.00   99.00     2  fio

03:42:17 PM   UID       PID    %usr %system  %guest    %CPU   CPU  Command
03:42:18 PM     0        24    0.00    2.00    0.00    2.00     2  kworker/2:0
03:42:18 PM     0       127    0.00    1.00    0.00    1.00    19  kworker/19:0
03:42:18 PM     0       156    0.00    2.00    0.00    2.00     7  kworker/7:1
03:42:18 PM     0       749    0.00    3.00    0.00    3.00    22  kworker/22:2
03:42:18 PM     0      1728    0.00    4.00    0.00    4.00     6  kworker/6:2
03:42:18 PM     0      1932    0.00    1.00    0.00    1.00    22  irqbalance
03:42:18 PM     0      3257    0.00    3.00    0.00    3.00    18  kworker/18:1
03:42:18 PM  1001      5974    2.00    0.00    0.00    2.00     8  vim
03:42:18 PM  1001      8011    1.00    1.00    0.00    2.00     6  pidstat
03:42:18 PM     0      8015   30.00   71.00    0.00  101.00     2  fio

03:42:18 PM   UID       PID    %usr %system  %guest    %CPU   CPU  Command
03:42:19 PM     0        24    0.00    1.98    0.00    1.98     2  kworker/2:0
03:42:19 PM     0       156    0.00    1.98    0.00    1.98     7  kworker/7:1
03:42:19 PM     0       749    0.00    2.97    0.00    2.97    22  kworker/22:2
03:42:19 PM     0      1728    0.00    2.97    0.00    2.97     6  kworker/6:2
03:42:19 PM     0      3257    0.00    2.97    0.00    2.97    18  kworker/18:1
03:42:19 PM  1001      8011    0.00    0.99    0.00    0.99     6  pidstat
03:42:19 PM     0      8015   27.72   71.29    0.00   99.01     2  fio

03:42:19 PM   UID       PID    %usr %system  %guest    %CPU   CPU  Command
03:42:20 PM     0        24    0.00    3.00    0.00    3.00     2  kworker/2:0
03:42:20 PM     0       156    0.00    2.00    0.00    2.00     7  kworker/7:1
03:42:20 PM     0       749    0.00    4.00    0.00    4.00    22  kworker/22:2
03:42:20 PM     0      1728    0.00    2.00    0.00    2.00     6  kworker/6:2
03:42:20 PM     0      3257    0.00    2.00    0.00    2.00    18  kworker/18:1
03:42:20 PM  1001      8011    1.00    1.00    0.00    2.00     6  pidstat
03:42:20 PM     0      8015   25.00   75.00    0.00  100.00     2  fio

03:42:20 PM   UID       PID    %usr %system  %guest    %CPU   CPU  Command
03:42:21 PM     0       156    0.00    1.00    0.00    1.00     7  kworker/7:1
03:42:21 PM     0      1687    0.00    1.00    0.00    1.00    18  dockerd
03:42:21 PM     0      1728    0.00    1.00    0.00    1.00     6  kworker/6:2
03:42:21 PM     0      2106    1.00    0.00    0.00    1.00    23  containerd
03:42:21 PM  1001      2678    1.00    0.00    0.00    1.00    22  tmux
03:42:21 PM     0      3257    0.00    1.00    0.00    1.00    18  kworker/18:1
03:42:21 PM  1001      8011    0.00    1.00    0.00    1.00     6  pidstat

03:42:21 PM   UID       PID    %usr %system  %guest    %CPU   CPU  Command
03:42:22 PM     0      2890    0.00    1.00    0.00    1.00     8  kworker/8:0
03:42:22 PM  1001      8011    1.00    1.00    0.00    2.00     6  pidstat

03:42:22 PM   UID       PID    %usr %system  %guest    %CPU   CPU  Command
03:42:23 PM     0       224    0.00    1.00    0.00    1.00     0  kworker/0:1
03:42:23 PM     0       749    0.00    1.00    0.00    1.00    22  kworker/22:2
03:42:23 PM  1001      8009    0.00    1.00    0.00    1.00    18  mpstat
03:42:23 PM  1001      8011    1.00    1.00    0.00    2.00     6  pidstat
